{
  "stats": {
    "suites": 1,
    "tests": 3,
    "passes": 3,
    "pending": 0,
    "failures": 0,
    "start": "2025-01-16T06:52:21.599Z",
    "end": "2025-01-16T06:53:16.539Z",
    "duration": 54940,
    "testsRegistered": 3,
    "passPercent": 100,
    "pendingPercent": 0,
    "other": 0,
    "hasOther": false,
    "skipped": 0,
    "hasSkipped": false
  },
  "results": [
    {
      "uuid": "34b0574d-7cd4-49e5-b18b-3d1fdc1b00bb",
      "title": "",
      "fullFile": "cypress/e2e/IndividualClientFunctionality/Add_Edit_Delete_Client_Gaming_Account_test.cy.ts",
      "file": "cypress/e2e/IndividualClientFunctionality/Add_Edit_Delete_Client_Gaming_Account_test.cy.ts",
      "beforeHooks": [],
      "afterHooks": [],
      "tests": [],
      "suites": [
        {
          "uuid": "45fc121d-26d3-45a0-b539-4d57363c03e5",
          "title": "Add, Edit, Delete Client Gaming Accounts",
          "fullFile": "",
          "file": "",
          "beforeHooks": [],
          "afterHooks": [],
          "tests": [
            {
              "title": "Add Client Gaming Accounts",
              "fullTitle": "Add, Edit, Delete Client Gaming Accounts Add Client Gaming Accounts",
              "timedOut": null,
              "duration": 35416,
              "state": "passed",
              "speed": "slow",
              "pass": true,
              "fail": false,
              "pending": false,
              "context": null,
              "code": "// Click on Know your Clients navigation item\n(0, e2e_1.navigateToClientMenu)('Individual');\ncy.get('.left-secondary-menu .left-menu-items.main-menu li>sa-menu-item>a').contains('span', 'Gaming Accounts').click();\ncy.getBySel('addGamingAccount').should('be.visible').click();\ncy.location('pathname').then(function (pathname) {\n    var pathSections = pathname.split('/');\n    client_id = pathSections[3];\n});\ncy.get('#addClientGamingAccountForm input[name=\"signUpDevice\"]').type(faker_1.faker.internet.userAgent());\ncy.get('#addClientGamingAccountForm input[name=\"externalReference\"]').type(accountExternalReference);\ncy.get('#addClientGamingAccountForm input[name=\"signUpIP\"]').type(faker_1.faker.internet.ipv4());\ncy.getBySel('gamingAccountsList').should('be.visible').click();\ncy.get('.dx-overlay-wrapper.dx-popup-wrapper.dx-dropdowneditor-overlay .dx-datagrid-rowsview table tbody tr td').eq(0).click({ force: true });\ncy.get('#addClientGamingAccountForm input[name=\"balance\"]').type(faker_1.faker.finance.amount({ min: 5, max: 999 }));\ncy.get('#addClientGamingAccountForm textarea[name=\"comment\"]').type(faker_1.faker.lorem.paragraph());\ncy.getBySel('saveGamingAccount').should('be.visible').click().wait(1000);",
              "err": {},
              "uuid": "45eae4d2-2286-4b46-90c8-9a4f548ed25c",
              "parentUUID": "45fc121d-26d3-45a0-b539-4d57363c03e5",
              "isHook": false,
              "skipped": false
            },
            {
              "title": "Edit client Gaming Accounts",
              "fullTitle": "Add, Edit, Delete Client Gaming Accounts Edit client Gaming Accounts",
              "timedOut": null,
              "duration": 10469,
              "state": "passed",
              "speed": "slow",
              "pass": true,
              "fail": false,
              "pending": false,
              "context": null,
              "code": "cy.visit(\"/main/client-individual/\".concat(client_id, \"/1/gamingaccounts\")).wait(2000);\ncy.getBySel('gridClientGamingAccounts').should('be.visible');\ncy.get('.dx-datagrid-filter-row .dx-texteditor-input-container input').eq(5).type(accountExternalReference);\ncy.wait(2000);\nvar gridGamingAccounts = cy.wrap('#gridClientGamingAccounts table tbody tr td');\ngridGamingAccounts.get('.dx-command-edit-with-icons a').eq(0).click({ force: true });\ncy.get('#editClientGamingAccountForm input[name=\"signUpIP\"]').clear();\ncy.get('#editClientGamingAccountForm input[name=\"signUpIP\"]').type(faker_1.faker.internet.ipv4());\ncy.getBySel('saveAndCloseButton').click().wait(1000);",
              "err": {},
              "uuid": "fc76ebd0-7ed5-47ed-a916-b163661e66b1",
              "parentUUID": "45fc121d-26d3-45a0-b539-4d57363c03e5",
              "isHook": false,
              "skipped": false
            },
            {
              "title": "Delete client Gaming Accounts",
              "fullTitle": "Add, Edit, Delete Client Gaming Accounts Delete client Gaming Accounts",
              "timedOut": null,
              "duration": 8892,
              "state": "passed",
              "speed": "medium",
              "pass": true,
              "fail": false,
              "pending": false,
              "context": null,
              "code": "cy.visit(\"/main/client-individual/\".concat(client_id, \"/1/gamingaccounts\"));\ncy.wait(2000);\ncy.getBySel('gridClientGamingAccounts').should('be.visible');\ncy.get('.dx-datagrid-filter-row .dx-texteditor-input-container input').eq(5).type(accountExternalReference);\ncy.wait(2000);\nvar gridGamingAccounts = cy.wrap('#gridClientGamingAccounts table tbody tr td');\ngridGamingAccounts.get('.dx-command-edit-with-icons a').eq(0).click({ force: true });\ncy.getBySel('deleteGamingAccount').should('be.visible').click();\ncy.get('#bot2-Msg1').contains('Yes').click().wait(1000);\ncy.contains('The gaming account has been deleted.');",
              "err": {},
              "uuid": "b72cf704-9d3a-489b-a165-b4e3bddfebd1",
              "parentUUID": "45fc121d-26d3-45a0-b539-4d57363c03e5",
              "isHook": false,
              "skipped": false
            }
          ],
          "suites": [],
          "passes": [
            "45eae4d2-2286-4b46-90c8-9a4f548ed25c",
            "fc76ebd0-7ed5-47ed-a916-b163661e66b1",
            "b72cf704-9d3a-489b-a165-b4e3bddfebd1"
          ],
          "failures": [],
          "pending": [],
          "skipped": [],
          "duration": 54777,
          "root": false,
          "rootEmpty": false,
          "_timeout": 2000
        }
      ],
      "passes": [],
      "failures": [],
      "pending": [],
      "skipped": [],
      "duration": 0,
      "root": true,
      "rootEmpty": true,
      "_timeout": 2000
    }
  ],
  "meta": {
    "mocha": {
      "version": "7.0.1"
    },
    "mochawesome": {
      "options": {
        "quiet": false,
        "reportFilename": "mochawesome",
        "saveHtml": true,
        "saveJson": true,
        "consoleReporter": "spec",
        "useInlineDiffs": false,
        "code": true
      },
      "version": "7.1.3"
    },
    "marge": {
      "options": {
        "id": "default",
        "reportDir": "cypress/results/mochawesome",
        "overwrite": false,
        "html": true,
        "json": true
      },
      "version": "6.2.0"
    }
  }
}