{
  "stats": {
    "suites": 1,
    "tests": 4,
    "passes": 3,
    "pending": 0,
    "failures": 1,
    "start": "2025-01-16T08:10:24.603Z",
    "end": "2025-01-16T08:11:33.879Z",
    "duration": 69276,
    "testsRegistered": 4,
    "passPercent": 75,
    "pendingPercent": 0,
    "other": 0,
    "hasOther": false,
    "skipped": 0,
    "hasSkipped": false
  },
  "results": [
    {
      "uuid": "f29ad55d-50ca-4b9f-8672-8b35f29fcb37",
      "title": "",
      "fullFile": "cypress/e2e/HelperFunctionalities/Evaluation&Questionairre/3.Criteria_test.cy.ts",
      "file": "cypress/e2e/HelperFunctionalities/Evaluation&Questionairre/3.Criteria_test.cy.ts",
      "beforeHooks": [],
      "afterHooks": [],
      "tests": [],
      "suites": [
        {
          "uuid": "38cb5fee-7e22-4425-aa71-970cac527c9f",
          "title": "Criteria",
          "fullFile": "",
          "file": "",
          "beforeHooks": [],
          "afterHooks": [],
          "tests": [
            {
              "title": "Adds a Criteria",
              "fullTitle": "Criteria Adds a Criteria",
              "timedOut": null,
              "duration": 18363,
              "state": "passed",
              "speed": "slow",
              "pass": true,
              "fail": false,
              "pending": false,
              "context": null,
              "code": "cy.visit('/settings/criteria').wait(2000);\ncy.contains('sa-button', 'Add').click().wait(1000);\ncy.getByFormControlName('name').eq(0).type('Bankrupt DKA');\ncy.getByFormControlName('riskPoint').eq(0).type('1');\ncy.getByFormControlName('mappingReference').eq(0).type(faker_1.faker.string.alphanumeric(13));\n// regulation group\ncy.get('dx-drop-down-box').eq(0).click().wait(500);\ncy.get('#dynamicSelectBoxDropdownGrid .dx-datagrid-rowsview .dx-datagrid-content tr td').eq(0).click({ force: true }).wait(500);\n// criteria category\ncy.get('dx-drop-down-box').eq(1).click().wait(500);\ncy.get('#dynamicSelectBoxDropdownGrid .dx-datagrid-rowsview .dx-datagrid-content tr td').contains('DKA Test Category').click({ force: true }).wait(500);\n// client type\ncy.get('dx-drop-down-box').eq(2).click().wait(500);\ncy.get('#dynamicSelectBoxDropdownGrid .dx-datagrid-rowsview .dx-datagrid-content tr td').contains('Corporate').click({ force: true }).wait(500);\n// criterion setup type\ncy.get('dx-drop-down-box').eq(3).click().wait(500);\ncy.get('#dynamicSelectBoxDropdownGrid .dx-datagrid-rowsview .dx-datagrid-content tr td').contains('Custom').click({ force: true }).wait(500);\ncy.getByFormControlName('includeInEvaluation').uncheck();\ncy.contains('sa-button', 'Save').click().wait(1000);\ncy.contains('The criterion has been added').wait(1000);",
              "err": {},
              "uuid": "c84c622c-bf3b-411b-b3ad-1daa65d0d377",
              "parentUUID": "38cb5fee-7e22-4425-aa71-970cac527c9f",
              "isHook": false,
              "skipped": false
            },
            {
              "title": "Edits a Criteria",
              "fullTitle": "Criteria Edits a Criteria",
              "timedOut": null,
              "duration": 21273,
              "state": "passed",
              "speed": "slow",
              "pass": true,
              "fail": false,
              "pending": false,
              "context": null,
              "code": "cy.visit('/settings/criteria').wait(4000);\ncy.get('#gridCriteria tr .dx-first-cell .dx-texteditor-input').type('Bankrupt DKA', { force: true }).wait(7000);\ncy.get('#gridCriteria tr td').find('.fa-angle-double-right').eq(0).click({ force: true }).wait(3000);\ncy.getByFormControlName('name').clear().type('Bankrupt Criteria DKA').wait(500);\n//status disable\ncy.get('dx-drop-down-box').eq(4).click().wait(500);\ncy.get('#dynamicSelectBoxDropdownGrid .dx-datagrid-rowsview .dx-datagrid-content tr td').contains('Disabled').click({ force: true }).wait(500);\ncy.getBySel('saveAndCloseButton').click().wait(1500);\ncy.contains(\"The criterion has been updated.\").wait(1000);",
              "err": {},
              "uuid": "c93b54e4-c637-4b50-9996-0405b3e3e6a2",
              "parentUUID": "38cb5fee-7e22-4425-aa71-970cac527c9f",
              "isHook": false,
              "skipped": false
            },
            {
              "title": "Deletes a Criteria",
              "fullTitle": "Criteria Deletes a Criteria",
              "timedOut": null,
              "duration": 16912,
              "state": "passed",
              "speed": "slow",
              "pass": true,
              "fail": false,
              "pending": false,
              "context": null,
              "code": "cy.visit('/settings/criteria').wait(4000);\ncy.get('#gridCriteria tr .dx-first-cell .dx-texteditor-input').type('Bankrupt Criteria DKA', { force: true }).wait(3000);\ncy.get('#gridCriteria tr td').find('.fa-angle-double-right').eq(0).click({ force: true }).wait(2000);\ncy.get('[icon=\"trash\"]').eq(0).click().wait(3000);\ncy.get('#bot2-Msg1').contains('Yes').click().wait(1000);\ncy.contains(\"The criterion has been deleted.\").wait(1000);",
              "err": {},
              "uuid": "65914ab0-7d42-4812-8c04-6f8409a27743",
              "parentUUID": "38cb5fee-7e22-4425-aa71-970cac527c9f",
              "isHook": false,
              "skipped": false
            },
            {
              "title": "Deletes an Evaluation Type",
              "fullTitle": "Criteria Deletes an Evaluation Type",
              "timedOut": null,
              "duration": 12484,
              "state": "failed",
              "speed": null,
              "pass": false,
              "fail": true,
              "pending": false,
              "context": null,
              "code": "cy.visit('/settings/criteria-categories').wait(2000);\ncy.get('#gridCriteriaCategories tr .dx-first-cell .dx-texteditor-input').type('DKA Test Category', { force: true }).wait(2000);\ncy.get('#gridCriteriaCategories tr td').find('.dx-icon-trash').eq(1).click({ force: true }).wait(1000);\ncy.get('.dx-popup-normal').contains('Yes').click({ force: true }).wait(1000);\ncy.contains(\"The criteria category has been deleted.\").wait(1000);",
              "err": {
                "message": "AssertionError: Timed out retrying after 4000ms: Expected to find content: 'The criteria category has been deleted.' but never did.",
                "estack": "AssertionError: Timed out retrying after 4000ms: Expected to find content: 'The criteria category has been deleted.' but never did.\n    at Context.eval (webpack://clm_cypress/./cypress/e2e/HelperFunctionalities/Evaluation&Questionairre/3.Criteria_test.cy.ts:51:0)",
                "diff": null
              },
              "uuid": "10c7df2d-23e1-4766-9b52-a823ecab5629",
              "parentUUID": "38cb5fee-7e22-4425-aa71-970cac527c9f",
              "isHook": false,
              "skipped": false
            }
          ],
          "suites": [],
          "passes": [
            "c84c622c-bf3b-411b-b3ad-1daa65d0d377",
            "c93b54e4-c637-4b50-9996-0405b3e3e6a2",
            "65914ab0-7d42-4812-8c04-6f8409a27743"
          ],
          "failures": [
            "10c7df2d-23e1-4766-9b52-a823ecab5629"
          ],
          "pending": [],
          "skipped": [],
          "duration": 69032,
          "root": false,
          "rootEmpty": false,
          "_timeout": 2000
        }
      ],
      "passes": [],
      "failures": [],
      "pending": [],
      "skipped": [],
      "duration": 0,
      "root": true,
      "rootEmpty": true,
      "_timeout": 2000
    }
  ],
  "meta": {
    "mocha": {
      "version": "7.0.1"
    },
    "mochawesome": {
      "options": {
        "quiet": false,
        "reportFilename": "mochawesome",
        "saveHtml": true,
        "saveJson": true,
        "consoleReporter": "spec",
        "useInlineDiffs": false,
        "code": true
      },
      "version": "7.1.3"
    },
    "marge": {
      "options": {
        "id": "default",
        "reportDir": "cypress/results/mochawesome",
        "overwrite": false,
        "html": true,
        "json": true
      },
      "version": "6.2.0"
    }
  }
}