{
  "stats": {
    "suites": 1,
    "tests": 2,
    "passes": 2,
    "pending": 0,
    "failures": 0,
    "start": "2025-01-15T08:06:49.711Z",
    "end": "2025-01-15T08:07:36.499Z",
    "duration": 46788,
    "testsRegistered": 2,
    "passPercent": 100,
    "pendingPercent": 0,
    "other": 0,
    "hasOther": false,
    "skipped": 0,
    "hasSkipped": false
  },
  "results": [
    {
      "uuid": "4837e7b7-d8eb-4cda-8239-769655ae51e2",
      "title": "",
      "fullFile": "cypress/e2e/CorporateClientFunctionality/Add_Delete_Payment_Method_test.cy.ts",
      "file": "cypress/e2e/CorporateClientFunctionality/Add_Delete_Payment_Method_test.cy.ts",
      "beforeHooks": [],
      "afterHooks": [],
      "tests": [],
      "suites": [
        {
          "uuid": "4fc5c346-611e-445d-85ed-c24a386eb0b0",
          "title": "Payment Method",
          "fullFile": "",
          "file": "",
          "beforeHooks": [],
          "afterHooks": [],
          "tests": [
            {
              "title": "Adds a new Payment Method",
              "fullTitle": "Payment Method Adds a new Payment Method",
              "timedOut": null,
              "duration": 38263,
              "state": "passed",
              "speed": "slow",
              "pass": true,
              "fail": false,
              "pending": false,
              "context": null,
              "code": "// Click on Know your Clients navigation item\nObject(_support_e2e__WEBPACK_IMPORTED_MODULE_1__[\"navigateToClientMenu\"])('Corporate');\ncy.get('.left-secondary-menu .left-menu-items.main-menu li>sa-menu-item>a').contains('span', 'Payment Methods').click();\ncy.wait(1000);\ncy.location('pathname').then((loc) => {\n    location = loc;\n});\ncy.getByDataCy('add-method').click().wait(2000);\ncy.getByFormControlName('paymentMethods').click();\ncy.get('#addClientPaymentMethodForm').contains('PayPal Test').click();\ncy.getByDataCy('save-payment-method').click().wait(2000);\ncy.contains('The payment method has been added.');",
              "err": {},
              "uuid": "0e1c4b68-971e-4c44-ac63-cf69f345fae4",
              "parentUUID": "4fc5c346-611e-445d-85ed-c24a386eb0b0",
              "isHook": false,
              "skipped": false
            },
            {
              "title": "Deletes Payment Method",
              "fullTitle": "Payment Method Deletes Payment Method",
              "timedOut": null,
              "duration": 8493,
              "state": "passed",
              "speed": "medium",
              "pass": true,
              "fail": false,
              "pending": false,
              "context": null,
              "code": "cy.visit(location).wait(2000);\ncy.get('.dx-command-edit > span > .dx-template-wrapper > .dx-link > .fa').first().click({ force: true }).wait(2000);\ncy.wait(500);\ncy.contains('Delete').click();\ncy.contains('Yes').click().wait(2000);\ncy.contains('The client payment method details(including the related volumes) have been deleted.');",
              "err": {},
              "uuid": "c51d4f5c-baf3-4392-a431-496b7972d7ab",
              "parentUUID": "4fc5c346-611e-445d-85ed-c24a386eb0b0",
              "isHook": false,
              "skipped": false
            }
          ],
          "suites": [],
          "passes": [
            "0e1c4b68-971e-4c44-ac63-cf69f345fae4",
            "c51d4f5c-baf3-4392-a431-496b7972d7ab"
          ],
          "failures": [],
          "pending": [],
          "skipped": [],
          "duration": 46756,
          "root": false,
          "rootEmpty": false,
          "_timeout": 2000
        }
      ],
      "passes": [],
      "failures": [],
      "pending": [],
      "skipped": [],
      "duration": 0,
      "root": true,
      "rootEmpty": true,
      "_timeout": 2000
    }
  ],
  "meta": {
    "mocha": {
      "version": "7.0.1"
    },
    "mochawesome": {
      "options": {
        "quiet": false,
        "reportFilename": "mochawesome",
        "saveHtml": true,
        "saveJson": true,
        "consoleReporter": "spec",
        "useInlineDiffs": false,
        "code": true
      },
      "version": "7.1.3"
    },
    "marge": {
      "options": {
        "id": "default",
        "reportDir": "cypress/results/mochawesome",
        "overwrite": false,
        "html": true,
        "json": true
      },
      "version": "6.2.0"
    }
  }
}