{
  "stats": {
    "suites": 1,
    "tests": 2,
    "passes": 1,
    "pending": 0,
    "failures": 1,
    "start": "2025-01-16T07:27:00.042Z",
    "end": "2025-01-16T07:27:16.739Z",
    "duration": 16697,
    "testsRegistered": 2,
    "passPercent": 50,
    "pendingPercent": 0,
    "other": 0,
    "hasOther": false,
    "skipped": 0,
    "hasSkipped": false
  },
  "results": [
    {
      "uuid": "4dfd3c08-06c6-49f3-a5cc-3f93c78271fc",
      "title": "",
      "fullFile": "cypress/e2e/SideMenu/My_Tasks_test.cy.ts",
      "file": "cypress/e2e/SideMenu/My_Tasks_test.cy.ts",
      "beforeHooks": [],
      "afterHooks": [],
      "tests": [],
      "suites": [
        {
          "uuid": "eb060a67-b319-4a55-91cf-3d9a4127aa91",
          "title": "My Tasks",
          "fullFile": "",
          "file": "",
          "beforeHooks": [],
          "afterHooks": [],
          "tests": [
            {
              "title": "Visit my tasks and history page and tests switching tasks and history",
              "fullTitle": "My Tasks Visit my tasks and history page and tests switching tasks and history",
              "timedOut": null,
              "duration": 10359,
              "state": "passed",
              "speed": "slow",
              "pass": true,
              "fail": false,
              "pending": false,
              "context": null,
              "code": "cy.getByDataCy(\"my-tasks\").click();\ncy.location(\"pathname\").should(\"include\", \"/my-tasks\");\n//check if my tasks page is visible\ncy.getByDataCy(\"selected-tab\").eq(0).should(\"be.visible\").invoke('text').then(function (value) {\n    expect(value.toLowerCase()).to.equal(\"tasks\");\n});\n//ensure history page is loaded and displayed\ncy.getByDataCy(\"selected-tab\").eq(1).should(\"be.visible\").click().invoke('text').then(function (value) {\n    expect(value.toLowerCase()).to.equal(\"history\");\n});",
              "err": {},
              "uuid": "ba15c741-8d91-4901-bbee-cf530e6f8950",
              "parentUUID": "eb060a67-b319-4a55-91cf-3d9a4127aa91",
              "isHook": false,
              "skipped": false
            },
            {
              "title": "Can add a new task",
              "fullTitle": "My Tasks Can add a new task",
              "timedOut": null,
              "duration": 6266,
              "state": "failed",
              "speed": null,
              "pass": false,
              "fail": true,
              "pending": false,
              "context": null,
              "code": "//Switch back to tasks tab\n//check if add task button is visible and if when clicked the add task modal is visible\ncy.visit('/main/dashboard');\ncy.getByDataCy(\"my-tasks\").click();\ncy.getByDataCy(\"selected-tab\").eq(0).should(\"be.visible\").click();\ncy.getByDataCy(\"add-task\").should(\"be.visible\").click();\ncy.getByDataCy(\"add-task-modal\").should(\"be.visible\");",
              "err": {
                "message": "CypressError: Timed out retrying after 4050ms: `cy.click()` failed because this element:\n\n`<sa-menu-item _ngcontent-nnx-c332=\"\" data-cy=\"my-tasks\" routerlink=\"/my-tasks\" icon=\"tasks\" title=\"My Tasks\" _nghost-nnx-c329=\"\" class=\"ng-tns-c329-5 ng-star-inserted\" tabindex=\"0\">...</sa-menu-item>`\n\nis being covered by another element:\n\n`<div _ngcontent-nnx-c74=\"\" class=\"ngx-overlay loading-foreground\" style=\"background-color: rgba(40, 40, 40, 0.3); border-radius: 0px;\">...</div>`\n\nFix this problem, or use {force: true} to disable error checking.\n\nhttps://on.cypress.io/element-cannot-be-interacted-with",
                "estack": "CypressError: Timed out retrying after 4050ms: `cy.click()` failed because this element:\n\n`<sa-menu-item _ngcontent-nnx-c332=\"\" data-cy=\"my-tasks\" routerlink=\"/my-tasks\" icon=\"tasks\" title=\"My Tasks\" _nghost-nnx-c329=\"\" class=\"ng-tns-c329-5 ng-star-inserted\" tabindex=\"0\">...</sa-menu-item>`\n\nis being covered by another element:\n\n`<div _ngcontent-nnx-c74=\"\" class=\"ngx-overlay loading-foreground\" style=\"background-color: rgba(40, 40, 40, 0.3); border-radius: 0px;\">...</div>`\n\nFix this problem, or use {force: true} to disable error checking.\n\nhttps://on.cypress.io/element-cannot-be-interacted-with\n    at ensureIsDescendent (https://complytek-testing.regtek.co/__cypress/runner/cypress_runner.js:112915:68)\n    at ensureDescendents (https://complytek-testing.regtek.co/__cypress/runner/cypress_runner.js:112966:5)\n    at ensureDescendentsAndScroll (https://complytek-testing.regtek.co/__cypress/runner/cypress_runner.js:112972:14)\n    at ensureElIsNotCovered (https://complytek-testing.regtek.co/__cypress/runner/cypress_runner.js:113103:5)\n    at runAllChecks (https://complytek-testing.regtek.co/__cypress/runner/cypress_runner.js:113302:52)\n    at retryActionability (https://complytek-testing.regtek.co/__cypress/runner/cypress_runner.js:113339:16)\n    at tryCatcher (https://complytek-testing.regtek.co/__cypress/runner/cypress_runner.js:1830:23)\n    at Promise.attempt.Promise.try (https://complytek-testing.regtek.co/__cypress/runner/cypress_runner.js:4338:29)\n    at whenStable (https://complytek-testing.regtek.co/__cypress/runner/cypress_runner.js:143744:68)\n    at <unknown> (https://complytek-testing.regtek.co/__cypress/runner/cypress_runner.js:143685:14)\n    at tryCatcher (https://complytek-testing.regtek.co/__cypress/runner/cypress_runner.js:1830:23)\n    at Promise._settlePromiseFromHandler (https://complytek-testing.regtek.co/__cypress/runner/cypress_runner.js:1542:31)\n    at Promise._settlePromise (https://complytek-testing.regtek.co/__cypress/runner/cypress_runner.js:1599:18)\n    at Promise._settlePromise0 (https://complytek-testing.regtek.co/__cypress/runner/cypress_runner.js:1644:10)\n    at Promise._settlePromises (https://complytek-testing.regtek.co/__cypress/runner/cypress_runner.js:1724:18)\n    at Promise._fulfill (https://complytek-testing.regtek.co/__cypress/runner/cypress_runner.js:1668:18)\n    at <unknown> (https://complytek-testing.regtek.co/__cypress/runner/cypress_runner.js:5473:46)\nFrom Your Spec Code:\n    at Context.eval (webpack://clm_cypress/./cypress/e2e/SideMenu/My_Tasks_test.cy.ts:18:0)",
                "diff": null
              },
              "uuid": "4ab06922-2b96-448f-828c-45a02d794eeb",
              "parentUUID": "eb060a67-b319-4a55-91cf-3d9a4127aa91",
              "isHook": false,
              "skipped": false
            }
          ],
          "suites": [],
          "passes": [
            "ba15c741-8d91-4901-bbee-cf530e6f8950"
          ],
          "failures": [
            "4ab06922-2b96-448f-828c-45a02d794eeb"
          ],
          "pending": [],
          "skipped": [],
          "duration": 16625,
          "root": false,
          "rootEmpty": false,
          "_timeout": 2000
        }
      ],
      "passes": [],
      "failures": [],
      "pending": [],
      "skipped": [],
      "duration": 0,
      "root": true,
      "rootEmpty": true,
      "_timeout": 2000
    }
  ],
  "meta": {
    "mocha": {
      "version": "7.0.1"
    },
    "mochawesome": {
      "options": {
        "quiet": false,
        "reportFilename": "mochawesome",
        "saveHtml": true,
        "saveJson": true,
        "consoleReporter": "spec",
        "useInlineDiffs": false,
        "code": true
      },
      "version": "7.1.3"
    },
    "marge": {
      "options": {
        "id": "default",
        "reportDir": "cypress/results/mochawesome",
        "overwrite": false,
        "html": true,
        "json": true
      },
      "version": "6.2.0"
    }
  }
}