{
  "stats": {
    "suites": 1,
    "tests": 1,
    "passes": 1,
    "pending": 0,
    "failures": 0,
    "start": "2025-01-16T12:12:15.982Z",
    "end": "2025-01-16T12:14:17.102Z",
    "duration": 121120,
    "testsRegistered": 1,
    "passPercent": 100,
    "pendingPercent": 0,
    "other": 0,
    "hasOther": false,
    "skipped": 0,
    "hasSkipped": false
  },
  "results": [
    {
      "uuid": "091a0d11-8ea6-4fe8-a44a-8d71215848e4",
      "title": "",
      "fullFile": "cypress/e2e/ClientCommonComponents/Navigate_Through_Client_Individual_Detail_Lines_test.cy.ts",
      "file": "cypress/e2e/ClientCommonComponents/Navigate_Through_Client_Individual_Detail_Lines_test.cy.ts",
      "beforeHooks": [],
      "afterHooks": [],
      "tests": [],
      "suites": [
        {
          "uuid": "52d929fc-ca4c-4a1b-a7f6-1ed51523481b",
          "title": "Navigate through Client individual detail lines",
          "fullFile": "",
          "file": "",
          "beforeHooks": [],
          "afterHooks": [],
          "tests": [
            {
              "title": "Client Individual Detail Lines",
              "fullTitle": "Navigate through Client individual detail lines Client Individual Detail Lines",
              "timedOut": null,
              "duration": 121043,
              "state": "passed",
              "speed": "slow",
              "pass": true,
              "fail": false,
              "pending": false,
              "context": null,
              "code": "// Click on Know your Clients navigation item\n(0, e2e_1.navigateToClientMenu)('Individual');\ncy.get('.left-secondary-menu .left-menu-items.main-menu li>sa-menu-item>a').each(function (el, index, list) {\n    cy.wrap(el).click();\n    cy.wait(2000);\n});",
              "err": {},
              "uuid": "812e1336-4c73-4459-96f6-dbfdae01143c",
              "parentUUID": "52d929fc-ca4c-4a1b-a7f6-1ed51523481b",
              "isHook": false,
              "skipped": false
            }
          ],
          "suites": [],
          "passes": [
            "812e1336-4c73-4459-96f6-dbfdae01143c"
          ],
          "failures": [],
          "pending": [],
          "skipped": [],
          "duration": 121043,
          "root": false,
          "rootEmpty": false,
          "_timeout": 2000
        }
      ],
      "passes": [],
      "failures": [],
      "pending": [],
      "skipped": [],
      "duration": 0,
      "root": true,
      "rootEmpty": true,
      "_timeout": 2000
    }
  ],
  "meta": {
    "mocha": {
      "version": "7.0.1"
    },
    "mochawesome": {
      "options": {
        "quiet": false,
        "reportFilename": "mochawesome",
        "saveHtml": true,
        "saveJson": true,
        "consoleReporter": "spec",
        "useInlineDiffs": false,
        "code": true
      },
      "version": "7.1.3"
    },
    "marge": {
      "options": {
        "id": "default",
        "reportDir": "cypress/results/mochawesome",
        "overwrite": false,
        "html": true,
        "json": true
      },
      "version": "6.2.0"
    }
  }
}