{
  "stats": {
    "suites": 1,
    "tests": 3,
    "passes": 3,
    "pending": 0,
    "failures": 0,
    "start": "2025-01-16T13:16:22.645Z",
    "end": "2025-01-16T13:17:11.814Z",
    "duration": 49169,
    "testsRegistered": 3,
    "passPercent": 100,
    "pendingPercent": 0,
    "other": 0,
    "hasOther": false,
    "skipped": 0,
    "hasSkipped": false
  },
  "results": [
    {
      "uuid": "038dbcb9-5c33-4c62-96b8-311523b20ce9",
      "title": "",
      "fullFile": "cypress/e2e/IndividualClientFunctionality/Add_Edit_Delete_Client_Related_Website_test.cy.ts",
      "file": "cypress/e2e/IndividualClientFunctionality/Add_Edit_Delete_Client_Related_Website_test.cy.ts",
      "beforeHooks": [],
      "afterHooks": [],
      "tests": [],
      "suites": [
        {
          "uuid": "92675b79-66c6-4988-ad54-085c0b9a637d",
          "title": "Add, Edit, Delete Client Related Website",
          "fullFile": "",
          "file": "",
          "beforeHooks": [],
          "afterHooks": [],
          "tests": [
            {
              "title": "Add Client Related Website",
              "fullTitle": "Add, Edit, Delete Client Related Website Add Client Related Website",
              "timedOut": null,
              "duration": 32312,
              "state": "passed",
              "speed": "slow",
              "pass": true,
              "fail": false,
              "pending": false,
              "context": null,
              "code": "// Click on Know your Clients navigation item\n(0, e2e_1.navigateToClientMenu)('Individual');\ncy.get('.left-secondary-menu .left-menu-items.main-menu li>sa-menu-item>a').contains('span', 'Related Websites').click();\ncy.wait(1000);\ncy.location('pathname').then(function (pathname) {\n    var pathSections = pathname.split('/');\n    client_id = pathSections[3];\n});\n// Add new Client Policies\ncy.getBySel('addRelatedWebsite').click();\ncy.getBySel('addRelatedWebsiteForm').should('be.visible');\ncy.getBySel('relatedWebsiteTypes').click();\ncy.get('.dx-overlay-wrapper.dx-popup-wrapper.dx-dropdowneditor-overlay #dynamicSelectBoxDropdownGrid .dx-datagrid-rowsview table tbody tr td').eq(0).click({ force: true });\ncy.get('#addRelatedWebsiteForm input[name=\"website\"]').type(faker_1.faker.internet.url());\ncy.getBySel('saveRelatedWebsite').click().wait(1000);",
              "err": {},
              "uuid": "e0592c28-4275-426a-99bc-c4989f173596",
              "parentUUID": "92675b79-66c6-4988-ad54-085c0b9a637d",
              "isHook": false,
              "skipped": false
            },
            {
              "title": "Edit Client Related website",
              "fullTitle": "Add, Edit, Delete Client Related Website Edit Client Related website",
              "timedOut": null,
              "duration": 9631,
              "state": "passed",
              "speed": "medium",
              "pass": true,
              "fail": false,
              "pending": false,
              "context": null,
              "code": "// Edit Related Website\ncy.visit(\"/main/client-individual/\".concat(client_id, \"/1/related-websites\"));\ncy.wait(2000);\ncy.getBySel('gridClientRelatedWebsites').should('be.visible');\ncy.get('#gridClientRelatedWebsites table tbody tr td.dx-command-edit-with-icons a').eq(0).click({ force: true });\ncy.get('#editClientRelatedWebsiteForm').should('be.visible');\ncy.get('#editClientRelatedWebsiteForm input[name=\"website\"]').should('be.visible').clear();\ncy.get('#editClientRelatedWebsiteForm input[name=\"website\"]').type(faker_1.faker.internet.url());\ncy.getBySel('saveAndCloseButton').click().wait(1000);",
              "err": {},
              "uuid": "240b2970-65cc-4937-b51a-0da093348de5",
              "parentUUID": "92675b79-66c6-4988-ad54-085c0b9a637d",
              "isHook": false,
              "skipped": false
            },
            {
              "title": "Delete client Related Website",
              "fullTitle": "Add, Edit, Delete Client Related Website Delete client Related Website",
              "timedOut": null,
              "duration": 7026,
              "state": "passed",
              "speed": "medium",
              "pass": true,
              "fail": false,
              "pending": false,
              "context": null,
              "code": "// Delete Related Website\ncy.visit(\"/main/client-individual/\".concat(client_id, \"/1/related-websites\"));\ncy.wait(2000);\ncy.getBySel('gridClientRelatedWebsites').should('be.visible');\ncy.get('#gridClientRelatedWebsites table tbody tr td.dx-command-edit-with-icons a').eq(0).click({ force: true });\n// Delete Related Website\ncy.getBySel('deleteRelatedWebsite').should('be.visible').click();\ncy.get('#bot2-Msg1').contains('Yes').click().wait(1000);",
              "err": {},
              "uuid": "1ff5f884-168f-4c19-93b7-16c1c8608785",
              "parentUUID": "92675b79-66c6-4988-ad54-085c0b9a637d",
              "isHook": false,
              "skipped": false
            }
          ],
          "suites": [],
          "passes": [
            "e0592c28-4275-426a-99bc-c4989f173596",
            "240b2970-65cc-4937-b51a-0da093348de5",
            "1ff5f884-168f-4c19-93b7-16c1c8608785"
          ],
          "failures": [],
          "pending": [],
          "skipped": [],
          "duration": 48969,
          "root": false,
          "rootEmpty": false,
          "_timeout": 2000
        }
      ],
      "passes": [],
      "failures": [],
      "pending": [],
      "skipped": [],
      "duration": 0,
      "root": true,
      "rootEmpty": true,
      "_timeout": 2000
    }
  ],
  "meta": {
    "mocha": {
      "version": "7.0.1"
    },
    "mochawesome": {
      "options": {
        "quiet": false,
        "reportFilename": "mochawesome",
        "saveHtml": true,
        "saveJson": true,
        "consoleReporter": "spec",
        "useInlineDiffs": false,
        "code": true
      },
      "version": "7.1.3"
    },
    "marge": {
      "options": {
        "id": "default",
        "reportDir": "cypress/results/mochawesome",
        "overwrite": false,
        "html": true,
        "json": true
      },
      "version": "6.2.0"
    }
  }
}