{
  "stats": {
    "suites": 1,
    "tests": 1,
    "passes": 1,
    "pending": 0,
    "failures": 0,
    "start": "2025-01-16T13:34:30.402Z",
    "end": "2025-01-16T13:35:14.201Z",
    "duration": 43799,
    "testsRegistered": 1,
    "passPercent": 100,
    "pendingPercent": 0,
    "other": 0,
    "hasOther": false,
    "skipped": 0,
    "hasSkipped": false
  },
  "results": [
    {
      "uuid": "6b37d89c-d3fd-4751-8c3d-8caf0b0442f9",
      "title": "",
      "fullFile": "cypress/e2e/SideMenu/Management_test.cy.ts",
      "file": "cypress/e2e/SideMenu/Management_test.cy.ts",
      "beforeHooks": [],
      "afterHooks": [],
      "tests": [],
      "suites": [
        {
          "uuid": "2fafe163-5ccc-4c4a-acbc-14ea62d5a60d",
          "title": "Management Module",
          "fullFile": "",
          "file": "",
          "beforeHooks": [],
          "afterHooks": [],
          "tests": [
            {
              "title": "Visits all links and loads the correct pages",
              "fullTitle": "Management Module Visits all links and loads the correct pages",
              "timedOut": null,
              "duration": 43731,
              "state": "passed",
              "speed": "slow",
              "pass": true,
              "fail": false,
              "pending": false,
              "context": null,
              "code": "var routes = [\n    { index: 0, route: \"/management/admin-tasks\", assertion: \"Active Workflow Tasks\" },\n    { index: 1, route: \"/management/management\", assertion: \"Cases\" },\n    { index: 2, route: \"/management/cases-workflow\", assertion: \"Cases Workflow\" },\n    { index: 3, route: \"/management/rules-whitelisting\", assertion: \"Rules Whitelisting\" },\n    { index: 4, route: \"/management/segmentation\", assertion: \"Segmentation\" },\n];\nroutes.forEach(function (route, i) {\n    cy.getByDataCy(\"management-menu\").should(\"be.visible\").click();\n    cy.getByDataCy(\"management-menu\").scrollIntoView().should(\"be.visible\").find(\"ul>li\").eq(route.index);\n    cy.screenshot(\"All/Management/click \".concat(i + 1), { capture: \"runner\", overwrite: true });\n    cy.getByDataCy(\"management-menu\").should(\"be.visible\").find(\"ul>li\").eq(route.index).click();\n    cy.location(\"pathname\").should(\"equal\", route.route);\n    cy.wait(3000);\n    cy.screenshot(\"All/Management/image \".concat(i + 1), { capture: \"runner\", overwrite: true });\n    cy.contains(route.assertion);\n    if (i < routes.length - 1) {\n        cy.visit(\"main/dashboard\");\n    }\n});",
              "err": {},
              "uuid": "72f95000-4b88-4a5d-b048-4e9a9284a7ae",
              "parentUUID": "2fafe163-5ccc-4c4a-acbc-14ea62d5a60d",
              "isHook": false,
              "skipped": false
            }
          ],
          "suites": [],
          "passes": [
            "72f95000-4b88-4a5d-b048-4e9a9284a7ae"
          ],
          "failures": [],
          "pending": [],
          "skipped": [],
          "duration": 43731,
          "root": false,
          "rootEmpty": false,
          "_timeout": 2000
        }
      ],
      "passes": [],
      "failures": [],
      "pending": [],
      "skipped": [],
      "duration": 0,
      "root": true,
      "rootEmpty": true,
      "_timeout": 2000
    }
  ],
  "meta": {
    "mocha": {
      "version": "7.0.1"
    },
    "mochawesome": {
      "options": {
        "quiet": false,
        "reportFilename": "mochawesome",
        "saveHtml": true,
        "saveJson": true,
        "consoleReporter": "spec",
        "useInlineDiffs": false,
        "code": true
      },
      "version": "7.1.3"
    },
    "marge": {
      "options": {
        "id": "default",
        "reportDir": "cypress/results/mochawesome",
        "overwrite": false,
        "html": true,
        "json": true
      },
      "version": "6.2.0"
    }
  }
}