{
  "stats": {
    "suites": 0,
    "tests": 1,
    "passes": 0,
    "pending": 0,
    "failures": 1,
    "start": "2025-01-16T13:23:55.716Z",
    "end": "2025-01-16T13:24:06.019Z",
    "duration": 10303,
    "testsRegistered": 1,
    "passPercent": 0,
    "pendingPercent": 0,
    "other": 0,
    "hasOther": false,
    "skipped": 0,
    "hasSkipped": false
  },
  "results": [
    {
      "uuid": "3f44138e-05bf-4d39-979e-43af2e9b30be",
      "title": "",
      "fullFile": "cypress/e2e/ScreenPerformance/Client_Detail_Lines_test.cy.ts",
      "file": "cypress/e2e/ScreenPerformance/Client_Detail_Lines_test.cy.ts",
      "beforeHooks": [],
      "afterHooks": [],
      "tests": [],
      "suites": [
        {
          "uuid": "698c79ad-1c7d-4357-9a1f-000fec54a4aa",
          "title": "Client Detail Lines Performance",
          "fullFile": "",
          "file": "",
          "beforeHooks": [],
          "afterHooks": [],
          "tests": [
            {
              "title": "should navigate to each client detail line within 10 seconds",
              "fullTitle": "Client Detail Lines Performance should navigate to each client detail line within 10 seconds",
              "timedOut": null,
              "duration": 10269,
              "state": "failed",
              "speed": null,
              "pass": false,
              "fail": true,
              "pending": false,
              "context": null,
              "code": "// Click on Know your Clients navigation item\n(0, e2e_1.navigateToClientMenu)('Individual');\ncy.get('.left-secondary-menu .left-menu-items.main-menu li>sa-menu-item>a').each(function (el, index, list) {\n    cy.wrap(el).click();\n    //expect loader to exist\n    cy.get('.sk-ball-spin-clockwise');\n    cy.wait(2000);\n    // after this 2 seconds the data should have loades and spinner should not be visible\n    cy.get('.sk-ball-spin-clockwise').should(\"not.be.visible\");\n});",
              "err": {
                "message": "AssertionError: Timed out retrying after 4000ms: expected 'https://complytek-testing.regtek.co/auth/login' to include 'dashboard'\n\nBecause this error occurred during a `before all` hook we are skipping all of the remaining tests.",
                "estack": "AssertionError: Timed out retrying after 4000ms: expected 'https://complytek-testing.regtek.co/auth/login' to include 'dashboard'\n\nBecause this error occurred during a `before all` hook we are skipping all of the remaining tests.\n    at Context.eval (webpack://clm_cypress/./cypress/support/commands.ts:53:0)",
                "diff": null
              },
              "uuid": "61ebd746-7e18-49bd-bcda-1f7c1d9aa404",
              "parentUUID": null,
              "isHook": false,
              "skipped": false
            }
          ],
          "suites": [],
          "passes": [],
          "failures": [
            "61ebd746-7e18-49bd-bcda-1f7c1d9aa404"
          ],
          "pending": [],
          "skipped": [],
          "duration": 10269,
          "root": false,
          "rootEmpty": false,
          "_timeout": 2000
        }
      ],
      "passes": [],
      "failures": [],
      "pending": [],
      "skipped": [],
      "duration": 0,
      "root": true,
      "rootEmpty": true,
      "_timeout": 2000
    }
  ],
  "meta": {
    "mocha": {
      "version": "7.0.1"
    },
    "mochawesome": {
      "options": {
        "quiet": false,
        "reportFilename": "mochawesome",
        "saveHtml": true,
        "saveJson": true,
        "consoleReporter": "spec",
        "useInlineDiffs": false,
        "code": true
      },
      "version": "7.1.3"
    },
    "marge": {
      "options": {
        "id": "default",
        "reportDir": "cypress/results/mochawesome",
        "overwrite": false,
        "html": true,
        "json": true
      },
      "version": "6.2.0"
    }
  }
}