{
  "stats": {
    "suites": 1,
    "tests": 2,
    "passes": 2,
    "pending": 0,
    "failures": 0,
    "start": "2025-01-16T08:33:13.139Z",
    "end": "2025-01-16T08:34:14.559Z",
    "duration": 61420,
    "testsRegistered": 2,
    "passPercent": 100,
    "pendingPercent": 0,
    "other": 0,
    "hasOther": false,
    "skipped": 0,
    "hasSkipped": false
  },
  "results": [
    {
      "uuid": "11b9daff-f501-4550-9ffd-3de00f053fd3",
      "title": "",
      "fullFile": "cypress/e2e/ScreenPerformance/Administration/Other_Settings_Menu_test.cy.ts",
      "file": "cypress/e2e/ScreenPerformance/Administration/Other_Settings_Menu_test.cy.ts",
      "beforeHooks": [],
      "afterHooks": [],
      "tests": [],
      "suites": [
        {
          "uuid": "7480f28d-506e-4f0d-a761-8ea2fea6e70c",
          "title": "Other Settings",
          "fullFile": "",
          "file": "",
          "beforeHooks": [],
          "afterHooks": [],
          "tests": [
            {
              "title": "Opens Other Settings Menus",
              "fullTitle": "Other Settings Opens Other Settings Menus",
              "timedOut": null,
              "duration": 10448,
              "state": "passed",
              "speed": "slow",
              "pass": true,
              "fail": false,
              "pending": false,
              "context": null,
              "code": "cy.get(\"@other-settings-menu\").scrollIntoView().find(\"ul>li\").should(\"have.length\", 9);",
              "err": {},
              "uuid": "e66b8577-9ebd-4e81-ba56-aa4c9dc9cbb9",
              "parentUUID": "7480f28d-506e-4f0d-a761-8ea2fea6e70c",
              "isHook": false,
              "skipped": false
            },
            {
              "title": "Accesses all pages in the menu list",
              "fullTitle": "Other Settings Accesses all pages in the menu list",
              "timedOut": null,
              "duration": 50847,
              "state": "passed",
              "speed": "slow",
              "pass": true,
              "fail": false,
              "pending": false,
              "context": null,
              "code": "var data = [\n    { index: 0, route: \"/administration/check-transaction-screening\", assertion: \"Check Transaction Screening\" },\n    { index: 1, route: \"/administration/system-dynamic-reports\", assertion: \"Dynamic Reports\" },\n    { index: 2, route: \"/administration/event-engines\", assertion: \"Event Engines\" },\n    { index: 3, route: \"/administration/external-credentials-setups\", assertion: \"External Credentials Setups\" },\n    { index: 4, route: \"/administration/internal-blacklists-setup\", assertion: \"Internal Blacklists Setup\" },\n    { index: 5, route: \"/administration/query-templates\", assertion: \"Query Templates\" },\n    { index: 6, route: \"/administration/rules\", assertion: \"Rules\" },\n    { index: 7, route: \"/administration/task-scheduler\", assertion: \"Task Scheduler\" },\n    { index: 8, route: \"/administration/workflows\", assertion: \"Workflows\" }\n];\ndata.forEach(function (route, i) {\n    cy.get(\"@other-settings-list\").eq(route.index).click();\n    cy.location(\"pathname\").should(\"equal\", route.route);\n    cy.contains(route.assertion);\n    cy.get('.sk-ball-spin-clockwise').should(\"not.be.visible\");\n    if (i < data.length - 1) {\n        cy.visit('/main/dashboard');\n        cy.getByDataCy(\"administration-menu\").scrollIntoView().click();\n        cy.getByDataCy(\"administration-menu\").find(\"ul>li\").eq(4).click().as(\"other-settings-menu\");\n        cy.get(\"@other-settings-menu\").find(\"ul>li\").as(\"audit-trail-list\");\n    }\n});",
              "err": {},
              "uuid": "2eeb7c79-1fe8-4513-ae61-d4a0fbe5be2b",
              "parentUUID": "7480f28d-506e-4f0d-a761-8ea2fea6e70c",
              "isHook": false,
              "skipped": false
            }
          ],
          "suites": [],
          "passes": [
            "e66b8577-9ebd-4e81-ba56-aa4c9dc9cbb9",
            "2eeb7c79-1fe8-4513-ae61-d4a0fbe5be2b"
          ],
          "failures": [],
          "pending": [],
          "skipped": [],
          "duration": 61295,
          "root": false,
          "rootEmpty": false,
          "_timeout": 2000
        }
      ],
      "passes": [],
      "failures": [],
      "pending": [],
      "skipped": [],
      "duration": 0,
      "root": true,
      "rootEmpty": true,
      "_timeout": 2000
    }
  ],
  "meta": {
    "mocha": {
      "version": "7.0.1"
    },
    "mochawesome": {
      "options": {
        "quiet": false,
        "reportFilename": "mochawesome",
        "saveHtml": true,
        "saveJson": true,
        "consoleReporter": "spec",
        "useInlineDiffs": false,
        "code": true
      },
      "version": "7.1.3"
    },
    "marge": {
      "options": {
        "id": "default",
        "reportDir": "cypress/results/mochawesome",
        "overwrite": false,
        "html": true,
        "json": true
      },
      "version": "6.2.0"
    }
  }
}