{
  "stats": {
    "suites": 1,
    "tests": 3,
    "passes": 3,
    "pending": 0,
    "failures": 0,
    "start": "2025-01-15T10:38:39.967Z",
    "end": "2025-01-15T10:39:11.480Z",
    "duration": 31513,
    "testsRegistered": 3,
    "passPercent": 100,
    "pendingPercent": 0,
    "other": 0,
    "hasOther": false,
    "skipped": 0,
    "hasSkipped": false
  },
  "results": [
    {
      "uuid": "2cea9566-9285-45cd-bec8-8e1e9eed8922",
      "title": "",
      "fullFile": "cypress/e2e/HelperFunctionalities/TransactionMonitoring&Actions/Payment_Method_test.cy.ts",
      "file": "cypress/e2e/HelperFunctionalities/TransactionMonitoring&Actions/Payment_Method_test.cy.ts",
      "beforeHooks": [],
      "afterHooks": [],
      "tests": [],
      "suites": [
        {
          "uuid": "e056bfab-e29c-437b-82a9-fa02fd78c8e5",
          "title": "Payment Methods",
          "fullFile": "",
          "file": "",
          "beforeHooks": [],
          "afterHooks": [],
          "tests": [
            {
              "title": "Adds a Payment Method",
              "fullTitle": "Payment Methods Adds a Payment Method",
              "timedOut": null,
              "duration": 13693,
              "state": "passed",
              "speed": "slow",
              "pass": true,
              "fail": false,
              "pending": false,
              "context": null,
              "code": "cy.contains('Add').click().wait(1000);\ncy.getByFormControlName('name').type('DKA Bank');\ncy.getByFormControlName('mappingReference').type(_faker_js_faker__WEBPACK_IMPORTED_MODULE_0__[\"faker\"].string.alphanumeric(11));\ncy.getByDataCy('history-record-type').click().wait(500);\ncy.contains('Backwards').click().wait(1000);\ncy.getByDataCy('time-frame').click().wait(500);\ncy.contains('SixMonths').click();\ncy.getByDataCy('save-method').click().wait(1000);\ncy.contains('The payment method has been added');",
              "err": {},
              "uuid": "da9efe88-32bc-414c-a62e-c65b65b9d7f5",
              "parentUUID": "e056bfab-e29c-437b-82a9-fa02fd78c8e5",
              "isHook": false,
              "skipped": false
            },
            {
              "title": "Edits a Payment Method",
              "fullTitle": "Payment Methods Edits a Payment Method",
              "timedOut": null,
              "duration": 9792,
              "state": "passed",
              "speed": "medium",
              "pass": true,
              "fail": false,
              "pending": false,
              "context": null,
              "code": "cy.get('#gridPaymentMethods tr .dx-first-cell .dx-texteditor-input').type('DKA Bank', { force: true }).wait(2000);\ncy.get('#gridPaymentMethods .dx-icon-chevrondoubleright').first().click({ force: true }).wait(1000);\ncy.get('#editPaymentMethodForm');\ncy.getByFormControlName('name').eq(0).clear().type('Bank DKA');\ncy.getBySel('saveAndCloseButton').click().wait(2000);\ncy.contains('The payment method has been updated');",
              "err": {},
              "uuid": "96a52ba1-b585-4642-90c5-2e447c92fc54",
              "parentUUID": "e056bfab-e29c-437b-82a9-fa02fd78c8e5",
              "isHook": false,
              "skipped": false
            },
            {
              "title": "Deletes a Payment Method",
              "fullTitle": "Payment Methods Deletes a Payment Method",
              "timedOut": null,
              "duration": 7978,
              "state": "passed",
              "speed": "medium",
              "pass": true,
              "fail": false,
              "pending": false,
              "context": null,
              "code": "cy.get('#gridPaymentMethods tr .dx-first-cell .dx-texteditor-input').type('Bank DKA', { force: true }).wait(2000);\ncy.get('#gridPaymentMethods .dx-icon-chevrondoubleright').first().click({ force: true }).wait(1000);\ncy.contains('sa-button', 'Delete').click().wait(1000);\ncy.get('.MessageBoxButtonSection').contains('button', 'Yes').click();\ncy.contains(`The payment method has been deleted.`);",
              "err": {},
              "uuid": "65651b4c-db12-4d67-a427-fa8a406eb3db",
              "parentUUID": "e056bfab-e29c-437b-82a9-fa02fd78c8e5",
              "isHook": false,
              "skipped": false
            }
          ],
          "suites": [],
          "passes": [
            "da9efe88-32bc-414c-a62e-c65b65b9d7f5",
            "96a52ba1-b585-4642-90c5-2e447c92fc54",
            "65651b4c-db12-4d67-a427-fa8a406eb3db"
          ],
          "failures": [],
          "pending": [],
          "skipped": [],
          "duration": 31463,
          "root": false,
          "rootEmpty": false,
          "_timeout": 2000
        }
      ],
      "passes": [],
      "failures": [],
      "pending": [],
      "skipped": [],
      "duration": 0,
      "root": true,
      "rootEmpty": true,
      "_timeout": 2000
    }
  ],
  "meta": {
    "mocha": {
      "version": "7.0.1"
    },
    "mochawesome": {
      "options": {
        "quiet": false,
        "reportFilename": "mochawesome",
        "saveHtml": true,
        "saveJson": true,
        "consoleReporter": "spec",
        "useInlineDiffs": false,
        "code": true
      },
      "version": "7.1.3"
    },
    "marge": {
      "options": {
        "id": "default",
        "reportDir": "cypress/results/mochawesome",
        "overwrite": false,
        "html": true,
        "json": true
      },
      "version": "6.2.0"
    }
  }
}