{
  "stats": {
    "suites": 1,
    "tests": 1,
    "passes": 0,
    "pending": 1,
    "failures": 0,
    "start": "2025-01-16T06:01:11.548Z",
    "end": "2025-01-16T06:01:17.664Z",
    "duration": 6116,
    "testsRegistered": 1,
    "passPercent": null,
    "pendingPercent": 100,
    "other": 0,
    "hasOther": false,
    "skipped": 0,
    "hasSkipped": false
  },
  "results": [
    {
      "uuid": "2d4127e0-3d0f-4197-9ab6-31485cc7d181",
      "title": "",
      "fullFile": "cypress/e2e/AddClients/Add_ClientJoint_test.cy.ts",
      "file": "cypress/e2e/AddClients/Add_ClientJoint_test.cy.ts",
      "beforeHooks": [],
      "afterHooks": [],
      "tests": [],
      "suites": [
        {
          "uuid": "a13cfec1-9800-487e-828b-3fc4b5813341",
          "title": "Add Client Joint",
          "fullFile": "",
          "file": "",
          "beforeHooks": [],
          "afterHooks": [],
          "tests": [
            {
              "title": "Start add client joint...",
              "fullTitle": "Add Client Joint Start add client joint...",
              "timedOut": null,
              "duration": 0,
              "state": "pending",
              "speed": null,
              "pass": false,
              "fail": false,
              "pending": true,
              "context": null,
              "code": "// Click on Know your Clients navigation item\ncy.get('a[href*=\"main/clients\"]').click();\n// Ensure that the button Add Joint is visible and then click on it\ncy.get('#addJoint').should('be.visible').click();\n// Start filling the Client joint form    \ncy.get('#regulationGroupList').click();\ncy.get('.dx-overlay-wrapper.dx-popup-wrapper.dx-dropdowneditor-overlay .dx-datagrid-rowsview table tbody tr td').eq(0).click({ force: true });\ncy.get('#clientsFilterComponent').click();\ncy.get('table tbody tr td .dx-select-checkbox').eq(1).click();\ncy.get('table tbody tr td .dx-select-checkbox').eq(2).click();\ncy.get('#clientsFilterComponent').click();\ncy.get('#addClientJointForm input[name=\"name\"]').type(\"\".concat(faker_1.faker.person.fullName(), \" && \").concat(faker_1.faker.person.fullName()));\ncy.get('#clientStatusesList').click();\ncy.get('#dynamicSelectBoxDropdownGrid table').contains('td', 'Active').click();\ncy.get('#addClientJointForm input[name=\"externalReference\"]').type(faker_1.faker.string.numeric(8));\ncy.get('#addClientJointForm #defaultFullStructureEvaluationDropdown').click();\ncy.get('#dynamicSelectBoxDropdownGrid table').contains('td', 'Yes').click();\ncy.get('#addClientJointForm input[name=\"phone\"]').type(faker_1.faker.string.numeric(8));\ncy.get('#addClientJointForm textarea[name=\"notes\"]').type(faker_1.faker.lorem.text());\ncy.get('#saveClientJoint').click();\ncy.wait(1000);",
              "err": {},
              "uuid": "8acd5a9b-c447-4936-9500-004b9ea83908",
              "parentUUID": "a13cfec1-9800-487e-828b-3fc4b5813341",
              "isHook": false,
              "skipped": false
            }
          ],
          "suites": [],
          "passes": [],
          "failures": [],
          "pending": [
            "8acd5a9b-c447-4936-9500-004b9ea83908"
          ],
          "skipped": [],
          "duration": 0,
          "root": false,
          "rootEmpty": false,
          "_timeout": 2000
        }
      ],
      "passes": [],
      "failures": [],
      "pending": [],
      "skipped": [],
      "duration": 0,
      "root": true,
      "rootEmpty": true,
      "_timeout": 2000
    }
  ],
  "meta": {
    "mocha": {
      "version": "7.0.1"
    },
    "mochawesome": {
      "options": {
        "quiet": false,
        "reportFilename": "mochawesome",
        "saveHtml": true,
        "saveJson": true,
        "consoleReporter": "spec",
        "useInlineDiffs": false,
        "code": true
      },
      "version": "7.1.3"
    },
    "marge": {
      "options": {
        "id": "default",
        "reportDir": "cypress/results/mochawesome",
        "overwrite": false,
        "html": true,
        "json": true
      },
      "version": "6.2.0"
    }
  }
}