{
  "stats": {
    "suites": 1,
    "tests": 6,
    "passes": 0,
    "pending": 0,
    "failures": 6,
    "start": "2025-01-16T12:53:14.752Z",
    "end": "2025-01-16T12:54:22.385Z",
    "duration": 67633,
    "testsRegistered": 6,
    "passPercent": 0,
    "pendingPercent": 0,
    "other": 0,
    "hasOther": false,
    "skipped": 0,
    "hasSkipped": false
  },
  "results": [
    {
      "uuid": "39dd7d48-4ad9-4bfd-9532-1ae00c0d63b1",
      "title": "",
      "fullFile": "cypress/e2e/Priority2/Client_Evaluation_test.cy.ts",
      "file": "cypress/e2e/Priority2/Client_Evaluation_test.cy.ts",
      "beforeHooks": [],
      "afterHooks": [],
      "tests": [],
      "suites": [
        {
          "uuid": "c382b5d2-5467-4a7d-a1c9-369e51948120",
          "title": "Perform Client Evaluation Using Staging APIs",
          "fullFile": "",
          "file": "",
          "beforeHooks": [],
          "afterHooks": [],
          "tests": [
            {
              "title": "Generate Regulation Group Hash Key",
              "fullTitle": "Perform Client Evaluation Using Staging APIs Generate Regulation Group Hash Key",
              "timedOut": null,
              "duration": 10486,
              "state": "failed",
              "speed": null,
              "pass": false,
              "fail": true,
              "pending": false,
              "context": null,
              "code": "cy.get('span.ng-tns-c329-33').click();\ncy.get('a.ng-tns-c329-34 > .ng-tns-c329-34').click();\ncy.get('[icon=\"key\"] > .sa-button > .text').click();\ncy.get('.col-md-12 > .form-group > app-dynamic-selectbox > .sa-input-dropdown > .custom-selectbox > .dx-dropdowneditor-input-wrapper > .dx-texteditor-container > .dx-texteditor-buttons-container > .dx-widget > .dx-button-content > .dx-dropdowneditor-icon').click();\ncy.get('[aria-rowindex=\"4\"] > td').click();\ncy.get('#createHashKeyForm > fieldset > :nth-child(2) > .col-md-12 > .sa-input > .ng-untouched').clear();\ncy.get('#createHashKeyForm > fieldset > :nth-child(2) > .col-md-12 > .sa-input > .ng-untouched').type(getProviderKey());\ncy.get('.row.ng-star-inserted > .col-md-12 > .sa-input > .ng-untouched').clear();\ncy.get('.row.ng-star-inserted > .col-md-12 > .sa-input > .ng-untouched').type('10');\ncy.get('#createHashKeyForm > .custom-backround-transparent > .row > .col > [icon=\"save\"] > .sa-button').click().wait(2000);\ncy.getByFormControlName('hashKey').invoke('val').then(function (value) {\n    hashValue = value;\n});\ncy.get('#createHashKeyForm > .custom-backround-transparent > .row > .col > [icon=\"times\"] > .sa-button > .text').click();",
              "err": {
                "message": "AssertionError: Timed out retrying after 4000ms: Expected to find element: `span.ng-tns-c329-33`, but never found it.",
                "estack": "AssertionError: Timed out retrying after 4000ms: Expected to find element: `span.ng-tns-c329-33`, but never found it.\n    at Context.eval (webpack://clm_cypress/./cypress/e2e/Priority2/Client_Evaluation_test.cy.ts:51:0)",
                "diff": null
              },
              "uuid": "21136393-612f-4ff6-85df-eadde2ee9822",
              "parentUUID": "c382b5d2-5467-4a7d-a1c9-369e51948120",
              "isHook": false,
              "skipped": false
            },
            {
              "title": "Creates a Regulation Group",
              "fullTitle": "Perform Client Evaluation Using Staging APIs Creates a Regulation Group",
              "timedOut": null,
              "duration": 8732,
              "state": "failed",
              "speed": null,
              "pass": false,
              "fail": true,
              "pending": false,
              "context": null,
              "code": "cy.visit('/settings/regulation-groups').wait(1500);\ncy.contains('Add').click().wait(1000);\ncy.getByFormControlName('name').type(regulation_group_name);\ncy.getByFormControlName('mappingReference').type(faker_1.faker.string.alphanumeric(13));\n// cy.getByDataCy('countries').click().wait(500)\ncy.get('dx-drop-down-box').eq(0).click().wait(500);\ncy.get('#dynamicSelectBoxDropdownGrid .dx-datagrid-rowsview .dx-datagrid-content table tr').eq(0).click().wait(1000);\n// cy.getByDataCy('currency').click().wait(500)\ncy.get('dx-drop-down-box').eq(1).click().wait(500);\ncy.contains('0x').click({ force: true }).wait(1000);\ncy.getByFormControlName('hash').eq(0).type(hashValue);\ncy.contains('sa-button', 'Save').click().wait(1500);\ncy.contains('Regulation group has been added.').wait(1000);",
              "err": {
                "message": "CypressError: `cy.type()` cannot accept an empty string. You need to actually type something.\n\nhttps://on.cypress.io/type",
                "estack": "CypressError: `cy.type()` cannot accept an empty string. You need to actually type something.\n\nhttps://on.cypress.io/type\n    at Context.type (https://complytek-testing.regtek.co/__cypress/runner/cypress_runner.js:115388:68)\n    at wrapped (https://complytek-testing.regtek.co/__cypress/runner/cypress_runner.js:138092:19)\nFrom Your Spec Code:\n    at Context.eval (webpack://clm_cypress/./cypress/e2e/Priority2/Client_Evaluation_test.cy.ts:77:0)",
                "diff": null
              },
              "uuid": "4ef437ad-e487-47de-af40-ae64a81d2514",
              "parentUUID": "c382b5d2-5467-4a7d-a1c9-369e51948120",
              "isHook": false,
              "skipped": false
            },
            {
              "title": "Adds a Criteria and Its Answers",
              "fullTitle": "Perform Client Evaluation Using Staging APIs Adds a Criteria and Its Answers",
              "timedOut": null,
              "duration": 11341,
              "state": "failed",
              "speed": null,
              "pass": false,
              "fail": true,
              "pending": false,
              "context": null,
              "code": "cy.visit('/settings/criteria').wait(2000);\ncy.contains('sa-button', 'Add').click().wait(1000);\ncy.getByFormControlName('name').eq(0).type('Test');\ncy.getByFormControlName('riskPoint').eq(0).type('1');\ncy.getByFormControlName('mappingReference').eq(0).type(criteria_mappingReference);\n// regulation group\ncy.get('dx-drop-down-box').eq(0).click().wait(500);\ncy.get('#dynamicSelectBoxDropdownGrid .dx-datagrid-rowsview .dx-datagrid-content tr td').contains(regulation_group_name).click({ force: true }).wait(500);\n// criteria category\ncy.get('dx-drop-down-box').eq(1).click().wait(500);\ncy.get('#dynamicSelectBoxDropdownGrid .dx-datagrid-rowsview .dx-datagrid-content tr td').contains('Other').click({ force: true }).wait(500);\n// client type\ncy.get('dx-drop-down-box').eq(2).click().wait(500);\ncy.get('#dynamicSelectBoxDropdownGrid .dx-datagrid-rowsview .dx-datagrid-content tr td').contains('Individual').click({ force: true }).wait(500);\n// criterion setup type\ncy.get('dx-drop-down-box').eq(3).click().wait(500);\ncy.get('#dynamicSelectBoxDropdownGrid .dx-datagrid-rowsview .dx-datagrid-content tr td').contains('Custom').click({ force: true }).wait(500);\ncy.getByFormControlName('includeInEvaluation').check();\ncy.contains('sa-button', 'Save').click().wait(1000);\ncy.contains('The criterion has been added').wait(2000);\n//  ADD CRITERION ANSWER\ncy.contains('[icon=\"plus\"]', 'Add').click().wait(1000);\ncy.getByFormControlName('value').type('Test');\ncy.getByFormControlName('evaluationGrade').select('Low');\ncy.getByFormControlName('isDefault').check();\ncy.get('#addAnswerForm > .custom-backround-transparent > .row > .col > [icon=\"save\"] > .sa-button').click().wait(2000);",
              "err": {
                "message": "AssertionError: Timed out retrying after 4000ms: Expected to find content: 'DKA Regulation Group 3' within the element: <td> but never did.",
                "estack": "AssertionError: Timed out retrying after 4000ms: Expected to find content: 'DKA Regulation Group 3' within the element: <td> but never did.\n    at Context.eval (webpack://clm_cypress/./cypress/e2e/Priority2/Client_Evaluation_test.cy.ts:89:0)",
                "diff": null
              },
              "uuid": "1fe35270-3835-49f2-8819-075c135a8094",
              "parentUUID": "c382b5d2-5467-4a7d-a1c9-369e51948120",
              "isHook": false,
              "skipped": false
            },
            {
              "title": "Add Individual Client To The New Regulation Group",
              "fullTitle": "Perform Client Evaluation Using Staging APIs Add Individual Client To The New Regulation Group",
              "timedOut": null,
              "duration": 12705,
              "state": "failed",
              "speed": null,
              "pass": false,
              "fail": true,
              "pending": false,
              "context": null,
              "code": "cy.visit(\"/main/clients\").wait(2000);\ncy.get('#addIndividual').click().wait(1500);\ncy.get('#addClientIndividualForm input[name=\"firstName\"]').type(firstName);\ncy.get('#addClientIndividualForm input[name=\"lastName\"]').type(lastName);\ncy.get('#addClientIndividualForm input[name=\"middleName\"]').type(faker_1.faker.person.middleName('male'));\ncy.get('#clientStatusesDropdown').click();\ncy.get('#dynamicSelectBoxDropdownGrid .dx-datagrid-rowsview table tbody tr td').eq(0).click({ force: true });\ncy.get('#regulationGroupsDropdown').should('be.visible').click();\ncy.wait(1000);\ncy.get('.dx-overlay-wrapper.dx-popup-wrapper.dx-dropdowneditor-overlay .dx-datagrid-rowsview table tbody tr td').contains(regulation_group_name).click({ force: true });\ncy.get('#addClientIndividualForm input[name=\"externalReference\"]').type(faker_1.faker.string.alphanumeric(12));\ncy.get('#addClientIndividualForm input[name=\"phone\"]').type(faker_1.faker.string.numeric(8));\ncy.get('#addClientIndividualForm input[name=\"email\"]').type(\"\".concat(firstName, \"@gmail.com\"));\ncy.get('#addClientIndividualForm input[name=\"ssn\"]').type(faker_1.faker.string.alphanumeric(10));\ncy.get('#addClientIndividualForm input[name=\"taxIdentificationNumber\"]').type(faker_1.faker.string.alphanumeric(10));\ncy.get('#addClientIndividualForm input[name=\"dateOfBirth\"]').type(faker_1.faker.date.birthdate({ min: 18, max: 65, mode: 'age' }).toISOString().slice(0, 10));\ncy.get('#countriesDropdown').click();\ncy.get('#dynamicSelectBoxDropdownGrid table tr').contains('td', 'Albania').click();\ncy.get('#addClientIndividualForm input[name=\"ipAddress\"]').type(faker_1.faker.internet.ipv4());\ncy.get('#addClientIndividualForm textarea[name=\"notes\"]').type(faker_1.faker.lorem.paragraph());\ncy.get('#saveClientIndividual').click().wait(2000);\ncy.contains('Client individual has been added').wait(2000);",
              "err": {
                "message": "AssertionError: Timed out retrying after 4000ms: Expected to find content: 'DKA Regulation Group 3' within the element: <td> but never did.",
                "estack": "AssertionError: Timed out retrying after 4000ms: Expected to find content: 'DKA Regulation Group 3' within the element: <td> but never did.\n    at Context.eval (webpack://clm_cypress/./cypress/e2e/Priority2/Client_Evaluation_test.cy.ts:119:0)",
                "diff": null
              },
              "uuid": "bd396a60-b14b-4989-929d-7723d3a445d8",
              "parentUUID": "c382b5d2-5467-4a7d-a1c9-369e51948120",
              "isHook": false,
              "skipped": false
            },
            {
              "title": "Navigates to the newly created client dashboard",
              "fullTitle": "Perform Client Evaluation Using Staging APIs Navigates to the newly created client dashboard",
              "timedOut": null,
              "duration": 11986,
              "state": "failed",
              "speed": null,
              "pass": false,
              "fail": true,
              "pending": false,
              "context": null,
              "code": "cy.visit('main/clients').wait(3000);\ncy.get('#gridClients').should('be.visible');\ncy.get('[aria-colindex=\"4\"]  .dx-texteditor-input-container > .dx-texteditor-input').eq(0).type('Leon Gulg').wait(2500);\ncy.get('#gridClients table tr td .dx-header-filter-indicator').eq(0).click({ force: true });\nvar gridClientsRows = cy.wrap('#gridClients table tbody tr');\ngridClientsRows.get('.dx-command-edit-with-icons a').eq(0).click({ force: true }).wait(2000);",
              "err": {
                "message": "AssertionError: Timed out retrying after 4000ms: Expected to find element: `.dx-command-edit-with-icons a`, but never found it.",
                "estack": "AssertionError: Timed out retrying after 4000ms: Expected to find element: `.dx-command-edit-with-icons a`, but never found it.\n    at Context.eval (webpack://clm_cypress/./cypress/e2e/Priority2/Client_Evaluation_test.cy.ts:139:0)",
                "diff": null
              },
              "uuid": "f6fd36aa-a10b-4dec-9445-d9d4bb307f93",
              "parentUUID": "c382b5d2-5467-4a7d-a1c9-369e51948120",
              "isHook": false,
              "skipped": false
            },
            {
              "title": "Adds an evaluation",
              "fullTitle": "Perform Client Evaluation Using Staging APIs Adds an evaluation",
              "timedOut": null,
              "duration": 11948,
              "state": "failed",
              "speed": null,
              "pass": false,
              "fail": true,
              "pending": false,
              "context": null,
              "code": "NavigateToClientDashboard();\ncy.get('.left-secondary-menu .left-menu-items.main-menu li>sa-menu-item>a').contains('span', 'Evaluations').click().wait(2000);\ngetClientID();\ncy.get('[primary-buttons=\"\"] > sa-button.ng-star-inserted > .sa-button > .text').click();\ncy.wait(1000);\ncy.getByDataCy('reasonForEvaluation').then(function (el) {\n    //step 1\n    if (el.is(':visible')) {\n        cy.wait(1000);\n        cy.log(clientId);\n        cy.request({\n            method: 'POST',\n            url: 'https://complytek-testing-api.regtek.co/api/staging/addClientEvaluation',\n            headers: {\n                'Content-Type': 'application/json',\n                'Authorization': \"Bearer \".concat(token)\n            },\n            body: {\n                \"ClientId\": clientId,\n                \"ReasonForEvaluation\": \"Test Request Using Cypress \".concat(faker_1.faker.number.int())\n            }\n        }).then(function (response) {\n            cy.log(\"\".concat(response));\n            console.log(response);\n            cy.get('#initializeEvaluationForm > .custom-backround-transparent > .row > .col > [icon=\"times\"] > .sa-button').click().wait(3000);\n            cy.get('[primary-buttons=\"\"] > sa-button.ng-star-inserted > .sa-button > .text').click().wait(2000);\n        });\n    }\n    //step 2\n    cy.getByDataCy('criteria-dropdowns').then(function (el) {\n        if (el.is(':visible')) {\n            cy.request({\n                method: 'POST',\n                url: 'https://complytek-testing-api.regtek.co/api/staging/createClientEvaluation',\n                headers: {\n                    'Content-Type': 'application/json',\n                    'Authorization': \"Bearer \".concat(token)\n                },\n                body: {\n                    \"clientId\": clientId,\n                    \"reasonForEvaluation\": \"Test Request Using Cypress \".concat(faker_1.faker.number.int()),\n                    \"createEvaluationIfNoPendingOneExists\": true,\n                    \"criterionAnswersPairs\": [\n                        {\n                            \"criterionMappingReference\": \"Criterion_Test\",\n                            \"criterionAnswers\": [\n                                {\n                                    \"criterionAnswerMappingReference\": \"CriterionAnswer_Test\"\n                                }\n                            ]\n                        }\n                    ]\n                }\n            }).then(function (response) {\n                cy.log(\"\".concat(response.body.clientEvaluationID));\n                var evaluationID = response.body.clientEvaluationID;\n                cy.request({\n                    method: 'PUT',\n                    url: \"https://complytek-testing-api.regtek.co/api/clientCommon/\".concat(clientId, \"/evaluations/\").concat(evaluationID),\n                    body: {\n                        \"id\": evaluationID,\n                        \"clientId\": clientId,\n                        \"evaluationDate\": \"2019-01-01T00:00:00\",\n                        \"reasonForEvaluation\": \"Reason for Evaluation Example Update\",\n                        \"evaluationScore\": 1,\n                        \"evaluationGradeId\": 1,\n                        \"highestGradeId\": 1,\n                        \"complianceOfficerGradeId\": 1,\n                        \"complianceOfficerComment\": \"ComplianceOfficerComment Example Update\",\n                        \"managerGradeId\": 1,\n                        \"managerComment\": \"ManagerComment Update\",\n                        \"nextEvaluationDate\": \"2020-01-01T00:00:00\",\n                        \"clientEvaluationCriteria\": []\n                    },\n                    headers: {\n                        'Content-Type': 'application/json',\n                        'Authorization': \"Bearer \".concat(token)\n                    }\n                }).then(function (res) {\n                    cy.wait(2000);\n                    cy.request({\n                        method: 'POST',\n                        url: \"https://complytek-testing-api.regtek.co/api/clientCommon/\".concat(clientId, \"/evaluations/\").concat(evaluationID, \"/perform\"),\n                        body: {\n                            \"clientId\": clientId,\n                            \"reasonForEvaluation\": \"Test Request Using Cypress \".concat(faker_1.faker.number.int())\n                            //Fields are missing from Request\n                        },\n                        headers: {\n                            'Content-Type': 'application/json',\n                            'Authorization': \"Bearer \".concat(token)\n                        }\n                    }).then(function (response) {\n                        cy.log(JSON.stringify(response.body));\n                        //step 3\n                        cy.contains('Save & Close').click().wait(3000);\n                        // cy.get('sa-button').contains('Complete').click().wait(1000)\n                    });\n                });\n            });\n        }\n    });\n    // //step 3\n    // cy.contains('Evaluate').click().wait(3000)\n    // cy.get('sa-button').contains('Complete').click().wait(1000)\n});",
              "err": {
                "message": "AssertionError: Timed out retrying after 4000ms: Expected to find element: `.dx-command-edit-with-icons a`, but never found it.",
                "estack": "AssertionError: Timed out retrying after 4000ms: Expected to find element: `.dx-command-edit-with-icons a`, but never found it.\n    at NavigateToClientDashboard (webpack://clm_cypress/./cypress/e2e/Priority2/Client_Evaluation_test.cy.ts:24:0)\n    at Context.eval (webpack://clm_cypress/./cypress/e2e/Priority2/Client_Evaluation_test.cy.ts:142:0)",
                "diff": null
              },
              "uuid": "cba846dd-5778-4036-9678-f187b657db22",
              "parentUUID": "c382b5d2-5467-4a7d-a1c9-369e51948120",
              "isHook": false,
              "skipped": false
            }
          ],
          "suites": [],
          "passes": [],
          "failures": [
            "21136393-612f-4ff6-85df-eadde2ee9822",
            "4ef437ad-e487-47de-af40-ae64a81d2514",
            "1fe35270-3835-49f2-8819-075c135a8094",
            "bd396a60-b14b-4989-929d-7723d3a445d8",
            "f6fd36aa-a10b-4dec-9445-d9d4bb307f93",
            "cba846dd-5778-4036-9678-f187b657db22"
          ],
          "pending": [],
          "skipped": [],
          "duration": 67198,
          "root": false,
          "rootEmpty": false,
          "_timeout": 2000
        }
      ],
      "passes": [],
      "failures": [],
      "pending": [],
      "skipped": [],
      "duration": 0,
      "root": true,
      "rootEmpty": true,
      "_timeout": 2000
    }
  ],
  "meta": {
    "mocha": {
      "version": "7.0.1"
    },
    "mochawesome": {
      "options": {
        "quiet": false,
        "reportFilename": "mochawesome",
        "saveHtml": true,
        "saveJson": true,
        "consoleReporter": "spec",
        "useInlineDiffs": false,
        "code": true
      },
      "version": "7.1.3"
    },
    "marge": {
      "options": {
        "id": "default",
        "reportDir": "cypress/results/mochawesome",
        "overwrite": false,
        "html": true,
        "json": true
      },
      "version": "6.2.0"
    }
  }
}