{
  "stats": {
    "suites": 1,
    "tests": 3,
    "passes": 3,
    "pending": 0,
    "failures": 0,
    "start": "2025-01-15T08:53:33.018Z",
    "end": "2025-01-15T08:54:19.032Z",
    "duration": 46014,
    "testsRegistered": 3,
    "passPercent": 100,
    "pendingPercent": 0,
    "other": 0,
    "hasOther": false,
    "skipped": 0,
    "hasSkipped": false
  },
  "results": [
    {
      "uuid": "85c9aa42-c576-4329-8c68-e4fe7141aed3",
      "title": "",
      "fullFile": "cypress/e2e/IndividualClientFunctionality/Add_Edit_Delete_Client_Card_test.cy.ts",
      "file": "cypress/e2e/IndividualClientFunctionality/Add_Edit_Delete_Client_Card_test.cy.ts",
      "beforeHooks": [],
      "afterHooks": [],
      "tests": [],
      "suites": [
        {
          "uuid": "ade0c8c3-2aeb-4c29-9244-b433bf3d5d62",
          "title": "Add, Edit, Delete Client Cards",
          "fullFile": "",
          "file": "",
          "beforeHooks": [],
          "afterHooks": [],
          "tests": [
            {
              "title": "Add Client Cards",
              "fullTitle": "Add, Edit, Delete Client Cards Add Client Cards",
              "timedOut": null,
              "duration": 28836,
              "state": "passed",
              "speed": "slow",
              "pass": true,
              "fail": false,
              "pending": false,
              "context": null,
              "code": "//add bank account required\n// Click on Know your Clients navigation item\nObject(_support_e2e__WEBPACK_IMPORTED_MODULE_1__[\"navigateToClientMenu\"])('Individual');\ncy.get('.left-secondary-menu .left-menu-items.main-menu li>sa-menu-item>a').contains('span', 'Cards').click();\n// Add new Client Card\ncy.getBySel('addCard').click();\ncy.location('pathname').then((pathname) => {\n    const pathSections = pathname.split('/');\n    client_id = pathSections[3];\n});\ncy.wait(1000);\ncy.getBySel('addClientCardForm').should('be.visible').then(() => {\n    cy.get('#addClientCardForm input[name=\"cardNumber\"]').type(cardNumberTest);\n    cy.get('#addClientCardForm input[name=\"cardholder\"]').type(_faker_js_faker__WEBPACK_IMPORTED_MODULE_0__[\"faker\"].person.fullName());\n    cy.get('#addClientCardForm .datetimeDevExtreme .dx-texteditor-input').type('0128');\n    cy.get('#addClientCardForm input[name=\"externalReference\"]').type(_faker_js_faker__WEBPACK_IMPORTED_MODULE_0__[\"faker\"].string.alphanumeric(12));\n    cy.getBySel('accountsList').should('be.visible').click();\n    cy.get('#dynamicSelectBoxDropdownGrid .dx-datagrid-rowsview table tbody tr td').eq(0).click({ force: true });\n    cy.getBySel('saveClientCardForm').click();\n});",
              "err": {},
              "uuid": "04b6f79f-2e51-4b00-b35b-6cfdf4e82958",
              "parentUUID": "ade0c8c3-2aeb-4c29-9244-b433bf3d5d62",
              "isHook": false,
              "skipped": false
            },
            {
              "title": "Edit client Cards",
              "fullTitle": "Add, Edit, Delete Client Cards Edit client Cards",
              "timedOut": null,
              "duration": 9474,
              "state": "passed",
              "speed": "medium",
              "pass": true,
              "fail": false,
              "pending": false,
              "context": null,
              "code": "cy.visit(`/main/client-individual/${client_id}/1/cards`).wait(2000);\n// Edit Cards\ncy.getBySel('gridClientCards').should('be.visible').then(() => {\n    cy.get('.dx-datagrid-filter-row .dx-texteditor-input-container input').eq(2).type(cardNumberTest);\n    cy.wait(2000);\n    let gridCards = cy.wrap('#gridClientCards table tbody tr td');\n    gridCards.get('.dx-command-edit-with-icons a').eq(0).click({ force: true });\n    cy.get('#editClientCardForm').should('be.visible');\n    cardNumberTest = _faker_js_faker__WEBPACK_IMPORTED_MODULE_0__[\"faker\"].finance.creditCardNumber('visa');\n    cy.get('#editClientCardForm input[name=\"cardNumber\"]').should('be.visible').clear();\n    cy.get('#editClientCardForm input[name=\"cardNumber\"]').type(cardNumberTest);\n    cy.getBySel('saveAndCloseButton').click();\n});",
              "err": {},
              "uuid": "de403bb8-9102-4189-b878-ce5b937b313b",
              "parentUUID": "ade0c8c3-2aeb-4c29-9244-b433bf3d5d62",
              "isHook": false,
              "skipped": false
            },
            {
              "title": "Delete client Cards",
              "fullTitle": "Add, Edit, Delete Client Cards Delete client Cards",
              "timedOut": null,
              "duration": 7654,
              "state": "passed",
              "speed": "medium",
              "pass": true,
              "fail": false,
              "pending": false,
              "context": null,
              "code": "cy.visit(`/main/client-individual/${client_id}/1/cards`).wait(2000);\ncy.getBySel('gridClientCards').should('be.visible');\ncy.get('.dx-datagrid-filter-row .dx-texteditor-input-container input').eq(2).type(cardNumberTest);\ncy.wait(2000);\nlet gridCards = cy.wrap('#gridClientCards table tbody tr td');\ngridCards.get('.dx-command-edit-with-icons a').eq(0).click({ force: true });\n// Delete Cards\ncy.getBySel('deleteCard').should('be.visible').click();\ncy.get('#bot2-Msg1').contains('Yes').click();",
              "err": {},
              "uuid": "6d067cf1-842a-4731-9663-82ba6a0089f2",
              "parentUUID": "ade0c8c3-2aeb-4c29-9244-b433bf3d5d62",
              "isHook": false,
              "skipped": false
            }
          ],
          "suites": [],
          "passes": [
            "04b6f79f-2e51-4b00-b35b-6cfdf4e82958",
            "de403bb8-9102-4189-b878-ce5b937b313b",
            "6d067cf1-842a-4731-9663-82ba6a0089f2"
          ],
          "failures": [],
          "pending": [],
          "skipped": [],
          "duration": 45964,
          "root": false,
          "rootEmpty": false,
          "_timeout": 2000
        }
      ],
      "passes": [],
      "failures": [],
      "pending": [],
      "skipped": [],
      "duration": 0,
      "root": true,
      "rootEmpty": true,
      "_timeout": 2000
    }
  ],
  "meta": {
    "mocha": {
      "version": "7.0.1"
    },
    "mochawesome": {
      "options": {
        "quiet": false,
        "reportFilename": "mochawesome",
        "saveHtml": true,
        "saveJson": true,
        "consoleReporter": "spec",
        "useInlineDiffs": false,
        "code": true
      },
      "version": "7.1.3"
    },
    "marge": {
      "options": {
        "id": "default",
        "reportDir": "cypress/results/mochawesome",
        "overwrite": false,
        "html": true,
        "json": true
      },
      "version": "6.2.0"
    }
  }
}