{
  "stats": {
    "suites": 1,
    "tests": 6,
    "passes": 5,
    "pending": 0,
    "failures": 1,
    "start": "2025-01-16T06:05:51.192Z",
    "end": "2025-01-16T06:06:45.055Z",
    "duration": 53863,
    "testsRegistered": 6,
    "passPercent": 83.33333333333334,
    "pendingPercent": 0,
    "other": 0,
    "hasOther": false,
    "skipped": 0,
    "hasSkipped": false
  },
  "results": [
    {
      "uuid": "14e77a75-db94-46e4-8685-690eaf95c28f",
      "title": "",
      "fullFile": "cypress/e2e/DemonstrationFlow/Add_Client_Individual_Process_test.cy.ts",
      "file": "cypress/e2e/DemonstrationFlow/Add_Client_Individual_Process_test.cy.ts",
      "beforeHooks": [],
      "afterHooks": [],
      "tests": [],
      "suites": [
        {
          "uuid": "9b4a1085-393e-42dc-9928-522de5aee6e4",
          "title": "Add Individual Client Process",
          "fullFile": "",
          "file": "",
          "beforeHooks": [],
          "afterHooks": [],
          "tests": [
            {
              "title": "should add an individual client",
              "fullTitle": "Add Individual Client Process should add an individual client",
              "timedOut": null,
              "duration": 18875,
              "state": "passed",
              "speed": "slow",
              "pass": true,
              "fail": false,
              "pending": false,
              "context": null,
              "code": "cy.visit('/main/clients').wait(2000);\n//add client api call\ncy.request({\n    method: \"POST\",\n    url: \"https://complytek-testing-api.regtek.co/api/Staging/clientIndividual\",\n    headers: {\n        \"Content-Type\": \"application/json\",\n        'Authorization': \"Bearer \".concat(token)\n    },\n    body: {\n        externalReference: \"\".concat(faker_1.faker.string.alphanumeric(10)),\n        firstName: firstName,\n        lastName: lastName,\n        middleName: \"Doe\",\n        clientRegulationGroupId: 1,\n        clientStatusId: 3,\n        countryOfBirthId: 8,\n        dateOfBirth: birthDay,\n        joinedDate: new Date().toISOString(),\n        notes: \"This client was created from the Demonstration flow API test\",\n        phone: \"\".concat(faker_1.faker.phone.number()),\n        email: \"\".concat(firstName + lastName, \"@gmail.com\"),\n        ipAddress: \"\".concat(faker_1.faker.internet.ip()),\n        isClient: true,\n        ignoreAutoOngoingMonitoringStatus: false,\n        gender: \"Male = 1\",\n        ssn: \"\".concat(faker_1.faker.string.alphanumeric(10)),\n        taxIdentificationNumber: \"\".concat(faker_1.faker.string.alphanumeric(15))\n    }\n}).then(function (res) {\n    if (res.body) {\n        cy.get('[aria-colindex=\"4\"]  .dx-texteditor-input-container > .dx-texteditor-input').eq(0).type(firstName + ' ' + lastName).wait(2500);\n        cy.get('#gridClients table tr td .dx-header-filter-indicator').eq(0).click({ force: true });\n        var gridClientsRows = cy.wrap('#gridClients table tbody tr');\n        gridClientsRows.get('.dx-command-edit-with-icons a').eq(0).click({ force: true }).wait(2000);\n        cy.contains(firstName + ' ' + lastName);\n        cy.location('pathname').then(function (url) {\n            location = url;\n            var pathSections = url.split('/');\n            clientId = pathSections[3];\n        }).wait(1500);\n    }\n});",
              "err": {},
              "uuid": "fcc14757-ebe6-417c-b629-13782c1d1289",
              "parentUUID": "9b4a1085-393e-42dc-9928-522de5aee6e4",
              "isHook": false,
              "skipped": false
            },
            {
              "title": "should add a client document",
              "fullTitle": "Add Individual Client Process should add a client document",
              "timedOut": null,
              "duration": 8028,
              "state": "passed",
              "speed": "medium",
              "pass": true,
              "fail": false,
              "pending": false,
              "context": null,
              "code": "cy.visit(location).wait(2000);\ncy.get('.left-secondary-menu .left-menu-items.main-menu li>sa-menu-item>a').contains('Documents').scrollIntoView().click().wait(2000);\ncy.request({\n    method: \"POST\",\n    url: \"https://complytek-testing-api.regtek.co/api/clientCommon/\".concat(clientId, \"/documents\"),\n    headers: {\n        \"Content-Type\": \"application/json\",\n        'Authorization': \"Bearer \".concat(token)\n    },\n    body: {\n        \"clientId\": \"\".concat(clientId),\n        \"documentId\": 1,\n        \"collectionStatus\": 1,\n        \"documentForm\": 1,\n        \"documentNumber\": \"123\",\n        \"countryOfIssueId\": 1,\n        \"dateOfIssue\": \"\",\n        \"expirationDate\": \"\",\n        \"collectionDate\": \"2024-10-24\",\n        \"certifiedDate\": \"\",\n        \"certifiedByUsername\": null,\n        \"reviewedByUsername\": null,\n        \"customFields\": {},\n        \"comment\": \"\",\n        \"directoryPathOrUrl\": \"\"\n    }\n}).then(function (res) {\n    console.log(res);\n    newDocID = res.body.id;\n});",
              "err": {},
              "uuid": "6978f086-307c-4136-a538-1678119a0cf5",
              "parentUUID": "9b4a1085-393e-42dc-9928-522de5aee6e4",
              "isHook": false,
              "skipped": false
            },
            {
              "title": "should update document status to collected",
              "fullTitle": "Add Individual Client Process should update document status to collected",
              "timedOut": null,
              "duration": 6734,
              "state": "passed",
              "speed": "medium",
              "pass": true,
              "fail": false,
              "pending": false,
              "context": null,
              "code": "cy.visit(location).wait(2000);\ncy.get('.left-secondary-menu .left-menu-items.main-menu li>sa-menu-item>a').contains('Documents').scrollIntoView().click().wait(2000);\ncy.request({\n    method: \"PUT\",\n    url: \"https://complytek-testing-api.regtek.co/api/clientCommon/\".concat(clientId, \"/documents\"),\n    headers: {\n        \"Content-Type\": \"application/json\",\n        'Authorization': \"Bearer \".concat(token)\n    },\n    body: {\n        \"id\": newDocID,\n        \"clientId\": \"\".concat(clientId),\n        \"documentId\": 1,\n        \"collectionStatus\": 4,\n        \"verificationStatus\": 5,\n        \"verificationMessage\": \"\",\n        \"documentForm\": 1,\n        \"documentNumber\": \"123\",\n        \"countryOfIssueId\": 1,\n        \"dateOfIssue\": \"\",\n        \"expirationDate\": \"\",\n        \"collectionDate\": \"2024-10-24\",\n        \"nextCollectionDate\": \"2025-10-24\",\n        \"certifiedDate\": \"\",\n        \"certifiedByUsername\": null,\n        \"reviewedByUsername\": null,\n        \"attachments\": [],\n        \"mandatory\": true,\n        \"directoryPathOrUrl\": \"\",\n        \"customFields\": {},\n        \"comment\": \"\"\n    }\n}).then(function (res) {\n    console.log(res);\n    res.body.collectionStatus = 4;\n});",
              "err": {},
              "uuid": "4744ff50-f0d2-4469-84b8-ae91f9bb80db",
              "parentUUID": "9b4a1085-393e-42dc-9928-522de5aee6e4",
              "isHook": false,
              "skipped": false
            },
            {
              "title": "should add to internal monitoring",
              "fullTitle": "Add Individual Client Process should add to internal monitoring",
              "timedOut": null,
              "duration": 6142,
              "state": "failed",
              "speed": null,
              "pass": false,
              "fail": true,
              "pending": false,
              "context": null,
              "code": "cy.visit(location).wait(2000);\ncy.get('.left-secondary-menu .left-menu-items.main-menu li>sa-menu-item>a').contains('Internal Screening').scrollIntoView().click().wait(2000);\ncy.request({\n    method: \"POST\",\n    url: \"https://complytek-testing-api.regtek.co/api/clientCommon/\".concat(clientId, \"/internalBlackListsOngoingMonitoring\"),\n    headers: {\n        \"Content-Type\": \"application/json\",\n        'Authorization': \"Bearer \".concat(token)\n    }\n});\ncy.reload();\ncy.wait(2000);\ncy.contains('Remove Internal Monitoring');",
              "err": {
                "message": "CypressError: `cy.request()` failed on:\n\nhttps://complytek-testing-api.regtek.co/api/clientCommon/481/internalBlackListsOngoingMonitoring\n\nThe response we received from your web server was:\n\n  > 400: Bad Request\n\nThis was considered a failure because the status code was not `2xx` or `3xx`.\n\nIf you do not want status codes to cause failures pass the option: `failOnStatusCode: false`\n\n-----------------------------------------------------------\n\nThe request we sent was:\n\nMethod: POST\nURL: https://complytek-testing-api.regtek.co/api/clientCommon/481/internalBlackListsOngoingMonitoring\nHeaders: {\n  \"Connection\": \"keep-alive\",\n  \"Content-Type\": \"application/json\",\n  \"Authorization\": \"Bearer eyJhbGciOiJSU0EtT0FFUCIsImVuYyI6IkEyNTZDQkMtSFM1MTIiLCJraWQiOiI1RkM0QkM4NzM2QTE5NzkwQkUxQzU4NTc3NENCQjM4RDVDQzA1NTNDIiwidHlwIjoiYXQrand0In0.hUCPg7Y6aKvB_derIZka30N9sZ-2dxZIZhWpqE9MA-Lip86y2XXGCCLdAKGKLssLP01AEWBvV7TltmD8svYbb9Lfp440wSguUxgeXt5OzC-Fcx8Sn0tE2KOD2th1jrfY6a9VFk_i-s6MtAHvKIYG-MUYCXxHqyW6E4AMUkO4JmTENzyaSph_DydUcD6jaA-gKt4_e6PEUdL1V4P6JnD5Tkj3HrR2xWV9-_VHbE7D-DxWdbk1Y8HYZMjTYCM5u6ngaVMPKQZqExm4DOZJqb8yJA4lxpS8TXG-MVCu9D7l6HjSltJVBO3SiaFOI5jyXDINIahGjHHW4GaOFymj_LiC1Cdb_Q0h-rZLhG1s3nWrAHsFpOCaIlC9_FE7fxThDCP2_E9RVRGea0NSpjtwGF4_wV9bkBRZYhTeNDfnv0ckLhApHyaVqYE3o1gEp4kLg5pldqE1auPu7C6pB8pWJSZ3HRz-dG-NKW4acGTl83sgGhVO4STDUfdRtMb-AWkfkb8Y-uSa0I1dZnDCs9sZKqbtt32Z6GPGJhPFtxEnrffLmpUQkOf03i5b5z_NFMzFk13h563lU9DIhrXAbEfZ_tFIUEnLplYlg-Xpds5b-pUqYPmnTLQLFaG6hSsxrVCd4M0KZulasWV_ZYvTyBLmk8_DmAp-Wbe1MuQNCs0GXmAVxco.xx9SRejDzv9zdbSGfyXu-g.xQ9vkwQ8TYh_wxCly543_9_60Fc9mgFr88TUM3_dm4Ihl_ZmNLIElNklMKLuDSj7egte29MYHQMxF-CRWUU5CxxFPR-ybgcuX5dwqF9aQaLagrRKKw39V1ZzdoRQri1Y3CmmFKtdsiI9RQzBKVzDFuy31eCzXx1ZPt61xTUPlp1zK9Hd_iC9YF5cRDRljycFdppnagHPIpZKeqT-Sl1iSKRat1gwyUQfbRop1-fi_kCQFrpvgBL-81ksZBxHoBN4JXxMyZrzT76KA0iWa12r7T3KwlYogvtZh98aQ2F41AhGwH53-whm4nqilDIJHkRNjcNYqCKSUdQy7PaLEZeAqHF2EhINhdsa4WctIKesKglGairSXIfYwbJNS1yPSHYie7OVcBOzgj9o6eW98rDBDm_Dl2RDzgilf8bkCTwEknJ5B9ViCaDT9lFLkdS9bKFrOtVjgGW53GWZKDBdnkjjHFQUqOMhJ5BpdTYoSKuj1vX9yLbUtjuN8WLCz5isQKYj11lo6i1TUxXDwc37G02-98drNoic-BHTfppCQ8_MSdBRUd53D3kvZ2p5GUYjH3DPXJbk7pSEQQEhzrhSRtPYbv-q4nTugA11S8fiI9M0jZPG0y7yhHRDBbmRH49eQ2BnTuRL0LMo5o4GgoI8absQ022OhBRGluzEgiraVoU3HM6vnPssnFFBST5jmpRMEg5Sy4hfROxkWhVJxrjYgwzHqsAf0zkvnTz8fCCySwC3Fj-XRXWGcHT7G85xO4jEkCwSYrvdAtgLIqlWpC17qXl9VQ1RQr710T-fYkuZ0KY9T53jtE7dWSVXEUF_dY_Fl9R86GWDaxmnbZTUpNbcQIOEBzVWSga3FXZ61R5zXXC5Ioldh61juFB5gAg8LJQNaV0eNp-AhzSX6dEKFnelbcVZYeeB0DUVZkUhnTl2QKjIiX186BbIDR64TigkGuqS-B22-wskosidcttx6YpjGyPbBQ-uQ5fO4lj6ZxOJ4FVPExdUOXVcRzczOjurMkEggI01_CPbTMO3N94Bsvst2enAPYdJRNSZD6wyZ-8RrFHP363ovuRRr1xEDeJ274AQIJZwsgafoFYZjgoFrHVS6VkC-AjLzeeP0jhL6KYcM6daRLst77stZgTdZWoYW8inTmD2KCiXA35FYCAxJbByG5Tz1d432qx3x4Bqj9Y00LJ6t5_cm_QptOzQYqRgwUU-pEVxBGLdAJBt5lGeHoM35sF6FJiYlqnKVIns4qaHzST7Xeb2nYw-VlZ4E505AiLxG6xM-byDWrPD5efVvR1IkBGVdaRrY2X-jN8lLB4733p7s1cXpbeyPb_wrtUHIiU_v2cQPElf9p9UGRfdeeAmyr9yhk0pGGWbgH_PN7_MBCWJyGNCqVnVQGZzUVnckPqTRNZ3TK-D_wO7jdljD0lwAf3f_VRDv5Xw_AzD2WRLfR_DE2MIhoJnNCJ-94KdFhuixg-m3NmgeaP6q9O1SrysSsaUbk2IFW-ikDB6yPb5DEzaRfnJQ2vnFpKjXRCxELcCmpXvEV_yf9q4jK3aGZ4qjGnaCkAAbmeHgUgzkPdfwjNfb4pvz4gYFr_nqxweeMdBkZu8y1FtYcDuelSBbjzQn8thJm6qfUUQP7W0gBWmS_lZQkoLSk_Vs0bwYlrFBoW22xyhAxGHHa0AOICaeYI0WaKGJIZhGGAedJ3drx_BzLjC5cs5cZzGtpUk5uQjyp_9tkQgKniCaP29wp__ouzyLL3v_cWW559yAH0v2-MizlXn-MB_OyEIMY7fsS5YJj9R33-ppUkaR9BisDTO92_VyMg8WJMXxMiT0Wc_twYpknKcxyTlruQ28u6Zi_LDjm5sCOT1lYoRicrPnN2mV_m6gU6XmDuSkmceu-3szsuGNJRK0hqnyf8vrJ06LJQJQqP0TO-j3n5ZL_CPN5J2XtXGPvsqDuDDjjnph2XoHmNmvMpxWL1w-43VWbL0Azu_MLyuYbi2b8R6kB8wtXWOnyejutUdloD74bZIrPLLvXA-XWruucHAeKPU93fs2cwUFJWSTLtEbZbrEYp7-JlYGvLSwY9HYgTWCkN2DFIBAannntngp9ONkptFE-FR4w_S_OcPRGdzbsLxalzhxTW10P4nUTjRjCN5NLze-iSQrkWM1ly_ZR0Zcrh9XGYmhL21kWPl49AOHE2L3asMGeGgZ0qz-DixZRU3Uz_KXWg90qUPy2-7j_GpJZDQb2zxGeaQwAjuYyjnd_KtuVuZb2q0_9ekxuDFtGPYIsYq3MDWqauo2ZsEZr1_eR6gjHki43MJTkHYJn7YeAtEgDh6zGPh0N2TlI9mvmYceJ00bwSzgHHalzJz0S551mgJSG4cpQiITx7De7RI4j0CoTj3dxbRqAkzlx3pZqb8qpJJckW7Oz9rxUXExlGxGru5fkUn6alQ1sHL1NCXo3em74xQ17F-Oqc7DfjyaBJu7mtk6cvF9VE-Ed_7BQCYg3lv-Pm2HSHSXKqr_NxwCwBXUrb-KqToKfGNhRMhBwSAgU7SLRIa_LR8L5O2NRzplCs3IrUquE3xP0fZ-3Uv16HX5HWu4VxCyIgvq177aW-h5KmiTVRaE_1h8nfHyDI6BmrGtQ82waFddeJx0-HuuKPKQyK9Q9HujPLV3YP2RGEdBmRf_1wV7IIaclFLWE1A7Dxiech14ttlqUHw0lpSANqyeCSbL09mEfd0PCEXNZWjwzJhzvAJvWIoY1YF6Qm5uBM9ezBgR6vhJom3wa6JH9krJvzKyiFx8ferIQdrVZ3seP5UJTOWpTsgwEj4Ko1WVfAlmJNRdSfq6svzEL2B_7uxkVFycLUJzSv2f7bEp46FGAvBuBmlOfWo4j8EkQp7cYQrQ9G8Ir93hYxP43yNx8ETRSWaA2Ivo5NNq9hBheVR0zAjux7yF86s00zTQMIssbNdsjfL91lDbRLLvLZoml6h5q6IEK5dQ9XfJE8saS0aG6jxYxRhp3qYmXIgCH5d9NWzk5PyZbSeVtsMZDoXkQqlIhUr3Bmb9cN_mms1iHbPpRzOdCYWcg4XUuuT64aaaNA-xXs0r8wejvF3zjpJXnFtAcvqIvHFYU9CS3LJHSnNNvD-G_3QmzvVbi4YNGhNwXK2H070LJD9Ld9t6an5GCfvRKSGd0zO_CgRS8rUgi5ecDZNpwks1u4WVT-SSqD8Gmq3SlpwIFJqMebVIrYs5OdJS1BjGqQA9rXGJJA0F7xsorpWpNTB3u9Gp15hKF_PzbfP8wvyju6W3PG5qt7ITlDwGYiHchgt3gtcI8YzLDXorTQ2FUsQ7Ljmz2QqnoKykF5ej6yVWtcNjYC--tFFSNam44uugmVojEqglqMrDzmgAJ7UTpFexR0ZuGafwt8IBmbN5cQOyfXJZbcDXw3y3v7LOVztAPlcrstOCDOjsou3z6xaGJd_sw6NoJZdidz8AUh9_NPqjKnGNWToKbykMjvAZaYK_TS5UcDiN2TL1CK7VLuCZJxxG9XoRDgmulsw9iMADwCpyr0TN2qxIkqIS4V2d84dXvH9hCPebfymOrQOgz8sYxXfzGvn4CrVK7xJUvyBUtmaPlRWLgX4U540WrCrub8bfQ7_kn5OPrdDehuQaJChpsOZ4qd0hRoOw9iIOGMI2pseb3UIpvD9qSfyG57h0nsXBv19aqeG2bKQOCzy6aEgrt0JAZo6p-r-_J9jzwXWfklah7dYjzmKZf3-qm-xCyqUGSYWiFrZZTwFemUNFO6S95na9EePiIW4nV7c1SHarTtVx0S7QaoZzfUcZs97AG2_1GxjNFD6CIWuQ5ipS9HMBK2ydEGDIfgEx4V2Bw3XoWxSFsEMiCwXgddB-jZGCIRhrYZodGJHqd11OfaY404dh54prFIaF5A_N96rPrb9tk9d-E8NvlDIPTRlPQFq6PNdk6ETEPvzuZYif7U2u8YWRV9pESFjDQY0wRjH-TKT-rjVBPmTNE1LvYFg3RjuyjzE0Fh8ReDyR77O6os6E8qg2hXMYLq4GA3VLEvc-G5mbGmUNNqQ__QGdN2n3hZtwxDR3VWc_WQ0K02-sZCOLCds4Nmcl_l-FdN5z4IGzTaHWHHcXXYlhALvv-wW7VAEGRBwBI-Xbsz7D_QxenRmdsvNaxSYFkCyjQIAmYek2PVibHVfq51eczUwgOUJYGx1qz5xfuRuKa_POtT9w5ibTDL0DIVDaio5FBsqANfMBaeUPgAZHIVd697t4oAOLqHh9QppxaA05-K23U8NN6BXkGRb-PGm76RdnpVPivPbykI4dNugm2ti0b-1HuXVLMuNu8O_n81VqIrP91V8_KxnmBAmQVS21k-oSgOCYEglvNng_uGoNsuidbmhJ5cUXZy-QJ-L6vRW1Wo0Ygk4JB5K2tCoe0HyI9-Jeje8svCqe_zIuCS3euG3BxH2lk4u.vP-HUOoRBt-xCAFGQRYqcW521_t3UonxIlyioU9zSIA\",\n  \"user-agent\": \"Mozilla/5.0 (X11; Linux x86_64) AppleWebKit/537.36 (KHTML, like Gecko) HeadlessChrome/131.0.0.0 Safari/537.36\",\n  \"accept\": \"*/*\",\n  \"accept-encoding\": \"gzip, deflate\",\n  \"content-length\": 0\n}\n\n-----------------------------------------------------------\n\nThe response we got was:\n\nStatus: 400 - Bad Request\nHeaders: {\n  \"date\": \"Thu, 16 Jan 2025 06:06:30 GMT\",\n  \"content-type\": \"application/json; charset=utf-8\",\n  \"content-length\": \"260\",\n  \"connection\": \"keep-alive\",\n  \"cf-cache-status\": \"DYNAMIC\",\n  \"report-to\": \"{\\\"endpoints\\\":[{\\\"url\\\":\\\"https:\\\\/\\\\/a.nel.cloudflare.com\\\\/report\\\\/v4?s=EJH3%2FLrPmnOYg5u5fRIapDsAV4KevJKgHCAL2FpsyagF%2FHbASelI03Obssqgh6Z2Tj4Is%2BEruV2ZhoyJ4yrdcgPViduro8HzQ4KFR9KsxParJeFG8N4UL1ZiLrEJ%2FYa6g8DaxxNzLVfuvWlCnuBgd8w%3D\\\"}],\\\"group\\\":\\\"cf-nel\\\",\\\"max_age\\\":604800}\",\n  \"nel\": \"{\\\"success_fraction\\\":0,\\\"report_to\\\":\\\"cf-nel\\\",\\\"max_age\\\":604800}\",\n  \"server\": \"cloudflare\",\n  \"cf-ray\": \"902beb7f99acd2cf-FRA\",\n  \"server-timing\": \"cfL4;desc=\\\"?proto=TCP&rtt=17833&min_rtt=5832&rtt_var=18404&sent=154&recv=136&lost=0&retrans=0&sent_bytes=67833&recv_bytes=84956&delivery_rate=4458108&cwnd=256&unsent_bytes=0&cid=703f0bd10263c904&ts=31352&x=0\\\"\"\n}\nBody: [\n  {\n    \"title\": \"Error\",\n    \"description\": \"The client cannot be added in the monitoring internal screening since the following fields: Identification Number are missing.\",\n    \"exceptionInfo\": {\n      \"exceptionMessage\": null,\n      \"exceptionInnerMessage\": null,\n      \"exceptionStackTrace\": null\n    }\n  }\n]\n\n\nhttps://on.cypress.io/request",
                "estack": "CypressError: `cy.request()` failed on:\n\nhttps://complytek-testing-api.regtek.co/api/clientCommon/481/internalBlackListsOngoingMonitoring\n\nThe response we received from your web server was:\n\n  > 400: Bad Request\n\nThis was considered a failure because the status code was not `2xx` or `3xx`.\n\nIf you do not want status codes to cause failures pass the option: `failOnStatusCode: false`\n\n-----------------------------------------------------------\n\nThe request we sent was:\n\nMethod: POST\nURL: https://complytek-testing-api.regtek.co/api/clientCommon/481/internalBlackListsOngoingMonitoring\nHeaders: {\n  \"Connection\": \"keep-alive\",\n  \"Content-Type\": \"application/json\",\n  \"Authorization\": \"Bearer eyJhbGciOiJSU0EtT0FFUCIsImVuYyI6IkEyNTZDQkMtSFM1MTIiLCJraWQiOiI1RkM0QkM4NzM2QTE5NzkwQkUxQzU4NTc3NENCQjM4RDVDQzA1NTNDIiwidHlwIjoiYXQrand0In0.hUCPg7Y6aKvB_derIZka30N9sZ-2dxZIZhWpqE9MA-Lip86y2XXGCCLdAKGKLssLP01AEWBvV7TltmD8svYbb9Lfp440wSguUxgeXt5OzC-Fcx8Sn0tE2KOD2th1jrfY6a9VFk_i-s6MtAHvKIYG-MUYCXxHqyW6E4AMUkO4JmTENzyaSph_DydUcD6jaA-gKt4_e6PEUdL1V4P6JnD5Tkj3HrR2xWV9-_VHbE7D-DxWdbk1Y8HYZMjTYCM5u6ngaVMPKQZqExm4DOZJqb8yJA4lxpS8TXG-MVCu9D7l6HjSltJVBO3SiaFOI5jyXDINIahGjHHW4GaOFymj_LiC1Cdb_Q0h-rZLhG1s3nWrAHsFpOCaIlC9_FE7fxThDCP2_E9RVRGea0NSpjtwGF4_wV9bkBRZYhTeNDfnv0ckLhApHyaVqYE3o1gEp4kLg5pldqE1auPu7C6pB8pWJSZ3HRz-dG-NKW4acGTl83sgGhVO4STDUfdRtMb-AWkfkb8Y-uSa0I1dZnDCs9sZKqbtt32Z6GPGJhPFtxEnrffLmpUQkOf03i5b5z_NFMzFk13h563lU9DIhrXAbEfZ_tFIUEnLplYlg-Xpds5b-pUqYPmnTLQLFaG6hSsxrVCd4M0KZulasWV_ZYvTyBLmk8_DmAp-Wbe1MuQNCs0GXmAVxco.xx9SRejDzv9zdbSGfyXu-g.xQ9vkwQ8TYh_wxCly543_9_60Fc9mgFr88TUM3_dm4Ihl_ZmNLIElNklMKLuDSj7egte29MYHQMxF-CRWUU5CxxFPR-ybgcuX5dwqF9aQaLagrRKKw39V1ZzdoRQri1Y3CmmFKtdsiI9RQzBKVzDFuy31eCzXx1ZPt61xTUPlp1zK9Hd_iC9YF5cRDRljycFdppnagHPIpZKeqT-Sl1iSKRat1gwyUQfbRop1-fi_kCQFrpvgBL-81ksZBxHoBN4JXxMyZrzT76KA0iWa12r7T3KwlYogvtZh98aQ2F41AhGwH53-whm4nqilDIJHkRNjcNYqCKSUdQy7PaLEZeAqHF2EhINhdsa4WctIKesKglGairSXIfYwbJNS1yPSHYie7OVcBOzgj9o6eW98rDBDm_Dl2RDzgilf8bkCTwEknJ5B9ViCaDT9lFLkdS9bKFrOtVjgGW53GWZKDBdnkjjHFQUqOMhJ5BpdTYoSKuj1vX9yLbUtjuN8WLCz5isQKYj11lo6i1TUxXDwc37G02-98drNoic-BHTfppCQ8_MSdBRUd53D3kvZ2p5GUYjH3DPXJbk7pSEQQEhzrhSRtPYbv-q4nTugA11S8fiI9M0jZPG0y7yhHRDBbmRH49eQ2BnTuRL0LMo5o4GgoI8absQ022OhBRGluzEgiraVoU3HM6vnPssnFFBST5jmpRMEg5Sy4hfROxkWhVJxrjYgwzHqsAf0zkvnTz8fCCySwC3Fj-XRXWGcHT7G85xO4jEkCwSYrvdAtgLIqlWpC17qXl9VQ1RQr710T-fYkuZ0KY9T53jtE7dWSVXEUF_dY_Fl9R86GWDaxmnbZTUpNbcQIOEBzVWSga3FXZ61R5zXXC5Ioldh61juFB5gAg8LJQNaV0eNp-AhzSX6dEKFnelbcVZYeeB0DUVZkUhnTl2QKjIiX186BbIDR64TigkGuqS-B22-wskosidcttx6YpjGyPbBQ-uQ5fO4lj6ZxOJ4FVPExdUOXVcRzczOjurMkEggI01_CPbTMO3N94Bsvst2enAPYdJRNSZD6wyZ-8RrFHP363ovuRRr1xEDeJ274AQIJZwsgafoFYZjgoFrHVS6VkC-AjLzeeP0jhL6KYcM6daRLst77stZgTdZWoYW8inTmD2KCiXA35FYCAxJbByG5Tz1d432qx3x4Bqj9Y00LJ6t5_cm_QptOzQYqRgwUU-pEVxBGLdAJBt5lGeHoM35sF6FJiYlqnKVIns4qaHzST7Xeb2nYw-VlZ4E505AiLxG6xM-byDWrPD5efVvR1IkBGVdaRrY2X-jN8lLB4733p7s1cXpbeyPb_wrtUHIiU_v2cQPElf9p9UGRfdeeAmyr9yhk0pGGWbgH_PN7_MBCWJyGNCqVnVQGZzUVnckPqTRNZ3TK-D_wO7jdljD0lwAf3f_VRDv5Xw_AzD2WRLfR_DE2MIhoJnNCJ-94KdFhuixg-m3NmgeaP6q9O1SrysSsaUbk2IFW-ikDB6yPb5DEzaRfnJQ2vnFpKjXRCxELcCmpXvEV_yf9q4jK3aGZ4qjGnaCkAAbmeHgUgzkPdfwjNfb4pvz4gYFr_nqxweeMdBkZu8y1FtYcDuelSBbjzQn8thJm6qfUUQP7W0gBWmS_lZQkoLSk_Vs0bwYlrFBoW22xyhAxGHHa0AOICaeYI0WaKGJIZhGGAedJ3drx_BzLjC5cs5cZzGtpUk5uQjyp_9tkQgKniCaP29wp__ouzyLL3v_cWW559yAH0v2-MizlXn-MB_OyEIMY7fsS5YJj9R33-ppUkaR9BisDTO92_VyMg8WJMXxMiT0Wc_twYpknKcxyTlruQ28u6Zi_LDjm5sCOT1lYoRicrPnN2mV_m6gU6XmDuSkmceu-3szsuGNJRK0hqnyf8vrJ06LJQJQqP0TO-j3n5ZL_CPN5J2XtXGPvsqDuDDjjnph2XoHmNmvMpxWL1w-43VWbL0Azu_MLyuYbi2b8R6kB8wtXWOnyejutUdloD74bZIrPLLvXA-XWruucHAeKPU93fs2cwUFJWSTLtEbZbrEYp7-JlYGvLSwY9HYgTWCkN2DFIBAannntngp9ONkptFE-FR4w_S_OcPRGdzbsLxalzhxTW10P4nUTjRjCN5NLze-iSQrkWM1ly_ZR0Zcrh9XGYmhL21kWPl49AOHE2L3asMGeGgZ0qz-DixZRU3Uz_KXWg90qUPy2-7j_GpJZDQb2zxGeaQwAjuYyjnd_KtuVuZb2q0_9ekxuDFtGPYIsYq3MDWqauo2ZsEZr1_eR6gjHki43MJTkHYJn7YeAtEgDh6zGPh0N2TlI9mvmYceJ00bwSzgHHalzJz0S551mgJSG4cpQiITx7De7RI4j0CoTj3dxbRqAkzlx3pZqb8qpJJckW7Oz9rxUXExlGxGru5fkUn6alQ1sHL1NCXo3em74xQ17F-Oqc7DfjyaBJu7mtk6cvF9VE-Ed_7BQCYg3lv-Pm2HSHSXKqr_NxwCwBXUrb-KqToKfGNhRMhBwSAgU7SLRIa_LR8L5O2NRzplCs3IrUquE3xP0fZ-3Uv16HX5HWu4VxCyIgvq177aW-h5KmiTVRaE_1h8nfHyDI6BmrGtQ82waFddeJx0-HuuKPKQyK9Q9HujPLV3YP2RGEdBmRf_1wV7IIaclFLWE1A7Dxiech14ttlqUHw0lpSANqyeCSbL09mEfd0PCEXNZWjwzJhzvAJvWIoY1YF6Qm5uBM9ezBgR6vhJom3wa6JH9krJvzKyiFx8ferIQdrVZ3seP5UJTOWpTsgwEj4Ko1WVfAlmJNRdSfq6svzEL2B_7uxkVFycLUJzSv2f7bEp46FGAvBuBmlOfWo4j8EkQp7cYQrQ9G8Ir93hYxP43yNx8ETRSWaA2Ivo5NNq9hBheVR0zAjux7yF86s00zTQMIssbNdsjfL91lDbRLLvLZoml6h5q6IEK5dQ9XfJE8saS0aG6jxYxRhp3qYmXIgCH5d9NWzk5PyZbSeVtsMZDoXkQqlIhUr3Bmb9cN_mms1iHbPpRzOdCYWcg4XUuuT64aaaNA-xXs0r8wejvF3zjpJXnFtAcvqIvHFYU9CS3LJHSnNNvD-G_3QmzvVbi4YNGhNwXK2H070LJD9Ld9t6an5GCfvRKSGd0zO_CgRS8rUgi5ecDZNpwks1u4WVT-SSqD8Gmq3SlpwIFJqMebVIrYs5OdJS1BjGqQA9rXGJJA0F7xsorpWpNTB3u9Gp15hKF_PzbfP8wvyju6W3PG5qt7ITlDwGYiHchgt3gtcI8YzLDXorTQ2FUsQ7Ljmz2QqnoKykF5ej6yVWtcNjYC--tFFSNam44uugmVojEqglqMrDzmgAJ7UTpFexR0ZuGafwt8IBmbN5cQOyfXJZbcDXw3y3v7LOVztAPlcrstOCDOjsou3z6xaGJd_sw6NoJZdidz8AUh9_NPqjKnGNWToKbykMjvAZaYK_TS5UcDiN2TL1CK7VLuCZJxxG9XoRDgmulsw9iMADwCpyr0TN2qxIkqIS4V2d84dXvH9hCPebfymOrQOgz8sYxXfzGvn4CrVK7xJUvyBUtmaPlRWLgX4U540WrCrub8bfQ7_kn5OPrdDehuQaJChpsOZ4qd0hRoOw9iIOGMI2pseb3UIpvD9qSfyG57h0nsXBv19aqeG2bKQOCzy6aEgrt0JAZo6p-r-_J9jzwXWfklah7dYjzmKZf3-qm-xCyqUGSYWiFrZZTwFemUNFO6S95na9EePiIW4nV7c1SHarTtVx0S7QaoZzfUcZs97AG2_1GxjNFD6CIWuQ5ipS9HMBK2ydEGDIfgEx4V2Bw3XoWxSFsEMiCwXgddB-jZGCIRhrYZodGJHqd11OfaY404dh54prFIaF5A_N96rPrb9tk9d-E8NvlDIPTRlPQFq6PNdk6ETEPvzuZYif7U2u8YWRV9pESFjDQY0wRjH-TKT-rjVBPmTNE1LvYFg3RjuyjzE0Fh8ReDyR77O6os6E8qg2hXMYLq4GA3VLEvc-G5mbGmUNNqQ__QGdN2n3hZtwxDR3VWc_WQ0K02-sZCOLCds4Nmcl_l-FdN5z4IGzTaHWHHcXXYlhALvv-wW7VAEGRBwBI-Xbsz7D_QxenRmdsvNaxSYFkCyjQIAmYek2PVibHVfq51eczUwgOUJYGx1qz5xfuRuKa_POtT9w5ibTDL0DIVDaio5FBsqANfMBaeUPgAZHIVd697t4oAOLqHh9QppxaA05-K23U8NN6BXkGRb-PGm76RdnpVPivPbykI4dNugm2ti0b-1HuXVLMuNu8O_n81VqIrP91V8_KxnmBAmQVS21k-oSgOCYEglvNng_uGoNsuidbmhJ5cUXZy-QJ-L6vRW1Wo0Ygk4JB5K2tCoe0HyI9-Jeje8svCqe_zIuCS3euG3BxH2lk4u.vP-HUOoRBt-xCAFGQRYqcW521_t3UonxIlyioU9zSIA\",\n  \"user-agent\": \"Mozilla/5.0 (X11; Linux x86_64) AppleWebKit/537.36 (KHTML, like Gecko) HeadlessChrome/131.0.0.0 Safari/537.36\",\n  \"accept\": \"*/*\",\n  \"accept-encoding\": \"gzip, deflate\",\n  \"content-length\": 0\n}\n\n-----------------------------------------------------------\n\nThe response we got was:\n\nStatus: 400 - Bad Request\nHeaders: {\n  \"date\": \"Thu, 16 Jan 2025 06:06:30 GMT\",\n  \"content-type\": \"application/json; charset=utf-8\",\n  \"content-length\": \"260\",\n  \"connection\": \"keep-alive\",\n  \"cf-cache-status\": \"DYNAMIC\",\n  \"report-to\": \"{\\\"endpoints\\\":[{\\\"url\\\":\\\"https:\\\\/\\\\/a.nel.cloudflare.com\\\\/report\\\\/v4?s=EJH3%2FLrPmnOYg5u5fRIapDsAV4KevJKgHCAL2FpsyagF%2FHbASelI03Obssqgh6Z2Tj4Is%2BEruV2ZhoyJ4yrdcgPViduro8HzQ4KFR9KsxParJeFG8N4UL1ZiLrEJ%2FYa6g8DaxxNzLVfuvWlCnuBgd8w%3D\\\"}],\\\"group\\\":\\\"cf-nel\\\",\\\"max_age\\\":604800}\",\n  \"nel\": \"{\\\"success_fraction\\\":0,\\\"report_to\\\":\\\"cf-nel\\\",\\\"max_age\\\":604800}\",\n  \"server\": \"cloudflare\",\n  \"cf-ray\": \"902beb7f99acd2cf-FRA\",\n  \"server-timing\": \"cfL4;desc=\\\"?proto=TCP&rtt=17833&min_rtt=5832&rtt_var=18404&sent=154&recv=136&lost=0&retrans=0&sent_bytes=67833&recv_bytes=84956&delivery_rate=4458108&cwnd=256&unsent_bytes=0&cid=703f0bd10263c904&ts=31352&x=0\\\"\"\n}\nBody: [\n  {\n    \"title\": \"Error\",\n    \"description\": \"The client cannot be added in the monitoring internal screening since the following fields: Identification Number are missing.\",\n    \"exceptionInfo\": {\n      \"exceptionMessage\": null,\n      \"exceptionInnerMessage\": null,\n      \"exceptionStackTrace\": null\n    }\n  }\n]\n\n\nhttps://on.cypress.io/request\n    at <unknown> (https://complytek-testing.regtek.co/__cypress/runner/cypress_runner.js:132876:72)\n    at tryCatcher (https://complytek-testing.regtek.co/__cypress/runner/cypress_runner.js:1830:23)\n    at Promise._settlePromiseFromHandler (https://complytek-testing.regtek.co/__cypress/runner/cypress_runner.js:1542:31)\n    at Promise._settlePromise (https://complytek-testing.regtek.co/__cypress/runner/cypress_runner.js:1599:18)\n    at Promise._settlePromise0 (https://complytek-testing.regtek.co/__cypress/runner/cypress_runner.js:1644:10)\n    at Promise._settlePromises (https://complytek-testing.regtek.co/__cypress/runner/cypress_runner.js:1724:18)\n    at _drainQueueStep (https://complytek-testing.regtek.co/__cypress/runner/cypress_runner.js:2430:12)\n    at _drainQueue (https://complytek-testing.regtek.co/__cypress/runner/cypress_runner.js:2423:9)\n    at Async._drainQueues (https://complytek-testing.regtek.co/__cypress/runner/cypress_runner.js:2439:5)\n    at Async.drainQueues (https://complytek-testing.regtek.co/__cypress/runner/cypress_runner.js:2309:14)\nFrom Your Spec Code:\n    at Context.eval (webpack://clm_cypress/./cypress/e2e/DemonstrationFlow/Add_Client_Individual_Process_test.cy.ts:148:0)",
                "diff": null
              },
              "uuid": "ee9e1d3f-8d50-4a2c-a88b-5474bc7fcf9c",
              "parentUUID": "9b4a1085-393e-42dc-9928-522de5aee6e4",
              "isHook": false,
              "skipped": false
            },
            {
              "title": "should perform internal blacklist search",
              "fullTitle": "Add Individual Client Process should perform internal blacklist search",
              "timedOut": null,
              "duration": 9234,
              "state": "passed",
              "speed": "medium",
              "pass": true,
              "fail": false,
              "pending": false,
              "context": null,
              "code": "cy.visit(location).wait(2000);\ncy.get('.left-secondary-menu .left-menu-items.main-menu li>sa-menu-item>a').contains('Internal Screening').scrollIntoView().click().wait(2000);\ncy.request({\n    method: \"POST\",\n    url: \"https://complytek-testing-api.regtek.co/api/clientCommon/\".concat(clientId, \"/internalBlackListsSearch\"),\n    headers: {\n        \"Content-Type\": \"application/json\",\n        'Authorization': \"Bearer \".concat(token)\n    },\n    body: {\n        \"identificationNumber\": DocNumber,\n        \"firstName\": firstName,\n        \"lastName\": lastName,\n        \"dateOfBirth\": new Date(birthDay),\n        \"idNumber\": DocNumber,\n        \"clientType\": 1\n    }\n}).then(function (res) {\n    console.log(res);\n    cy.reload();\n});",
              "err": {},
              "uuid": "74b9bd66-cb8b-472a-8b71-4b86e5be6b5f",
              "parentUUID": "9b4a1085-393e-42dc-9928-522de5aee6e4",
              "isHook": false,
              "skipped": false
            },
            {
              "title": "should archive a client(soft delete)",
              "fullTitle": "Add Individual Client Process should archive a client(soft delete)",
              "timedOut": null,
              "duration": 4573,
              "state": "passed",
              "speed": "fast",
              "pass": true,
              "fail": false,
              "pending": false,
              "context": null,
              "code": "cy.request({\n    method: 'DELETE',\n    url: \"https://complytek-testing-api.regtek.co/api/clientCommon/\".concat(clientId, \"/soft\"),\n    headers: {\n        \"Content-Type\": \"application/json\",\n        'Authorization': \"Bearer \".concat(token)\n    }\n}).then(function (res) {\n    if (res.body) {\n        cy.visit(location).wait(2000);\n        cy.contains('null null');\n    }\n});",
              "err": {},
              "uuid": "8d99ace0-bdd2-4b0d-bb3c-834a651549fd",
              "parentUUID": "9b4a1085-393e-42dc-9928-522de5aee6e4",
              "isHook": false,
              "skipped": false
            }
          ],
          "suites": [],
          "passes": [
            "fcc14757-ebe6-417c-b629-13782c1d1289",
            "6978f086-307c-4136-a538-1678119a0cf5",
            "4744ff50-f0d2-4469-84b8-ae91f9bb80db",
            "74b9bd66-cb8b-472a-8b71-4b86e5be6b5f",
            "8d99ace0-bdd2-4b0d-bb3c-834a651549fd"
          ],
          "failures": [
            "ee9e1d3f-8d50-4a2c-a88b-5474bc7fcf9c"
          ],
          "pending": [],
          "skipped": [],
          "duration": 53586,
          "root": false,
          "rootEmpty": false,
          "_timeout": 2000
        }
      ],
      "passes": [],
      "failures": [],
      "pending": [],
      "skipped": [],
      "duration": 0,
      "root": true,
      "rootEmpty": true,
      "_timeout": 2000
    }
  ],
  "meta": {
    "mocha": {
      "version": "7.0.1"
    },
    "mochawesome": {
      "options": {
        "quiet": false,
        "reportFilename": "mochawesome",
        "saveHtml": true,
        "saveJson": true,
        "consoleReporter": "spec",
        "useInlineDiffs": false,
        "code": true
      },
      "version": "7.1.3"
    },
    "marge": {
      "options": {
        "id": "default",
        "reportDir": "cypress/results/mochawesome",
        "overwrite": false,
        "html": true,
        "json": true
      },
      "version": "6.2.0"
    }
  }
}