{
  "stats": {
    "suites": 1,
    "tests": 1,
    "passes": 1,
    "pending": 0,
    "failures": 0,
    "start": "2025-01-16T06:38:32.320Z",
    "end": "2025-01-16T06:38:56.443Z",
    "duration": 24123,
    "testsRegistered": 1,
    "passPercent": 100,
    "pendingPercent": 0,
    "other": 0,
    "hasOther": false,
    "skipped": 0,
    "hasSkipped": false
  },
  "results": [
    {
      "uuid": "c43fac24-249e-4dd4-bb6a-579118a1364e",
      "title": "",
      "fullFile": "cypress/e2e/CorporateClientFunctionality/Screening_test.cy.ts",
      "file": "cypress/e2e/CorporateClientFunctionality/Screening_test.cy.ts",
      "beforeHooks": [],
      "afterHooks": [],
      "tests": [],
      "suites": [
        {
          "uuid": "2f36f746-a4a1-4a9c-8e66-982f4db212bf",
          "title": "Screening",
          "fullFile": "",
          "file": "",
          "beforeHooks": [],
          "afterHooks": [],
          "tests": [
            {
              "title": "Navigates to Screening Page",
              "fullTitle": "Screening Navigates to Screening Page",
              "timedOut": null,
              "duration": 24082,
              "state": "passed",
              "speed": "slow",
              "pass": true,
              "fail": false,
              "pending": false,
              "context": null,
              "code": "// Navigate to specific client\n(0, e2e_1.navigateToClientMenu)('Corporate');\ncy.get('.left-secondary-menu .left-menu-items.main-menu li>sa-menu-item>a').contains('Screening').scrollIntoView().click();\ncy.wait(1000);\ncy.contains('h1', 'Negative Lists');",
              "err": {},
              "uuid": "6cbb59a1-3ce8-4b7f-9979-080680766271",
              "parentUUID": "2f36f746-a4a1-4a9c-8e66-982f4db212bf",
              "isHook": false,
              "skipped": false
            }
          ],
          "suites": [],
          "passes": [
            "6cbb59a1-3ce8-4b7f-9979-080680766271"
          ],
          "failures": [],
          "pending": [],
          "skipped": [],
          "duration": 24082,
          "root": false,
          "rootEmpty": false,
          "_timeout": 2000
        }
      ],
      "passes": [],
      "failures": [],
      "pending": [],
      "skipped": [],
      "duration": 0,
      "root": true,
      "rootEmpty": true,
      "_timeout": 2000
    }
  ],
  "meta": {
    "mocha": {
      "version": "7.0.1"
    },
    "mochawesome": {
      "options": {
        "quiet": false,
        "reportFilename": "mochawesome",
        "saveHtml": true,
        "saveJson": true,
        "consoleReporter": "spec",
        "useInlineDiffs": false,
        "code": true
      },
      "version": "7.1.3"
    },
    "marge": {
      "options": {
        "id": "default",
        "reportDir": "cypress/results/mochawesome",
        "overwrite": false,
        "html": true,
        "json": true
      },
      "version": "6.2.0"
    }
  }
}