{
  "stats": {
    "suites": 1,
    "tests": 3,
    "passes": 3,
    "pending": 0,
    "failures": 0,
    "start": "2025-01-16T08:00:54.375Z",
    "end": "2025-01-16T08:01:24.861Z",
    "duration": 30486,
    "testsRegistered": 3,
    "passPercent": 100,
    "pendingPercent": 0,
    "other": 0,
    "hasOther": false,
    "skipped": 0,
    "hasSkipped": false
  },
  "results": [
    {
      "uuid": "6ff7c6f8-121d-49ab-8cdc-7b502b38fddf",
      "title": "",
      "fullFile": "cypress/e2e/HelperFunctionalities/ClientProfiling/Reason_for_TIN_test.cy.ts",
      "file": "cypress/e2e/HelperFunctionalities/ClientProfiling/Reason_for_TIN_test.cy.ts",
      "beforeHooks": [],
      "afterHooks": [],
      "tests": [],
      "suites": [
        {
          "uuid": "2d880fa6-9669-4493-816a-447b55e47d5d",
          "title": "Reasons for TIN",
          "fullFile": "",
          "file": "",
          "beforeHooks": [],
          "afterHooks": [],
          "tests": [
            {
              "title": "Adds a Visit Type",
              "fullTitle": "Reasons for TIN Adds a Visit Type",
              "timedOut": null,
              "duration": 13104,
              "state": "passed",
              "speed": "slow",
              "pass": true,
              "fail": false,
              "pending": false,
              "context": null,
              "code": "cy.visit('/settings/reasonsForTin').wait(1500);\ncy.contains('Add').click().wait(1000);\ncy.getByFormControlName('name').type(name);\ncy.getByFormControlName('mappingReference').type(faker_1.faker.string.alphanumeric(13));\ncy.contains('sa-button', 'Save').click().wait(1500);\ncy.contains('Reason For TIN has been added.');",
              "err": {},
              "uuid": "18fcb094-7026-4ea8-85b4-39f008ec6caa",
              "parentUUID": "2d880fa6-9669-4493-816a-447b55e47d5d",
              "isHook": false,
              "skipped": false
            },
            {
              "title": "Edits a Visit Type",
              "fullTitle": "Reasons for TIN Edits a Visit Type",
              "timedOut": null,
              "duration": 9780,
              "state": "passed",
              "speed": "medium",
              "pass": true,
              "fail": false,
              "pending": false,
              "context": null,
              "code": "cy.visit('/settings/reasonsForTin').wait(2000);\ncy.get('#gridReasonsForTin tr .dx-first-cell .dx-texteditor-input').type(name, { force: true }).wait(1000);\ncy.get('#gridReasonsForTin tr td').find('.dx-icon-edit').eq(0).click({ force: true }).wait(1000);\ncy.get('#gridReasonsForTin .dx-datagrid-table .dx-texteditor-container > .dx-texteditor-input-container > .dx-texteditor-input').as('TinReasons');\ncy.get('@TinReasons').eq(3).clear().wait(1000).type(name + faker_1.faker.string.alphanumeric(1), { force: true }).wait(1000);\ncy.get('tr td').find('.dx-icon-save').eq(1).click().wait(1000);\ncy.contains('The Reason For TIN has been updated.');",
              "err": {},
              "uuid": "9fea0eef-5bcc-4257-b3ff-f1c12b90544d",
              "parentUUID": "2d880fa6-9669-4493-816a-447b55e47d5d",
              "isHook": false,
              "skipped": false
            },
            {
              "title": "Deletes a Visit Type",
              "fullTitle": "Reasons for TIN Deletes a Visit Type",
              "timedOut": null,
              "duration": 7457,
              "state": "passed",
              "speed": "medium",
              "pass": true,
              "fail": false,
              "pending": false,
              "context": null,
              "code": "cy.visit('/settings/reasonsForTin').wait(2000);\ncy.get('#gridReasonsForTin tr .dx-first-cell .dx-texteditor-input').type(name, { force: true }).wait(1000);\ncy.get('#gridReasonsForTin tr td').find('.dx-icon-trash').eq(1).click({ force: true }).wait(1000);\ncy.get('.dx-popup-normal').contains('Yes').click({ force: true }).wait(1000);\ncy.contains('The Reason For TIN has been deleted.');",
              "err": {},
              "uuid": "cc1b26bd-8d23-45c8-8db4-530ed4292eb6",
              "parentUUID": "2d880fa6-9669-4493-816a-447b55e47d5d",
              "isHook": false,
              "skipped": false
            }
          ],
          "suites": [],
          "passes": [
            "18fcb094-7026-4ea8-85b4-39f008ec6caa",
            "9fea0eef-5bcc-4257-b3ff-f1c12b90544d",
            "cc1b26bd-8d23-45c8-8db4-530ed4292eb6"
          ],
          "failures": [],
          "pending": [],
          "skipped": [],
          "duration": 30341,
          "root": false,
          "rootEmpty": false,
          "_timeout": 2000
        }
      ],
      "passes": [],
      "failures": [],
      "pending": [],
      "skipped": [],
      "duration": 0,
      "root": true,
      "rootEmpty": true,
      "_timeout": 2000
    }
  ],
  "meta": {
    "mocha": {
      "version": "7.0.1"
    },
    "mochawesome": {
      "options": {
        "quiet": false,
        "reportFilename": "mochawesome",
        "saveHtml": true,
        "saveJson": true,
        "consoleReporter": "spec",
        "useInlineDiffs": false,
        "code": true
      },
      "version": "7.1.3"
    },
    "marge": {
      "options": {
        "id": "default",
        "reportDir": "cypress/results/mochawesome",
        "overwrite": false,
        "html": true,
        "json": true
      },
      "version": "6.2.0"
    }
  }
}