{
  "stats": {
    "suites": 1,
    "tests": 5,
    "passes": 2,
    "pending": 0,
    "failures": 3,
    "start": "2025-01-16T07:11:51.283Z",
    "end": "2025-01-16T07:13:40.934Z",
    "duration": 109651,
    "testsRegistered": 5,
    "passPercent": 40,
    "pendingPercent": 0,
    "other": 0,
    "hasOther": false,
    "skipped": 0,
    "hasSkipped": false
  },
  "results": [
    {
      "uuid": "d10ca5fb-3851-4e02-a015-6c0080298f8e",
      "title": "",
      "fullFile": "cypress/e2e/Priority2/Regulation_Group_test.cy.ts",
      "file": "cypress/e2e/Priority2/Regulation_Group_test.cy.ts",
      "beforeHooks": [],
      "afterHooks": [],
      "tests": [],
      "suites": [
        {
          "uuid": "9c1e674d-3ae3-4398-8e9a-09d3c0d79712",
          "title": "Regulation Groups",
          "fullFile": "",
          "file": "",
          "beforeHooks": [],
          "afterHooks": [],
          "tests": [
            {
              "title": "Generate Regulation Group Hash Key",
              "fullTitle": "Regulation Groups Generate Regulation Group Hash Key",
              "timedOut": null,
              "duration": 17070,
              "state": "passed",
              "speed": "slow",
              "pass": true,
              "fail": false,
              "pending": false,
              "context": null,
              "code": "cy.wait(3000);\ncy.getByDataCy('system-settings-menu').scrollIntoView().click();\ncy.get('[title=\"Account\"]').click().wait(1000);\ncy.get('[icon=\"key\"] > .sa-button > .text').click().wait(1000);\ncy.get('.col-md-12 > .form-group > app-dynamic-selectbox > .sa-input-dropdown > .custom-selectbox > .dx-dropdowneditor-input-wrapper > .dx-texteditor-container > .dx-texteditor-buttons-container > .dx-widget > .dx-button-content > .dx-dropdowneditor-icon').click();\ncy.get('[aria-rowindex=\"4\"] > td').click();\ncy.get('#createHashKeyForm > fieldset > :nth-child(2) > .col-md-12 > .sa-input > .ng-untouched').clear();\ncy.get('#createHashKeyForm > fieldset > :nth-child(2) > .col-md-12 > .sa-input > .ng-untouched').type(getProviderKey());\ncy.get('.row.ng-star-inserted > .col-md-12 > .sa-input > .ng-untouched').clear();\ncy.get('.row.ng-star-inserted > .col-md-12 > .sa-input > .ng-untouched').type('10');\ncy.get('#createHashKeyForm > .custom-backround-transparent > .row > .col > [icon=\"save\"] > .sa-button').click().wait(2000);\ncy.getByFormControlName('hashKey').invoke('val').then(function (value) {\n    hashValue = value;\n});\ncy.get('#createHashKeyForm > .custom-backround-transparent > .row > .col > [icon=\"times\"] > .sa-button > .text').click();",
              "err": {},
              "uuid": "664532ab-59db-43d4-a036-d1c0f4bd426d",
              "parentUUID": "9c1e674d-3ae3-4398-8e9a-09d3c0d79712",
              "isHook": false,
              "skipped": false
            },
            {
              "title": "Duplicates a Regulation Group",
              "fullTitle": "Regulation Groups Duplicates a Regulation Group",
              "timedOut": null,
              "duration": 17764,
              "state": "failed",
              "speed": null,
              "pass": false,
              "fail": true,
              "pending": false,
              "context": null,
              "code": "cy.visit('/settings/regulation-groups').wait(1500);\ncy.get('header > div .fa-clone').last().click().wait(1000);\ncy.getByFormControlName('newName').type('DKA Duplicate Group');\ncy.getByFormControlName('hash').eq(1).type(hashValue);\ncy.get('#duplicateRegulationGroupForm [icon=\"save\"]').click().wait(7000);\ncy.contains('Duplicated regulation group has been added.').wait(1000);",
              "err": {
                "message": "AssertionError: Timed out retrying after 4000ms: Expected to find content: 'Duplicated regulation group has been added.' but never did.",
                "estack": "AssertionError: Timed out retrying after 4000ms: Expected to find content: 'Duplicated regulation group has been added.' but never did.\n    at Context.eval (webpack://clm_cypress/./cypress/e2e/Priority2/Regulation_Group_test.cy.ts:34:0)",
                "diff": null
              },
              "uuid": "96f04ad7-1586-4e51-9dbc-7851205803d2",
              "parentUUID": "9c1e674d-3ae3-4398-8e9a-09d3c0d79712",
              "isHook": false,
              "skipped": false
            },
            {
              "title": "Edits a Regulation Group",
              "fullTitle": "Regulation Groups Edits a Regulation Group",
              "timedOut": null,
              "duration": 9265,
              "state": "passed",
              "speed": "medium",
              "pass": true,
              "fail": false,
              "pending": false,
              "context": null,
              "code": "cy.visit('/settings/regulation-groups').wait(3000);\ncy.get('.sa-panel header .fa-share-square-o').last().click({ force: true }).wait(2000);\ncy.getByFormControlName('name').clear().type('DKA Duplicate Group Edited');\ncy.contains('sa-button', 'Save & Close').click().wait(1500);\ncy.contains('Regulation group has been updated.');",
              "err": {},
              "uuid": "bd5a6c95-50ed-4130-a17b-0905c22bf49c",
              "parentUUID": "9c1e674d-3ae3-4398-8e9a-09d3c0d79712",
              "isHook": false,
              "skipped": false
            },
            {
              "title": "Synchronizes a Regulation Group",
              "fullTitle": "Regulation Groups Synchronizes a Regulation Group",
              "timedOut": null,
              "duration": 12390,
              "state": "failed",
              "speed": null,
              "pass": false,
              "fail": true,
              "pending": false,
              "context": null,
              "code": "cy.visit('/settings/regulation-groups').wait(3000);\ncy.get('header > div .fa-refresh').last().click().wait(3000);\ncy.getByFormControlName('regulationGroupsToBeSynced').click();\ncy.get('.multiselect-item-checkbox').contains('BERMUDA').click().wait(500);\ncy.getByFormControlName('setupTypes').click();\ncy.get('.multiselect-item-checkbox').contains('Criteria').click().wait(500);\ncy.getByFormControlName('regulationGroupCriteria').click();\ncy.get('.dx-header-row .dx-checkbox-icon').first().click({ force: true }).wait(1000);\ncy.getByFormControlName('regulationGroupCriteria').click();\ncy.get('[icon=\"recycle\"] > .sa-button').click({ force: true }).wait(5000);\ncy.contains('Synchronization Completed');",
              "err": {
                "message": "AssertionError: Timed out retrying after 4000ms: Expected to find content: 'BERMUDA' within the element: <li.multiselect-item-checkbox.ng-star-inserted> but never did.",
                "estack": "AssertionError: Timed out retrying after 4000ms: Expected to find content: 'BERMUDA' within the element: <li.multiselect-item-checkbox.ng-star-inserted> but never did.\n    at Context.eval (webpack://clm_cypress/./cypress/e2e/Priority2/Regulation_Group_test.cy.ts:47:0)",
                "diff": null
              },
              "uuid": "977925b8-5814-4cab-b5cd-68d98bd1f4fe",
              "parentUUID": "9c1e674d-3ae3-4398-8e9a-09d3c0d79712",
              "isHook": false,
              "skipped": false
            },
            {
              "title": "Deletes a Regulation Group",
              "fullTitle": "Regulation Groups Deletes a Regulation Group",
              "timedOut": null,
              "duration": 52880,
              "state": "failed",
              "speed": null,
              "pass": false,
              "fail": true,
              "pending": false,
              "context": null,
              "code": "cy.visit('/settings/regulation-groups').wait(3000);\ncy.get('.sa-panel header .fa-share-square-o').last().click({ force: true }).wait(2000);\ncy.get('[primary-buttons=\"\"] > [icon=\"trash\"] > .sa-button').click({ force: true }).wait(1000);\ncy.get('.col > [icon=\"trash\"]').click();\ncy.get('.MessageBoxButtonSection').contains('button', 'Yes').click();\ncy.wait(40000);\ncy.contains('The Regulation Group has been deleted.');",
              "err": {
                "message": "AssertionError: Timed out retrying after 4000ms: Expected to find content: 'The Regulation Group has been deleted.' but never did.",
                "estack": "AssertionError: Timed out retrying after 4000ms: Expected to find content: 'The Regulation Group has been deleted.' but never did.\n    at Context.eval (webpack://clm_cypress/./cypress/e2e/Priority2/Regulation_Group_test.cy.ts:63:0)",
                "diff": null
              },
              "uuid": "e5bbbe2e-34f6-49ef-bf32-4f09e1c015a9",
              "parentUUID": "9c1e674d-3ae3-4398-8e9a-09d3c0d79712",
              "isHook": false,
              "skipped": false
            }
          ],
          "suites": [],
          "passes": [
            "664532ab-59db-43d4-a036-d1c0f4bd426d",
            "bd5a6c95-50ed-4130-a17b-0905c22bf49c"
          ],
          "failures": [
            "96f04ad7-1586-4e51-9dbc-7851205803d2",
            "977925b8-5814-4cab-b5cd-68d98bd1f4fe",
            "e5bbbe2e-34f6-49ef-bf32-4f09e1c015a9"
          ],
          "pending": [],
          "skipped": [],
          "duration": 109369,
          "root": false,
          "rootEmpty": false,
          "_timeout": 2000
        }
      ],
      "passes": [],
      "failures": [],
      "pending": [],
      "skipped": [],
      "duration": 0,
      "root": true,
      "rootEmpty": true,
      "_timeout": 2000
    }
  ],
  "meta": {
    "mocha": {
      "version": "7.0.1"
    },
    "mochawesome": {
      "options": {
        "quiet": false,
        "reportFilename": "mochawesome",
        "saveHtml": true,
        "saveJson": true,
        "consoleReporter": "spec",
        "useInlineDiffs": false,
        "code": true
      },
      "version": "7.1.3"
    },
    "marge": {
      "options": {
        "id": "default",
        "reportDir": "cypress/results/mochawesome",
        "overwrite": false,
        "html": true,
        "json": true
      },
      "version": "6.2.0"
    }
  }
}