{
  "stats": {
    "suites": 1,
    "tests": 3,
    "passes": 2,
    "pending": 0,
    "failures": 1,
    "start": "2025-01-16T12:19:28.273Z",
    "end": "2025-01-16T12:20:24.330Z",
    "duration": 56057,
    "testsRegistered": 3,
    "passPercent": 66.66666666666666,
    "pendingPercent": 0,
    "other": 0,
    "hasOther": false,
    "skipped": 0,
    "hasSkipped": false
  },
  "results": [
    {
      "uuid": "def0d21a-71b6-4a4a-91ae-77654bff95d8",
      "title": "",
      "fullFile": "cypress/e2e/CorporateClientFunctionality/Add_Edit_Delete_Capacity_test.cy.ts",
      "file": "cypress/e2e/CorporateClientFunctionality/Add_Edit_Delete_Capacity_test.cy.ts",
      "beforeHooks": [],
      "afterHooks": [],
      "tests": [],
      "suites": [
        {
          "uuid": "43bdc6ba-bd32-40c2-91a1-1e2fad886f33",
          "title": "Capacity - Corporate",
          "fullFile": "",
          "file": "",
          "beforeHooks": [],
          "afterHooks": [],
          "tests": [
            {
              "title": "Adds Authorized Person",
              "fullTitle": "Capacity - Corporate Adds Authorized Person",
              "timedOut": null,
              "duration": 34848,
              "state": "passed",
              "speed": "slow",
              "pass": true,
              "fail": false,
              "pending": false,
              "context": null,
              "code": "(0, e2e_1.navigateToClientMenu)('Corporate');\ncy.get('.left-secondary-menu .left-menu-items.main-menu li>sa-menu-item>a').contains('span', 'Capacity').click();\ncy.getBySel('addAuthorizedPerson').click().wait(1000);\ncy.getBySel('capacitiesList').click();\ncy.getBySel('dynamicSelectBoxDropdownGrid').find('[aria-rowindex=\"2\"]').click();\ncy.getByDataCy('weight-percentage').clear().type(faker_1.faker.number.int({ min: 50, max: 99 }).toString());\ncy.getByFormControlName('includeInEvaluation').click();\ncy.getByFormControlName('isNominee').click();\ncy.getByFormControlName('isControllingPerson').click();\ncy.getBySel('controllingPersonTypesList').click();\ncy.getBySel('dynamicSelectBoxDropdownGrid').find('[aria-rowindex=\"2\"]').eq(1).should('be.visible').click();\ncy.getByFormControlName('controllingPersonTypeOther').type(faker_1.faker.word.words(5));\ncy.getByFormControlName('appointmentDate').type(faker_1.faker.date.past().toISOString().slice(0, 10));\ncy.getByFormControlName('resignationDate').type(faker_1.faker.date.recent().toISOString().slice(0, 10));\ncy.getBySel('existingClientsList').click();\ncy.get('#clientsFilteringDataGrid').find('[aria-rowindex=\"1\"]').click().wait(2000);\ncy.get('#addAuthorizedPersonForm').contains('Save').click().wait(1000);\ncy.contains('The authorized person has been added.').wait(1500);\ncy.location('pathname').then(function (loc) {\n    location = loc;\n});",
              "err": {},
              "uuid": "92e37762-b1dc-482d-9293-1917a707dc95",
              "parentUUID": "43bdc6ba-bd32-40c2-91a1-1e2fad886f33",
              "isHook": false,
              "skipped": false
            },
            {
              "title": "Edits Authorized Person",
              "fullTitle": "Capacity - Corporate Edits Authorized Person",
              "timedOut": null,
              "duration": 11142,
              "state": "passed",
              "speed": "slow",
              "pass": true,
              "fail": false,
              "pending": false,
              "context": null,
              "code": "cy.visit(location).wait(2000);\ncy.get('#gridClientAuthorizedPersons .dx-icon-chevrondoubleright').should('be.visible').eq(0).click({ force: true }).wait(2000);\ncy.get('#editClientAuthorizedPersonForm');\ncy.getByDataCy('weight-percentage').clear().type(faker_1.faker.number.int({ min: 10, max: 49 }).toString());\ncy.contains('div', 'Save & Close').click().wait(1000);\ncy.contains('The capacity has been updated.').wait(2500);",
              "err": {},
              "uuid": "d6e42492-24de-4ccb-af1e-6e09eb65778a",
              "parentUUID": "43bdc6ba-bd32-40c2-91a1-1e2fad886f33",
              "isHook": false,
              "skipped": false
            },
            {
              "title": "Deletes Authorized Person",
              "fullTitle": "Capacity - Corporate Deletes Authorized Person",
              "timedOut": null,
              "duration": 9897,
              "state": "failed",
              "speed": null,
              "pass": false,
              "fail": true,
              "pending": false,
              "context": null,
              "code": "cy.visit(location).wait(2000);\ncy.get('#gridClientAuthorizedPersons .dx-icon-trash').should('be.visible').eq(0).click({ force: true });\ncy.contains('Yes').click().wait(500);\ncy.contains('The authorized person has been deleted.').wait(1500);",
              "err": {
                "message": "AssertionError: Timed out retrying after 4000ms: Expected to find content: 'The authorized person has been deleted.' but never did.",
                "estack": "AssertionError: Timed out retrying after 4000ms: Expected to find content: 'The authorized person has been deleted.' but never did.\n    at Context.eval (webpack://clm_cypress/./cypress/e2e/CorporateClientFunctionality/Add_Edit_Delete_Capacity_test.cy.ts:42:0)",
                "diff": null
              },
              "uuid": "396ce541-b337-4488-a7b6-c54af3cf3509",
              "parentUUID": "43bdc6ba-bd32-40c2-91a1-1e2fad886f33",
              "isHook": false,
              "skipped": false
            }
          ],
          "suites": [],
          "passes": [
            "92e37762-b1dc-482d-9293-1917a707dc95",
            "d6e42492-24de-4ccb-af1e-6e09eb65778a"
          ],
          "failures": [
            "396ce541-b337-4488-a7b6-c54af3cf3509"
          ],
          "pending": [],
          "skipped": [],
          "duration": 55887,
          "root": false,
          "rootEmpty": false,
          "_timeout": 2000
        }
      ],
      "passes": [],
      "failures": [],
      "pending": [],
      "skipped": [],
      "duration": 0,
      "root": true,
      "rootEmpty": true,
      "_timeout": 2000
    }
  ],
  "meta": {
    "mocha": {
      "version": "7.0.1"
    },
    "mochawesome": {
      "options": {
        "quiet": false,
        "reportFilename": "mochawesome",
        "saveHtml": true,
        "saveJson": true,
        "consoleReporter": "spec",
        "useInlineDiffs": false,
        "code": true
      },
      "version": "7.1.3"
    },
    "marge": {
      "options": {
        "id": "default",
        "reportDir": "cypress/results/mochawesome",
        "overwrite": false,
        "html": true,
        "json": true
      },
      "version": "6.2.0"
    }
  }
}