{
  "stats": {
    "suites": 2,
    "tests": 3,
    "passes": 3,
    "pending": 0,
    "failures": 0,
    "start": "2025-01-16T13:14:48.485Z",
    "end": "2025-01-16T13:16:05.011Z",
    "duration": 76526,
    "testsRegistered": 3,
    "passPercent": 100,
    "pendingPercent": 0,
    "other": 0,
    "hasOther": false,
    "skipped": 0,
    "hasSkipped": false
  },
  "results": [
    {
      "uuid": "7277e432-aa96-434d-9b38-7c14bdc4f30a",
      "title": "",
      "fullFile": "cypress/e2e/IndividualClientFunctionality/ZFinal_CleanUp.cy.ts",
      "file": "cypress/e2e/IndividualClientFunctionality/ZFinal_CleanUp.cy.ts",
      "beforeHooks": [],
      "afterHooks": [],
      "tests": [],
      "suites": [
        {
          "uuid": "05dd0f55-f2c7-4c67-b7c4-da270a1259a6",
          "title": "Add, Edit, Delete Client Bank Account",
          "fullFile": "",
          "file": "",
          "beforeHooks": [],
          "afterHooks": [],
          "tests": [
            {
              "title": "Add Client Bank Account",
              "fullTitle": "Add, Edit, Delete Client Bank Account Add Client Bank Account",
              "timedOut": null,
              "duration": 42813,
              "state": "passed",
              "speed": "slow",
              "pass": true,
              "fail": false,
              "pending": false,
              "context": null,
              "code": "add_bank_account();",
              "err": {},
              "uuid": "673c77bd-4e5f-4f0c-82de-eba6df5e3d52",
              "parentUUID": "05dd0f55-f2c7-4c67-b7c4-da270a1259a6",
              "isHook": false,
              "skipped": false
            },
            {
              "title": "Edit client Bank Account",
              "fullTitle": "Add, Edit, Delete Client Bank Account Edit client Bank Account",
              "timedOut": null,
              "duration": 15060,
              "state": "passed",
              "speed": "slow",
              "pass": true,
              "fail": false,
              "pending": false,
              "context": null,
              "code": "// Edit Bank Account\ncy.visit(\"/main/client-individual/\".concat(client_id, \"/1/bankaccounts\")).wait(2000);\ncy.getBySel('gridClientAccounts').should('be.visible');\ncy.get('.dx-datagrid-filter-row .dx-texteditor-input-container input').eq(0).type(exports.accountNumberTest);\ncy.wait(2000);\nvar gridClientAccounts = cy.wrap('#gridClientAccounts table tbody tr');\ngridClientAccounts.get('.dx-command-edit-with-icons a').eq(0).click({ force: true }).wait(1500);\ncy.get('#editClientAccountForm textarea[name=\"comment\"]').type(faker_1.faker.lorem.text(), { force: true });\ncy.getBySel('saveAndCloseButton').click();",
              "err": {},
              "uuid": "ac388e16-5785-42da-8c16-79dd8d5a85e3",
              "parentUUID": "05dd0f55-f2c7-4c67-b7c4-da270a1259a6",
              "isHook": false,
              "skipped": false
            }
          ],
          "suites": [],
          "passes": [
            "673c77bd-4e5f-4f0c-82de-eba6df5e3d52",
            "ac388e16-5785-42da-8c16-79dd8d5a85e3"
          ],
          "failures": [],
          "pending": [],
          "skipped": [],
          "duration": 57873,
          "root": false,
          "rootEmpty": false,
          "_timeout": 2000
        },
        {
          "uuid": "116725d3-b3b1-44d5-a44e-8a3bd22cfd0f",
          "title": "Cleans Up Created Objects That Were being Used By other Functionalities",
          "fullFile": "",
          "file": "",
          "beforeHooks": [],
          "afterHooks": [],
          "tests": [
            {
              "title": "Delete client Bank Account",
              "fullTitle": "Cleans Up Created Objects That Were being Used By other Functionalities Delete client Bank Account",
              "timedOut": null,
              "duration": 18516,
              "state": "passed",
              "speed": "slow",
              "pass": true,
              "fail": false,
              "pending": false,
              "context": null,
              "code": "(0, e2e_1.navigateToClientMenu)('Individual');\ncy.get('.left-secondary-menu .left-menu-items.main-menu li>sa-menu-item>a').contains('span', 'Bank Accounts').click();\ncy.getBySel('gridClientAccounts').should('be.visible');\ncy.get('.dx-datagrid-filter-row .dx-texteditor-input-container input').eq(0).type(Add_Edit_Delete_Client_Bank_Account_test_cy_1.accountNumberTest);\ncy.wait(2000);\nvar gridClientAccounts = cy.wrap('#gridClientAccounts table tbody tr');\ngridClientAccounts.get('.dx-command-edit-with-icons a').eq(0).click({ force: true });\ncy.wait(2000);\n// Delete Bank Account\ncy.getBySel('deleteClientAccountButton').should('be.visible').click();\ncy.get('#bot2-Msg1').contains('Yes').click();",
              "err": {},
              "uuid": "d67abcaa-0329-41fd-b03f-3bcd567f4191",
              "parentUUID": "116725d3-b3b1-44d5-a44e-8a3bd22cfd0f",
              "isHook": false,
              "skipped": false
            }
          ],
          "suites": [],
          "passes": [
            "d67abcaa-0329-41fd-b03f-3bcd567f4191"
          ],
          "failures": [],
          "pending": [],
          "skipped": [],
          "duration": 18516,
          "root": false,
          "rootEmpty": false,
          "_timeout": 2000
        }
      ],
      "passes": [],
      "failures": [],
      "pending": [],
      "skipped": [],
      "duration": 0,
      "root": true,
      "rootEmpty": true,
      "_timeout": 2000
    }
  ],
  "meta": {
    "mocha": {
      "version": "7.0.1"
    },
    "mochawesome": {
      "options": {
        "quiet": false,
        "reportFilename": "mochawesome",
        "saveHtml": true,
        "saveJson": true,
        "consoleReporter": "spec",
        "useInlineDiffs": false,
        "code": true
      },
      "version": "7.1.3"
    },
    "marge": {
      "options": {
        "id": "default",
        "reportDir": "cypress/results/mochawesome",
        "overwrite": false,
        "html": true,
        "json": true
      },
      "version": "6.2.0"
    }
  }
}