{
  "stats": {
    "suites": 1,
    "tests": 3,
    "passes": 3,
    "pending": 0,
    "failures": 0,
    "start": "2025-01-16T12:22:37.039Z",
    "end": "2025-01-16T12:23:47.569Z",
    "duration": 70530,
    "testsRegistered": 3,
    "passPercent": 100,
    "pendingPercent": 0,
    "other": 0,
    "hasOther": false,
    "skipped": 0,
    "hasSkipped": false
  },
  "results": [
    {
      "uuid": "8a37ccb3-3092-4213-8e6f-26607e5087f7",
      "title": "",
      "fullFile": "cypress/e2e/CorporateClientFunctionality/Add_Edit_Delete_Case_test.cy.ts",
      "file": "cypress/e2e/CorporateClientFunctionality/Add_Edit_Delete_Case_test.cy.ts",
      "beforeHooks": [],
      "afterHooks": [],
      "tests": [],
      "suites": [
        {
          "uuid": "a00d1991-6ecf-4d6b-9644-874347fe087f",
          "title": "Cases - Corporate",
          "fullFile": "",
          "file": "",
          "beforeHooks": [],
          "afterHooks": [],
          "tests": [
            {
              "title": "Adds A Case",
              "fullTitle": "Cases - Corporate Adds A Case",
              "timedOut": null,
              "duration": 50918,
              "state": "passed",
              "speed": "slow",
              "pass": true,
              "fail": false,
              "pending": false,
              "context": null,
              "code": "(0, e2e_1.navigateToClientMenu)('Corporate');\ncy.get('.left-secondary-menu .left-menu-items.main-menu li>sa-menu-item>a').contains('span', 'Cases').click();\ncy.getByDataCy('addCaseBtn').click().wait(1000);\ncy.getByDataCy('caseRule').click().wait(2000);\ncy.get('#dynamicSelectBoxDropdownGrid table tbody [aria-rowindex=\"1\"] [aria-colindex=\"1\"]').click().wait(1000);\ncy.getByDataCy('status').click();\ncy.get('#dynamicSelectBoxDropdownGrid table tbody [aria-rowindex=\"1\"] [aria-colindex=\"1\"]').eq(1).click().wait(500);\ncy.getByDataCy('assignee').click().wait(500);\ncy.get('#dynamicSelectBoxDropdownGrid table tbody [aria-rowindex=\"1\"] [aria-colindex=\"1\"]').eq(2).click().wait(500);\ncy.get('#CustomField_Fraud_Status').select('False Positive');\ncy.get('#addClientCaseForm').contains('Save').click().wait(3000);\ncy.contains('The case has been added');\ncy.location('pathname').then(function (loc) {\n    location = loc;\n});",
              "err": {},
              "uuid": "e90262df-e465-461f-bd3b-23c3e8dc7b3a",
              "parentUUID": "a00d1991-6ecf-4d6b-9644-874347fe087f",
              "isHook": false,
              "skipped": false
            },
            {
              "title": "Edit A Case",
              "fullTitle": "Cases - Corporate Edit A Case",
              "timedOut": null,
              "duration": 9950,
              "state": "passed",
              "speed": "medium",
              "pass": true,
              "fail": false,
              "pending": false,
              "context": null,
              "code": "cy.visit(location).wait(2000);\ncy.get('#gridClientCases .fa-angle-double-right').should('be.visible').eq(0).click({ force: true }).wait(2000);\ncy.get('#editClientCaseForm');\ncy.getByDataCy('caseStatus').click();\ncy.get('#dynamicSelectBoxDropdownGrid table tbody [aria-rowindex=\"2\"] [aria-colindex=\"1\"]').click().wait(500);\ncy.contains('div', 'Save & Close').click().wait(500);\ncy.contains('The case has been updated.');",
              "err": {},
              "uuid": "6563a4d0-5a39-4dc4-a092-db0dc16549dd",
              "parentUUID": "a00d1991-6ecf-4d6b-9644-874347fe087f",
              "isHook": false,
              "skipped": false
            },
            {
              "title": "Delete A Case",
              "fullTitle": "Cases - Corporate Delete A Case",
              "timedOut": null,
              "duration": 9437,
              "state": "passed",
              "speed": "medium",
              "pass": true,
              "fail": false,
              "pending": false,
              "context": null,
              "code": "cy.visit(location).wait(2000);\ncy.get('#gridClientCases .fa-angle-double-right').should('be.visible').eq(0).click({ force: true }).wait(2000);\ncy.get('#editClientCaseForm');\ncy.contains('div', 'Delete').click().wait(500);\ncy.contains('Yes').click().wait(500);\ncy.contains('Case has been permanently deleted.');",
              "err": {},
              "uuid": "fe65a0b6-9657-4780-a69d-559f8f756b87",
              "parentUUID": "a00d1991-6ecf-4d6b-9644-874347fe087f",
              "isHook": false,
              "skipped": false
            }
          ],
          "suites": [],
          "passes": [
            "e90262df-e465-461f-bd3b-23c3e8dc7b3a",
            "6563a4d0-5a39-4dc4-a092-db0dc16549dd",
            "fe65a0b6-9657-4780-a69d-559f8f756b87"
          ],
          "failures": [],
          "pending": [],
          "skipped": [],
          "duration": 70305,
          "root": false,
          "rootEmpty": false,
          "_timeout": 2000
        }
      ],
      "passes": [],
      "failures": [],
      "pending": [],
      "skipped": [],
      "duration": 0,
      "root": true,
      "rootEmpty": true,
      "_timeout": 2000
    }
  ],
  "meta": {
    "mocha": {
      "version": "7.0.1"
    },
    "mochawesome": {
      "options": {
        "quiet": false,
        "reportFilename": "mochawesome",
        "saveHtml": true,
        "saveJson": true,
        "consoleReporter": "spec",
        "useInlineDiffs": false,
        "code": true
      },
      "version": "7.1.3"
    },
    "marge": {
      "options": {
        "id": "default",
        "reportDir": "cypress/results/mochawesome",
        "overwrite": false,
        "html": true,
        "json": true
      },
      "version": "6.2.0"
    }
  }
}