{
  "stats": {
    "suites": 1,
    "tests": 2,
    "passes": 2,
    "pending": 0,
    "failures": 0,
    "start": "2025-01-16T06:08:14.486Z",
    "end": "2025-01-16T06:08:59.901Z",
    "duration": 45415,
    "testsRegistered": 2,
    "passPercent": 100,
    "pendingPercent": 0,
    "other": 0,
    "hasOther": false,
    "skipped": 0,
    "hasSkipped": false
  },
  "results": [
    {
      "uuid": "31d7854f-9dba-4611-b668-b97bb6de1bf9",
      "title": "",
      "fullFile": "cypress/e2e/CorporateClientFunctionality/Add_Delete_Payment_Method_test.cy.ts",
      "file": "cypress/e2e/CorporateClientFunctionality/Add_Delete_Payment_Method_test.cy.ts",
      "beforeHooks": [],
      "afterHooks": [],
      "tests": [],
      "suites": [
        {
          "uuid": "ddaa7402-7dfb-4008-ab19-e82c1dec4a24",
          "title": "Payment Method",
          "fullFile": "",
          "file": "",
          "beforeHooks": [],
          "afterHooks": [],
          "tests": [
            {
              "title": "Adds a new Payment Method",
              "fullTitle": "Payment Method Adds a new Payment Method",
              "timedOut": null,
              "duration": 36561,
              "state": "passed",
              "speed": "slow",
              "pass": true,
              "fail": false,
              "pending": false,
              "context": null,
              "code": "// Click on Know your Clients navigation item\n(0, e2e_1.navigateToClientMenu)('Corporate');\ncy.get('.left-secondary-menu .left-menu-items.main-menu li>sa-menu-item>a').contains('span', 'Payment Methods').click();\ncy.wait(1000);\ncy.location('pathname').then(function (loc) {\n    location = loc;\n});\ncy.getByDataCy('add-method').click().wait(2000);\ncy.getByFormControlName('paymentMethods').click();\ncy.get('#addClientPaymentMethodForm').contains('PayPal Test').click();\ncy.getByDataCy('save-payment-method').click().wait(2000);\ncy.contains('The payment method has been added.');",
              "err": {},
              "uuid": "1d1a20cb-b4b5-4078-be1f-3fd54e4310b7",
              "parentUUID": "ddaa7402-7dfb-4008-ab19-e82c1dec4a24",
              "isHook": false,
              "skipped": false
            },
            {
              "title": "Deletes Payment Method",
              "fullTitle": "Payment Method Deletes Payment Method",
              "timedOut": null,
              "duration": 8736,
              "state": "passed",
              "speed": "medium",
              "pass": true,
              "fail": false,
              "pending": false,
              "context": null,
              "code": "cy.visit(location).wait(2000);\ncy.get('.dx-command-edit > span > .dx-template-wrapper > .dx-link > .fa').first().click({ force: true }).wait(2000);\ncy.wait(500);\ncy.contains('Delete').click();\ncy.contains('Yes').click().wait(2000);\ncy.contains('The client payment method details(including the related volumes) have been deleted.');",
              "err": {},
              "uuid": "146052d8-abc2-420d-a7de-fd247e2067f8",
              "parentUUID": "ddaa7402-7dfb-4008-ab19-e82c1dec4a24",
              "isHook": false,
              "skipped": false
            }
          ],
          "suites": [],
          "passes": [
            "1d1a20cb-b4b5-4078-be1f-3fd54e4310b7",
            "146052d8-abc2-420d-a7de-fd247e2067f8"
          ],
          "failures": [],
          "pending": [],
          "skipped": [],
          "duration": 45297,
          "root": false,
          "rootEmpty": false,
          "_timeout": 2000
        }
      ],
      "passes": [],
      "failures": [],
      "pending": [],
      "skipped": [],
      "duration": 0,
      "root": true,
      "rootEmpty": true,
      "_timeout": 2000
    }
  ],
  "meta": {
    "mocha": {
      "version": "7.0.1"
    },
    "mochawesome": {
      "options": {
        "quiet": false,
        "reportFilename": "mochawesome",
        "saveHtml": true,
        "saveJson": true,
        "consoleReporter": "spec",
        "useInlineDiffs": false,
        "code": true
      },
      "version": "7.1.3"
    },
    "marge": {
      "options": {
        "id": "default",
        "reportDir": "cypress/results/mochawesome",
        "overwrite": false,
        "html": true,
        "json": true
      },
      "version": "6.2.0"
    }
  }
}