{
  "stats": {
    "suites": 1,
    "tests": 1,
    "passes": 1,
    "pending": 0,
    "failures": 0,
    "start": "2025-01-16T07:16:45.443Z",
    "end": "2025-01-16T07:17:19.855Z",
    "duration": 34412,
    "testsRegistered": 1,
    "passPercent": 100,
    "pendingPercent": 0,
    "other": 0,
    "hasOther": false,
    "skipped": 0,
    "hasSkipped": false
  },
  "results": [
    {
      "uuid": "450f25be-32a5-4fb4-ae91-0a34892cb611",
      "title": "",
      "fullFile": "cypress/e2e/ScreenPerformance/Management_test.cy.ts",
      "file": "cypress/e2e/ScreenPerformance/Management_test.cy.ts",
      "beforeHooks": [],
      "afterHooks": [],
      "tests": [],
      "suites": [
        {
          "uuid": "8012a761-fda6-44dd-9223-aaf41b646dcf",
          "title": "Management Module",
          "fullFile": "",
          "file": "",
          "beforeHooks": [],
          "afterHooks": [],
          "tests": [
            {
              "title": "Visits all links and loads the correct pages",
              "fullTitle": "Management Module Visits all links and loads the correct pages",
              "timedOut": null,
              "duration": 34303,
              "state": "passed",
              "speed": "slow",
              "pass": true,
              "fail": false,
              "pending": false,
              "context": null,
              "code": "var routes = [\n    { index: 0, route: \"/management/admin-tasks\", assertion: \"Active Workflow Tasks\" },\n    { index: 1, route: \"/management/management\", assertion: \"Cases\" },\n    { index: 2, route: \"/management/cases-workflow\", assertion: \"Cases Workflow\" },\n    { index: 3, route: \"/management/rules-whitelisting\", assertion: \"Rules Whitelisting\" },\n    { index: 4, route: \"/management/segmentation\", assertion: \"Segmentation\" },\n];\nroutes.forEach(function (route, i) {\n    cy.getByDataCy(\"management-menu\").scrollIntoView().click();\n    cy.getByDataCy(\"management-menu\").scrollIntoView().should(\"be.visible\").find(\"ul>li\").eq(route.index);\n    cy.getByDataCy(\"management-menu\").should(\"be.visible\").find(\"ul>li\").eq(route.index).click();\n    cy.location(\"pathname\").should(\"equal\", route.route);\n    cy.contains(route.assertion);\n    // after default  4 seconds the data should have loaded and spinner should not be visible\n    cy.get('.sk-ball-spin-clockwise').should(\"not.be.visible\");\n    cy.get('.dx-loadpanel').should(\"not.be.visible\");\n    if (i < routes.length - 1) {\n        cy.visit(\"main/dashboard\").wait(2000);\n    }\n});",
              "err": {},
              "uuid": "53c6b9a7-f75d-4523-bef5-6f47e76e9a57",
              "parentUUID": "8012a761-fda6-44dd-9223-aaf41b646dcf",
              "isHook": false,
              "skipped": false
            }
          ],
          "suites": [],
          "passes": [
            "53c6b9a7-f75d-4523-bef5-6f47e76e9a57"
          ],
          "failures": [],
          "pending": [],
          "skipped": [],
          "duration": 34303,
          "root": false,
          "rootEmpty": false,
          "_timeout": 2000
        }
      ],
      "passes": [],
      "failures": [],
      "pending": [],
      "skipped": [],
      "duration": 0,
      "root": true,
      "rootEmpty": true,
      "_timeout": 2000
    }
  ],
  "meta": {
    "mocha": {
      "version": "7.0.1"
    },
    "mochawesome": {
      "options": {
        "quiet": false,
        "reportFilename": "mochawesome",
        "saveHtml": true,
        "saveJson": true,
        "consoleReporter": "spec",
        "useInlineDiffs": false,
        "code": true
      },
      "version": "7.1.3"
    },
    "marge": {
      "options": {
        "id": "default",
        "reportDir": "cypress/results/mochawesome",
        "overwrite": false,
        "html": true,
        "json": true
      },
      "version": "6.2.0"
    }
  }
}