{
  "stats": {
    "suites": 1,
    "tests": 3,
    "passes": 3,
    "pending": 0,
    "failures": 0,
    "start": "2025-01-15T08:23:34.749Z",
    "end": "2025-01-15T08:24:38.757Z",
    "duration": 64008,
    "testsRegistered": 3,
    "passPercent": 100,
    "pendingPercent": 0,
    "other": 0,
    "hasOther": false,
    "skipped": 0,
    "hasSkipped": false
  },
  "results": [
    {
      "uuid": "9b0524b2-0aea-4f21-a116-d5be6e1a3016",
      "title": "",
      "fullFile": "cypress/e2e/CorporateClientFunctionality/Add_Edit_Delete_Client_Investment_Account_test.cy.ts",
      "file": "cypress/e2e/CorporateClientFunctionality/Add_Edit_Delete_Client_Investment_Account_test.cy.ts",
      "beforeHooks": [],
      "afterHooks": [],
      "tests": [],
      "suites": [
        {
          "uuid": "2d231d84-84b6-4204-92b2-9906a8080b44",
          "title": "Add, Edit, Delete Client Investment Account",
          "fullFile": "",
          "file": "",
          "beforeHooks": [],
          "afterHooks": [],
          "tests": [
            {
              "title": "Add Client Investment Account",
              "fullTitle": "Add, Edit, Delete Client Investment Account Add Client Investment Account",
              "timedOut": null,
              "duration": 40363,
              "state": "passed",
              "speed": "slow",
              "pass": true,
              "fail": false,
              "pending": false,
              "context": null,
              "code": "// Click on Know your Clients navigation item\nObject(_support_e2e__WEBPACK_IMPORTED_MODULE_1__[\"navigateToClientMenu\"])('Corporate');\ncy.get('.left-secondary-menu .left-menu-items.main-menu li>sa-menu-item>a').contains('span', 'Investment Accounts').click();\n// Add new Client Card\ncy.getBySel('addInvestmentAccount').click().wait(2000);\ncy.location('pathname').then((loc) => {\n    location = loc;\n});\ncy.getBySel('addClientInvestmentAccountForm').should('be.visible').then(() => {\n    cy.get('#addClientInvestmentAccountForm input[name=\"accountName\"]').type(_faker_js_faker__WEBPACK_IMPORTED_MODULE_0__[\"faker\"].finance.accountName());\n    cy.get('#addClientInvestmentAccountForm input[name=\"accountNumber\"]').type(accountNumber);\n    cy.get('#addClientInvestmentAccountForm input[name=\"tradingAccount\"]').type(_faker_js_faker__WEBPACK_IMPORTED_MODULE_0__[\"faker\"].finance.accountNumber(10));\n    cy.getBySel('investmentAccountTypesList').should('be.visible').click();\n    cy.get('.dx-overlay-wrapper.dx-popup-wrapper.dx-dropdowneditor-overlay .dx-datagrid-rowsview table tbody tr td').eq(0).click({ force: true });\n    cy.get('#addClientInvestmentAccountForm input[name=\"groupName\"]').type(_faker_js_faker__WEBPACK_IMPORTED_MODULE_0__[\"faker\"].lorem.word());\n    cy.get('#addClientInvestmentAccountForm input[name=\"balance\"]').type(_faker_js_faker__WEBPACK_IMPORTED_MODULE_0__[\"faker\"].finance.amount({ min: 1, max: 9999999 }));\n    cy.getBySel('currenciesList').should('be.visible').click();\n    cy.get('.dx-overlay-wrapper.dx-popup-wrapper.dx-dropdowneditor-overlay .dx-datagrid-rowsview table tbody tr td').eq(0).click({ force: true });\n    cy.get('#addClientInvestmentAccountForm input[name=\"previousDayEquity\"]').type(_faker_js_faker__WEBPACK_IMPORTED_MODULE_0__[\"faker\"].number.int().toString());\n    cy.get('#addClientInvestmentAccountForm input[name=\"externalReference\"]').type(externalReference);\n    cy.get('#addClientInvestmentAccountForm textarea[name=\"comment\"]').type(_faker_js_faker__WEBPACK_IMPORTED_MODULE_0__[\"faker\"].lorem.sentence());\n    cy.getBySel('saveInvestmentAccount').click().wait(2000);\n});",
              "err": {},
              "uuid": "2fd7edd3-f475-48ac-af95-27b10d4c32f9",
              "parentUUID": "2d231d84-84b6-4204-92b2-9906a8080b44",
              "isHook": false,
              "skipped": false
            },
            {
              "title": "Edit client investment account",
              "fullTitle": "Add, Edit, Delete Client Investment Account Edit client investment account",
              "timedOut": null,
              "duration": 12263,
              "state": "passed",
              "speed": "slow",
              "pass": true,
              "fail": false,
              "pending": false,
              "context": null,
              "code": "// Edit Cards\ncy.visit(location).wait(2000);\ncy.getBySel('gridClientInvestmentAccounts').should('be.visible').then(() => {\n    cy.get('.dx-datagrid-filter-row .dx-texteditor-input-container input').eq(1).type(accountNumber);\n    cy.wait(2000);\n    let gridInvestmentAccounts = cy.wrap('#gridClientInvestmentAccounts table tbody tr td');\n    gridInvestmentAccounts.get('.dx-command-edit-with-icons a').eq(0).click({ force: true });\n    cy.get('#editClientInvestmentAccountForm').should('be.visible');\n    accountNumber = _faker_js_faker__WEBPACK_IMPORTED_MODULE_0__[\"faker\"].finance.accountNumber();\n    cy.get('#editClientInvestmentAccountForm input[name=\"accountNumber\"]').should('be.visible').clear();\n    cy.get('#editClientInvestmentAccountForm input[name=\"accountNumber\"]').type(accountNumber);\n    cy.getBySel('saveAndCloseButton').click().wait(2000);\n});",
              "err": {},
              "uuid": "30965c65-64df-49d5-ae9f-1f8bb452d6a8",
              "parentUUID": "2d231d84-84b6-4204-92b2-9906a8080b44",
              "isHook": false,
              "skipped": false
            },
            {
              "title": "Delete client investment account",
              "fullTitle": "Add, Edit, Delete Client Investment Account Delete client investment account",
              "timedOut": null,
              "duration": 11335,
              "state": "passed",
              "speed": "slow",
              "pass": true,
              "fail": false,
              "pending": false,
              "context": null,
              "code": "cy.visit(location).wait(2000);\ncy.getBySel('gridClientInvestmentAccounts').should('be.visible');\ncy.get('.dx-datagrid-filter-row .dx-texteditor-input-container input').eq(1).type(accountNumber);\ncy.wait(2000);\nlet gridWallets = cy.wrap('#gridClientInvestmentAccounts table tbody tr td');\ngridWallets.get('.dx-command-edit-with-icons a').eq(0).click({ force: true });\n// Delete Cards\ncy.getBySel('deleteInvestmentAccount').should('be.visible').click().wait(2000);\ncy.get('#bot2-Msg1').contains('Yes').click().wait(1000);\ncy.contains('Investment account has been deleted.');",
              "err": {},
              "uuid": "afdd0827-d7ab-4dcd-88be-6676fcb5dac7",
              "parentUUID": "2d231d84-84b6-4204-92b2-9906a8080b44",
              "isHook": false,
              "skipped": false
            }
          ],
          "suites": [],
          "passes": [
            "2fd7edd3-f475-48ac-af95-27b10d4c32f9",
            "30965c65-64df-49d5-ae9f-1f8bb452d6a8",
            "afdd0827-d7ab-4dcd-88be-6676fcb5dac7"
          ],
          "failures": [],
          "pending": [],
          "skipped": [],
          "duration": 63961,
          "root": false,
          "rootEmpty": false,
          "_timeout": 2000
        }
      ],
      "passes": [],
      "failures": [],
      "pending": [],
      "skipped": [],
      "duration": 0,
      "root": true,
      "rootEmpty": true,
      "_timeout": 2000
    }
  ],
  "meta": {
    "mocha": {
      "version": "7.0.1"
    },
    "mochawesome": {
      "options": {
        "quiet": false,
        "reportFilename": "mochawesome",
        "saveHtml": true,
        "saveJson": true,
        "consoleReporter": "spec",
        "useInlineDiffs": false,
        "code": true
      },
      "version": "7.1.3"
    },
    "marge": {
      "options": {
        "id": "default",
        "reportDir": "cypress/results/mochawesome",
        "overwrite": false,
        "html": true,
        "json": true
      },
      "version": "6.2.0"
    }
  }
}