{
  "stats": {
    "suites": 0,
    "tests": 1,
    "passes": 0,
    "pending": 0,
    "failures": 1,
    "start": "2025-01-16T08:28:09.097Z",
    "end": "2025-01-16T08:28:18.959Z",
    "duration": 9862,
    "testsRegistered": 3,
    "passPercent": 0,
    "pendingPercent": 0,
    "other": 0,
    "hasOther": false,
    "skipped": 2,
    "hasSkipped": true
  },
  "results": [
    {
      "uuid": "dc1ea076-3e4d-431c-9af2-ad63c01f4cf0",
      "title": "",
      "fullFile": "cypress/e2e/HelperFunctionalities/TransactionMonitoring&Actions/Investment_Account_Types_test.cy.ts",
      "file": "cypress/e2e/HelperFunctionalities/TransactionMonitoring&Actions/Investment_Account_Types_test.cy.ts",
      "beforeHooks": [],
      "afterHooks": [],
      "tests": [],
      "suites": [
        {
          "uuid": "499f4440-92ec-4e36-96ca-9e8878930362",
          "title": "Investment Account Types",
          "fullFile": "",
          "file": "",
          "beforeHooks": [],
          "afterHooks": [],
          "tests": [
            {
              "title": "Adds an Investment Account Type",
              "fullTitle": "Investment Account Types Adds an Investment Account Type",
              "timedOut": null,
              "duration": 9820,
              "state": "failed",
              "speed": null,
              "pass": false,
              "fail": true,
              "pending": false,
              "context": null,
              "code": "cy.contains('sa-button', 'Add').click().wait(1000);\ncy.getByFormControlName('name').eq(0).type('Trust Account DKA');\ncy.getByFormControlName('mappingReference').eq(0).type(faker_1.faker.string.alphanumeric(13));\ncy.contains('sa-button', 'Save').click().wait(1000);\ncy.contains('Investment account type has been added');",
              "err": {
                "message": "AssertionError: Timed out retrying after 4000ms: expected 'https://complytek-testing.regtek.co/auth/login' to include 'dashboard'\n\nBecause this error occurred during a `before all` hook we are skipping all of the remaining tests.",
                "estack": "AssertionError: Timed out retrying after 4000ms: expected 'https://complytek-testing.regtek.co/auth/login' to include 'dashboard'\n\nBecause this error occurred during a `before all` hook we are skipping all of the remaining tests.\n    at Context.eval (webpack://clm_cypress/./cypress/support/commands.ts:53:0)",
                "diff": null
              },
              "uuid": "25d48856-bda9-4934-82c6-c0ffdebeb4e1",
              "parentUUID": null,
              "isHook": false,
              "skipped": false
            },
            {
              "title": "Edits an Investment Account Type",
              "fullTitle": "Investment Account Types Edits an Investment Account Type",
              "timedOut": null,
              "duration": 0,
              "state": "skipped",
              "speed": null,
              "pass": false,
              "fail": false,
              "pending": false,
              "context": null,
              "code": "cy.get('#gridInvestmentAccountTypes tr .dx-first-cell .dx-texteditor-input').type('Trust Account DKA', { force: true }).wait(2000);\ncy.get('#gridInvestmentAccountTypes tr td').find('.dx-icon-edit').eq(0).click({ force: true }).wait(1000);\ncy.get('#gridInvestmentAccountTypes .dx-datagrid-table .dx-texteditor-container > .dx-texteditor-input-container > .dx-texteditor-input').as('accounts');\ncy.get('@accounts').eq(3).clear().wait(1000).type('MMF DKA', { force: true }).wait(1000);\ncy.get('tr td').find('.dx-icon-save').eq(1).click().wait(1500);\ncy.contains(\"The investment account type has been updated.\");",
              "err": {},
              "uuid": "7380c56f-06e0-47e5-aa65-553ab73e6862",
              "parentUUID": null,
              "isHook": false,
              "skipped": true
            },
            {
              "title": "Deletes an Investment Account Type",
              "fullTitle": "Investment Account Types Deletes an Investment Account Type",
              "timedOut": null,
              "duration": 0,
              "state": "skipped",
              "speed": null,
              "pass": false,
              "fail": false,
              "pending": false,
              "context": null,
              "code": "cy.get('#gridInvestmentAccountTypes tr .dx-first-cell .dx-texteditor-input').type('MMF DKA', { force: true }).wait(2000);\ncy.get('#gridInvestmentAccountTypes tr td').find('.dx-icon-trash').eq(1).click({ force: true }).wait(1000);\ncy.get('.dx-popup-normal').contains('Yes').click({ force: true }).wait(1000);\ncy.contains(\"The investment account has been deleted.\");",
              "err": {},
              "uuid": "3acdf7e8-ff07-427b-9827-5a4473a8d42b",
              "parentUUID": null,
              "isHook": false,
              "skipped": true
            }
          ],
          "suites": [],
          "passes": [],
          "failures": [
            "25d48856-bda9-4934-82c6-c0ffdebeb4e1"
          ],
          "pending": [],
          "skipped": [
            "7380c56f-06e0-47e5-aa65-553ab73e6862",
            "3acdf7e8-ff07-427b-9827-5a4473a8d42b"
          ],
          "duration": 9820,
          "root": false,
          "rootEmpty": false,
          "_timeout": 2000
        }
      ],
      "passes": [],
      "failures": [],
      "pending": [],
      "skipped": [],
      "duration": 0,
      "root": true,
      "rootEmpty": true,
      "_timeout": 2000
    }
  ],
  "meta": {
    "mocha": {
      "version": "7.0.1"
    },
    "mochawesome": {
      "options": {
        "quiet": false,
        "reportFilename": "mochawesome",
        "saveHtml": true,
        "saveJson": true,
        "consoleReporter": "spec",
        "useInlineDiffs": false,
        "code": true
      },
      "version": "7.1.3"
    },
    "marge": {
      "options": {
        "id": "default",
        "reportDir": "cypress/results/mochawesome",
        "overwrite": false,
        "html": true,
        "json": true
      },
      "version": "6.2.0"
    }
  }
}