{
  "stats": {
    "suites": 1,
    "tests": 1,
    "passes": 1,
    "pending": 0,
    "failures": 0,
    "start": "2025-01-16T06:07:42.197Z",
    "end": "2025-01-16T06:08:56.583Z",
    "duration": 74386,
    "testsRegistered": 1,
    "passPercent": 100,
    "pendingPercent": 0,
    "other": 0,
    "hasOther": false,
    "skipped": 0,
    "hasSkipped": false
  },
  "results": [
    {
      "uuid": "f33014b2-8eb9-437a-bfc8-fa1ed168c38b",
      "title": "",
      "fullFile": "cypress/e2e/CorporateClientFunctionality/Add_Client_Questionnaire_test.cy.ts",
      "file": "cypress/e2e/CorporateClientFunctionality/Add_Client_Questionnaire_test.cy.ts",
      "beforeHooks": [],
      "afterHooks": [],
      "tests": [],
      "suites": [
        {
          "uuid": "46515591-f5c2-4168-880c-30e048b0b064",
          "title": "Add a client questionnaire - Corporate",
          "fullFile": "",
          "file": "",
          "beforeHooks": [],
          "afterHooks": [],
          "tests": [
            {
              "title": "Adds questionnaire type, creates question categories, creates a question then adds a questionnaire",
              "fullTitle": "Add a client questionnaire - Corporate Adds questionnaire type, creates question categories, creates a question then adds a questionnaire",
              "timedOut": null,
              "duration": 74243,
              "state": "passed",
              "speed": "slow",
              "pass": true,
              "fail": false,
              "pending": false,
              "context": null,
              "code": "(0, e2e_1.navigateToClientMenu)('Corporate');\ncy.get('.left-secondary-menu .left-menu-items.main-menu li>sa-menu-item>a').contains('span', 'Questionnaires').click().wait(1000);\ncy.location('pathname').then(function (loc) {\n    location = loc;\n});\ncy.getByDataCy('create-questionnaire').click();\ncy.wait(3000);\n//step 1\ncy.getByDataCy('reasonForQuestionnaire').then(function (el) {\n    if (el.is(':visible')) {\n        cy.getByDataCy('questionnaire-type').click();\n        cy.wait(1000);\n        cy.get('#dynamicSelectBoxDropdownGrid td').contains('Open Ended').click({ force: true });\n        cy.wait(500);\n        cy.getByDataCy('reason-for-questionnaire').type(faker_1.faker.word.verb());\n        cy.getByDataCy(\"Questionnaire-next-step-btn\").click().wait(3000);\n    }\n});\n//step 2\ncy.getByDataCy('step2-complete-the-questions').then(function (el) {\n    if (el.is(':visible')) {\n        cy.getByDataCy('proceed-to-step3').click().wait(3000);\n    }\n});\n//step 3\ncy.getByDataCy('finish-questionnaire');\ncy.getByDataCy('finalize-btn').click();\ncy.wait(1000);",
              "err": {},
              "uuid": "e77235dc-b78d-47a7-b799-31bd52d4029c",
              "parentUUID": "46515591-f5c2-4168-880c-30e048b0b064",
              "isHook": false,
              "skipped": false
            }
          ],
          "suites": [],
          "passes": [
            "e77235dc-b78d-47a7-b799-31bd52d4029c"
          ],
          "failures": [],
          "pending": [],
          "skipped": [],
          "duration": 74243,
          "root": false,
          "rootEmpty": false,
          "_timeout": 2000
        }
      ],
      "passes": [],
      "failures": [],
      "pending": [],
      "skipped": [],
      "duration": 0,
      "root": true,
      "rootEmpty": true,
      "_timeout": 2000
    }
  ],
  "meta": {
    "mocha": {
      "version": "7.0.1"
    },
    "mochawesome": {
      "options": {
        "quiet": false,
        "reportFilename": "mochawesome",
        "saveHtml": true,
        "saveJson": true,
        "consoleReporter": "spec",
        "useInlineDiffs": false,
        "code": true
      },
      "version": "7.1.3"
    },
    "marge": {
      "options": {
        "id": "default",
        "reportDir": "cypress/results/mochawesome",
        "overwrite": false,
        "html": true,
        "json": true
      },
      "version": "6.2.0"
    }
  }
}