{
  "stats": {
    "suites": 1,
    "tests": 2,
    "passes": 2,
    "pending": 0,
    "failures": 0,
    "start": "2025-01-16T06:43:53.347Z",
    "end": "2025-01-16T06:44:31.661Z",
    "duration": 38314,
    "testsRegistered": 2,
    "passPercent": 100,
    "pendingPercent": 0,
    "other": 0,
    "hasOther": false,
    "skipped": 0,
    "hasSkipped": false
  },
  "results": [
    {
      "uuid": "598922b0-44c9-4adc-b0cc-b5315536f452",
      "title": "",
      "fullFile": "cypress/e2e/IndividualClientFunctionality/Add_Delete_Payment_Method_test.cy.ts",
      "file": "cypress/e2e/IndividualClientFunctionality/Add_Delete_Payment_Method_test.cy.ts",
      "beforeHooks": [],
      "afterHooks": [],
      "tests": [],
      "suites": [
        {
          "uuid": "7fc05954-fed9-469f-8d4a-381403c8080c",
          "title": "Add and Delete Payment Method",
          "fullFile": "",
          "file": "",
          "beforeHooks": [],
          "afterHooks": [],
          "tests": [
            {
              "title": "Adds a new Payment Method",
              "fullTitle": "Add and Delete Payment Method Adds a new Payment Method",
              "timedOut": null,
              "duration": 33019,
              "state": "passed",
              "speed": "slow",
              "pass": true,
              "fail": false,
              "pending": false,
              "context": null,
              "code": "// Click on Know your Clients navigation item\n(0, e2e_1.navigateToClientMenu)('Individual');\ncy.get('.left-secondary-menu .left-menu-items.main-menu li>sa-menu-item>a').contains('span', 'Payment Methods').click();\ncy.wait(1000);\ncy.location('pathname').then(function (pathname) {\n    var pathSections = pathname.split('/');\n    client_id = pathSections[3];\n});\ncy.getByDataCy('add-method').click();\ncy.wait(1000);\ncy.getByFormControlName('paymentMethods').click();\ncy.get('#addClientPaymentMethodForm').contains('PayPal Test').click();\ncy.getByDataCy('save-payment-method').click();",
              "err": {},
              "uuid": "aa6fe18f-add3-4c9f-8a4c-e49491d1db56",
              "parentUUID": "7fc05954-fed9-469f-8d4a-381403c8080c",
              "isHook": false,
              "skipped": false
            },
            {
              "title": "Deletes Payment Method",
              "fullTitle": "Add and Delete Payment Method Deletes Payment Method",
              "timedOut": null,
              "duration": 5193,
              "state": "passed",
              "speed": "medium",
              "pass": true,
              "fail": false,
              "pending": false,
              "context": null,
              "code": "cy.visit(\"/main/client-individual/\".concat(client_id, \"/1/payment-methods\")).wait(2000);\ncy.get('.dx-command-edit > span > .dx-template-wrapper > .dx-link > .fa').first().click({ force: true });\ncy.wait(500);\ncy.contains('Delete').click();\ncy.contains('Yes').click();",
              "err": {},
              "uuid": "c63fee5d-4573-4b36-ba59-e74ac727c816",
              "parentUUID": "7fc05954-fed9-469f-8d4a-381403c8080c",
              "isHook": false,
              "skipped": false
            }
          ],
          "suites": [],
          "passes": [
            "aa6fe18f-add3-4c9f-8a4c-e49491d1db56",
            "c63fee5d-4573-4b36-ba59-e74ac727c816"
          ],
          "failures": [],
          "pending": [],
          "skipped": [],
          "duration": 38212,
          "root": false,
          "rootEmpty": false,
          "_timeout": 2000
        }
      ],
      "passes": [],
      "failures": [],
      "pending": [],
      "skipped": [],
      "duration": 0,
      "root": true,
      "rootEmpty": true,
      "_timeout": 2000
    }
  ],
  "meta": {
    "mocha": {
      "version": "7.0.1"
    },
    "mochawesome": {
      "options": {
        "quiet": false,
        "reportFilename": "mochawesome",
        "saveHtml": true,
        "saveJson": true,
        "consoleReporter": "spec",
        "useInlineDiffs": false,
        "code": true
      },
      "version": "7.1.3"
    },
    "marge": {
      "options": {
        "id": "default",
        "reportDir": "cypress/results/mochawesome",
        "overwrite": false,
        "html": true,
        "json": true
      },
      "version": "6.2.0"
    }
  }
}