{
  "stats": {
    "suites": 1,
    "tests": 1,
    "passes": 1,
    "pending": 0,
    "failures": 0,
    "start": "2025-01-16T07:14:38.704Z",
    "end": "2025-01-16T07:16:42.147Z",
    "duration": 123443,
    "testsRegistered": 1,
    "passPercent": 100,
    "pendingPercent": 0,
    "other": 0,
    "hasOther": false,
    "skipped": 0,
    "hasSkipped": false
  },
  "results": [
    {
      "uuid": "bab88eba-18d4-4487-a8a0-076eda06cfec",
      "title": "",
      "fullFile": "cypress/e2e/ScreenPerformance/Client_Detail_Lines_test.cy.ts",
      "file": "cypress/e2e/ScreenPerformance/Client_Detail_Lines_test.cy.ts",
      "beforeHooks": [],
      "afterHooks": [],
      "tests": [],
      "suites": [
        {
          "uuid": "dd4891a5-70c8-44e7-8458-9bb17e65bbae",
          "title": "Client Detail Lines Performance",
          "fullFile": "",
          "file": "",
          "beforeHooks": [],
          "afterHooks": [],
          "tests": [
            {
              "title": "should navigate to each client detail line within 10 seconds",
              "fullTitle": "Client Detail Lines Performance should navigate to each client detail line within 10 seconds",
              "timedOut": null,
              "duration": 123270,
              "state": "passed",
              "speed": "slow",
              "pass": true,
              "fail": false,
              "pending": false,
              "context": null,
              "code": "// Click on Know your Clients navigation item\n(0, e2e_1.navigateToClientMenu)('Individual');\ncy.get('.left-secondary-menu .left-menu-items.main-menu li>sa-menu-item>a').each(function (el, index, list) {\n    cy.wrap(el).click();\n    //expect loader to exist\n    cy.get('.sk-ball-spin-clockwise');\n    cy.wait(2000);\n    // after this 2 seconds the data should have loades and spinner should not be visible\n    cy.get('.sk-ball-spin-clockwise').should(\"not.be.visible\");\n});",
              "err": {},
              "uuid": "40f34416-e34b-4b04-be00-86855ae3a346",
              "parentUUID": "dd4891a5-70c8-44e7-8458-9bb17e65bbae",
              "isHook": false,
              "skipped": false
            }
          ],
          "suites": [],
          "passes": [
            "40f34416-e34b-4b04-be00-86855ae3a346"
          ],
          "failures": [],
          "pending": [],
          "skipped": [],
          "duration": 123270,
          "root": false,
          "rootEmpty": false,
          "_timeout": 2000
        }
      ],
      "passes": [],
      "failures": [],
      "pending": [],
      "skipped": [],
      "duration": 0,
      "root": true,
      "rootEmpty": true,
      "_timeout": 2000
    }
  ],
  "meta": {
    "mocha": {
      "version": "7.0.1"
    },
    "mochawesome": {
      "options": {
        "quiet": false,
        "reportFilename": "mochawesome",
        "saveHtml": true,
        "saveJson": true,
        "consoleReporter": "spec",
        "useInlineDiffs": false,
        "code": true
      },
      "version": "7.1.3"
    },
    "marge": {
      "options": {
        "id": "default",
        "reportDir": "cypress/results/mochawesome",
        "overwrite": false,
        "html": true,
        "json": true
      },
      "version": "6.2.0"
    }
  }
}