{
  "stats": {
    "suites": 1,
    "tests": 3,
    "passes": 3,
    "pending": 0,
    "failures": 0,
    "start": "2025-01-16T06:25:08.601Z",
    "end": "2025-01-16T06:26:05.947Z",
    "duration": 57346,
    "testsRegistered": 3,
    "passPercent": 100,
    "pendingPercent": 0,
    "other": 0,
    "hasOther": false,
    "skipped": 0,
    "hasSkipped": false
  },
  "results": [
    {
      "uuid": "669454a7-fbbf-447e-b0cf-c469b8ef2a9f",
      "title": "",
      "fullFile": "cypress/e2e/CorporateClientFunctionality/Add_Edit_Delete_Client_MID_Accounts_test.cy.ts",
      "file": "cypress/e2e/CorporateClientFunctionality/Add_Edit_Delete_Client_MID_Accounts_test.cy.ts",
      "beforeHooks": [],
      "afterHooks": [],
      "tests": [],
      "suites": [
        {
          "uuid": "ac691af4-6d40-42a4-b23c-3e7ee0af0215",
          "title": "Add, Edit, Delete Client MID Accounts",
          "fullFile": "",
          "file": "",
          "beforeHooks": [],
          "afterHooks": [],
          "tests": [
            {
              "title": "Add Client MID Accounts",
              "fullTitle": "Add, Edit, Delete Client MID Accounts Add Client MID Accounts",
              "timedOut": null,
              "duration": 38862,
              "state": "passed",
              "speed": "slow",
              "pass": true,
              "fail": false,
              "pending": false,
              "context": null,
              "code": "// Click on Know your Clients navigation item\n(0, e2e_1.navigateToClientMenu)('Corporate');\ncy.get('.left-secondary-menu .left-menu-items.main-menu li>sa-menu-item>a').contains('span', 'MID Accounts').click();\ncy.location('pathname').then(function (loc) {\n    location = loc;\n});\n// Add new Client Policies\ncy.getBySel('addMidAccounts').click();\ncy.getBySel('addMidAccountForm').should('be.visible');\ncy.getBySel('bankAccounts').click();\ncy.get('#dynamicSelectBoxDropdownGrid .dx-datagrid-rowsview .dx-datagrid-content>.dx-datagrid-table > tbody > .dx-data-row > td').eq(0).click({ force: true });\ncy.get('#addMidAccountForm input[name=\"name\"]').type(faker_1.faker.finance.accountName());\ncy.getBySel('currencies').click();\ncy.get('#dynamicSelectBoxDropdownGrid tbody > .dx-data-row > td').eq(2).click({ force: true });\ncy.wait(500);\ncy.getBySel('midTypes').click();\ncy.wait(500);\ncy.contains('Test MID type').click({ force: true });\ncy.get('#addMidAccountForm input[name=\"code\"]').type(code);\ncy.getBySel('midClasses').click();\ncy.wait(500);\ncy.contains('Test MID class').click({ force: true });\ncy.getBySel('saveMidAccounts').click();",
              "err": {},
              "uuid": "7bf22d4c-bdd1-4cf6-a448-09d649b59f48",
              "parentUUID": "ac691af4-6d40-42a4-b23c-3e7ee0af0215",
              "isHook": false,
              "skipped": false
            },
            {
              "title": "Edit Client MID Accounts",
              "fullTitle": "Add, Edit, Delete Client MID Accounts Edit Client MID Accounts",
              "timedOut": null,
              "duration": 10191,
              "state": "passed",
              "speed": "slow",
              "pass": true,
              "fail": false,
              "pending": false,
              "context": null,
              "code": "cy.visit(location);\ncy.wait(2000);\n// Edit Policy\ncy.getBySel('gridMidAccounts').should('be.visible');\ncy.get('.dx-datagrid-filter-row .dx-texteditor-input-container input').eq(0).type(code, { force: true });\ncy.wait(2000);\ncy.get('#gridMidAccounts table tbody tr td.dx-command-edit-with-icons a').eq(0).click({ force: true });\ncy.get('#editClientMidAccountForm').should('be.visible');\ncode = faker_1.faker.string.numeric(16);\ncy.get('#editClientMidAccountForm input[name=\"code\"]').should('be.visible').clear();\ncy.get('#editClientMidAccountForm input[name=\"code\"]').type(code);\ncy.getBySel('saveAndCloseButton').click();",
              "err": {},
              "uuid": "08a0af52-5f36-4da5-b6c7-fec6a1fc202f",
              "parentUUID": "ac691af4-6d40-42a4-b23c-3e7ee0af0215",
              "isHook": false,
              "skipped": false
            },
            {
              "title": "Delete client MID Accounts",
              "fullTitle": "Add, Edit, Delete Client MID Accounts Delete client MID Accounts",
              "timedOut": null,
              "duration": 8164,
              "state": "passed",
              "speed": "medium",
              "pass": true,
              "fail": false,
              "pending": false,
              "context": null,
              "code": "cy.visit(location);\ncy.wait(2000);\n// Delete MID Accounts\ncy.getBySel('gridMidAccounts').should('be.visible');\ncy.get('.dx-datagrid-filter-row .dx-texteditor-input-container input').eq(0).type(code, { force: true });\ncy.wait(2000);\nvar gridMidAccounts = cy.wrap('#gridMidAccounts table tbody tr td');\ngridMidAccounts.get('.dx-command-edit-with-icons a').eq(0).click({ force: true });\n// Delete MID Accounts\ncy.getBySel('deleteMidAccounts').should('be.visible').click();\ncy.get('#bot2-Msg1').contains('Yes').click();",
              "err": {},
              "uuid": "80629069-0620-471e-9109-73bdc13e7cc9",
              "parentUUID": "ac691af4-6d40-42a4-b23c-3e7ee0af0215",
              "isHook": false,
              "skipped": false
            }
          ],
          "suites": [],
          "passes": [
            "7bf22d4c-bdd1-4cf6-a448-09d649b59f48",
            "08a0af52-5f36-4da5-b6c7-fec6a1fc202f",
            "80629069-0620-471e-9109-73bdc13e7cc9"
          ],
          "failures": [],
          "pending": [],
          "skipped": [],
          "duration": 57217,
          "root": false,
          "rootEmpty": false,
          "_timeout": 2000
        }
      ],
      "passes": [],
      "failures": [],
      "pending": [],
      "skipped": [],
      "duration": 0,
      "root": true,
      "rootEmpty": true,
      "_timeout": 2000
    }
  ],
  "meta": {
    "mocha": {
      "version": "7.0.1"
    },
    "mochawesome": {
      "options": {
        "quiet": false,
        "reportFilename": "mochawesome",
        "saveHtml": true,
        "saveJson": true,
        "consoleReporter": "spec",
        "useInlineDiffs": false,
        "code": true
      },
      "version": "7.1.3"
    },
    "marge": {
      "options": {
        "id": "default",
        "reportDir": "cypress/results/mochawesome",
        "overwrite": false,
        "html": true,
        "json": true
      },
      "version": "6.2.0"
    }
  }
}