{
  "stats": {
    "suites": 1,
    "tests": 7,
    "passes": 4,
    "pending": 0,
    "failures": 3,
    "start": "2025-01-16T12:33:49.022Z",
    "end": "2025-01-16T12:35:05.757Z",
    "duration": 76735,
    "testsRegistered": 7,
    "passPercent": 57.14285714285714,
    "pendingPercent": 0,
    "other": 0,
    "hasOther": false,
    "skipped": 0,
    "hasSkipped": false
  },
  "results": [
    {
      "uuid": "8857f003-e927-4634-b694-276646293f53",
      "title": "",
      "fullFile": "cypress/e2e/CorporateClientFunctionality/Add_Edit_Delete_Client_Policy_Payments_test.cy.ts",
      "file": "cypress/e2e/CorporateClientFunctionality/Add_Edit_Delete_Client_Policy_Payments_test.cy.ts",
      "beforeHooks": [],
      "afterHooks": [],
      "tests": [],
      "suites": [
        {
          "uuid": "47f96ca2-be92-464b-aba2-2e00d0a9e837",
          "title": "Add, Edit, Delete Client Policy Payments",
          "fullFile": "",
          "file": "",
          "beforeHooks": [],
          "afterHooks": [],
          "tests": [
            {
              "title": "Go to Policy Payments detail line",
              "fullTitle": "Add, Edit, Delete Client Policy Payments Go to Policy Payments detail line",
              "timedOut": null,
              "duration": 23226,
              "state": "passed",
              "speed": "slow",
              "pass": true,
              "fail": false,
              "pending": false,
              "context": null,
              "code": "// Click on Know your Clients navigation item\n(0, e2e_1.navigateToClientMenu)('Corporate');\ncy.get('.left-secondary-menu .left-menu-items.main-menu li>sa-menu-item>a').contains('span', 'Policy Payments').click();\ncy.wait(500);\n//get the current client id\ncy.location('pathname').then(function (loc) {\n    location = loc;\n});",
              "err": {},
              "uuid": "81a849a6-70a3-4f61-992b-923d7d678d0f",
              "parentUUID": "47f96ca2-be92-464b-aba2-2e00d0a9e837",
              "isHook": false,
              "skipped": false
            },
            {
              "title": "Add Client Policy Payment Collection",
              "fullTitle": "Add, Edit, Delete Client Policy Payments Add Client Policy Payment Collection",
              "timedOut": null,
              "duration": 7923,
              "state": "passed",
              "speed": "medium",
              "pass": true,
              "fail": false,
              "pending": false,
              "context": null,
              "code": "// Add new Client Policies\ncy.visit(location);\ncy.getBySel('addContractCollection').click();\ncy.getBySel('addClientContractCollectionForm').should('be.visible');\ncy.getBySel('clientContractPolicyNumbers').click();\ncy.get('.dx-overlay-wrapper.dx-popup-wrapper.dx-dropdowneditor-overlay .dx-datagrid-rowsview table tbody tr td').eq(0).click({ force: true });\ncy.getBySel('transactionPaymentMethods').click();\ncy.get('.dx-overlay-wrapper.dx-popup-wrapper.dx-dropdowneditor-overlay .dx-datagrid-rowsview table tbody tr td').eq(0).click({ force: true });\ncy.get('#addClientContractCollectionForm input[name=\"paymentAmount\"]').type(faker_1.faker.finance.amount({ min: 1, max: 19999 }));\ncy.get('#addClientContractCollectionForm input[name=\"paymentDate\"]').type(faker_1.faker.date.anytime().toISOString().slice(0, 10));\ncy.get('#addClientContractCollectionForm input[name=\"paymentDescription\"]').type(faker_1.faker.lorem.word());\ncy.get('#addClientContractCollectionForm input[name=\"reasonForTransaction\"]').type(faker_1.faker.lorem.word());\ncy.getBySel('savePaymentCollection').click();",
              "err": {},
              "uuid": "29f229a9-c56d-43a0-8042-71c99fb996b7",
              "parentUUID": "47f96ca2-be92-464b-aba2-2e00d0a9e837",
              "isHook": false,
              "skipped": false
            },
            {
              "title": "Edit client Policy collection",
              "fullTitle": "Add, Edit, Delete Client Policy Payments Edit client Policy collection",
              "timedOut": null,
              "duration": 7330,
              "state": "passed",
              "speed": "medium",
              "pass": true,
              "fail": false,
              "pending": false,
              "context": null,
              "code": "// Edit Policy contract collection\ncy.visit(location);\ncy.wait(2000);\ncy.getBySel('gridClientContractCollections').should('be.visible');\ncy.get('#gridClientContractCollections table tbody tr td.dx-command-edit-with-icons a').eq(0).click({ force: true });\ncy.get('#editClientContractCollectionForm').should('be.visible');\ncy.get('#editClientContractCollectionForm input[name=\"paymentDescription\"]').should('be.visible').clear();\ncy.get('#editClientContractCollectionForm input[name=\"paymentDescription\"]').type(faker_1.faker.lorem.sentence());\ncy.getBySel('saveAndCloseButton').click();",
              "err": {},
              "uuid": "251f8049-5504-40eb-a043-e568b30f6ce9",
              "parentUUID": "47f96ca2-be92-464b-aba2-2e00d0a9e837",
              "isHook": false,
              "skipped": false
            },
            {
              "title": "Delete client policy collection",
              "fullTitle": "Add, Edit, Delete Client Policy Payments Delete client policy collection",
              "timedOut": null,
              "duration": 7700,
              "state": "passed",
              "speed": "medium",
              "pass": true,
              "fail": false,
              "pending": false,
              "context": null,
              "code": "// Delete policy contract collection\ncy.visit(location);\ncy.wait(2000);\ncy.getBySel('gridClientContractCollections').should('be.visible');\ncy.get('#gridClientContractCollections table tbody tr td.dx-command-edit-with-icons a').eq(0).click({ force: true });\ncy.getBySel('deleteContractCollection').should('be.visible').click();\ncy.get('#bot2-Msg1').contains('Yes').click();",
              "err": {},
              "uuid": "7ab1489d-6248-4739-969b-15ac5fbbf89c",
              "parentUUID": "47f96ca2-be92-464b-aba2-2e00d0a9e837",
              "isHook": false,
              "skipped": false
            },
            {
              "title": "Add Client Policy Payment Transaction",
              "fullTitle": "Add, Edit, Delete Client Policy Payments Add Client Policy Payment Transaction",
              "timedOut": null,
              "duration": 6621,
              "state": "failed",
              "speed": null,
              "pass": false,
              "fail": true,
              "pending": false,
              "context": null,
              "code": "// Add new Client Policies\ncy.visit(location);\ncy.wait(2000);\ncy.get('.dx-item.dx-tab .dx-template-wrapper.dx-item-content').contains('span', 'Transactions').should('be.visible').click();\ncy.getBySel('addContractTransaction').click();\ncy.wait(1000);\ncy.getBySel('addClientContractTransactionForm').should('be.visible');\n// cy.getBySel('policyNumbers').click();\n// cy.get('.dx-overlay-wrapper.dx-popup-wrapper.dx-dropdowneditor-overlay .dx-datagrid-rowsview table tbody tr td').eq(0).click({ force: true });\ncy.get('#addClientContractTransactionForm input[name=\"paymentAmount\"]').type(faker_1.faker.finance.amount({ min: 1, max: 19999 }));\ncy.get('#addClientContractTransactionForm input[name=\"paymentDate\"]').type(faker_1.faker.date.anytime().toISOString().slice(0, 10));\ncy.get('#addClientContractTransactionForm input[name=\"paymentDescription\"]').type(faker_1.faker.lorem.word());\ncy.get('#addClientContractTransactionForm input[name=\"reasonForTransaction\"]').type(faker_1.faker.lorem.word());\ncy.getBySel('saveContractTransaction').click();",
              "err": {
                "message": "AssertionError: Timed out retrying after 4000ms: expected '<span>' to be 'visible'\n\nThis element `<span>` is not visible because it has CSS property: `position: fixed` and it's being covered by another element:\n\n`<div _ngcontent-vyc-c74=\"\" class=\"ngx-overlay foreground-closing\" style=\"background-color: rgba(40, 40, 40, 0.3); border-radius: 0px;\">...</div>`",
                "estack": "AssertionError: Timed out retrying after 4000ms: expected '<span>' to be 'visible'\n\nThis element `<span>` is not visible because it has CSS property: `position: fixed` and it's being covered by another element:\n\n`<div _ngcontent-vyc-c74=\"\" class=\"ngx-overlay foreground-closing\" style=\"background-color: rgba(40, 40, 40, 0.3); border-radius: 0px;\">...</div>`\n    at Context.eval (webpack://clm_cypress/./cypress/e2e/CorporateClientFunctionality/Add_Edit_Delete_Client_Policy_Payments_test.cy.ts:57:0)",
                "diff": null
              },
              "uuid": "73eb7d81-a662-4d22-acf9-33c60b7532ed",
              "parentUUID": "47f96ca2-be92-464b-aba2-2e00d0a9e837",
              "isHook": false,
              "skipped": false
            },
            {
              "title": "Edit client Policy payment transaction",
              "fullTitle": "Add, Edit, Delete Client Policy Payments Edit client Policy payment transaction",
              "timedOut": null,
              "duration": 12080,
              "state": "failed",
              "speed": null,
              "pass": false,
              "fail": true,
              "pending": false,
              "context": null,
              "code": "// Edit Policy contract transaction\ncy.visit(location);\ncy.wait(2000);\ncy.get('.dx-item.dx-tab .dx-template-wrapper.dx-item-content').contains('span', 'Transactions').should('be.visible').click();\ncy.getBySel('gridClientContractTransactions').should('be.visible');\ncy.get('#gridClientContractTransactions table tbody tr td.dx-command-edit-with-icons a').eq(0).click({ force: true });\ncy.get('#editClientContractTransactionForm').should('be.visible');\ncy.get('#editClientContractTransactionForm input[name=\"paymentDescription\"]').should('be.visible').clear();\ncy.get('#editClientContractTransactionForm input[name=\"paymentDescription\"]').type(faker_1.faker.lorem.sentence());\ncy.getBySel('saveAndCloseButton').click();",
              "err": {
                "message": "AssertionError: Timed out retrying after 4000ms: Expected to find element: `#gridClientContractTransactions table tbody tr td.dx-command-edit-with-icons a`, but never found it.",
                "estack": "AssertionError: Timed out retrying after 4000ms: Expected to find element: `#gridClientContractTransactions table tbody tr td.dx-command-edit-with-icons a`, but never found it.\n    at Context.eval (webpack://clm_cypress/./cypress/e2e/CorporateClientFunctionality/Add_Edit_Delete_Client_Policy_Payments_test.cy.ts:75:0)",
                "diff": null
              },
              "uuid": "4300e847-0d6d-4c24-9892-e7cfa76398bb",
              "parentUUID": "47f96ca2-be92-464b-aba2-2e00d0a9e837",
              "isHook": false,
              "skipped": false
            },
            {
              "title": "Delete client policy transaction",
              "fullTitle": "Add, Edit, Delete Client Policy Payments Delete client policy transaction",
              "timedOut": null,
              "duration": 11557,
              "state": "failed",
              "speed": null,
              "pass": false,
              "fail": true,
              "pending": false,
              "context": null,
              "code": "cy.visit(location);\ncy.wait(2000);\ncy.get('.dx-item.dx-tab .dx-template-wrapper.dx-item-content').contains('span', 'Transactions').should('be.visible').click();\n// Delete policy contract transaction\ncy.getBySel('gridClientContractTransactions').should('be.visible');\ncy.get('#gridClientContractTransactions table tbody tr td.dx-command-edit-with-icons a').eq(0).click({ force: true });\ncy.getBySel('deleteContractTransaction').should('be.visible').click();\ncy.get('#bot2-Msg1').contains('Yes').click();\ncy.contains('Policy transaction has been deleted.');",
              "err": {
                "message": "AssertionError: Timed out retrying after 4000ms: Expected to find element: `#gridClientContractTransactions table tbody tr td.dx-command-edit-with-icons a`, but never found it.",
                "estack": "AssertionError: Timed out retrying after 4000ms: Expected to find element: `#gridClientContractTransactions table tbody tr td.dx-command-edit-with-icons a`, but never found it.\n    at Context.eval (webpack://clm_cypress/./cypress/e2e/CorporateClientFunctionality/Add_Edit_Delete_Client_Policy_Payments_test.cy.ts:87:0)",
                "diff": null
              },
              "uuid": "6ae5e5e6-bbc3-4c19-b4b9-783a71b24eca",
              "parentUUID": "47f96ca2-be92-464b-aba2-2e00d0a9e837",
              "isHook": false,
              "skipped": false
            }
          ],
          "suites": [],
          "passes": [
            "81a849a6-70a3-4f61-992b-923d7d678d0f",
            "29f229a9-c56d-43a0-8042-71c99fb996b7",
            "251f8049-5504-40eb-a043-e568b30f6ce9",
            "7ab1489d-6248-4739-969b-15ac5fbbf89c"
          ],
          "failures": [
            "73eb7d81-a662-4d22-acf9-33c60b7532ed",
            "4300e847-0d6d-4c24-9892-e7cfa76398bb",
            "6ae5e5e6-bbc3-4c19-b4b9-783a71b24eca"
          ],
          "pending": [],
          "skipped": [],
          "duration": 76437,
          "root": false,
          "rootEmpty": false,
          "_timeout": 2000
        }
      ],
      "passes": [],
      "failures": [],
      "pending": [],
      "skipped": [],
      "duration": 0,
      "root": true,
      "rootEmpty": true,
      "_timeout": 2000
    }
  ],
  "meta": {
    "mocha": {
      "version": "7.0.1"
    },
    "mochawesome": {
      "options": {
        "quiet": false,
        "reportFilename": "mochawesome",
        "saveHtml": true,
        "saveJson": true,
        "consoleReporter": "spec",
        "useInlineDiffs": false,
        "code": true
      },
      "version": "7.1.3"
    },
    "marge": {
      "options": {
        "id": "default",
        "reportDir": "cypress/results/mochawesome",
        "overwrite": false,
        "html": true,
        "json": true
      },
      "version": "6.2.0"
    }
  }
}