{
  "stats": {
    "suites": 1,
    "tests": 2,
    "passes": 1,
    "pending": 1,
    "failures": 0,
    "start": "2025-01-16T06:36:57.051Z",
    "end": "2025-01-16T06:37:25.969Z",
    "duration": 28918,
    "testsRegistered": 2,
    "passPercent": 100,
    "pendingPercent": 50,
    "other": 0,
    "hasOther": false,
    "skipped": 0,
    "hasSkipped": false
  },
  "results": [
    {
      "uuid": "b1e2bfe7-916d-4a11-a547-bfdeeea59f53",
      "title": "",
      "fullFile": "cypress/e2e/CorporateClientFunctionality/Edit_Corporate_Client_Profile_test.cy.ts",
      "file": "cypress/e2e/CorporateClientFunctionality/Edit_Corporate_Client_Profile_test.cy.ts",
      "beforeHooks": [],
      "afterHooks": [],
      "tests": [],
      "suites": [
        {
          "uuid": "63720d8a-5390-4628-8d0c-74aa47f1f855",
          "title": "Edit Corporate Client Profile",
          "fullFile": "",
          "file": "",
          "beforeHooks": [],
          "afterHooks": [],
          "tests": [
            {
              "title": "Edit Corporate Profile",
              "fullTitle": "Edit Corporate Client Profile Edit Corporate Profile",
              "timedOut": null,
              "duration": 28862,
              "state": "passed",
              "speed": "slow",
              "pass": true,
              "fail": false,
              "pending": false,
              "context": null,
              "code": "// Navigate to specific client\n(0, e2e_1.navigateToClientMenu)('Corporate');\ncy.get('.left-secondary-menu .left-menu-items.main-menu li>sa-menu-item>a>span').eq(1).contains('Profile');\ncy.get('.left-secondary-menu .left-menu-items.main-menu li>sa-menu-item>a').eq(1).click();\ncy.get('#editProfileForm input[name=\"phone\"]').clear().type(faker_1.faker.string.numeric(10));\ncy.get('sa-button').contains('Save').click();\n//get the current client id\ncy.location('pathname').then(function (pathname) {\n    var pathSections = pathname.split('/');\n    corporate_id = pathSections[3];\n});\n// check if tree structure is visible\ncy.contains('Tree Structure').should('be.visible');\ncy.wait(1000);",
              "err": {},
              "uuid": "eea3681b-4cc1-4faa-ae6c-8e2ce768480a",
              "parentUUID": "63720d8a-5390-4628-8d0c-74aa47f1f855",
              "isHook": false,
              "skipped": false
            },
            {
              "title": "Archives a client",
              "fullTitle": "Edit Corporate Client Profile Archives a client",
              "timedOut": null,
              "duration": 0,
              "state": "pending",
              "speed": null,
              "pass": false,
              "fail": false,
              "pending": true,
              "context": null,
              "code": "cy.visit(\"/main/client-individual/\".concat(corporate_id, \"/1/profile\"));\n// cy.get('.dx-datagrid-content-fixed > .dx-datagrid-table > tbody > [aria-rowindex=\"1\"] > .dx-command-edit > span > .dx-template-wrapper > .dx-link > .fa').click();\n// cy.get('a.ng-tns-c463-199 > .ng-trigger').click();\ncy.get('[icon=\"archive\"] > .sa-button > .text').click();\ncy.get('#bot2-Msg1').click();",
              "err": {},
              "uuid": "25d523e9-c244-4b27-abe4-f2ee4b5bb0de",
              "parentUUID": "63720d8a-5390-4628-8d0c-74aa47f1f855",
              "isHook": false,
              "skipped": false
            }
          ],
          "suites": [],
          "passes": [
            "eea3681b-4cc1-4faa-ae6c-8e2ce768480a"
          ],
          "failures": [],
          "pending": [
            "25d523e9-c244-4b27-abe4-f2ee4b5bb0de"
          ],
          "skipped": [],
          "duration": 28862,
          "root": false,
          "rootEmpty": false,
          "_timeout": 2000
        }
      ],
      "passes": [],
      "failures": [],
      "pending": [],
      "skipped": [],
      "duration": 0,
      "root": true,
      "rootEmpty": true,
      "_timeout": 2000
    }
  ],
  "meta": {
    "mocha": {
      "version": "7.0.1"
    },
    "mochawesome": {
      "options": {
        "quiet": false,
        "reportFilename": "mochawesome",
        "saveHtml": true,
        "saveJson": true,
        "consoleReporter": "spec",
        "useInlineDiffs": false,
        "code": true
      },
      "version": "7.1.3"
    },
    "marge": {
      "options": {
        "id": "default",
        "reportDir": "cypress/results/mochawesome",
        "overwrite": false,
        "html": true,
        "json": true
      },
      "version": "6.2.0"
    }
  }
}