{
  "stats": {
    "suites": 1,
    "tests": 1,
    "passes": 1,
    "pending": 0,
    "failures": 0,
    "start": "2025-01-16T06:37:15.409Z",
    "end": "2025-01-16T06:37:39.401Z",
    "duration": 23992,
    "testsRegistered": 1,
    "passPercent": 100,
    "pendingPercent": 0,
    "other": 0,
    "hasOther": false,
    "skipped": 0,
    "hasSkipped": false
  },
  "results": [
    {
      "uuid": "33f844fc-932f-4f3d-9566-ad47d7fae55c",
      "title": "",
      "fullFile": "cypress/e2e/CorporateClientFunctionality/Fraud_Risk_Analysis_test.cy.ts",
      "file": "cypress/e2e/CorporateClientFunctionality/Fraud_Risk_Analysis_test.cy.ts",
      "beforeHooks": [],
      "afterHooks": [],
      "tests": [],
      "suites": [
        {
          "uuid": "bb9101e1-100b-43cf-b5f2-52a1aa08c05b",
          "title": "Fraud Risk Analysis",
          "fullFile": "",
          "file": "",
          "beforeHooks": [],
          "afterHooks": [],
          "tests": [
            {
              "title": "Navigates to Fraud Risk Analysis",
              "fullTitle": "Fraud Risk Analysis Navigates to Fraud Risk Analysis",
              "timedOut": null,
              "duration": 23920,
              "state": "passed",
              "speed": "slow",
              "pass": true,
              "fail": false,
              "pending": false,
              "context": null,
              "code": "// Navigate to specific client\n(0, e2e_1.navigateToClientMenu)('Corporate');\ncy.get('.left-secondary-menu .left-menu-items.main-menu li>sa-menu-item>a').contains('Fraud Risk Analysis').click().wait(1000);\ncy.get('#gridClientFraudRiskAnalyzes');\ncy.contains('h1', 'Fraud Risk Analysis');\ncy.get('#gridClientFraudRiskAnalysisRecords');\ncy.contains('h1', 'Fraud Risk Analysis Pending Records');",
              "err": {},
              "uuid": "44aaa570-8cd3-45da-b5db-2eecad265b91",
              "parentUUID": "bb9101e1-100b-43cf-b5f2-52a1aa08c05b",
              "isHook": false,
              "skipped": false
            }
          ],
          "suites": [],
          "passes": [
            "44aaa570-8cd3-45da-b5db-2eecad265b91"
          ],
          "failures": [],
          "pending": [],
          "skipped": [],
          "duration": 23920,
          "root": false,
          "rootEmpty": false,
          "_timeout": 2000
        }
      ],
      "passes": [],
      "failures": [],
      "pending": [],
      "skipped": [],
      "duration": 0,
      "root": true,
      "rootEmpty": true,
      "_timeout": 2000
    }
  ],
  "meta": {
    "mocha": {
      "version": "7.0.1"
    },
    "mochawesome": {
      "options": {
        "quiet": false,
        "reportFilename": "mochawesome",
        "saveHtml": true,
        "saveJson": true,
        "consoleReporter": "spec",
        "useInlineDiffs": false,
        "code": true
      },
      "version": "7.1.3"
    },
    "marge": {
      "options": {
        "id": "default",
        "reportDir": "cypress/results/mochawesome",
        "overwrite": false,
        "html": true,
        "json": true
      },
      "version": "6.2.0"
    }
  }
}