{
  "stats": {
    "suites": 1,
    "tests": 2,
    "passes": 2,
    "pending": 0,
    "failures": 0,
    "start": "2025-01-16T12:51:53.109Z",
    "end": "2025-01-16T12:52:24.948Z",
    "duration": 31839,
    "testsRegistered": 2,
    "passPercent": 100,
    "pendingPercent": 0,
    "other": 0,
    "hasOther": false,
    "skipped": 0,
    "hasSkipped": false
  },
  "results": [
    {
      "uuid": "dea4cc7a-6b8e-4548-b178-77edb3b5879c",
      "title": "",
      "fullFile": "cypress/e2e/IndividualClientFunctionality/Add_Delete_Alternative_Names_test.cy.ts",
      "file": "cypress/e2e/IndividualClientFunctionality/Add_Delete_Alternative_Names_test.cy.ts",
      "beforeHooks": [],
      "afterHooks": [],
      "tests": [],
      "suites": [
        {
          "uuid": "6507b4fb-1ab5-47a0-b928-261743ad574a",
          "title": "Add and Delete Alternative Names",
          "fullFile": "",
          "file": "",
          "beforeHooks": [],
          "afterHooks": [],
          "tests": [
            {
              "title": "Adds Alternative Name",
              "fullTitle": "Add and Delete Alternative Names Adds Alternative Name",
              "timedOut": null,
              "duration": 25574,
              "state": "passed",
              "speed": "slow",
              "pass": true,
              "fail": false,
              "pending": false,
              "context": null,
              "code": "(0, e2e_1.navigateToClientMenu)('Individual');\ncy.get('.left-secondary-menu .left-menu-items.main-menu li>sa-menu-item>a').contains('span', 'Alternative Names').click();\ncy.wait(1000);\ncy.location('pathname').then(function (pathname) {\n    var pathSections = pathname.split('/');\n    location = pathname;\n});\ncy.get('sa-button').contains('Add').click();\ncy.wait(1000);\ncy.getByFormControlName('alternativeName').type(faker_1.faker.word.noun());\ncy.get('sa-button').contains('Save').click();",
              "err": {},
              "uuid": "c751b3cd-c84f-4626-ba29-162fb6b6451c",
              "parentUUID": "6507b4fb-1ab5-47a0-b928-261743ad574a",
              "isHook": false,
              "skipped": false
            },
            {
              "title": "Deletes Alternative Names",
              "fullTitle": "Add and Delete Alternative Names Deletes Alternative Names",
              "timedOut": null,
              "duration": 6171,
              "state": "passed",
              "speed": "medium",
              "pass": true,
              "fail": false,
              "pending": false,
              "context": null,
              "code": "cy.visit(location).wait(2500);\ncy.get('.dx-command-edit > .dx-link').last().click({ force: true });\ncy.wait(2000);\ncy.contains('Yes').click().wait(1000);\ncy.contains('The alternative name has been deleted');",
              "err": {},
              "uuid": "b58e3771-3d97-4623-93a8-f6c2437ff505",
              "parentUUID": "6507b4fb-1ab5-47a0-b928-261743ad574a",
              "isHook": false,
              "skipped": false
            }
          ],
          "suites": [],
          "passes": [
            "c751b3cd-c84f-4626-ba29-162fb6b6451c",
            "b58e3771-3d97-4623-93a8-f6c2437ff505"
          ],
          "failures": [],
          "pending": [],
          "skipped": [],
          "duration": 31745,
          "root": false,
          "rootEmpty": false,
          "_timeout": 2000
        }
      ],
      "passes": [],
      "failures": [],
      "pending": [],
      "skipped": [],
      "duration": 0,
      "root": true,
      "rootEmpty": true,
      "_timeout": 2000
    }
  ],
  "meta": {
    "mocha": {
      "version": "7.0.1"
    },
    "mochawesome": {
      "options": {
        "quiet": false,
        "reportFilename": "mochawesome",
        "saveHtml": true,
        "saveJson": true,
        "consoleReporter": "spec",
        "useInlineDiffs": false,
        "code": true
      },
      "version": "7.1.3"
    },
    "marge": {
      "options": {
        "id": "default",
        "reportDir": "cypress/results/mochawesome",
        "overwrite": false,
        "html": true,
        "json": true
      },
      "version": "6.2.0"
    }
  }
}