{
  "stats": {
    "suites": 1,
    "tests": 3,
    "passes": 3,
    "pending": 0,
    "failures": 0,
    "start": "2025-01-16T06:46:40.397Z",
    "end": "2025-01-16T06:47:26.055Z",
    "duration": 45658,
    "testsRegistered": 3,
    "passPercent": 100,
    "pendingPercent": 0,
    "other": 0,
    "hasOther": false,
    "skipped": 0,
    "hasSkipped": false
  },
  "results": [
    {
      "uuid": "ff2bc769-0705-49e7-8f94-057c41510201",
      "title": "",
      "fullFile": "cypress/e2e/IndividualClientFunctionality/Add_Edit_Delete_Client_Additional_External_Reference_test.cy.ts",
      "file": "cypress/e2e/IndividualClientFunctionality/Add_Edit_Delete_Client_Additional_External_Reference_test.cy.ts",
      "beforeHooks": [],
      "afterHooks": [],
      "tests": [],
      "suites": [
        {
          "uuid": "5edab62b-128c-432e-8db2-8f36a924098d",
          "title": "Add, Delete Client additional external reference",
          "fullFile": "",
          "file": "",
          "beforeHooks": [],
          "afterHooks": [],
          "tests": [
            {
              "title": "Add Client additional external reference",
              "fullTitle": "Add, Delete Client additional external reference Add Client additional external reference",
              "timedOut": null,
              "duration": 28195,
              "state": "passed",
              "speed": "slow",
              "pass": true,
              "fail": false,
              "pending": false,
              "context": null,
              "code": "(0, e2e_1.navigateToClientMenu)('Individual');\ncy.get('.left-secondary-menu .left-menu-items.main-menu li>sa-menu-item>a').contains('span', 'Additional External References').click();\n//get the current client id\ncy.location('pathname').then(function (pathname) {\n    var pathSections = pathname.split('/');\n    client_id = pathSections[3];\n});\n// Add new Client Additional External Reference\ncy.getBySel('addAdditionalExternalReference').click();\ncy.wait(1000);\ncy.get('#addClientAdditionalExternalReferenceForm input[name=\"additionalExternalReference\"]').type(externalReference);\ncy.getBySel('saveAdditionalExternalReference').click().wait(2000);",
              "err": {},
              "uuid": "b3fbf3bf-c67c-4c40-831d-e3c79999878c",
              "parentUUID": "5edab62b-128c-432e-8db2-8f36a924098d",
              "isHook": false,
              "skipped": false
            },
            {
              "title": "Edit client additional external reference",
              "fullTitle": "Add, Delete Client additional external reference Edit client additional external reference",
              "timedOut": null,
              "duration": 11101,
              "state": "passed",
              "speed": "slow",
              "pass": true,
              "fail": false,
              "pending": false,
              "context": null,
              "code": "// Edit additional external reference\ncy.visit(\"/main/client-individual/\".concat(client_id, \"/1/additional-external-references\"));\ncy.wait(2000);\ncy.getBySel('gridClientAdditionalExternalReferences').should('be.visible');\ncy.get('.dx-datagrid-filter-row .dx-texteditor-input-container input').eq(0).type(externalReference).wait(2000);\ncy.getBySel('gridClientAdditionalExternalReferences').wait(2000).then(function () {\n    cy.get('.dx-icon-edit').eq(0).click({ force: true });\n    externalReference = faker_1.faker.string.alphanumeric(16);\n    cy.get('.dx-datagrid-rowsview .dx-texteditor-input-container').eq(0).clear();\n    cy.get('.dx-datagrid-rowsview .dx-texteditor-input-container').eq(0).type(externalReference);\n});\ncy.get('#gridClientAdditionalExternalReferences .dx-link.dx-icon-save').eq(0).click({ force: true }).wait(2000);",
              "err": {},
              "uuid": "a943673a-cbe4-4db9-9825-ee0e50a60745",
              "parentUUID": "5edab62b-128c-432e-8db2-8f36a924098d",
              "isHook": false,
              "skipped": false
            },
            {
              "title": "Delete client additional external reference",
              "fullTitle": "Add, Delete Client additional external reference Delete client additional external reference",
              "timedOut": null,
              "duration": 6169,
              "state": "passed",
              "speed": "medium",
              "pass": true,
              "fail": false,
              "pending": false,
              "context": null,
              "code": "// Delete additional external reference\ncy.visit(\"/main/client-individual/\".concat(client_id, \"/1/additional-external-references\"));\ncy.wait(1500);\ncy.getBySel('gridClientAdditionalExternalReferences').should('be.visible');\ncy.get('#gridClientAdditionalExternalReferences .dx-link.dx-icon-trash').eq(0).click({ force: true });\ncy.get('.dx-dialog-buttons .dx-button-content').contains('span', 'Yes').click({ force: true }).wait(1000);\ncy.contains('The additional external reference has been deleted.');",
              "err": {},
              "uuid": "9fcecb72-3766-4d3f-9f65-81a85b5eb53e",
              "parentUUID": "5edab62b-128c-432e-8db2-8f36a924098d",
              "isHook": false,
              "skipped": false
            }
          ],
          "suites": [],
          "passes": [
            "b3fbf3bf-c67c-4c40-831d-e3c79999878c",
            "a943673a-cbe4-4db9-9825-ee0e50a60745",
            "9fcecb72-3766-4d3f-9f65-81a85b5eb53e"
          ],
          "failures": [],
          "pending": [],
          "skipped": [],
          "duration": 45465,
          "root": false,
          "rootEmpty": false,
          "_timeout": 2000
        }
      ],
      "passes": [],
      "failures": [],
      "pending": [],
      "skipped": [],
      "duration": 0,
      "root": true,
      "rootEmpty": true,
      "_timeout": 2000
    }
  ],
  "meta": {
    "mocha": {
      "version": "7.0.1"
    },
    "mochawesome": {
      "options": {
        "quiet": false,
        "reportFilename": "mochawesome",
        "saveHtml": true,
        "saveJson": true,
        "consoleReporter": "spec",
        "useInlineDiffs": false,
        "code": true
      },
      "version": "7.1.3"
    },
    "marge": {
      "options": {
        "id": "default",
        "reportDir": "cypress/results/mochawesome",
        "overwrite": false,
        "html": true,
        "json": true
      },
      "version": "6.2.0"
    }
  }
}