{
  "stats": {
    "suites": 1,
    "tests": 1,
    "passes": 1,
    "pending": 0,
    "failures": 0,
    "start": "2025-01-16T12:49:52.348Z",
    "end": "2025-01-16T12:50:17.001Z",
    "duration": 24653,
    "testsRegistered": 1,
    "passPercent": 100,
    "pendingPercent": 0,
    "other": 0,
    "hasOther": false,
    "skipped": 0,
    "hasSkipped": false
  },
  "results": [
    {
      "uuid": "8b2c845d-0881-4ebc-98e8-39cf98207a37",
      "title": "",
      "fullFile": "cypress/e2e/CorporateClientFunctionality/Workflow_Task_History_test.cy.ts",
      "file": "cypress/e2e/CorporateClientFunctionality/Workflow_Task_History_test.cy.ts",
      "beforeHooks": [],
      "afterHooks": [],
      "tests": [],
      "suites": [
        {
          "uuid": "2182df1e-8916-4be2-bfe0-a3d6822a145d",
          "title": "Workflow Task History",
          "fullFile": "",
          "file": "",
          "beforeHooks": [],
          "afterHooks": [],
          "tests": [
            {
              "title": "Navigates to Workflow Task History",
              "fullTitle": "Workflow Task History Navigates to Workflow Task History",
              "timedOut": null,
              "duration": 24590,
              "state": "passed",
              "speed": "slow",
              "pass": true,
              "fail": false,
              "pending": false,
              "context": null,
              "code": "// Navigate to specific client\n(0, e2e_1.navigateToClientMenu)('Corporate');\ncy.get('.left-secondary-menu .left-menu-items.main-menu li>sa-menu-item>a').contains('Workflow Task History').click().wait(1000);\ncy.get('#gridTaskHistory');\ncy.contains('h1', 'Workflow Tasks History');",
              "err": {},
              "uuid": "29818cb2-469c-4cf8-9186-7cbca165c272",
              "parentUUID": "2182df1e-8916-4be2-bfe0-a3d6822a145d",
              "isHook": false,
              "skipped": false
            }
          ],
          "suites": [],
          "passes": [
            "29818cb2-469c-4cf8-9186-7cbca165c272"
          ],
          "failures": [],
          "pending": [],
          "skipped": [],
          "duration": 24590,
          "root": false,
          "rootEmpty": false,
          "_timeout": 2000
        }
      ],
      "passes": [],
      "failures": [],
      "pending": [],
      "skipped": [],
      "duration": 0,
      "root": true,
      "rootEmpty": true,
      "_timeout": 2000
    }
  ],
  "meta": {
    "mocha": {
      "version": "7.0.1"
    },
    "mochawesome": {
      "options": {
        "quiet": false,
        "reportFilename": "mochawesome",
        "saveHtml": true,
        "saveJson": true,
        "consoleReporter": "spec",
        "useInlineDiffs": false,
        "code": true
      },
      "version": "7.1.3"
    },
    "marge": {
      "options": {
        "id": "default",
        "reportDir": "cypress/results/mochawesome",
        "overwrite": false,
        "html": true,
        "json": true
      },
      "version": "6.2.0"
    }
  }
}