{
  "stats": {
    "suites": 1,
    "tests": 3,
    "passes": 3,
    "pending": 0,
    "failures": 0,
    "start": "2025-01-16T13:12:02.975Z",
    "end": "2025-01-16T13:12:55.224Z",
    "duration": 52249,
    "testsRegistered": 3,
    "passPercent": 100,
    "pendingPercent": 0,
    "other": 0,
    "hasOther": false,
    "skipped": 0,
    "hasSkipped": false
  },
  "results": [
    {
      "uuid": "9939a61d-f515-4cc4-a9f0-77a12b0e3201",
      "title": "",
      "fullFile": "cypress/e2e/IndividualClientFunctionality/Add_Edit_Delete_Tax-Residency_test.cy.ts",
      "file": "cypress/e2e/IndividualClientFunctionality/Add_Edit_Delete_Tax-Residency_test.cy.ts",
      "beforeHooks": [],
      "afterHooks": [],
      "tests": [],
      "suites": [
        {
          "uuid": "e9455263-c141-4521-975c-4f6aa1a6601b",
          "title": "Adds, Edits and Deletes Tax Residency - Individual",
          "fullFile": "",
          "file": "",
          "beforeHooks": [],
          "afterHooks": [],
          "tests": [
            {
              "title": "Adds Tax Residency",
              "fullTitle": "Adds, Edits and Deletes Tax Residency - Individual Adds Tax Residency",
              "timedOut": null,
              "duration": 31201,
              "state": "passed",
              "speed": "slow",
              "pass": true,
              "fail": false,
              "pending": false,
              "context": null,
              "code": "(0, e2e_1.navigateToClientMenu)('Individual');\ncy.get('.left-secondary-menu .left-menu-items.main-menu li>sa-menu-item>a').contains('span', 'Tax Residency').click();\ncy.wait(1000);\ncy.location('pathname').then(function (pathname) {\n    var pathSections = pathname.split('/');\n    client_id = pathSections[3];\n});\ncy.get('sa-button').contains('Add').click();\ncy.wait(1000);\ncy.getBySel('countriesList').click().wait(1000);\ncy.get('#dynamicSelectBoxDropdownGrid .dx-datagrid-content').contains('Afghanistan').click();\n// cy.getBySel('reasonsForTinList').click()\n// cy.get('#dynamicSelectBoxDropdownGrid td').contains('Tin Test').click()\ncy.getByFormControlName('notes').type(faker_1.faker.word.words(5));\ncy.getByFormControlName('explanation').type(faker_1.faker.word.words(15));\ncy.get('#addTaxResidencyForm').contains('Save').click().wait(1000);\ncy.contains('Tax residency has been added.').wait(1500);",
              "err": {},
              "uuid": "a37e59bb-3736-46d7-809e-c5828f4b29cb",
              "parentUUID": "e9455263-c141-4521-975c-4f6aa1a6601b",
              "isHook": false,
              "skipped": false
            },
            {
              "title": "Edits a Tax Residency",
              "fullTitle": "Adds, Edits and Deletes Tax Residency - Individual Edits a Tax Residency",
              "timedOut": null,
              "duration": 12000,
              "state": "passed",
              "speed": "slow",
              "pass": true,
              "fail": false,
              "pending": false,
              "context": null,
              "code": "cy.visit(\"/main/client-individual/\".concat(client_id, \"/1/tax-residencies\")).wait(3000);\ncy.get('.dx-icon-edit').last().click({ force: true }).wait(2000);\ncy.get('#gridClientTaxResidencies table .dx-row').first().wait(1000);\ncy.get('#gridClientTaxResidencies .dx-texteditor-input').eq(6).click();\ncy.get('.dx-scrollable').contains('Algeria').click({ force: true }).wait(1000);\ncy.get('.dx-datagrid-content-fixed > .dx-datagrid-table > tbody > .dx-data-row > .dx-command-edit > .dx-link-save').click().wait(1000);\ncy.contains('Tax residency has been updated.').wait(1500);",
              "err": {},
              "uuid": "1b8058cd-67a1-471b-9728-418c72d880ec",
              "parentUUID": "e9455263-c141-4521-975c-4f6aa1a6601b",
              "isHook": false,
              "skipped": false
            },
            {
              "title": "Deletes a Tax Residency",
              "fullTitle": "Adds, Edits and Deletes Tax Residency - Individual Deletes a Tax Residency",
              "timedOut": null,
              "duration": 8902,
              "state": "passed",
              "speed": "medium",
              "pass": true,
              "fail": false,
              "pending": false,
              "context": null,
              "code": "cy.visit(\"/main/client-individual/\".concat(client_id, \"/1/tax-residencies\")).wait(3000);\ncy.get('.dx-icon-trash').last().click({ force: true });\ncy.wait(2000);\ncy.contains('Yes').click({ force: true }).wait(1000);\ncy.contains('Tax residency has been deleted.').wait(1000);",
              "err": {},
              "uuid": "6416a722-2eef-40b6-bfa7-1d1a4b7d378b",
              "parentUUID": "e9455263-c141-4521-975c-4f6aa1a6601b",
              "isHook": false,
              "skipped": false
            }
          ],
          "suites": [],
          "passes": [
            "a37e59bb-3736-46d7-809e-c5828f4b29cb",
            "1b8058cd-67a1-471b-9728-418c72d880ec",
            "6416a722-2eef-40b6-bfa7-1d1a4b7d378b"
          ],
          "failures": [],
          "pending": [],
          "skipped": [],
          "duration": 52103,
          "root": false,
          "rootEmpty": false,
          "_timeout": 2000
        }
      ],
      "passes": [],
      "failures": [],
      "pending": [],
      "skipped": [],
      "duration": 0,
      "root": true,
      "rootEmpty": true,
      "_timeout": 2000
    }
  ],
  "meta": {
    "mocha": {
      "version": "7.0.1"
    },
    "mochawesome": {
      "options": {
        "quiet": false,
        "reportFilename": "mochawesome",
        "saveHtml": true,
        "saveJson": true,
        "consoleReporter": "spec",
        "useInlineDiffs": false,
        "code": true
      },
      "version": "7.1.3"
    },
    "marge": {
      "options": {
        "id": "default",
        "reportDir": "cypress/results/mochawesome",
        "overwrite": false,
        "html": true,
        "json": true
      },
      "version": "6.2.0"
    }
  }
}