{
  "stats": {
    "suites": 1,
    "tests": 1,
    "passes": 1,
    "pending": 0,
    "failures": 0,
    "start": "2025-01-16T07:26:04.657Z",
    "end": "2025-01-16T07:26:12.928Z",
    "duration": 8271,
    "testsRegistered": 1,
    "passPercent": 100,
    "pendingPercent": 0,
    "other": 0,
    "hasOther": false,
    "skipped": 0,
    "hasSkipped": false
  },
  "results": [
    {
      "uuid": "5453bcc8-141f-4f73-a797-a261fae057af",
      "title": "",
      "fullFile": "cypress/e2e/SideMenu/Know_Your_Transactions_test.cy.ts",
      "file": "cypress/e2e/SideMenu/Know_Your_Transactions_test.cy.ts",
      "beforeHooks": [],
      "afterHooks": [],
      "tests": [],
      "suites": [
        {
          "uuid": "ba5aa2a6-3804-47f7-9e40-124ce34d6a94",
          "title": "Know your Transactions",
          "fullFile": "",
          "file": "",
          "beforeHooks": [],
          "afterHooks": [],
          "tests": [
            {
              "title": "Visits know your transactions page",
              "fullTitle": "Know your Transactions Visits know your transactions page",
              "timedOut": null,
              "duration": 8198,
              "state": "passed",
              "speed": "medium",
              "pass": true,
              "fail": false,
              "pending": false,
              "context": null,
              "code": "cy.getByDataCy(\"know-your-transactions\").click();\ncy.location('pathname').should(\"equal\", \"/know-your-transactions/transactions\");\ncy.contains(\"Know your Transactions\");",
              "err": {},
              "uuid": "313daae0-a970-4b6a-afab-43c7e4a43d52",
              "parentUUID": "ba5aa2a6-3804-47f7-9e40-124ce34d6a94",
              "isHook": false,
              "skipped": false
            }
          ],
          "suites": [],
          "passes": [
            "313daae0-a970-4b6a-afab-43c7e4a43d52"
          ],
          "failures": [],
          "pending": [],
          "skipped": [],
          "duration": 8198,
          "root": false,
          "rootEmpty": false,
          "_timeout": 2000
        }
      ],
      "passes": [],
      "failures": [],
      "pending": [],
      "skipped": [],
      "duration": 0,
      "root": true,
      "rootEmpty": true,
      "_timeout": 2000
    }
  ],
  "meta": {
    "mocha": {
      "version": "7.0.1"
    },
    "mochawesome": {
      "options": {
        "quiet": false,
        "reportFilename": "mochawesome",
        "saveHtml": true,
        "saveJson": true,
        "consoleReporter": "spec",
        "useInlineDiffs": false,
        "code": true
      },
      "version": "7.1.3"
    },
    "marge": {
      "options": {
        "id": "default",
        "reportDir": "cypress/results/mochawesome",
        "overwrite": false,
        "html": true,
        "json": true
      },
      "version": "6.2.0"
    }
  }
}