{
  "stats": {
    "suites": 1,
    "tests": 1,
    "passes": 1,
    "pending": 0,
    "failures": 0,
    "start": "2025-01-15T08:00:47.017Z",
    "end": "2025-01-15T08:02:49.377Z",
    "duration": 122360,
    "testsRegistered": 1,
    "passPercent": 100,
    "pendingPercent": 0,
    "other": 0,
    "hasOther": false,
    "skipped": 0,
    "hasSkipped": false
  },
  "results": [
    {
      "uuid": "7b8cc909-3b58-45bc-9d85-03f26cd502b8",
      "title": "",
      "fullFile": "cypress/e2e/ClientCommonComponents/Navigate_Through_Client_Individual_Detail_Lines_test.cy.ts",
      "file": "cypress/e2e/ClientCommonComponents/Navigate_Through_Client_Individual_Detail_Lines_test.cy.ts",
      "beforeHooks": [],
      "afterHooks": [],
      "tests": [],
      "suites": [
        {
          "uuid": "6508312b-32ba-4880-8c9c-8b84c3ff0088",
          "title": "Navigate through Client individual detail lines",
          "fullFile": "",
          "file": "",
          "beforeHooks": [],
          "afterHooks": [],
          "tests": [
            {
              "title": "Client Individual Detail Lines",
              "fullTitle": "Navigate through Client individual detail lines Client Individual Detail Lines",
              "timedOut": null,
              "duration": 122339,
              "state": "passed",
              "speed": "slow",
              "pass": true,
              "fail": false,
              "pending": false,
              "context": null,
              "code": "// Click on Know your Clients navigation item\nObject(_support_e2e__WEBPACK_IMPORTED_MODULE_0__[\"navigateToClientMenu\"])('Individual');\ncy.get('.left-secondary-menu .left-menu-items.main-menu li>sa-menu-item>a').each((el, index, list) => {\n    cy.wrap(el).click();\n    cy.wait(2000);\n});",
              "err": {},
              "uuid": "dcf1a791-2914-43c1-b2f1-cadd4f918eb8",
              "parentUUID": "6508312b-32ba-4880-8c9c-8b84c3ff0088",
              "isHook": false,
              "skipped": false
            }
          ],
          "suites": [],
          "passes": [
            "dcf1a791-2914-43c1-b2f1-cadd4f918eb8"
          ],
          "failures": [],
          "pending": [],
          "skipped": [],
          "duration": 122339,
          "root": false,
          "rootEmpty": false,
          "_timeout": 2000
        }
      ],
      "passes": [],
      "failures": [],
      "pending": [],
      "skipped": [],
      "duration": 0,
      "root": true,
      "rootEmpty": true,
      "_timeout": 2000
    }
  ],
  "meta": {
    "mocha": {
      "version": "7.0.1"
    },
    "mochawesome": {
      "options": {
        "quiet": false,
        "reportFilename": "mochawesome",
        "saveHtml": true,
        "saveJson": true,
        "consoleReporter": "spec",
        "useInlineDiffs": false,
        "code": true
      },
      "version": "7.1.3"
    },
    "marge": {
      "options": {
        "id": "default",
        "reportDir": "cypress/results/mochawesome",
        "overwrite": false,
        "html": true,
        "json": true
      },
      "version": "6.2.0"
    }
  }
}