{
  "stats": {
    "suites": 1,
    "tests": 2,
    "passes": 2,
    "pending": 0,
    "failures": 0,
    "start": "2025-01-16T13:33:51.870Z",
    "end": "2025-01-16T13:34:08.599Z",
    "duration": 16729,
    "testsRegistered": 2,
    "passPercent": 100,
    "pendingPercent": 0,
    "other": 0,
    "hasOther": false,
    "skipped": 0,
    "hasSkipped": false
  },
  "results": [
    {
      "uuid": "510c06e6-3419-4750-a009-31a74524536d",
      "title": "",
      "fullFile": "cypress/e2e/SideMenu/Know_Your_Firms_test.cy.ts",
      "file": "cypress/e2e/SideMenu/Know_Your_Firms_test.cy.ts",
      "beforeHooks": [],
      "afterHooks": [],
      "tests": [],
      "suites": [
        {
          "uuid": "60356992-3251-4f8d-b224-d19017d3edd0",
          "title": "Know your firms",
          "fullFile": "",
          "file": "",
          "beforeHooks": [],
          "afterHooks": [],
          "tests": [
            {
              "title": "Visits know your firms page",
              "fullTitle": "Know your firms Visits know your firms page",
              "timedOut": null,
              "duration": 10798,
              "state": "passed",
              "speed": "slow",
              "pass": true,
              "fail": false,
              "pending": false,
              "context": null,
              "code": "cy.getByDataCy(\"my-firms-btn\").click();\ncy.location('pathname').should(\"equal\", \"/know-your-firms/firms\");\ncy.contains(\"Know your Firm\").wait(2000);",
              "err": {},
              "uuid": "cb8c1088-5ba9-446b-9eec-720b252765e6",
              "parentUUID": "60356992-3251-4f8d-b224-d19017d3edd0",
              "isHook": false,
              "skipped": false
            },
            {
              "title": "Can view a single firm",
              "fullTitle": "Know your firms Can view a single firm",
              "timedOut": null,
              "duration": 5852,
              "state": "passed",
              "speed": "medium",
              "pass": true,
              "fail": false,
              "pending": false,
              "context": null,
              "code": "cy.visit('main/dashboard');\n// select the right chevron icon\ncy.getByDataCy(\"my-firms-btn\").click();\ncy.get('.dx-datagrid-content-fixed > .dx-datagrid-table > tbody > .dx-data-row > .dx-command-edit > .dx-link').eq(0).click();\nvar url_pattern = /\\/know-your-firms\\/firm\\/\\d+\\/dashboard/; //eg  /know-your-firms/firm/1/dashboard\ncy.location(\"pathname\").should(\"match\", url_pattern);",
              "err": {},
              "uuid": "b6e84a51-9195-4ae1-9f8f-e0d4557a048f",
              "parentUUID": "60356992-3251-4f8d-b224-d19017d3edd0",
              "isHook": false,
              "skipped": false
            }
          ],
          "suites": [],
          "passes": [
            "cb8c1088-5ba9-446b-9eec-720b252765e6",
            "b6e84a51-9195-4ae1-9f8f-e0d4557a048f"
          ],
          "failures": [],
          "pending": [],
          "skipped": [],
          "duration": 16650,
          "root": false,
          "rootEmpty": false,
          "_timeout": 2000
        }
      ],
      "passes": [],
      "failures": [],
      "pending": [],
      "skipped": [],
      "duration": 0,
      "root": true,
      "rootEmpty": true,
      "_timeout": 2000
    }
  ],
  "meta": {
    "mocha": {
      "version": "7.0.1"
    },
    "mochawesome": {
      "options": {
        "quiet": false,
        "reportFilename": "mochawesome",
        "saveHtml": true,
        "saveJson": true,
        "consoleReporter": "spec",
        "useInlineDiffs": false,
        "code": true
      },
      "version": "7.1.3"
    },
    "marge": {
      "options": {
        "id": "default",
        "reportDir": "cypress/results/mochawesome",
        "overwrite": false,
        "html": true,
        "json": true
      },
      "version": "6.2.0"
    }
  }
}