{
  "stats": {
    "suites": 1,
    "tests": 3,
    "passes": 3,
    "pending": 0,
    "failures": 0,
    "start": "2025-01-15T09:54:13.506Z",
    "end": "2025-01-15T09:54:46.391Z",
    "duration": 32885,
    "testsRegistered": 3,
    "passPercent": 100,
    "pendingPercent": 0,
    "other": 0,
    "hasOther": false,
    "skipped": 0,
    "hasSkipped": false
  },
  "results": [
    {
      "uuid": "fd0c8ed0-772d-4eb1-965d-a98633f0b24c",
      "title": "",
      "fullFile": "cypress/e2e/HelperFunctionalities/ClientProfiling/Capacity_test.cy.ts",
      "file": "cypress/e2e/HelperFunctionalities/ClientProfiling/Capacity_test.cy.ts",
      "beforeHooks": [],
      "afterHooks": [],
      "tests": [],
      "suites": [
        {
          "uuid": "05477129-7f05-4bb8-ac68-dd8d22054dae",
          "title": "Capacity",
          "fullFile": "",
          "file": "",
          "beforeHooks": [],
          "afterHooks": [],
          "tests": [
            {
              "title": "Add Capacity",
              "fullTitle": "Capacity Add Capacity",
              "timedOut": null,
              "duration": 15414,
              "state": "passed",
              "speed": "slow",
              "pass": true,
              "fail": false,
              "pending": false,
              "context": null,
              "code": "cy.visit('/settings/capacities').wait(2000);\ncy.contains('sa-button', 'Add').click().wait(1000);\ncy.getByFormControlName('name').type('Test CEO');\ncy.getByFormControlName('mappingReference').type(_faker_js_faker__WEBPACK_IMPORTED_MODULE_0__[\"faker\"].string.alphanumeric((10)));\ncy.get('dx-drop-down-box').eq(0).click().wait(500);\ncy.get('.dx-overlay-content #dynamicSelectBoxDropdownGrid .dx-scrollable-wrapper .dx-datagrid-content tbody tr').eq(0).click().wait(500);\ncy.getByFormControlName('includeInEvaluation').click();\ncy.getByFormControlName('includePercentageOfShares').click();\ncy.get('#addCapacityForm').contains('Save').click().wait(2000);\ncy.contains('The capacity has been added.');",
              "err": {},
              "uuid": "54b350ea-b63d-4782-81f9-5c6528a69ed7",
              "parentUUID": "05477129-7f05-4bb8-ac68-dd8d22054dae",
              "isHook": false,
              "skipped": false
            },
            {
              "title": "Edits A Capacity",
              "fullTitle": "Capacity Edits A Capacity",
              "timedOut": null,
              "duration": 10580,
              "state": "passed",
              "speed": "slow",
              "pass": true,
              "fail": false,
              "pending": false,
              "context": null,
              "code": "cy.visit('/settings/capacities').wait(2000);\ncy.get('#gridCapacities tr .dx-first-cell .dx-texteditor-input').type('Test CEO', { force: true }).wait(2000);\ncy.get('tr td').find('.dx-icon-edit').eq(1).click({ force: true }).wait(1000);\ncy.get('#gridCapacities .dx-datagrid-table .dx-texteditor-container > .dx-texteditor-input-container > .dx-texteditor-input').as('capacityInputs');\ncy.get('@capacityInputs').eq(8).clear().wait(1000).type('CEO Test ' + _faker_js_faker__WEBPACK_IMPORTED_MODULE_0__[\"faker\"].string.alphanumeric(3), { force: true }).wait(1000);\ncy.get('tr td').find('.dx-icon-save').eq(1).click().wait(1000);\ncy.contains('The capacity has been updated');",
              "err": {},
              "uuid": "9a906bf5-a5bd-4151-9a66-379f9f81cf35",
              "parentUUID": "05477129-7f05-4bb8-ac68-dd8d22054dae",
              "isHook": false,
              "skipped": false
            },
            {
              "title": "Delete A Capacity",
              "fullTitle": "Capacity Delete A Capacity",
              "timedOut": null,
              "duration": 6861,
              "state": "passed",
              "speed": "medium",
              "pass": true,
              "fail": false,
              "pending": false,
              "context": null,
              "code": "cy.visit('/settings/capacities').wait(2000);\ncy.get('#gridCapacities tr .dx-first-cell .dx-texteditor-input').type('CEO Test', { force: true }).wait(2000);\ncy.get('tr td').find('.dx-icon-trash').eq(1).click({ force: true }).wait(1000);\ncy.get('.dx-popup-normal').contains('Yes').click({ force: true }).wait(1000);\ncy.contains('The capacity has been deleted.');",
              "err": {},
              "uuid": "bf536faf-6539-4c71-8731-a653966a16b8",
              "parentUUID": "05477129-7f05-4bb8-ac68-dd8d22054dae",
              "isHook": false,
              "skipped": false
            }
          ],
          "suites": [],
          "passes": [
            "54b350ea-b63d-4782-81f9-5c6528a69ed7",
            "9a906bf5-a5bd-4151-9a66-379f9f81cf35",
            "bf536faf-6539-4c71-8731-a653966a16b8"
          ],
          "failures": [],
          "pending": [],
          "skipped": [],
          "duration": 32855,
          "root": false,
          "rootEmpty": false,
          "_timeout": 2000
        }
      ],
      "passes": [],
      "failures": [],
      "pending": [],
      "skipped": [],
      "duration": 0,
      "root": true,
      "rootEmpty": true,
      "_timeout": 2000
    }
  ],
  "meta": {
    "mocha": {
      "version": "7.0.1"
    },
    "mochawesome": {
      "options": {
        "quiet": false,
        "reportFilename": "mochawesome",
        "saveHtml": true,
        "saveJson": true,
        "consoleReporter": "spec",
        "useInlineDiffs": false,
        "code": true
      },
      "version": "7.1.3"
    },
    "marge": {
      "options": {
        "id": "default",
        "reportDir": "cypress/results/mochawesome",
        "overwrite": false,
        "html": true,
        "json": true
      },
      "version": "6.2.0"
    }
  }
}