<?xml version="1.0" encoding="UTF-8"?>
<testsuites name="Mocha Tests" time="57.958" tests="3" failures="0">
  <testsuite name="Root Suite" timestamp="2025-01-16T12:22:48" tests="0" file="cypress/e2e/CorporateClientFunctionality/Add_Edit_Delete_Client_Address_test.cy.ts" time="0.000" failures="0">
  </testsuite>
  <testsuite name="Add, Edit, Delete Client Address" timestamp="2025-01-16T12:23:00" tests="3" time="46.084" failures="0">
    <testcase name="Add, Edit, Delete Client Address Add Client Address" time="33.078" classname="Add Client Address">
    </testcase>
    <testcase name="Add, Edit, Delete Client Address Edit client address" time="13.327" classname="Edit client address">
    </testcase>
    <testcase name="Add, Edit, Delete Client Address Delete client address" time="11.404" classname="Delete client address">
    </testcase>
  </testsuite>
</testsuites>