<?xml version="1.0" encoding="UTF-8"?>
<testsuites name="Mocha Tests" time="10.273" tests="1" failures="0">
  <testsuite name="Root Suite" timestamp="2025-01-15T09:33:38" tests="0" file="cypress/e2e/SideMenu/Home_Navigation_test.cy.ts" time="0.000" failures="0">
  </testsuite>
  <testsuite name="Home Navigations" timestamp="2025-01-15T09:33:43" tests="1" time="4.526" failures="0">
    <testcase name="Home Navigations Visit the homepage" time="10.220" classname="Visit the homepage">
    </testcase>
  </testsuite>
</testsuites>