<?xml version="1.0" encoding="UTF-8"?>
<testsuites name="Mocha Tests" time="77.753" tests="4" failures="4">
  <testsuite name="Root Suite" timestamp="2025-01-16T06:33:34" tests="0" file="cypress/e2e/CorporateClientFunctionality/Add_Edit_Delete_Ultimate_Beneficial_Owner_test.cy.ts" time="0.000" failures="0">
  </testsuite>
  <testsuite name="Ultimate Beneficial Owner" timestamp="2025-01-16T06:33:45" tests="4" time="66.388" failures="4">
    <testcase name="Ultimate Beneficial Owner Adds UBO" time="0.000" classname="Adds UBO">
      <failure message="Timed out retrying after 4000ms: Expected to find content: &apos;The beneficiary has been added.&apos; but never did." type="AssertionError"><![CDATA[AssertionError: Timed out retrying after 4000ms: Expected to find content: 'The beneficiary has been added.' but never did.
    at Context.eval (webpack://clm_cypress/./cypress/e2e/CorporateClientFunctionality/Add_Edit_Delete_Ultimate_Beneficial_Owner_test.cy.ts:24:0)]]></failure>
    </testcase>
    <testcase name="Ultimate Beneficial Owner Edits UBO" time="0.000" classname="Edits UBO">
      <failure message="Timed out retrying after 4000ms: Expected to find element: `#gridClientBeneficiary .dx-icon-chevrondoubleright`, but never found it." type="AssertionError"><![CDATA[AssertionError: Timed out retrying after 4000ms: Expected to find element: `#gridClientBeneficiary .dx-icon-chevrondoubleright`, but never found it.
    at Context.eval (webpack://clm_cypress/./cypress/e2e/CorporateClientFunctionality/Add_Edit_Delete_Ultimate_Beneficial_Owner_test.cy.ts:31:0)]]></failure>
    </testcase>
    <testcase name="Ultimate Beneficial Owner Deletes UBO" time="0.000" classname="Deletes UBO">
      <failure message="Timed out retrying after 4000ms: Expected to find element: `#gridClientBeneficiary .dx-icon-trash`, but never found it." type="AssertionError"><![CDATA[AssertionError: Timed out retrying after 4000ms: Expected to find element: `#gridClientBeneficiary .dx-icon-trash`, but never found it.
    at Context.eval (webpack://clm_cypress/./cypress/e2e/CorporateClientFunctionality/Add_Edit_Delete_Ultimate_Beneficial_Owner_test.cy.ts:39:0)]]></failure>
    </testcase>
    <testcase name="Ultimate Beneficial Owner Deletes Authorized Person" time="0.000" classname="Deletes Authorized Person">
      <failure message="Timed out retrying after 4000ms: Expected to find content: &apos;Shareholder has been deleted.&apos; but never did." type="AssertionError"><![CDATA[AssertionError: Timed out retrying after 4000ms: Expected to find content: 'Shareholder has been deleted.' but never did.
    at Context.eval (webpack://clm_cypress/./cypress/e2e/CorporateClientFunctionality/Add_Edit_Delete_Ultimate_Beneficial_Owner_test.cy.ts:48:0)]]></failure>
    </testcase>
  </testsuite>
</testsuites>