<?xml version="1.0" encoding="UTF-8"?>
<testsuites name="Mocha Tests" time="17.947" tests="2" failures="0">
  <testsuite name="Root Suite" timestamp="2025-01-15T10:42:25" tests="0" file="cypress/e2e/ScreenPerformance/Administration/Administration_Level_1_Submenus_test.cy.ts" time="0.000" failures="0">
  </testsuite>
  <testsuite name="Administration Submenu Level 1" timestamp="2025-01-15T10:42:31" tests="2" time="12.328" failures="0">
    <testcase name="Administration Submenu Level 1 Opens Account" time="12.072" classname="Opens Account">
    </testcase>
    <testcase name="Administration Submenu Level 1 Opens release notes" time="5.848" classname="Opens release notes">
    </testcase>
  </testsuite>
</testsuites>