<?xml version="1.0" encoding="UTF-8"?>
<testsuites name="Mocha Tests" time="290.117" tests="8" failures="1">
  <testsuite name="Root Suite" timestamp="2025-01-16T07:33:10" tests="0" file="cypress/e2e/SideMenu/Reports_Lists.test.cy.ts" time="0.000" failures="0">
  </testsuite>
  <testsuite name="Reports/Lists module" timestamp="2025-01-16T07:33:16" tests="1" time="4.381" failures="0">
    <testcase name="Reports/Lists module Open reports level 1 menu" time="10.522" classname="Open reports level 1 menu">
    </testcase>
  </testsuite>
  <testsuite name="Onboarding Portal" timestamp="2025-01-16T07:33:21" tests="1" time="15.728" failures="0">
    <testcase name="Onboarding Portal Opens menu under the section and navigates to the expected pages" time="15.693" classname="Opens menu under the section and navigates to the expected pages">
    </testcase>
  </testsuite>
  <testsuite name="Client Profiling" timestamp="2025-01-16T07:33:36" tests="1" time="39.376" failures="0">
    <testcase name="Client Profiling Opens the client profiling menu - level 2 menu" time="39.326" classname="Opens the client profiling menu - level 2 menu">
    </testcase>
  </testsuite>
  <testsuite name="Client Evaluations &amp; Documents" timestamp="2025-01-16T07:34:16" tests="1" time="85.495" failures="0">
    <testcase name="Client Evaluations &amp; Documents Opens menu under the section and navigates to the expected pages" time="85.340" classname="Opens menu under the section and navigates to the expected pages">
    </testcase>
  </testsuite>
  <testsuite name="Transaction Monitoring &amp; Actions" timestamp="2025-01-16T07:35:41" tests="1" time="49.409" failures="0">
    <testcase name="Transaction Monitoring &amp; Actions Opens menu under the section and navigates to the expected pages" time="49.354" classname="Opens menu under the section and navigates to the expected pages">
    </testcase>
  </testsuite>
  <testsuite name="Screening &amp; Electronic Identification" timestamp="2025-01-16T07:36:31" tests="1" time="69.011" failures="0">
    <testcase name="Screening &amp; Electronic Identification Opens menu under the section and navigates to the expected pages" time="68.959" classname="Opens menu under the section and navigates to the expected pages">
    </testcase>
  </testsuite>
  <testsuite name="Machine Learning" timestamp="2025-01-16T07:37:40" tests="1" time="5.385" failures="0">
    <testcase name="Machine Learning Opens menu under the section and navigates to the expected pages" time="5.333" classname="Opens menu under the section and navigates to the expected pages">
    </testcase>
  </testsuite>
  <testsuite name="Other" timestamp="2025-01-16T07:37:45" tests="1" time="15.140" failures="1">
    <testcase name="Other Opens menu under the section and navigates to the expected pages" time="0.000" classname="Opens menu under the section and navigates to the expected pages">
      <failure message="Timed out retrying after 4000ms: expected &apos;&lt;sa-menu-item.ng-tns-c329-19.ng-star-inserted&gt;&apos; to be &apos;visible&apos;

This element `&lt;sa-menu-item.ng-tns-c329-19.ng-star-inserted&gt;` is not visible because its ancestor has `position: fixed` CSS property and it is overflowed by other elements. How about scrolling to the element with `cy.scrollIntoView()`?" type="AssertionError"><![CDATA[AssertionError: Timed out retrying after 4000ms: expected '<sa-menu-item.ng-tns-c329-19.ng-star-inserted>' to be 'visible'

This element `<sa-menu-item.ng-tns-c329-19.ng-star-inserted>` is not visible because its ancestor has `position: fixed` CSS property and it is overflowed by other elements. How about scrolling to the element with `cy.scrollIntoView()`?
    at eval (webpack://clm_cypress/./cypress/e2e/SideMenu/Reports_Lists.test.cy.ts:212:0)
at Array.forEach (<anonymous>)
    at Context.eval (webpack://clm_cypress/./cypress/e2e/SideMenu/Reports_Lists.test.cy.ts:204:0)]]></failure>
    </testcase>
  </testsuite>
</testsuites>