<?xml version="1.0" encoding="UTF-8"?>
<testsuites name="Mocha Tests" time="32.915" tests="3" failures="0">
  <testsuite name="Root Suite" timestamp="2025-01-16T08:01:59" tests="0" file="cypress/e2e/HelperFunctionalities/ClientProfiling/Related_Website_Types_test.cy.ts" time="0.000" failures="0">
  </testsuite>
  <testsuite name="Related Website Types" timestamp="2025-01-16T08:02:05" tests="3" time="26.783" failures="0">
    <testcase name="Related Website Types Adds a Related Website Type" time="12.378" classname="Adds a Related Website Type">
    </testcase>
    <testcase name="Related Website Types Edits a Related Website Type" time="11.459" classname="Edits a Related Website Type">
    </testcase>
    <testcase name="Related Website Types Deletes a Related Website Type" time="8.898" classname="Deletes a Related Website Type">
    </testcase>
  </testsuite>
</testsuites>