<?xml version="1.0" encoding="UTF-8"?>
<testsuites name="Mocha Tests" time="66.604" tests="8" failures="1">
  <testsuite name="Root Suite" timestamp="2025-01-16T12:14:24" tests="0" file="cypress/e2e/DemonstrationFlow/Add_Client_Corporate_Process_test.cy.ts" time="0.000" failures="0">
  </testsuite>
  <testsuite name="Add Corporate Client Process" timestamp="2025-01-16T12:14:30" tests="8" time="60.293" failures="1">
    <testcase name="Add Corporate Client Process should add a corporate client" time="19.503" classname="should add a corporate client">
    </testcase>
    <testcase name="Add Corporate Client Process should add a client document" time="6.936" classname="should add a client document">
    </testcase>
    <testcase name="Add Corporate Client Process should update document status to collected" time="6.641" classname="should update document status to collected">
    </testcase>
    <testcase name="Add Corporate Client Process should perform internal monitoring" time="0.000" classname="should perform internal monitoring">
      <failure message="`cy.request()` failed on:

https://complytek-testing-api.regtek.co/api/clientCommon/492/internalBlackListsOngoingMonitoring

The response we received from your web server was:

  &gt; 400: Bad Request

This was considered a failure because the status code was not `2xx` or `3xx`.

If you do not want status codes to cause failures pass the option: `failOnStatusCode: false`

-----------------------------------------------------------

The request we sent was:

Method: POST
URL: https://complytek-testing-api.regtek.co/api/clientCommon/492/internalBlackListsOngoingMonitoring
Headers: {
  &quot;Connection&quot;: &quot;keep-alive&quot;,
  &quot;Content-Type&quot;: &quot;application/json&quot;,
  &quot;Authorization&quot;: &quot;Bearer eyJhbGciOiJSU0EtT0FFUCIsImVuYyI6IkEyNTZDQkMtSFM1MTIiLCJraWQiOiI1RkM0QkM4NzM2QTE5NzkwQkUxQzU4NTc3NENCQjM4RDVDQzA1NTNDIiwidHlwIjoiYXQrand0In0.ryZjUMerXXLRq3P8WWpPU-Exqe99hWw7gVC3nPAycls_U78AmXuTcctyqf9gEC95D1Kqf8OqqQnf1m2KO7sEcL9PN94MrCO44JT1th3TuH9p5EwBHLT0mYjxffQlYA6IE9O6Wo9FSBh_gUQstqNJTekk-9HzGjTttbZYmfxQ2nIg1ogG1wHJ0NPM4CTwgtrIiPaIxOWk73wKMFVcCoC-y1w8D_D9us3SJtJUqUlA3dm2qHWtVshkLLCwJ5rplICLc_OekcLl1gkBpKz16w_hKi-sM_NWU_nbO-GuAAJulOLNNx2-t1ZaI16OIdk14hXNw0xwqj_0bwjpgxyxyIRDiPcZlN-Q5VjgpAAAjEhOhGKzHrMB4VK_bH9bhrtccCJ4WS7I4sUru6154EYTX6HIQpZ_M5VY2yS0_R1R6fUmtNUpHmGQsYt0_uc8z8-STp5NahZox41jk887l_5RYvmwnyFs0eHZzCg4t8OubkTQOrEQU9Zms7H_GUk5vvKTHVbtDMVO28_ipXgB9VdlqoNEBqPAwOHicWcC5O3uL3z0Ryrz6l5Y1rOfRCcymeA0bCyi9OVzp2g7LKvslEw-DYxD_BgMAgQrInsfr8h8dJIIonANXqgzIRXHctmadnpJijFK0WTjHt1QI_QdZiKpNluAyXrrfV37Lnl_fwlunmuyeD0.k7WxJfD3fiHiaqOpHviAjQ.zk0fZxSyAsgjFT5TG6Cj4g0r5HDK0SwzAw6y9U6yA04RKF1CGFNdtZQcZmp2AhIUPZXoTYsHZO7ZVazvpecqEpHbZnG37FBdYUKyeuiSOYmwJtfuYVQfYGNxRnx81NrwWe3Mu8XIFTsVCV94sEhVli_e75RpchQ0NiH4j1wgSiscYLggX83fIkjC2IgznBIoE4olNYcPlmaHN3jGdZXlM0cez-dn-0i5NREibbEG2PNx6xQTa1mmyTdzEqh04rg_vnrHZtWyFqa01Fb5VRx2R8mRROv1OHDgT1wZ-1jftORoU5Rh1qf-t4zRDJw8vparO7dEXidAsdC2_3n_0zDYU_6nSefQrDq3a9-OJEG5Liok0x2VTH7hlKqVixsdkBm6ZzfeRKjuJHgyZF47C7FD8EcGCbUQyvIce0Qlnm1dpqGckRETD-mZvo51rMhROfoI4wWWJOcqpOWrAbldfbMgGG1GLJ9hVh8bvnQfLNAggHZie5nkP0NPM7RBFq9-0MuyKWTkHxv09tBnaqNslZPsDjsfs8vttenmoHV6sFF-D5WtzHdKtGtOYJv8uT2L4rRkFarPZlTzhudVipybZPhQxyqWzTOiA5TyJerEKEvRx4cBzJuaPczUguvjR4Bf3TNNY6A6dqE56Uce8PuKnK5ZmqEs_CQV-lv4VDz121Nrrvy7RkyR5dPoxiSq6AnQrgJuLkz9_ykjiEAlWmW_8RL7vB_nDEGSwhpfPR-eMo5CsdWQ2JRqbaotUAGHLLjeTWwVlkxz5_GaMyN78gKEbqTGWua7FwFwnMe_OcOittwZCmTLZ-1Ggs7Uu0fE4qxrIU3qXIAeopWcZ0xycdJro-aK-27E8daukbqW4In7iYw3gi3URhYnQQPkhHSk_NY9VrSKwv4wZTGYCYq_UTFQGlzrAEp4l6BRZ8UtikjVuvrWZ-nCw7Qo07KHq7oeDQOJJZxtWMM1gnNQb1wxfV0MnUluWqRKga4n9oiBAGZoaO4nCDn0HKTEeLeK1qEaloQj6cBV5nVb7_pOf6-Iq0Xvdr2BqrG17MFVz0CNcR0mtM719rp6ShnlpasydDMevszTb3iL7ojcmZ179FWAzReWlWSI-EH_qGYH5qghc6YVikG6JERk3EMaup3zBI_3o0PYyLzQqXBwp79kCySDGpOWClgXpYqeNoTuR75M4L0jZoNMsJGoo_6T-7xq8LYljc6Mprb2V-Yn1B4WoPz4R-nLu8UQcBME9jc2VBO2qsf94FEF2An7HcZPH5svPjVpnIzl-_rrXtq0ekd4dy_USiZli2YTocotYbsEpNpBN3URebdOO_KaRJSsHRZphQIRttvbmM1A4xvPzc72PBkLo5gAsOv2_dkXHnRnpReV2dDmaCB3hXzFcTNGQNihJAXmPZjPGdZQ1J_YFcp4-IW9UWo8LtPJET3A7rYk7eTC2pj9hz4BnkxnPcCf3AmHCbVDZDvswuKK09Td8fu9NCVYugjeTCREMZusCXuX-ofr8T1JiSReKHIdvcRn0fLbD6MqSi3rWVZl7DGGCN4XB22n5tq8hdQCOh0W4WtMDItymZLodreAyDHYgRnBtUW78IHBL8IxGf8ZsOaoHSYsy04Jaw1y2RFZKavBcOBl7CDwHaRP2_inLcr0D1-HFGG08HmXeIKTK-o1H2-zFjFwoWpf5hBnTsw8fHIOPcQCpnaAikAxvH7yNoRmSsET31PYMTzbQJ14x7WQbfF810vU-zLtg-ygLjwuirxC83jaTJEUt0Az6niBoVdpTrv9jn1l0G3b49EtHD1PCwkcVYaRWFaeBtfuOT7oVcKC36p_AmC1YCTxPpq8RybjcUt7jaGyElcLvbiuIP4vrmgAdy0Vboosz3OnTw4gdZd9g6KPT6jNwZd7AJWEF1aPJMQN2OcvJT5Nws7fNLXU-F66OR-No31sY-32uzOcA7HvaG-lUfRu8IpdZPuJay23A8gGwkn1ec_-yEKZJjfgQlbh2XYOTRtJMG3v6u0ERQFMVX_2osr3EJ8Lhq_6ZBHFCfb8kwQdfAG-3kXUzaUt1JTWO-kRf7upIn60gDF0n4pEINGhLwQHrSnatgm1U7RoSKWGAT4zBPdZD4ZFHi31EFp_zqHLiRGoQS5ADH5IYCeezKxYWdchF4lkHbjuNLHAL-a6nMDLnePVlSxywiYTD5s33h6aDj9LyNBbae3Ku7ilRWBxO93yrrUnwtPpQ9KDm9dQpDwbh_Oek8aExHPN7F1ANfhw9nGoXN1fvmHYocmQzj2rFQxXG0A3BynpVvRMsjAbeYo2JG9IA2nrd6280o4L0r9820o2C5LckEso2exRUIxPtBKVl2ZaAGH1CbCJlQIRgb11mqkZajGTgYjLWNvBFBg4IxIMW7aWdPXRmO2Nt5X__VM9iJZ_LxWPhrxsKLmEGqNUf9fDY1m7pZkduZ43aaC0ABXkbJw9kRLow1yZNw22Nc4cMb2z5Higd9ZSf-GO8YJbLaqkZ_afRsMuWExf4DhdNWJ_S_y3KueoTYlH7QSG7TW3TEATu7fXH15uwCxH3fyj7Q1OYct2cuxK4fnU4VPC24tPSg6SkU7rz7ni6a-qcstP1nkas1hHIeU2iFDBHjw_SQ1MCQXEIDWQDpnRQ9BipGakj72rpBpINy3cqyBwrEvTgWqfvyuMqr8dKLX362d1lwYeFwr7RR19EQO1vyM2NETqc_dy6hzJFOwksCLeQTJkJsvvsan0c0uNcTFNaU4A7a79E3zCRcSNamxtLldc-mHDcjme7q2c4NR9HrheIMWehV0ELW0WSZ89KWAszUzaqi7gpUCZIk1f6RQRqPlXsYkeoVsLn4rg2simFQzVxXdVDaZ-hk9I1pDVrHZP7O3PNPYsrf9cI1-Seamviw8XspxiYAbgDA9Bq00fAV0i_dgbaHx0akdC7z4EqxHCtajrPOGYE_ablYQDalZ3ZBtuSTLtjUfVNmxeMrMlAjhirRpSumervbFI5nVj6d_VZNgbEOckX4TpVbGkE8hN8OzcXUppgvA5QwbWReYwF6pUhaIV8f4edVgluTGROeW62OTyY-7fIIP2v1JNf63vIxd1C2K9EzM1Riou_puCRd-vI0HICVKhaIfE6f2x1buxpICGaVQWxOkbUeU_LSk9W0nn1hNm_MKIbUB25WbmXoZHPW-B9eNuV-jCjbiwopwTZeW_K8qONsdo2HuReP2i1CBTleZ59lNHyDdM6scyeSiCkzbMCSxr3BCExWeYfFUEW0dZvTQCMLXgzYWkLoh3YErhlnuY7D22_9aQw5SKhcdhB9ijUh0zx_iduHcbaGelC62ON8UUPWkmzbPwUHTSSFr5cjvmo-p6xZlaMs5Hsvf7M-6BgSwA70G7ktG3zu76DxPjazV08mwBPUZ0mRjQwYi2IkcTWQNW_TEQQcTy-bK8HCLAf4tvTN64YXvtHil05R6I0gHVDwperNcp_S3mXlIhYFVYR4iyqxUlZuctyzpnKJxg6nCi6MAiDEAYoUSX1l_JYQOTUaXgq5ux25Y0M6IJur9GKMB-xX4i6Pf9mdedpbNa5SH2d5-AsxzUUSCpr6JFbv786dquUu2fb1aLFEPNEYcJR9Sd6wseSNtAWO_p2YahQGiUSIzXnGB9PeViTIL8gkcE-TcJMfYYm5N9guMM89Vat3TW9SZoSqfIVXkwEFs2RGt32lrp8TTS693-DpFvopHC34O4jmkx9Z2DFfEnuqgoOHO7sXJA2-nEfdS66H262LC8-RNo4MNrKEgAe3NJBtLEKlJnvH3o-NshIrSi7pNA7hnXS7vRIde8hcAixvjd7L9dUXPZqYwHnaHQZQ8jf7XVDFd8F16UXu5G7AySWjNAwTaBLDBJCYzM5W-SDHX-UvDovLylms7P1xQ5r9E0vGyCOVF7hOL1P7YbYGuUfafNKYMrAntouLmub-mH-qFtAkogHEenX6dgui4_3wgFI0h2akNH-KvrS_yFzbWOdxYaXXwjT2GvkiOVR3cv8ujW4T6t0PIbArq_8JlLwJmetW5WqbY7G005tOYHc49bUPlkYkSedpAX_PxYbJgwOcOeSxfmGhShR7mUs4AxH9My7IM7KULvVIOE6_Tsey7wgAE1xOunLXeaoQcCZfhKGRFMpX9TvRwW_UxUdbYtVOepWUU0Hli4muu1r6mxYSzBURFFX3bhyBFOp11A7TFpGC8m-USWPU6bi4kYVKxnN__fCErFqr3nSoE03qbBh34bVzEiL906TV23yhMTKnLPPNL02T5TmRqrkvX0bUCHcuOXH0ttHhVFZ3NIfoU6zZ4JpdgM1Yr2biY6P7pJjxq_9XPWvSNh_8HKJiQt7kA5HoklXYX1ZbcqEK-vrD19oVubK9T4tQ0RLowTFM_e-4CTGRiy_RVVL9WkovtR7y-KmbJSUyA_AYNbcKX_.XwSww9fOtX7G2Hi_UGFmRNu43MQn_nYawnKCANTPKzE&quot;,
  &quot;user-agent&quot;: &quot;Mozilla/5.0 (X11; Linux x86_64) AppleWebKit/537.36 (KHTML, like Gecko) Cypress/13.17.0 Chrome/118.0.5993.159 Electron/27.3.10 Safari/537.36&quot;,
  &quot;accept&quot;: &quot;*/*&quot;,
  &quot;accept-encoding&quot;: &quot;gzip, deflate&quot;,
  &quot;content-length&quot;: 0
}

-----------------------------------------------------------

The response we got was:

Status: 400 - Bad Request
Headers: {
  &quot;date&quot;: &quot;Thu, 16 Jan 2025 12:15:04 GMT&quot;,
  &quot;content-type&quot;: &quot;application/json; charset=utf-8&quot;,
  &quot;content-length&quot;: &quot;260&quot;,
  &quot;connection&quot;: &quot;keep-alive&quot;,
  &quot;cf-cache-status&quot;: &quot;DYNAMIC&quot;,
  &quot;report-to&quot;: &quot;{\&quot;endpoints\&quot;:[{\&quot;url\&quot;:\&quot;https:\\/\\/a.nel.cloudflare.com\\/report\\/v4?s=VWyH1nZWJipKy8luFI%2BzlASpmluRMlg9mztf%2B2WnienboIsrvUgQSohBipz%2FLOANEoGtoirfRKKoCMQ2BB%2BChQ0m%2FhBPJIsC4hXTlkcsXHge44luzb65p8pT9yvPdAuTsfpOm%2BjYv4iXesoW03v8D6k%3D\&quot;}],\&quot;group\&quot;:\&quot;cf-nel\&quot;,\&quot;max_age\&quot;:604800}&quot;,
  &quot;nel&quot;: &quot;{\&quot;success_fraction\&quot;:0,\&quot;report_to\&quot;:\&quot;cf-nel\&quot;,\&quot;max_age\&quot;:604800}&quot;,
  &quot;server&quot;: &quot;cloudflare&quot;,
  &quot;cf-ray&quot;: &quot;902e0762183bd346-FRA&quot;,
  &quot;server-timing&quot;: &quot;cfL4;desc=\&quot;?proto=TCP&amp;rtt=9510&amp;min_rtt=5811&amp;rtt_var=5849&amp;sent=241&amp;recv=177&amp;lost=0&amp;retrans=0&amp;sent_bytes=130885&amp;recv_bytes=132897&amp;delivery_rate=7874981&amp;cwnd=260&amp;unsent_bytes=0&amp;cid=e58630c417d16c20&amp;ts=23385&amp;x=0\&quot;&quot;
}
Body: [
  {
    &quot;title&quot;: &quot;Error&quot;,
    &quot;description&quot;: &quot;The client cannot be added in the monitoring internal screening since the following fields: Identification Number are missing.&quot;,
    &quot;exceptionInfo&quot;: {
      &quot;exceptionMessage&quot;: null,
      &quot;exceptionInnerMessage&quot;: null,
      &quot;exceptionStackTrace&quot;: null
    }
  }
]


https://on.cypress.io/request" type="CypressError"><![CDATA[CypressError: `cy.request()` failed on:

https://complytek-testing-api.regtek.co/api/clientCommon/492/internalBlackListsOngoingMonitoring

The response we received from your web server was:

  > 400: Bad Request

This was considered a failure because the status code was not `2xx` or `3xx`.

If you do not want status codes to cause failures pass the option: `failOnStatusCode: false`

-----------------------------------------------------------

The request we sent was:

Method: POST
URL: https://complytek-testing-api.regtek.co/api/clientCommon/492/internalBlackListsOngoingMonitoring
Headers: {
  "Connection": "keep-alive",
  "Content-Type": "application/json",
  "Authorization": "Bearer eyJhbGciOiJSU0EtT0FFUCIsImVuYyI6IkEyNTZDQkMtSFM1MTIiLCJraWQiOiI1RkM0QkM4NzM2QTE5NzkwQkUxQzU4NTc3NENCQjM4RDVDQzA1NTNDIiwidHlwIjoiYXQrand0In0.ryZjUMerXXLRq3P8WWpPU-Exqe99hWw7gVC3nPAycls_U78AmXuTcctyqf9gEC95D1Kqf8OqqQnf1m2KO7sEcL9PN94MrCO44JT1th3TuH9p5EwBHLT0mYjxffQlYA6IE9O6Wo9FSBh_gUQstqNJTekk-9HzGjTttbZYmfxQ2nIg1ogG1wHJ0NPM4CTwgtrIiPaIxOWk73wKMFVcCoC-y1w8D_D9us3SJtJUqUlA3dm2qHWtVshkLLCwJ5rplICLc_OekcLl1gkBpKz16w_hKi-sM_NWU_nbO-GuAAJulOLNNx2-t1ZaI16OIdk14hXNw0xwqj_0bwjpgxyxyIRDiPcZlN-Q5VjgpAAAjEhOhGKzHrMB4VK_bH9bhrtccCJ4WS7I4sUru6154EYTX6HIQpZ_M5VY2yS0_R1R6fUmtNUpHmGQsYt0_uc8z8-STp5NahZox41jk887l_5RYvmwnyFs0eHZzCg4t8OubkTQOrEQU9Zms7H_GUk5vvKTHVbtDMVO28_ipXgB9VdlqoNEBqPAwOHicWcC5O3uL3z0Ryrz6l5Y1rOfRCcymeA0bCyi9OVzp2g7LKvslEw-DYxD_BgMAgQrInsfr8h8dJIIonANXqgzIRXHctmadnpJijFK0WTjHt1QI_QdZiKpNluAyXrrfV37Lnl_fwlunmuyeD0.k7WxJfD3fiHiaqOpHviAjQ.zk0fZxSyAsgjFT5TG6Cj4g0r5HDK0SwzAw6y9U6yA04RKF1CGFNdtZQcZmp2AhIUPZXoTYsHZO7ZVazvpecqEpHbZnG37FBdYUKyeuiSOYmwJtfuYVQfYGNxRnx81NrwWe3Mu8XIFTsVCV94sEhVli_e75RpchQ0NiH4j1wgSiscYLggX83fIkjC2IgznBIoE4olNYcPlmaHN3jGdZXlM0cez-dn-0i5NREibbEG2PNx6xQTa1mmyTdzEqh04rg_vnrHZtWyFqa01Fb5VRx2R8mRROv1OHDgT1wZ-1jftORoU5Rh1qf-t4zRDJw8vparO7dEXidAsdC2_3n_0zDYU_6nSefQrDq3a9-OJEG5Liok0x2VTH7hlKqVixsdkBm6ZzfeRKjuJHgyZF47C7FD8EcGCbUQyvIce0Qlnm1dpqGckRETD-mZvo51rMhROfoI4wWWJOcqpOWrAbldfbMgGG1GLJ9hVh8bvnQfLNAggHZie5nkP0NPM7RBFq9-0MuyKWTkHxv09tBnaqNslZPsDjsfs8vttenmoHV6sFF-D5WtzHdKtGtOYJv8uT2L4rRkFarPZlTzhudVipybZPhQxyqWzTOiA5TyJerEKEvRx4cBzJuaPczUguvjR4Bf3TNNY6A6dqE56Uce8PuKnK5ZmqEs_CQV-lv4VDz121Nrrvy7RkyR5dPoxiSq6AnQrgJuLkz9_ykjiEAlWmW_8RL7vB_nDEGSwhpfPR-eMo5CsdWQ2JRqbaotUAGHLLjeTWwVlkxz5_GaMyN78gKEbqTGWua7FwFwnMe_OcOittwZCmTLZ-1Ggs7Uu0fE4qxrIU3qXIAeopWcZ0xycdJro-aK-27E8daukbqW4In7iYw3gi3URhYnQQPkhHSk_NY9VrSKwv4wZTGYCYq_UTFQGlzrAEp4l6BRZ8UtikjVuvrWZ-nCw7Qo07KHq7oeDQOJJZxtWMM1gnNQb1wxfV0MnUluWqRKga4n9oiBAGZoaO4nCDn0HKTEeLeK1qEaloQj6cBV5nVb7_pOf6-Iq0Xvdr2BqrG17MFVz0CNcR0mtM719rp6ShnlpasydDMevszTb3iL7ojcmZ179FWAzReWlWSI-EH_qGYH5qghc6YVikG6JERk3EMaup3zBI_3o0PYyLzQqXBwp79kCySDGpOWClgXpYqeNoTuR75M4L0jZoNMsJGoo_6T-7xq8LYljc6Mprb2V-Yn1B4WoPz4R-nLu8UQcBME9jc2VBO2qsf94FEF2An7HcZPH5svPjVpnIzl-_rrXtq0ekd4dy_USiZli2YTocotYbsEpNpBN3URebdOO_KaRJSsHRZphQIRttvbmM1A4xvPzc72PBkLo5gAsOv2_dkXHnRnpReV2dDmaCB3hXzFcTNGQNihJAXmPZjPGdZQ1J_YFcp4-IW9UWo8LtPJET3A7rYk7eTC2pj9hz4BnkxnPcCf3AmHCbVDZDvswuKK09Td8fu9NCVYugjeTCREMZusCXuX-ofr8T1JiSReKHIdvcRn0fLbD6MqSi3rWVZl7DGGCN4XB22n5tq8hdQCOh0W4WtMDItymZLodreAyDHYgRnBtUW78IHBL8IxGf8ZsOaoHSYsy04Jaw1y2RFZKavBcOBl7CDwHaRP2_inLcr0D1-HFGG08HmXeIKTK-o1H2-zFjFwoWpf5hBnTsw8fHIOPcQCpnaAikAxvH7yNoRmSsET31PYMTzbQJ14x7WQbfF810vU-zLtg-ygLjwuirxC83jaTJEUt0Az6niBoVdpTrv9jn1l0G3b49EtHD1PCwkcVYaRWFaeBtfuOT7oVcKC36p_AmC1YCTxPpq8RybjcUt7jaGyElcLvbiuIP4vrmgAdy0Vboosz3OnTw4gdZd9g6KPT6jNwZd7AJWEF1aPJMQN2OcvJT5Nws7fNLXU-F66OR-No31sY-32uzOcA7HvaG-lUfRu8IpdZPuJay23A8gGwkn1ec_-yEKZJjfgQlbh2XYOTRtJMG3v6u0ERQFMVX_2osr3EJ8Lhq_6ZBHFCfb8kwQdfAG-3kXUzaUt1JTWO-kRf7upIn60gDF0n4pEINGhLwQHrSnatgm1U7RoSKWGAT4zBPdZD4ZFHi31EFp_zqHLiRGoQS5ADH5IYCeezKxYWdchF4lkHbjuNLHAL-a6nMDLnePVlSxywiYTD5s33h6aDj9LyNBbae3Ku7ilRWBxO93yrrUnwtPpQ9KDm9dQpDwbh_Oek8aExHPN7F1ANfhw9nGoXN1fvmHYocmQzj2rFQxXG0A3BynpVvRMsjAbeYo2JG9IA2nrd6280o4L0r9820o2C5LckEso2exRUIxPtBKVl2ZaAGH1CbCJlQIRgb11mqkZajGTgYjLWNvBFBg4IxIMW7aWdPXRmO2Nt5X__VM9iJZ_LxWPhrxsKLmEGqNUf9fDY1m7pZkduZ43aaC0ABXkbJw9kRLow1yZNw22Nc4cMb2z5Higd9ZSf-GO8YJbLaqkZ_afRsMuWExf4DhdNWJ_S_y3KueoTYlH7QSG7TW3TEATu7fXH15uwCxH3fyj7Q1OYct2cuxK4fnU4VPC24tPSg6SkU7rz7ni6a-qcstP1nkas1hHIeU2iFDBHjw_SQ1MCQXEIDWQDpnRQ9BipGakj72rpBpINy3cqyBwrEvTgWqfvyuMqr8dKLX362d1lwYeFwr7RR19EQO1vyM2NETqc_dy6hzJFOwksCLeQTJkJsvvsan0c0uNcTFNaU4A7a79E3zCRcSNamxtLldc-mHDcjme7q2c4NR9HrheIMWehV0ELW0WSZ89KWAszUzaqi7gpUCZIk1f6RQRqPlXsYkeoVsLn4rg2simFQzVxXdVDaZ-hk9I1pDVrHZP7O3PNPYsrf9cI1-Seamviw8XspxiYAbgDA9Bq00fAV0i_dgbaHx0akdC7z4EqxHCtajrPOGYE_ablYQDalZ3ZBtuSTLtjUfVNmxeMrMlAjhirRpSumervbFI5nVj6d_VZNgbEOckX4TpVbGkE8hN8OzcXUppgvA5QwbWReYwF6pUhaIV8f4edVgluTGROeW62OTyY-7fIIP2v1JNf63vIxd1C2K9EzM1Riou_puCRd-vI0HICVKhaIfE6f2x1buxpICGaVQWxOkbUeU_LSk9W0nn1hNm_MKIbUB25WbmXoZHPW-B9eNuV-jCjbiwopwTZeW_K8qONsdo2HuReP2i1CBTleZ59lNHyDdM6scyeSiCkzbMCSxr3BCExWeYfFUEW0dZvTQCMLXgzYWkLoh3YErhlnuY7D22_9aQw5SKhcdhB9ijUh0zx_iduHcbaGelC62ON8UUPWkmzbPwUHTSSFr5cjvmo-p6xZlaMs5Hsvf7M-6BgSwA70G7ktG3zu76DxPjazV08mwBPUZ0mRjQwYi2IkcTWQNW_TEQQcTy-bK8HCLAf4tvTN64YXvtHil05R6I0gHVDwperNcp_S3mXlIhYFVYR4iyqxUlZuctyzpnKJxg6nCi6MAiDEAYoUSX1l_JYQOTUaXgq5ux25Y0M6IJur9GKMB-xX4i6Pf9mdedpbNa5SH2d5-AsxzUUSCpr6JFbv786dquUu2fb1aLFEPNEYcJR9Sd6wseSNtAWO_p2YahQGiUSIzXnGB9PeViTIL8gkcE-TcJMfYYm5N9guMM89Vat3TW9SZoSqfIVXkwEFs2RGt32lrp8TTS693-DpFvopHC34O4jmkx9Z2DFfEnuqgoOHO7sXJA2-nEfdS66H262LC8-RNo4MNrKEgAe3NJBtLEKlJnvH3o-NshIrSi7pNA7hnXS7vRIde8hcAixvjd7L9dUXPZqYwHnaHQZQ8jf7XVDFd8F16UXu5G7AySWjNAwTaBLDBJCYzM5W-SDHX-UvDovLylms7P1xQ5r9E0vGyCOVF7hOL1P7YbYGuUfafNKYMrAntouLmub-mH-qFtAkogHEenX6dgui4_3wgFI0h2akNH-KvrS_yFzbWOdxYaXXwjT2GvkiOVR3cv8ujW4T6t0PIbArq_8JlLwJmetW5WqbY7G005tOYHc49bUPlkYkSedpAX_PxYbJgwOcOeSxfmGhShR7mUs4AxH9My7IM7KULvVIOE6_Tsey7wgAE1xOunLXeaoQcCZfhKGRFMpX9TvRwW_UxUdbYtVOepWUU0Hli4muu1r6mxYSzBURFFX3bhyBFOp11A7TFpGC8m-USWPU6bi4kYVKxnN__fCErFqr3nSoE03qbBh34bVzEiL906TV23yhMTKnLPPNL02T5TmRqrkvX0bUCHcuOXH0ttHhVFZ3NIfoU6zZ4JpdgM1Yr2biY6P7pJjxq_9XPWvSNh_8HKJiQt7kA5HoklXYX1ZbcqEK-vrD19oVubK9T4tQ0RLowTFM_e-4CTGRiy_RVVL9WkovtR7y-KmbJSUyA_AYNbcKX_.XwSww9fOtX7G2Hi_UGFmRNu43MQn_nYawnKCANTPKzE",
  "user-agent": "Mozilla/5.0 (X11; Linux x86_64) AppleWebKit/537.36 (KHTML, like Gecko) Cypress/13.17.0 Chrome/118.0.5993.159 Electron/27.3.10 Safari/537.36",
  "accept": "*/*",
  "accept-encoding": "gzip, deflate",
  "content-length": 0
}

-----------------------------------------------------------

The response we got was:

Status: 400 - Bad Request
Headers: {
  "date": "Thu, 16 Jan 2025 12:15:04 GMT",
  "content-type": "application/json; charset=utf-8",
  "content-length": "260",
  "connection": "keep-alive",
  "cf-cache-status": "DYNAMIC",
  "report-to": "{\"endpoints\":[{\"url\":\"https:\\/\\/a.nel.cloudflare.com\\/report\\/v4?s=VWyH1nZWJipKy8luFI%2BzlASpmluRMlg9mztf%2B2WnienboIsrvUgQSohBipz%2FLOANEoGtoirfRKKoCMQ2BB%2BChQ0m%2FhBPJIsC4hXTlkcsXHge44luzb65p8pT9yvPdAuTsfpOm%2BjYv4iXesoW03v8D6k%3D\"}],\"group\":\"cf-nel\",\"max_age\":604800}",
  "nel": "{\"success_fraction\":0,\"report_to\":\"cf-nel\",\"max_age\":604800}",
  "server": "cloudflare",
  "cf-ray": "902e0762183bd346-FRA",
  "server-timing": "cfL4;desc=\"?proto=TCP&rtt=9510&min_rtt=5811&rtt_var=5849&sent=241&recv=177&lost=0&retrans=0&sent_bytes=130885&recv_bytes=132897&delivery_rate=7874981&cwnd=260&unsent_bytes=0&cid=e58630c417d16c20&ts=23385&x=0\""
}
Body: [
  {
    "title": "Error",
    "description": "The client cannot be added in the monitoring internal screening since the following fields: Identification Number are missing.",
    "exceptionInfo": {
      "exceptionMessage": null,
      "exceptionInnerMessage": null,
      "exceptionStackTrace": null
    }
  }
]


https://on.cypress.io/request
    at <unknown> (https://complytek-testing.regtek.co/__cypress/runner/cypress_runner.js:132876:72)
    at tryCatcher (https://complytek-testing.regtek.co/__cypress/runner/cypress_runner.js:1830:23)
    at Promise._settlePromiseFromHandler (https://complytek-testing.regtek.co/__cypress/runner/cypress_runner.js:1542:31)
    at Promise._settlePromise (https://complytek-testing.regtek.co/__cypress/runner/cypress_runner.js:1599:18)
    at Promise._settlePromise0 (https://complytek-testing.regtek.co/__cypress/runner/cypress_runner.js:1644:10)
    at Promise._settlePromises (https://complytek-testing.regtek.co/__cypress/runner/cypress_runner.js:1724:18)
    at _drainQueueStep (https://complytek-testing.regtek.co/__cypress/runner/cypress_runner.js:2430:12)
    at _drainQueue (https://complytek-testing.regtek.co/__cypress/runner/cypress_runner.js:2423:9)
    at Async._drainQueues (https://complytek-testing.regtek.co/__cypress/runner/cypress_runner.js:2439:5)
    at Async.drainQueues (https://complytek-testing.regtek.co/__cypress/runner/cypress_runner.js:2309:14)
From Your Spec Code:
    at Context.eval (webpack://clm_cypress/./cypress/e2e/DemonstrationFlow/Add_Client_Corporate_Process_test.cy.ts:145:0)]]></failure>
    </testcase>
    <testcase name="Add Corporate Client Process should perform internal blacklist search" time="8.003" classname="should perform internal blacklist search">
    </testcase>
    <testcase name="Add Corporate Client Process should add a shareholder" time="5.577" classname="should add a shareholder">
    </testcase>
    <testcase name="Add Corporate Client Process should add a capacity" time="7.286" classname="should add a capacity">
    </testcase>
    <testcase name="Add Corporate Client Process should archive a client(soft delete)" time="5.416" classname="should archive a client(soft delete)">
    </testcase>
  </testsuite>
</testsuites>