<?xml version="1.0" encoding="UTF-8"?>
<testsuites name="Mocha Tests" time="278.197" tests="8" failures="1">
  <testsuite name="Root Suite" timestamp="2025-01-15T09:41:09" tests="0" file="cypress/e2e/SideMenu/Reports_Lists.test.cy.ts" time="0.000" failures="0">
  </testsuite>
  <testsuite name="Reports/Lists module" timestamp="2025-01-15T09:41:15" tests="1" time="4.100" failures="0">
    <testcase name="Reports/Lists module Open reports level 1 menu" time="9.876" classname="Open reports level 1 menu">
    </testcase>
  </testsuite>
  <testsuite name="Onboarding Portal" timestamp="2025-01-15T09:41:19" tests="1" time="15.356" failures="0">
    <testcase name="Onboarding Portal Opens menu under the section and navigates to the expected pages" time="15.358" classname="Opens menu under the section and navigates to the expected pages">
    </testcase>
  </testsuite>
  <testsuite name="Client Profiling" timestamp="2025-01-15T09:41:35" tests="1" time="37.995" failures="0">
    <testcase name="Client Profiling Opens the client profiling menu - level 2 menu" time="37.948" classname="Opens the client profiling menu - level 2 menu">
    </testcase>
  </testsuite>
  <testsuite name="Client Evaluations &amp; Documents" timestamp="2025-01-15T09:42:13" tests="1" time="82.333" failures="0">
    <testcase name="Client Evaluations &amp; Documents Opens menu under the section and navigates to the expected pages" time="82.263" classname="Opens menu under the section and navigates to the expected pages">
    </testcase>
  </testsuite>
  <testsuite name="Transaction Monitoring &amp; Actions" timestamp="2025-01-15T09:43:35" tests="1" time="46.017" failures="0">
    <testcase name="Transaction Monitoring &amp; Actions Opens menu under the section and navigates to the expected pages" time="45.852" classname="Opens menu under the section and navigates to the expected pages">
    </testcase>
  </testsuite>
  <testsuite name="Screening &amp; Electronic Identification" timestamp="2025-01-15T09:44:21" tests="1" time="67.088" failures="0">
    <testcase name="Screening &amp; Electronic Identification Opens menu under the section and navigates to the expected pages" time="67.137" classname="Opens menu under the section and navigates to the expected pages">
    </testcase>
  </testsuite>
  <testsuite name="Machine Learning" timestamp="2025-01-15T09:45:28" tests="1" time="5.227" failures="0">
    <testcase name="Machine Learning Opens menu under the section and navigates to the expected pages" time="5.219" classname="Opens menu under the section and navigates to the expected pages">
    </testcase>
  </testsuite>
  <testsuite name="Other" timestamp="2025-01-15T09:45:33" tests="1" time="14.263" failures="1">
    <testcase name="Other Opens menu under the section and navigates to the expected pages" time="0.000" classname="Opens menu under the section and navigates to the expected pages">
      <failure message="Timed out retrying after 4000ms: expected &apos;&lt;sa-menu-item.ng-tns-c329-19.ng-star-inserted&gt;&apos; to be &apos;visible&apos;

This element `&lt;sa-menu-item.ng-tns-c329-19.ng-star-inserted&gt;` is not visible because its ancestor has `position: fixed` CSS property and it is overflowed by other elements. How about scrolling to the element with `cy.scrollIntoView()`?" type="AssertionError"><![CDATA[AssertionError: Timed out retrying after 4000ms: expected '<sa-menu-item.ng-tns-c329-19.ng-star-inserted>' to be 'visible'

This element `<sa-menu-item.ng-tns-c329-19.ng-star-inserted>` is not visible because its ancestor has `position: fixed` CSS property and it is overflowed by other elements. How about scrolling to the element with `cy.scrollIntoView()`?
    at eval (webpack:///./cypress/e2e/SideMenu/Reports_Lists.test.cy.ts:264:45)
at Array.forEach (<anonymous>)
    at Context.eval (webpack:///./cypress/e2e/SideMenu/Reports_Lists.test.cy.ts:254:15)]]></failure>
    </testcase>
  </testsuite>
</testsuites>