<?xml version="1.0" encoding="UTF-8"?>
<testsuites name="Mocha Tests" time="47.577" tests="3" failures="0">
  <testsuite name="Root Suite" timestamp="2025-01-16T06:30:12" tests="0" file="cypress/e2e/CorporateClientFunctionality/Add_Edit_Delete_Client_Wallets_test.cy.ts" time="0.000" failures="0">
  </testsuite>
  <testsuite name="Add, Edit, Delete Client Wallets" timestamp="2025-01-16T06:30:22" tests="3" time="37.597" failures="0">
    <testcase name="Add, Edit, Delete Client Wallets Add Client Cards" time="26.097" classname="Add Client Cards">
    </testcase>
    <testcase name="Add, Edit, Delete Client Wallets Edit client Cards" time="9.926" classname="Edit client Cards">
    </testcase>
    <testcase name="Add, Edit, Delete Client Wallets Delete client Cards" time="11.438" classname="Delete client Cards">
    </testcase>
  </testsuite>
</testsuites>