<?xml version="1.0" encoding="UTF-8"?>
<testsuites name="Mocha Tests" time="27.303" tests="1" failures="0">
  <testsuite name="Root Suite" timestamp="2025-01-16T06:34:26" tests="0" file="cypress/e2e/CorporateClientFunctionality/Audit_Trails_test.cy.ts" time="0.000" failures="0">
  </testsuite>
  <testsuite name="System logs" timestamp="2025-01-16T06:34:37" tests="1" time="16.848" failures="0">
    <testcase name="System logs Navigates to system logs" time="27.243" classname="Navigates to system logs">
    </testcase>
  </testsuite>
</testsuites>