<?xml version="1.0" encoding="UTF-8"?>
<testsuites name="Mocha Tests" time="32.363" tests="2" failures="0">
  <testsuite name="Root Suite" timestamp="2025-01-15T08:06:10" tests="0" file="cypress/e2e/CorporateClientFunctionality/Add_Delete_Client_Internal_Notes_test.cy.ts" time="0.000" failures="0">
  </testsuite>
  <testsuite name="Add, Delete Client Internal Notes - Corporate" timestamp="2025-01-15T08:06:22" tests="2" time="20.884" failures="0">
    <testcase name="Add, Delete Client Internal Notes - Corporate Add Client Internal Notes" time="26.768" classname="Add Client Internal Notes">
    </testcase>
    <testcase name="Add, Delete Client Internal Notes - Corporate Delete client Internal Notes" time="5.539" classname="Delete client Internal Notes">
    </testcase>
  </testsuite>
</testsuites>