<?xml version="1.0" encoding="UTF-8"?>
<testsuites name="Mocha Tests" time="70.531" tests="3" failures="0">
  <testsuite name="Root Suite" timestamp="2025-01-16T12:20:25" tests="0" file="cypress/e2e/CorporateClientFunctionality/Add_Edit_Delete_Case_test.cy.ts" time="0.000" failures="0">
  </testsuite>
  <testsuite name="Cases - Corporate" timestamp="2025-01-16T12:20:37" tests="3" time="58.865" failures="0">
    <testcase name="Cases - Corporate Adds A Case" time="50.467" classname="Adds A Case">
    </testcase>
    <testcase name="Cases - Corporate Edit A Case" time="10.741" classname="Edit A Case">
    </testcase>
    <testcase name="Cases - Corporate Delete A Case" time="9.079" classname="Delete A Case">
    </testcase>
  </testsuite>
</testsuites>