<?xml version="1.0" encoding="UTF-8"?>
<testsuites name="Mocha Tests" time="189.366" tests="9" failures="0">
  <testsuite name="Root Suite" timestamp="2025-01-16T13:30:17" tests="0" file="cypress/e2e/SideMenu/Administration_test.cy.ts" time="0.000" failures="0">
  </testsuite>
  <testsuite name="Administration" timestamp="2025-01-16T13:30:23" tests="3" time="14.246" failures="0">
    <testcase name="Administration Opens the menu list under administration" time="10.357" classname="Opens the menu list under administration">
    </testcase>
    <testcase name="Administration Opens Account" time="4.845" classname="Opens Account">
    </testcase>
    <testcase name="Administration Opens release notes" time="4.872" classname="Opens release notes">
    </testcase>
  </testsuite>
  <testsuite name="User Management" timestamp="2025-01-16T13:30:37" tests="2" time="28.303" failures="0">
    <testcase name="User Management Opens User Management Menus" time="3.526" classname="Opens User Management Menus">
    </testcase>
    <testcase name="User Management Accesses all pages in the menu list" time="24.685" classname="Accesses all pages in the menu list">
    </testcase>
  </testsuite>
  <testsuite name="Audit Trail Extractions &amp; Setups" timestamp="2025-01-16T13:31:06" tests="2" time="65.691" failures="0">
    <testcase name="Audit Trail Extractions &amp; Setups Opens Audit Trails Menus" time="4.473" classname="Opens Audit Trails Menus">
    </testcase>
    <testcase name="Audit Trail Extractions &amp; Setups Accesses all pages in the menu list" time="61.039" classname="Accesses all pages in the menu list">
    </testcase>
  </testsuite>
  <testsuite name="Other Settings" timestamp="2025-01-16T13:32:11" tests="2" time="75.091" failures="0">
    <testcase name="Other Settings Opens Other Settings Menus" time="4.380" classname="Opens Other Settings Menus">
    </testcase>
    <testcase name="Other Settings Accesses all pages in the menu list" time="70.499" classname="Accesses all pages in the menu list">
    </testcase>
  </testsuite>
</testsuites>