<?xml version="1.0" encoding="UTF-8"?>
<testsuites name="Mocha Tests" time="31.877" tests="3" failures="0">
  <testsuite name="Root Suite" timestamp="2025-01-16T08:05:09" tests="0" file="cypress/e2e/HelperFunctionalities/Countries/Country_Categories_test.cy.ts" time="0.000" failures="0">
  </testsuite>
  <testsuite name="Country Category" timestamp="2025-01-16T08:05:15" tests="3" time="25.568" failures="0">
    <testcase name="Country Category Adds a Country Category" time="12.734" classname="Adds a Country Category">
    </testcase>
    <testcase name="Country Category Edits a Country Category" time="10.670" classname="Edits a Country Category">
    </testcase>
    <testcase name="Country Category Deletes a Country Category" time="8.359" classname="Deletes a Country Category">
    </testcase>
  </testsuite>
</testsuites>