<?xml version="1.0" encoding="UTF-8"?>
<testsuites name="Mocha Tests" time="16.464" tests="1" failures="0">
  <testsuite name="Root Suite" timestamp="2025-01-15T10:49:21" tests="0" file="cypress/e2e/ScreenPerformance/Reports&amp;Lists/Machine_Learning_test.cy.ts" time="0.000" failures="0">
  </testsuite>
  <testsuite name="Machine Learning" timestamp="2025-01-15T10:49:27" tests="1" time="10.382" failures="0">
    <testcase name="Machine Learning Opens menu under the section and navigates to the expected pages" time="16.404" classname="Opens menu under the section and navigates to the expected pages">
    </testcase>
  </testsuite>
</testsuites>