<?xml version="1.0" encoding="UTF-8"?>
<testsuites name="Mocha Tests" time="51.936" tests="3" failures="0">
  <testsuite name="Root Suite" timestamp="2025-01-15T08:33:17" tests="0" file="cypress/e2e/CorporateClientFunctionality/Add_Edit_Delete_Tax-Residency_test.cy.ts" time="0.000" failures="0">
  </testsuite>
  <testsuite name="Adds, Edits and Deletes Tax Residency - Corporate" timestamp="2025-01-15T08:33:27" tests="3" time="41.606" failures="0">
    <testcase name="Adds, Edits and Deletes Tax Residency - Corporate Adds Tax Residency" time="31.452" classname="Adds Tax Residency">
    </testcase>
    <testcase name="Adds, Edits and Deletes Tax Residency - Corporate Edits a Tax Residency" time="11.710" classname="Edits a Tax Residency">
    </testcase>
    <testcase name="Adds, Edits and Deletes Tax Residency - Corporate Deletes a Tax Residency" time="8.715" classname="Deletes a Tax Residency">
    </testcase>
  </testsuite>
</testsuites>