<?xml version="1.0" encoding="UTF-8"?>
<testsuites name="Mocha Tests" time="36.925" tests="3" failures="0">
  <testsuite name="Root Suite" timestamp="2025-01-16T08:06:55" tests="0" file="cypress/e2e/HelperFunctionalities/KnowYourFirm/Firm_Criteria_test.cy.ts" time="0.000" failures="0">
  </testsuite>
  <testsuite name="Firm Criteria" timestamp="2025-01-16T08:07:01" tests="3" time="30.889" failures="0">
    <testcase name="Firm Criteria Adds a Firm Criteria" time="15.275" classname="Adds a Firm Criteria">
    </testcase>
    <testcase name="Firm Criteria Edits a Firm Criteria" time="12.183" classname="Edits a Firm Criteria">
    </testcase>
    <testcase name="Firm Criteria Deletes a Firm Criteria" time="9.354" classname="Deletes a Firm Criteria">
    </testcase>
  </testsuite>
</testsuites>