<?xml version="1.0" encoding="UTF-8"?>
<testsuites name="Mocha Tests" time="70.238" tests="1" failures="0">
  <testsuite name="Root Suite" timestamp="2025-01-15T11:01:00" tests="0" file="cypress/e2e/ScreenPerformance/Settings/Client_Profiling/Client_Profiling_Performance(8-15).cy.ts" time="0.000" failures="0">
  </testsuite>
  <testsuite name="Client Profiling" timestamp="2025-01-15T11:01:06" tests="1" time="64.427" failures="0">
    <testcase name="Client Profiling Client Profiling Pages (submenus 8 to 15)" time="70.093" classname="Client Profiling Pages (submenus 8 to 15)">
    </testcase>
  </testsuite>
</testsuites>