<?xml version="1.0" encoding="UTF-8"?>
<testsuites name="Mocha Tests" time="35.027" tests="1" failures="0">
  <testsuite name="Root Suite" timestamp="2025-01-15T10:54:31" tests="0" file="cypress/e2e/ScreenPerformance/Settings/Countries_test.cy.ts" time="0.000" failures="0">
  </testsuite>
  <testsuite name="Countries" timestamp="2025-01-15T10:54:37" tests="1" time="29.204" failures="0">
    <testcase name="Countries Countries Pages" time="34.855" classname="Countries Pages">
    </testcase>
  </testsuite>
</testsuites>