<?xml version="1.0" encoding="UTF-8"?>
<testsuites name="Mocha Tests" time="51.123" tests="3" failures="0">
  <testsuite name="Root Suite" timestamp="2025-01-16T06:51:51" tests="0" file="cypress/e2e/IndividualClientFunctionality/Add_Edit_Delete_Client_Document_test.cy.ts" time="0.000" failures="0">
  </testsuite>
  <testsuite name="Add, Edit, Delete Client Document" timestamp="2025-01-16T06:52:02" tests="3" time="40.350" failures="0">
    <testcase name="Add, Edit, Delete Client Document Add Client Document" time="32.837" classname="Add Client Document">
    </testcase>
    <testcase name="Add, Edit, Delete Client Document Edit Client Document" time="9.273" classname="Edit Client Document">
    </testcase>
    <testcase name="Add, Edit, Delete Client Document Delete Client Document" time="8.898" classname="Delete Client Document">
    </testcase>
  </testsuite>
</testsuites>