<?xml version="1.0" encoding="UTF-8"?>
<testsuites name="Mocha Tests" time="30.224" tests="0" failures="1">
  <testsuite name="Root Suite" timestamp="2025-01-16T12:38:55" tests="0" file="cypress/e2e/CorporateClientFunctionality/Add_Edit_Delete_Self-Declaration-UBO_test.cy.ts" time="30.223" failures="1">
    <testcase name="Self-Declaration UBO &quot;before all&quot; hook for &quot;Adds Self Declaration UBO&quot;" time="0.000" classname="&quot;before all&quot; hook for &quot;Adds Self Declaration UBO&quot;">
      <failure message="`cy.visit()` failed trying to load:

https://complytek-testing.regtek.co/

We attempted to make an http request to this URL but the request failed without a response.

We received this error at the network level:

  &gt; Error: ESOCKETTIMEDOUT

Common situations why this would fail:
  - you don&apos;t have internet access
  - you forgot to run / boot your web server
  - your web server isn&apos;t accessible
  - you have weird network configuration settings on your computer

Because this error occurred during a `before all` hook we are skipping all of the remaining tests." type="CypressError"><![CDATA[CypressError: `cy.visit()` failed trying to load:

https://complytek-testing.regtek.co/

We attempted to make an http request to this URL but the request failed without a response.

We received this error at the network level:

  > Error: ESOCKETTIMEDOUT

Common situations why this would fail:
  - you don't have internet access
  - you forgot to run / boot your web server
  - your web server isn't accessible
  - you have weird network configuration settings on your computer

Because this error occurred during a `before all` hook we are skipping all of the remaining tests.
    at <unknown> (https://complytek-testing.regtek.co/__cypress/runner/cypress_runner.js:131607:74)
    at visitFailedByErr (https://complytek-testing.regtek.co/__cypress/runner/cypress_runner.js:131006:12)
    at <unknown> (https://complytek-testing.regtek.co/__cypress/runner/cypress_runner.js:131606:11)
    at tryCatcher (https://complytek-testing.regtek.co/__cypress/runner/cypress_runner.js:1830:23)
    at Promise._settlePromiseFromHandler (https://complytek-testing.regtek.co/__cypress/runner/cypress_runner.js:1542:31)
    at Promise._settlePromise (https://complytek-testing.regtek.co/__cypress/runner/cypress_runner.js:1599:18)
    at Promise._settlePromise0 (https://complytek-testing.regtek.co/__cypress/runner/cypress_runner.js:1644:10)
    at Promise._settlePromises (https://complytek-testing.regtek.co/__cypress/runner/cypress_runner.js:1720:18)
    at _drainQueueStep (https://complytek-testing.regtek.co/__cypress/runner/cypress_runner.js:2430:12)
    at _drainQueue (https://complytek-testing.regtek.co/__cypress/runner/cypress_runner.js:2423:9)
    at Async._drainQueues (https://complytek-testing.regtek.co/__cypress/runner/cypress_runner.js:2439:5)
    at Async.drainQueues (https://complytek-testing.regtek.co/__cypress/runner/cypress_runner.js:2309:14)
From Your Spec Code:
    at Context.eval (webpack://clm_cypress/./cypress/support/commands.ts:45:0)

From Node.js Internals:
  Error: ESOCKETTIMEDOUT
      at ClientRequest.<anonymous> (<embedded>:290:108477)
      at Object.onceWrapper (node:events:628:28)
      at ClientRequest.emit (node:events:514:28)
      at TLSSocket.emitRequestTimeout (node:_http_client:847:9)
      at Object.onceWrapper (node:events:628:28)
      at TLSSocket.emit (node:events:526:35)
      at TLSSocket._onTimeout (node:net:571:8)
      at listOnTimeout (node:internal/timers:569:17)
      at process.processTimers (node:internal/timers:512:7)]]></failure>
    </testcase>
  </testsuite>
</testsuites>