<?xml version="1.0" encoding="UTF-8"?>
<testsuites name="Mocha Tests" time="38.821" tests="2" failures="0">
  <testsuite name="Root Suite" timestamp="2025-01-16T06:06:58" tests="0" file="cypress/e2e/CorporateClientFunctionality/Add_Delete_Alternative_Names_test.cy.ts" time="0.000" failures="0">
  </testsuite>
  <testsuite name="Add and Delete Alternative Names - Corporate" timestamp="2025-01-16T06:07:08" tests="2" time="28.112" failures="0">
    <testcase name="Add and Delete Alternative Names - Corporate Adds Alternative Name" time="30.284" classname="Adds Alternative Name">
    </testcase>
    <testcase name="Add and Delete Alternative Names - Corporate Deletes Alternative Names" time="8.430" classname="Deletes Alternative Names">
    </testcase>
  </testsuite>
</testsuites>