<?xml version="1.0" encoding="UTF-8"?>
<testsuites name="Mocha Tests" time="46.528" tests="3" failures="0">
  <testsuite name="Root Suite" timestamp="2025-01-16T06:51:01" tests="0" file="cypress/e2e/IndividualClientFunctionality/Add_Edit_Delete_Client_Checklist_test.cy.ts" time="0.000" failures="0">
  </testsuite>
  <testsuite name="Add, Edit, Delete Client Checklist" timestamp="2025-01-16T06:51:12" tests="3" time="35.815" failures="0">
    <testcase name="Add, Edit, Delete Client Checklist Add Client Checklist" time="35.248" classname="Add Client Checklist">
    </testcase>
    <testcase name="Add, Edit, Delete Client Checklist Edit client checklist" time="6.157" classname="Edit client checklist">
    </testcase>
    <testcase name="Add, Edit, Delete Client Checklist Delete client checklist" time="4.924" classname="Delete client checklist">
    </testcase>
  </testsuite>
</testsuites>