<?xml version="1.0" encoding="UTF-8"?>
<testsuites name="Mocha Tests" time="45.740" tests="2" failures="0">
  <testsuite name="Root Suite" timestamp="2025-01-15T09:21:29" tests="0" file="cypress/e2e/Priority2/Transaction_Screening_test.cy.ts" time="0.000" failures="0">
  </testsuite>
  <testsuite name="Transaction Screening with APIS" timestamp="2025-01-15T09:21:35" tests="1" time="14.891" failures="0">
    <testcase name="Transaction Screening with APIS Perform Transaction Screening check and navigate to the created case" time="20.768" classname="Perform Transaction Screening check and navigate to the created case">
    </testcase>
  </testsuite>
  <testsuite name="Performing Transaction Screening With UI" timestamp="2025-01-15T09:21:50" tests="1" time="24.892" failures="0">
    <testcase name="Performing Transaction Screening With UI Check Transaction Screening" time="24.886" classname="Check Transaction Screening">
    </testcase>
  </testsuite>
</testsuites>