<?xml version="1.0" encoding="UTF-8"?>
<testsuites name="Mocha Tests" time="31.552" tests="3" failures="0">
  <testsuite name="Root Suite" timestamp="2025-01-15T10:40:02" tests="0" file="cypress/e2e/HelperFunctionalities/TransactionMonitoring&amp;Actions/Trade_Types_test.cy.ts" time="0.000" failures="0">
  </testsuite>
  <testsuite name="Trade Types" timestamp="2025-01-15T10:40:08" tests="3" time="25.916" failures="0">
    <testcase name="Trade Types Adds a Trade Type" time="11.580" classname="Adds a Trade Type">
    </testcase>
    <testcase name="Trade Types Edits a Trade Type" time="11.909" classname="Edits a Trade Type">
    </testcase>
    <testcase name="Trade Types Deletes a Trade Type" time="8.032" classname="Deletes a Trade Type">
    </testcase>
  </testsuite>
</testsuites>