<?xml version="1.0" encoding="UTF-8"?>
<testsuites name="Mocha Tests" time="48.501" tests="3" failures="0">
  <testsuite name="Root Suite" timestamp="2025-01-16T13:11:11" tests="0" file="cypress/e2e/IndividualClientFunctionality/Add_Edit_Delete_Client_Wallets_test.cy.ts" time="0.000" failures="0">
  </testsuite>
  <testsuite name="Add, Edit, Delete Client Wallets" timestamp="2025-01-16T13:11:22" tests="3" time="37.770" failures="0">
    <testcase name="Add, Edit, Delete Client Wallets Add Client Wallet" time="28.209" classname="Add Client Wallet">
    </testcase>
    <testcase name="Add, Edit, Delete Client Wallets Edit client Wallet" time="10.739" classname="Edit client Wallet">
    </testcase>
    <testcase name="Add, Edit, Delete Client Wallets Delete client Wallet" time="9.436" classname="Delete client Wallet">
    </testcase>
  </testsuite>
</testsuites>