<?xml version="1.0" encoding="UTF-8"?>
<testsuites name="Mocha Tests" time="64.846" tests="4" failures="0">
  <testsuite name="Root Suite" timestamp="2025-01-15T08:48:24" tests="0" file="cypress/e2e/IndividualClientFunctionality/Add_Edit_Delete_Client_Action_test.cy.ts" time="0.000" failures="0">
  </testsuite>
  <testsuite name="Add, Edit, Delete Client Action (Task)" timestamp="2025-01-15T08:48:35" tests="4" time="53.481" failures="0">
    <testcase name="Add, Edit, Delete Client Action (Task) Navigates to individual client" time="33.009" classname="Navigates to individual client">
    </testcase>
    <testcase name="Add, Edit, Delete Client Action (Task) Add Client Action" time="15.242" classname="Add Client Action">
    </testcase>
    <testcase name="Add, Edit, Delete Client Action (Task) Edit Action" time="10.444" classname="Edit Action">
    </testcase>
    <testcase name="Add, Edit, Delete Client Action (Task) Delete Action" time="6.083" classname="Delete Action">
    </testcase>
  </testsuite>
</testsuites>