<?xml version="1.0" encoding="UTF-8"?>
<testsuites name="Mocha Tests" time="31.877" tests="3" failures="0">
  <testsuite name="Root Suite" timestamp="2025-01-16T07:47:56" tests="0" file="cypress/e2e/HelperFunctionalities/ClientProfiling/Bank_test.cy.ts" time="0.000" failures="0">
  </testsuite>
  <testsuite name="Bank" timestamp="2025-01-16T07:48:02" tests="3" time="25.931" failures="0">
    <testcase name="Bank Add bank" time="13.112" classname="Add bank">
    </testcase>
    <testcase name="Bank Edits Address type" time="9.916" classname="Edits Address type">
    </testcase>
    <testcase name="Bank Deletes Address type" time="8.659" classname="Deletes Address type">
    </testcase>
  </testsuite>
</testsuites>