<?xml version="1.0" encoding="UTF-8"?>
<testsuites name="Mocha Tests" time="31.055" tests="3" failures="0">
  <testsuite name="Root Suite" timestamp="2025-01-15T10:07:56" tests="0" file="cypress/e2e/HelperFunctionalities/ClientProfiling/Sub_Groups_test.cy.ts" time="0.000" failures="0">
  </testsuite>
  <testsuite name="Sub-groups" timestamp="2025-01-15T10:08:02" tests="3" time="25.299" failures="0">
    <testcase name="Sub-groups Adds a Sub-group" time="12.251" classname="Adds a Sub-group">
    </testcase>
    <testcase name="Sub-groups Edits a Sub-group" time="11.149" classname="Edits a Sub-group">
    </testcase>
    <testcase name="Sub-groups Deletes a Sub-group" time="7.596" classname="Deletes a Sub-group">
    </testcase>
  </testsuite>
</testsuites>