<?xml version="1.0" encoding="UTF-8"?>
<testsuites name="Mocha Tests" time="62.659" tests="3" failures="0">
  <testsuite name="Root Suite" timestamp="2025-01-15T08:13:12" tests="0" file="cypress/e2e/CorporateClientFunctionality/Add_Edit_Delete_Client_Application_test.cy.ts" time="0.000" failures="0">
  </testsuite>
  <testsuite name="Add, Edit, Delete Client Applications" timestamp="2025-01-15T08:13:23" tests="3" time="51.050" failures="0">
    <testcase name="Add, Edit, Delete Client Applications Add Client Applications" time="38.004" classname="Add Client Applications">
    </testcase>
    <testcase name="Add, Edit, Delete Client Applications Edit client application" time="12.864" classname="Edit client application">
    </testcase>
    <testcase name="Add, Edit, Delete Client Applications Delete client applications" time="11.715" classname="Delete client applications">
    </testcase>
  </testsuite>
</testsuites>