<?xml version="1.0" encoding="UTF-8"?>
<testsuites name="Mocha Tests" time="565.704" tests="9" failures="0">
  <testsuite name="Root Suite" timestamp="2025-01-16T07:37:05" tests="0" file="cypress/e2e/SideMenu/Settings_tests.cy.ts" time="0.000" failures="0">
  </testsuite>
  <testsuite name="Settings menu" timestamp="2025-01-16T07:37:11" tests="1" time="2.181" failures="0">
    <testcase name="Settings menu Logs in and open level on menu" time="7.966" classname="Logs in and open level on menu">
    </testcase>
  </testsuite>
  <testsuite name="Client Profiling" timestamp="2025-01-16T07:37:13" tests="3" time="244.371" failures="0">
    <testcase name="Client Profiling Client Profiling Pages first 8" time="85.829" classname="Client Profiling Pages first 8">
    </testcase>
    <testcase name="Client Profiling Client Profiling Pages (submenus 8 to 15)" time="81.471" classname="Client Profiling Pages (submenus 8 to 15)">
    </testcase>
    <testcase name="Client Profiling Client Profiling Pages (submenus 16 to 22)" time="70.737" classname="Client Profiling Pages (submenus 16 to 22)">
    </testcase>
  </testsuite>
  <testsuite name="Countries" timestamp="2025-01-16T07:41:18" tests="1" time="34.061" failures="0">
    <testcase name="Countries Countries Pages" time="33.997" classname="Countries Pages">
    </testcase>
  </testsuite>
  <testsuite name="Transaction Monitoring &amp; Actions" timestamp="2025-01-16T07:41:52" tests="1" time="127.717" failures="0">
    <testcase name="Transaction Monitoring &amp; Actions Transaction Monitoring &amp; Actions pages" time="127.534" classname="Transaction Monitoring &amp; Actions pages">
    </testcase>
  </testsuite>
  <testsuite name="Opens level 2 menus" timestamp="2025-01-16T07:44:00" tests="3" time="151.556" failures="0">
    <testcase name="Opens level 2 menus Evaluation &amp; Questionnaire" time="61.912" classname="Evaluation &amp; Questionnaire">
    </testcase>
    <testcase name="Opens level 2 menus Know Your Firm" time="52.406" classname="Know Your Firm">
    </testcase>
    <testcase name="Opens level 2 menus Templates &amp; Report Setups" time="36.957" classname="Templates &amp; Report Setups">
    </testcase>
  </testsuite>
</testsuites>