<?xml version="1.0" encoding="UTF-8"?>
<testsuites name="Mocha Tests" time="71.273" tests="2" failures="0">
  <testsuite name="Root Suite" timestamp="2025-01-16T08:32:00" tests="0" file="cypress/e2e/ScreenPerformance/Administration/Audit_Trail_Extraction_Menu_test.cy.ts" time="0.000" failures="0">
  </testsuite>
  <testsuite name="Audit Trail Extractions &amp; Setups" timestamp="2025-01-16T08:32:06" tests="2" time="65.509" failures="0">
    <testcase name="Audit Trail Extractions &amp; Setups Opens Audit Trails Menus" time="13.341" classname="Opens Audit Trails Menus">
    </testcase>
    <testcase name="Audit Trail Extractions &amp; Setups Accesses all pages in the menu list" time="57.666" classname="Accesses all pages in the menu list">
    </testcase>
  </testsuite>
</testsuites>