<?xml version="1.0" encoding="UTF-8"?>
<testsuites name="Mocha Tests" time="37.972" tests="3" failures="0">
  <testsuite name="Root Suite" timestamp="2025-01-16T08:04:54" tests="0" file="cypress/e2e/HelperFunctionalities/KnowYourFirm/Firm_Criteria_test.cy.ts" time="0.000" failures="0">
  </testsuite>
  <testsuite name="Firm Criteria" timestamp="2025-01-16T08:05:00" tests="3" time="32.184" failures="0">
    <testcase name="Firm Criteria Adds a Firm Criteria" time="15.851" classname="Adds a Firm Criteria">
    </testcase>
    <testcase name="Firm Criteria Edits a Firm Criteria" time="12.362" classname="Edits a Firm Criteria">
    </testcase>
    <testcase name="Firm Criteria Deletes a Firm Criteria" time="9.644" classname="Deletes a Firm Criteria">
    </testcase>
  </testsuite>
</testsuites>