<?xml version="1.0" encoding="UTF-8"?>
<testsuites name="Mocha Tests" time="36.248" tests="3" failures="0">
  <testsuite name="Root Suite" timestamp="2025-01-16T08:09:32" tests="0" file="cypress/e2e/HelperFunctionalities/KnowYourFirm/Firm_Mitigation_Measures_test.cy.ts" time="0.000" failures="0">
  </testsuite>
  <testsuite name="Firm Mitigation Measures" timestamp="2025-01-16T08:09:38" tests="3" time="30.132" failures="0">
    <testcase name="Firm Mitigation Measures Adds a Firm Mitigation Measure" time="15.301" classname="Adds a Firm Mitigation Measure">
    </testcase>
    <testcase name="Firm Mitigation Measures Edits a Firm Mitigation Measure" time="11.416" classname="Edits a Firm Mitigation Measure">
    </testcase>
    <testcase name="Firm Mitigation Measures Deletes a Firm Mitigation Measure" time="9.396" classname="Deletes a Firm Mitigation Measure">
    </testcase>
  </testsuite>
</testsuites>