<?xml version="1.0" encoding="UTF-8"?>
<testsuites name="Mocha Tests" time="65.675" tests="3" failures="0">
  <testsuite name="Root Suite" timestamp="2025-01-16T06:22:26" tests="0" file="cypress/e2e/CorporateClientFunctionality/Add_Edit_Delete_Client_Investment_Account_test.cy.ts" time="0.000" failures="0">
  </testsuite>
  <testsuite name="Add, Edit, Delete Client Investment Account" timestamp="2025-01-16T06:22:36" tests="3" time="55.000" failures="0">
    <testcase name="Add, Edit, Delete Client Investment Account Add Client Investment Account" time="39.258" classname="Add Client Investment Account">
    </testcase>
    <testcase name="Add, Edit, Delete Client Investment Account Edit client investment account" time="12.825" classname="Edit client investment account">
    </testcase>
    <testcase name="Add, Edit, Delete Client Investment Account Delete client investment account" time="13.443" classname="Delete client investment account">
    </testcase>
  </testsuite>
</testsuites>