<?xml version="1.0" encoding="UTF-8"?>
<testsuites name="Mocha Tests" time="40.159" tests="2" failures="0">
  <testsuite name="Root Suite" timestamp="2025-01-16T12:16:32" tests="0" file="cypress/e2e/CorporateClientFunctionality/Add_Delete_Alternative_Names_test.cy.ts" time="0.000" failures="0">
  </testsuite>
  <testsuite name="Add and Delete Alternative Names - Corporate" timestamp="2025-01-16T12:16:43" tests="2" time="29.439" failures="0">
    <testcase name="Add and Delete Alternative Names - Corporate Adds Alternative Name" time="31.630" classname="Adds Alternative Name">
    </testcase>
    <testcase name="Add and Delete Alternative Names - Corporate Deletes Alternative Names" time="8.443" classname="Deletes Alternative Names">
    </testcase>
  </testsuite>
</testsuites>