<?xml version="1.0" encoding="UTF-8"?>
<testsuites name="Mocha Tests" time="65.215" tests="4" failures="4">
  <testsuite name="Root Suite" timestamp="2025-01-15T08:34:16" tests="0" file="cypress/e2e/CorporateClientFunctionality/Add_Edit_Delete_Ultimate_Beneficial_Owner_test.cy.ts" time="0.000" failures="0">
  </testsuite>
  <testsuite name="Ultimate Beneficial Owner" timestamp="2025-01-15T08:34:27" tests="4" time="55.068" failures="4">
    <testcase name="Ultimate Beneficial Owner Adds UBO" time="0.000" classname="Adds UBO">
      <failure message="`cy.click()` can only be called on a single element. Your subject contained 2 elements. Pass `{ multiple: true }` if you want to serially click each element.

https://on.cypress.io/click" type="CypressError"><![CDATA[CypressError: `cy.click()` can only be called on a single element. Your subject contained 2 elements. Pass `{ multiple: true }` if you want to serially click each element.

https://on.cypress.io/click
    at mouseAction (https://complytek-testing.regtek.co/__cypress/runner/cypress_runner.js:135387:76)
    at Context.click (https://complytek-testing.regtek.co/__cypress/runner/cypress_runner.js:135566:14)
    at wrapped (https://complytek-testing.regtek.co/__cypress/runner/cypress_runner.js:157508:19)
From Your Spec Code:
    at Context.eval (webpack:///./cypress/e2e/CorporateClientFunctionality/Add_Edit_Delete_Ultimate_Beneficial_Owner_test.cy.ts:26:101)]]></failure>
    </testcase>
    <testcase name="Ultimate Beneficial Owner Edits UBO" time="0.000" classname="Edits UBO">
      <failure message="Timed out retrying after 4000ms: Expected to find element: `#gridClientBeneficiary .dx-icon-chevrondoubleright`, but never found it." type="AssertionError"><![CDATA[AssertionError: Timed out retrying after 4000ms: Expected to find element: `#gridClientBeneficiary .dx-icon-chevrondoubleright`, but never found it.
    at Context.eval (webpack:///./cypress/e2e/CorporateClientFunctionality/Add_Edit_Delete_Ultimate_Beneficial_Owner_test.cy.ts:42:69)]]></failure>
    </testcase>
    <testcase name="Ultimate Beneficial Owner Deletes UBO" time="0.000" classname="Deletes UBO">
      <failure message="Timed out retrying after 4000ms: Expected to find element: `#gridClientBeneficiary .dx-icon-trash`, but never found it." type="AssertionError"><![CDATA[AssertionError: Timed out retrying after 4000ms: Expected to find element: `#gridClientBeneficiary .dx-icon-trash`, but never found it.
    at Context.eval (webpack:///./cypress/e2e/CorporateClientFunctionality/Add_Edit_Delete_Ultimate_Beneficial_Owner_test.cy.ts:51:56)]]></failure>
    </testcase>
    <testcase name="Ultimate Beneficial Owner Deletes Authorized Person" time="0.000" classname="Deletes Authorized Person">
      <failure message="Timed out retrying after 4000ms: Expected to find content: &apos;Shareholder has been deleted.&apos; but never did." type="AssertionError"><![CDATA[AssertionError: Timed out retrying after 4000ms: Expected to find content: 'Shareholder has been deleted.' but never did.
    at Context.eval (webpack:///./cypress/e2e/CorporateClientFunctionality/Add_Edit_Delete_Ultimate_Beneficial_Owner_test.cy.ts:61:11)]]></failure>
    </testcase>
  </testsuite>
</testsuites>