<?xml version="1.0" encoding="UTF-8"?>
<testsuites name="Mocha Tests" time="33.625" tests="1" failures="0">
  <testsuite name="Root Suite" timestamp="2025-01-16T08:46:39" tests="0" file="cypress/e2e/ScreenPerformance/Settings/Countries_test.cy.ts" time="0.000" failures="0">
  </testsuite>
  <testsuite name="Countries" timestamp="2025-01-16T08:46:45" tests="1" time="27.416" failures="0">
    <testcase name="Countries Countries Pages" time="33.567" classname="Countries Pages">
    </testcase>
  </testsuite>
</testsuites>