<?xml version="1.0" encoding="UTF-8"?>
<testsuites name="Mocha Tests" time="46.918" tests="1" failures="0">
  <testsuite name="Root Suite" timestamp="2025-01-16T07:26:45" tests="0" file="cypress/e2e/SideMenu/Management_test.cy.ts" time="0.000" failures="0">
  </testsuite>
  <testsuite name="Management Module" timestamp="2025-01-16T07:26:51" tests="1" time="40.782" failures="0">
    <testcase name="Management Module Visits all links and loads the correct pages" time="46.862" classname="Visits all links and loads the correct pages">
    </testcase>
  </testsuite>
</testsuites>