<?xml version="1.0" encoding="UTF-8"?>
<testsuites name="Mocha Tests" time="119.767" tests="8" failures="8">
  <testsuite name="Root Suite" timestamp="2025-01-16T12:50:18" tests="0" file="cypress/e2e/Priority2/Adhoc_Screening_test.cy.ts" time="0.000" failures="0">
  </testsuite>
  <testsuite name="Adhoc Screening Individual Client" timestamp="2025-01-16T12:50:29" tests="4" time="51.524" failures="4">
    <testcase name="Adhoc Screening Individual Client Performs Person Search Using UI" time="0.000" classname="Performs Person Search Using UI">
      <failure message="Timed out retrying after 4000ms: Expected to find element: `[formControlName=&quot;fullName&quot;]`, but never found it." type="AssertionError"><![CDATA[AssertionError: Timed out retrying after 4000ms: Expected to find element: `[formControlName="fullName"]`, but never found it.
    at Context.eval (webpack://clm_cypress/./cypress/support/commands.ts:68:0)]]></failure>
    </testcase>
    <testcase name="Adhoc Screening Individual Client Performs Person Monitoring and Refreshes Results" time="0.000" classname="Performs Person Monitoring and Refreshes Results">
      <failure message="Timed out retrying after 4050ms: `cy.click()` failed because this element:

          `&lt;div _ngcontent-yeb-c358=&quot;&quot; class=&quot;text&quot;&gt;Person ...&lt;/div&gt;`

          has CSS `pointer-events: none`, inherited from this element:

`&lt;a _ngcontent-yeb-c358=&quot;&quot; placement=&quot;bottom&quot; container=&quot;body&quot; triggers=&quot;mouseenter:mouseleave&quot; class=&quot;sa-button success left dark md with-icon disabled&quot; title=&quot;&quot; type=&quot;&quot; href=&quot;/main/client-individual/421/1/negative-lists&quot;&gt;...&lt;/a&gt;`

          `pointer-events: none` prevents user mouse interaction.

          Fix this problem, or use {force: true} to disable error checking.

https://on.cypress.io/element-cannot-be-interacted-with" type="CypressError"><![CDATA[CypressError: Timed out retrying after 4050ms: `cy.click()` failed because this element:

          `<div _ngcontent-yeb-c358="" class="text">Person ...</div>`

          has CSS `pointer-events: none`, inherited from this element:

`<a _ngcontent-yeb-c358="" placement="bottom" container="body" triggers="mouseenter:mouseleave" class="sa-button success left dark md with-icon disabled" title="" type="" href="/main/client-individual/421/1/negative-lists">...</a>`

          `pointer-events: none` prevents user mouse interaction.

          Fix this problem, or use {force: true} to disable error checking.

https://on.cypress.io/element-cannot-be-interacted-with
    at ensureElDoesNotHaveCSS (https://complytek-testing.regtek.co/__cypress/runner/cypress_runner.js:112856:66)
    at ensureDescendents (https://complytek-testing.regtek.co/__cypress/runner/cypress_runner.js:112964:5)
    at ensureDescendentsAndScroll (https://complytek-testing.regtek.co/__cypress/runner/cypress_runner.js:112972:14)
    at ensureElIsNotCovered (https://complytek-testing.regtek.co/__cypress/runner/cypress_runner.js:113103:5)
    at runAllChecks (https://complytek-testing.regtek.co/__cypress/runner/cypress_runner.js:113302:52)
    at retryActionability (https://complytek-testing.regtek.co/__cypress/runner/cypress_runner.js:113339:16)
    at tryCatcher (https://complytek-testing.regtek.co/__cypress/runner/cypress_runner.js:1830:23)
    at Promise.attempt.Promise.try (https://complytek-testing.regtek.co/__cypress/runner/cypress_runner.js:4338:29)
    at whenStable (https://complytek-testing.regtek.co/__cypress/runner/cypress_runner.js:143744:68)
    at <unknown> (https://complytek-testing.regtek.co/__cypress/runner/cypress_runner.js:143685:14)
    at tryCatcher (https://complytek-testing.regtek.co/__cypress/runner/cypress_runner.js:1830:23)
    at Promise._settlePromiseFromHandler (https://complytek-testing.regtek.co/__cypress/runner/cypress_runner.js:1542:31)
    at Promise._settlePromise (https://complytek-testing.regtek.co/__cypress/runner/cypress_runner.js:1599:18)
    at Promise._settlePromise0 (https://complytek-testing.regtek.co/__cypress/runner/cypress_runner.js:1644:10)
    at Promise._settlePromises (https://complytek-testing.regtek.co/__cypress/runner/cypress_runner.js:1724:18)
    at Promise._fulfill (https://complytek-testing.regtek.co/__cypress/runner/cypress_runner.js:1668:18)
    at <unknown> (https://complytek-testing.regtek.co/__cypress/runner/cypress_runner.js:5473:46)
From Your Spec Code:
    at Context.eval (webpack://clm_cypress/./cypress/e2e/Priority2/Adhoc_Screening_test.cy.ts:42:0)]]></failure>
    </testcase>
    <testcase name="Adhoc Screening Individual Client Removes Person Monitoring" time="0.000" classname="Removes Person Monitoring">
      <failure message="Timed out retrying after 4050ms: `cy.click()` failed because this element:

          `&lt;div _ngcontent-dfm-c358=&quot;&quot; class=&quot;text&quot;&gt;Remove ...&lt;/div&gt;`

          has CSS `pointer-events: none`, inherited from this element:

`&lt;a _ngcontent-dfm-c358=&quot;&quot; placement=&quot;bottom&quot; container=&quot;body&quot; triggers=&quot;mouseenter:mouseleave&quot; class=&quot;sa-button error left light sm with-icon disabled&quot; title=&quot;&quot; type=&quot;&quot; href=&quot;/main/client-individual/421/1/negative-lists&quot;&gt;...&lt;/a&gt;`

          `pointer-events: none` prevents user mouse interaction.

          Fix this problem, or use {force: true} to disable error checking.

https://on.cypress.io/element-cannot-be-interacted-with" type="CypressError"><![CDATA[CypressError: Timed out retrying after 4050ms: `cy.click()` failed because this element:

          `<div _ngcontent-dfm-c358="" class="text">Remove ...</div>`

          has CSS `pointer-events: none`, inherited from this element:

`<a _ngcontent-dfm-c358="" placement="bottom" container="body" triggers="mouseenter:mouseleave" class="sa-button error left light sm with-icon disabled" title="" type="" href="/main/client-individual/421/1/negative-lists">...</a>`

          `pointer-events: none` prevents user mouse interaction.

          Fix this problem, or use {force: true} to disable error checking.

https://on.cypress.io/element-cannot-be-interacted-with
    at ensureElDoesNotHaveCSS (https://complytek-testing.regtek.co/__cypress/runner/cypress_runner.js:112856:66)
    at ensureDescendents (https://complytek-testing.regtek.co/__cypress/runner/cypress_runner.js:112964:5)
    at ensureDescendentsAndScroll (https://complytek-testing.regtek.co/__cypress/runner/cypress_runner.js:112972:14)
    at ensureElIsNotCovered (https://complytek-testing.regtek.co/__cypress/runner/cypress_runner.js:113103:5)
    at runAllChecks (https://complytek-testing.regtek.co/__cypress/runner/cypress_runner.js:113302:52)
    at retryActionability (https://complytek-testing.regtek.co/__cypress/runner/cypress_runner.js:113339:16)
    at tryCatcher (https://complytek-testing.regtek.co/__cypress/runner/cypress_runner.js:1830:23)
    at Promise.attempt.Promise.try (https://complytek-testing.regtek.co/__cypress/runner/cypress_runner.js:4338:29)
    at whenStable (https://complytek-testing.regtek.co/__cypress/runner/cypress_runner.js:143744:68)
    at <unknown> (https://complytek-testing.regtek.co/__cypress/runner/cypress_runner.js:143685:14)
    at tryCatcher (https://complytek-testing.regtek.co/__cypress/runner/cypress_runner.js:1830:23)
    at Promise._settlePromiseFromHandler (https://complytek-testing.regtek.co/__cypress/runner/cypress_runner.js:1542:31)
    at Promise._settlePromise (https://complytek-testing.regtek.co/__cypress/runner/cypress_runner.js:1599:18)
    at Promise._settlePromise0 (https://complytek-testing.regtek.co/__cypress/runner/cypress_runner.js:1644:10)
    at Promise._settlePromises (https://complytek-testing.regtek.co/__cypress/runner/cypress_runner.js:1724:18)
    at Promise._fulfill (https://complytek-testing.regtek.co/__cypress/runner/cypress_runner.js:1668:18)
    at <unknown> (https://complytek-testing.regtek.co/__cypress/runner/cypress_runner.js:5473:46)
From Your Spec Code:
    at Context.eval (webpack://clm_cypress/./cypress/e2e/Priority2/Adhoc_Screening_test.cy.ts:50:0)]]></failure>
    </testcase>
    <testcase name="Adhoc Screening Individual Client Performs Person Search Using API" time="0.000" classname="Performs Person Search Using API">
      <failure message="`cy.request()` failed on:

https://complytek-testing-api.regtek.co/api/clientIndividuals/421/performPersonSearch

The response we received from your web server was:

  &gt; 400: Bad Request

This was considered a failure because the status code was not `2xx` or `3xx`.

If you do not want status codes to cause failures pass the option: `failOnStatusCode: false`

-----------------------------------------------------------

The request we sent was:

Method: POST
URL: https://complytek-testing-api.regtek.co/api/clientIndividuals/421/performPersonSearch
Headers: {
  &quot;Connection&quot;: &quot;keep-alive&quot;,
  &quot;Content-Type&quot;: &quot;application/json&quot;,
  &quot;Authorization&quot;: &quot;Bearer eyJhbGciOiJSU0EtT0FFUCIsImVuYyI6IkEyNTZDQkMtSFM1MTIiLCJraWQiOiI1RkM0QkM4NzM2QTE5NzkwQkUxQzU4NTc3NENCQjM4RDVDQzA1NTNDIiwidHlwIjoiYXQrand0In0.EFwfp9WbU04Jf5VSyE8iMhEwcsCQwAqfx2z9KciAyzUAVyi-0fFT5u31CXu0NmeSlUdBFBXye3FCL2tPKHJX0aLCILJHSI0kH2nSWyNRVJVqDO8lzt1qiu2_y0ijmJbLV9PJbwXYtm1nRBrAaz55I8JPttobRXDHBXhIGVZACyYHrd8J9EO1rYe4y2_ydMZJ8G-aFlE0JeMaym1H8SZ3gFSMvpUeDl0macAyv18Ctqem03FXd-jBqXINlWyYR7zP3hwmFqnQ_MS9dSgDVQyyRrOLPBjbXXAW_K60YMW4mrNezuv1HTsXzEetcWjMwu6doCM1fZyTk0xeqAz1odHoBKUIhw2DZ08GvTreVQThMvjMWCBRxLyFRRBLSrmwA68GoWtv-EyE9qJau74fDT5j6XPnEKyKmFlciU5WlUh7BdQI4LqP2MFBmuAU6L3dU-lRpUUwnRoWg5rxERBJzrahX9ZJ42aVJktVAjc-xjMRwMr7JNEjZxyb3E1rLZCwxm8OCLi5IOF4JT0vv0emfwoYramoSwfDkFW0BeQxN9ffNZ8t9_D_krfwCnWjbtIlEXwhfZ64qSUM73opSKpndL_DonuiMX0DWDBP5DbqppvEP3kriaS2uaE4dz_eHQuq4bFKusZJjEwKiKy-XmHn2G7p8rMXlWkVeKE2dDGuIgahjg4.h0ZnDi-oFrRGo7DSn6UKXA.AX-MZeNomKgGTbxlw8AKjfdfZX9rXsGIKPMyNypRVO8NuPTI2f03OkJJAQ2RVhXrApteSQk8IvdcRTfm8bGoR1ww5zK97qaTDTLRGe914cmJFkzZ6TkpJsERRwRszqwESdC52MS0ICVuR23j_hhjVcl7lUAO57MRsr-8uxUyN0EP48kl5pEBhtUORMtjU3dnCBpbh_SeBLvALdKSIVO7tFut_ky_fQNmt8k_h9DbyjUUzOzAE4vdqO8gzzK8sTxk3uXc3G7OBjTXBbIi9XRWY53WxELmeIZr-5_yXA1VSxGXPyhbF2UOOwQOpS4mm9aOzZySsqUt0CXcEqkoWSSMBTGCoepRuIpcWOM6vvFY6h26ZKOzH-jioerq9q-LxIm3D9VeXYgnAL0U2CaduiBMl6vy1sWM22YKbjkf-UOm1hdx2t4i3hsMVeLPScyxklEBSPqQctQJthBiJVfcD-WZI6JAULlUJQgcDDX77V8eoEpMWxLhMEmX55pjsDpLKKVCjBGORywTHe6YF63dCrG_xGcH11LHBtQOQH5tdPUSqZUnHP9_hK8Fa36qrBgF1skYYWe3oCpMREZatE6jhlFH39aySPFCS5t71CkTdP3p2RB3kBRLAJn-xn8bOmU-RowuqEY7RrD_QIl85SH5Kcgdmz4ee9cySDe1iiAWlo1pd9kVjKD-XCaxE5ADw5SwR7jJa0YUhdI79CUr-JrzHCzzCvmYCtn9Gq6q1GVOMFj6eecrM9TRM3QC5XVmLe5wOPUnsa5YSSP85UthYKT0h16rZBUS1NjOeiy6P6lKm19fcX6F17G4PHg9SfA8RHau_46J-Aybx2eTl2xcQmpH1epo36gPOm6Ua_zV3TkTi0yI7O1iQE8lgw2sCIMOOCV1KTVji3a7QYDcdtq8xOdB_tvsZ-4rTm9QVE52xbKG4KkrSFrn5qeqUFd7SMUnZeFZUd3tjTNGfFxGkh9YHUccbK236zc_9jdpek97kt-5ojQNU4lBr3OfT_MqXv4rge-S-u6i-drWDekZ8mUg5C5CnSuaO3NSKfqWsLgduUVL6VYCLWEysr9bh1D1lqgnKC2U3WS8NqMzEDaH7w6aNJ-NvbpYxJdqNi743SLwudf7JWeHxCaA3w0oisDG1wv8q_O0z_N-__0croa1nJB2Fphgns9oCaiqOk9XFROn8OVoy1uXLVb_joUIiGfdZ7fSwlROnfwBmUxoQincm1gJc17BnTdYZ5heVGmeqmqgHhJGNVXAkmPYUI4op7KWJDScSTEzqlUmNYA_M2VrP2OppkoF1VaHu_-f61Sgw1owuScRFM4NZPPl3PhfJRcIQlcqMwJAKWT8E_sdh07kNzu8q72tPAmI7xDceemRBRWjXZJfFIiZaLQqVCJck2aU5sdGTvNjC-8_XeAkEMEZ94AG749OQhNRqu8KwwyTF0F708r-vcBo61D9ec4Vg15bGC48JPJq5Y2GplmxIuFl05lgPXCm6FadtmdWOvrU1jGE4kA8LWvbs6XcTT043zCEhjgN3Y4qbP4Nws17wUj_KhxCLwdu0gjaRUVsnipm0I0AGPZOz1ZPCi2_Sz4PKvlBCDV2cjZ4k_qSXq26tl_k3Bd9Xl3CYX7zV8i3xMM0UYQXqPJhpLP8sZlBddp1uAZpCQCnuxCV0jp915G5F_39KsdzM0cwdXKTSLs8-czxqQlicu4q0eNC1iAEX-Vh1dGuiwtxRU0PIHeR4TVXjtMTnPM8VVuX1ogk7c_pbCkuENYAvuvAjGx0B_9nUYoJBeRBOQISXuB6Gq7W4CMV36JHzV7uB6RSqynK2ZO7ri75aq_vZXPbSVZFX-XT5v1Zfey9wNTIkbTVTx8Qn9C77A4SYkrXnwHdy8gfkt7MJqpKxDW-HKETeQ8dFgSyQVGLJobE3bnUqS_Jdm2I2yJlvhQMfb4U_u-M_YBMvbffUKLbcixUFFXp8H43HTR9CTQfU6SQ-UmF2_JVWD79p0v9__UZCj0l6FaN0WqZwa0T_2I4F1GUmk6_HRKXfWn9iSt1XPPbE7AJj7kKT53SX_0CmrqILcdDfyUZeSd_8kZhkPyZFkL0u1rK4dxBuscBdxWEuPWmVCre8ozRIqG_UH7JG6ncbGCXCiLU27m6zfLkDNBKad_6YGyPyeQ4Lw8cobNYcnrt6Cvhjw6x2gI5yzDc-JVEYegG49XtffMoUlvAMmgiVVnuUTCSoDuw0ieVFuetjw80IyGQ3T3C1zw-qfar5Z_DdRXaZxHArIIMdam3zied74-yURfqwbToTGfIq85NQlKmQs8LMjV2T4U1a5Pzi4LqzAmkHfeSEcc7Gu1R91gDGxQE_1QXD9oZ417nJ5MLdMdnqw99MfNHPkqW-aAIvEKLPgfEqrrJ5fUvxwCHPIRRna7mXQgjjt5VK1DKkiJc4dP7NCTYo4GWUzQjJMV0BOTFg08QJmSDD2TkHWFCUIGzK8lCCKlJUFqMoU1kyqJmhDJ1jPao5ysJhsumIQZ22WW3sNBG94WydTXWmmWrO5-PfU4uvGNPuWyVfVfYwRI6r-3tbnL-UScuYP7oNF938AN562H2pnyzKBJEx9MOSbCupZcK8u-0pKizNSQK9hI4JDmyfyw2EYdLMrcvycTzMeF6nU1nihVvtDtnk5bc3DzcQYUhrqT05RBW7S4cShFlYvkqnYiKhVV5nzPhC5GIriUEMydkM6ASWWgJWMK1D7_L0_FZm-ibPM7wJ4n6Ny_emOnr_izcVrNkYGMcGGBjP3tcrmsZGtHc_1WBjVxhbKewl4hFAlNZ7Wlag-w8zssghLnRabods3VFiC_FTmyV8Z-0Lh-4WgKLRQjC_FCA68ejkqqnjr6bK4EVTuxBZdh6CqHxTL-FjgM7vr3PzS6uvVfHeaHNPg_b7d-BIzpPhCVII_iFK-8Uqe1hjeW3T2F_O9NFrzhYwLioeSVj3vhVBOK46tnxjMJVKdyR7n0hi9GBfVyK0Lgy_Am-dhnMG2jvNtX_8htwLj83WQRv3bigu3kVqD-NqgpASanubNpGSUiThOv-iBdc2lAKfn6YtKQnfZFi81LzCQw7Tu2cueVtWxzX5CJPEZt4tnequs958T-8cOO5MaWyo8L9AEsZK7Dh6ETRH-OIL6jdkGxjxQkWMDMCaDrv3uj_QlfOW1MYMVknRXr90ZKiUFjwGMT8tqhxcRbpYEvitw5P30NyGQ6lmUnuGCNz-9hQyvUe3P4JIgq3BPk8jIXGWdo9CP0UkBVq4RPv-L3aifQFlxHyGME83xtH8nRTQ4Pj1Vp-JQe7tkBbq03p8jgcEad5Crl2FpwbEhrsbU--aPoXXCAV7lOdBmegRuz4dcth5J9ycQWDysToUNxkBLF2X_rN-xvOfQ_au3d4sjz6PRX1hbGOEwSHhQxbMYymjsXXpbTRb58xrQDw49dyca102yuzVPH5l39F5cgKyW0osizOnkdHLnZFhBiEleMZhFyx00e7HYqTO8tNXaz8--M9CoPTD_rlSICh-A3vouClPHxfRHZnidjrF5sAXV1qyI-QmuNoSStNF9xU5zXSGG-XFJhe0y2XlwDYeGjSfjN3iqlkf2eGMktq27IhJiDmO7NwgPV0KiJRSyijSQcEV2WkOipgJtZ2qx7Sc85Z8oF77yWZ9T6E3uhhZ2Yq7Soj8ZbzIRif-sJfFie2oobR1oLVVQeNySnnR5YqJRivKi1IAYKUw2tJaeaLyUGxEJ_jVhXMsUlLowwRCo7p3UlNue-FGFYOES8byydGrdyrQWcyruWHrWCrdILMbW8_v9OFcLdS8g-s5bAe1wqqCpF94XCieVZFwuONi7xOAFXeG7we465DQHmLjn_7y3skRbU2EvSNBpPwUH6nb3UcdY_k0g5Z5Oz8A-Bf7dhs7Q0V4jBTpugNvadyKvkxabHx0ofjRH_RnPWIoGHQpLbktQhLJbRa1uXPKF8JlVXMHnz-qpntE6ZRj_u0R8zeb9HtFap2gAP3pZjXBlyybBHQ9dtur-rFiiy1lMa1S5DMKa0IAAbQ3yo5vJzyLsvynf-bCkfwON_gxfmfufGtM77QWWJEJTcZza15WnnZSUpyt7fw5L9YiN5muBOBtV-hzTSFRXEqZJLfXD_-9BKJyVnE0LKWi1RSeAPUupkGoRAv52mQGIl6t-kiPrX9yhNEpqVzSZiLGbxkL7J5WSk-hymHjbHhtbF5C0R4DpActz15HbG_BVJEFF7cHkbUW0ejIupjOmNgMU6QfhRbZ0KMNgg4ZyIilKCCMS4_LmtvIB-6HQ7z9nmL0ii1QJKTt_E4wC4QXz-5GQr_l1SvU2m4o6yDq-5mXbKtEDy2jDqtluJ0btaahpbpS66rTARp4UYViUAtfZNHfdCg5lLPss4Ifiaa4fEz2TtIZzAzOhH5YUOD09G7GhMPkzbN3Wi7.vWXSkARDu-bGaUHwSK6FMUSa1JpegnTQZL6JiZoK1Qw&quot;,
  &quot;user-agent&quot;: &quot;Mozilla/5.0 (X11; Linux x86_64) AppleWebKit/537.36 (KHTML, like Gecko) Cypress/13.17.0 Chrome/118.0.5993.159 Electron/27.3.10 Safari/537.36&quot;,
  &quot;accept&quot;: &quot;*/*&quot;,
  &quot;accept-encoding&quot;: &quot;gzip, deflate&quot;,
  &quot;content-length&quot;: 113
}
Body: {&quot;acuris&quot;:{&quot;fullName&quot;:&quot;Putin&quot;,&quot;dateOfBirth&quot;:&quot;&quot;,&quot;address&quot;:&quot;&quot;,&quot;city&quot;:&quot;&quot;,&quot;country&quot;:&quot;&quot;,&quot;postcode&quot;:&quot;&quot;,&quot;threshold&quot;:90}}

-----------------------------------------------------------

The response we got was:

Status: 400 - Bad Request
Headers: {
  &quot;date&quot;: &quot;Thu, 16 Jan 2025 12:51:20 GMT&quot;,
  &quot;content-type&quot;: &quot;application/json; charset=utf-8&quot;,
  &quot;content-length&quot;: &quot;625&quot;,
  &quot;connection&quot;: &quot;keep-alive&quot;,
  &quot;cf-cache-status&quot;: &quot;DYNAMIC&quot;,
  &quot;report-to&quot;: &quot;{\&quot;endpoints\&quot;:[{\&quot;url\&quot;:\&quot;https:\\/\\/a.nel.cloudflare.com\\/report\\/v4?s=R4Z%2F2Ze9H9vprk7ETVdIsmqEFdLZ9QVSGSIhbBLPgOQWPROqo7epmCTOSFK%2BLQfObIZK%2BE71on7OcRPGNrRTKNV%2BTUKXSK8vZzAdNenDXfuDVSYOPUmtjrwcSi8gpSxIKzGIFFFya0iBzrs4hkVoadE%3D\&quot;}],\&quot;group\&quot;:\&quot;cf-nel\&quot;,\&quot;max_age\&quot;:604800}&quot;,
  &quot;nel&quot;: &quot;{\&quot;success_fraction\&quot;:0,\&quot;report_to\&quot;:\&quot;cf-nel\&quot;,\&quot;max_age\&quot;:604800}&quot;,
  &quot;server&quot;: &quot;cloudflare&quot;,
  &quot;cf-ray&quot;: &quot;902e3c80cb2f917c-FRA&quot;,
  &quot;server-timing&quot;: &quot;cfL4;desc=\&quot;?proto=TCP&amp;rtt=12124&amp;min_rtt=5729&amp;rtt_var=9823&amp;sent=643&amp;recv=317&amp;lost=0&amp;retrans=1&amp;sent_bytes=640613&amp;recv_bytes=120228&amp;delivery_rate=32731947&amp;cwnd=554&amp;unsent_bytes=0&amp;cid=8f0bc7f269b523f4&amp;ts=41887&amp;x=0\&quot;&quot;
}
Body: [
  {
    &quot;title&quot;: &quot; Error&quot;,
    &quot;description&quot;: &quot;Something went wrong during screening &lt;br/&gt; Error:Object reference not set to an instance of an object.&quot;,
    &quot;exceptionInfo&quot;: {
      &quot;exceptionMessage&quot;: &quot;Object reference not set to an instance of an object.&quot;,
      &quot;exceptionInnerMessage&quot;: null,
      &quot;exceptionStackTrace&quot;: &quot;   at RegTech.Infrastructure.ScreeningHelperFunctions.PerformScreening(Int32 id, PersonSearchRequestVM individual, BusinessSearchRequestVM corporate, Boolean calledFromWorkflowOrExternal, Boolean getProfiles, Boolean ignoreEventEngine) in /home/palexandrou/WorkSpace/RegTech_Web/src/web/Infrastructure/ScreeningHelperFunctions.cs:line 207&quot;
    }
  }
]


https://on.cypress.io/request" type="CypressError"><![CDATA[CypressError: `cy.request()` failed on:

https://complytek-testing-api.regtek.co/api/clientIndividuals/421/performPersonSearch

The response we received from your web server was:

  > 400: Bad Request

This was considered a failure because the status code was not `2xx` or `3xx`.

If you do not want status codes to cause failures pass the option: `failOnStatusCode: false`

-----------------------------------------------------------

The request we sent was:

Method: POST
URL: https://complytek-testing-api.regtek.co/api/clientIndividuals/421/performPersonSearch
Headers: {
  "Connection": "keep-alive",
  "Content-Type": "application/json",
  "Authorization": "Bearer eyJhbGciOiJSU0EtT0FFUCIsImVuYyI6IkEyNTZDQkMtSFM1MTIiLCJraWQiOiI1RkM0QkM4NzM2QTE5NzkwQkUxQzU4NTc3NENCQjM4RDVDQzA1NTNDIiwidHlwIjoiYXQrand0In0.EFwfp9WbU04Jf5VSyE8iMhEwcsCQwAqfx2z9KciAyzUAVyi-0fFT5u31CXu0NmeSlUdBFBXye3FCL2tPKHJX0aLCILJHSI0kH2nSWyNRVJVqDO8lzt1qiu2_y0ijmJbLV9PJbwXYtm1nRBrAaz55I8JPttobRXDHBXhIGVZACyYHrd8J9EO1rYe4y2_ydMZJ8G-aFlE0JeMaym1H8SZ3gFSMvpUeDl0macAyv18Ctqem03FXd-jBqXINlWyYR7zP3hwmFqnQ_MS9dSgDVQyyRrOLPBjbXXAW_K60YMW4mrNezuv1HTsXzEetcWjMwu6doCM1fZyTk0xeqAz1odHoBKUIhw2DZ08GvTreVQThMvjMWCBRxLyFRRBLSrmwA68GoWtv-EyE9qJau74fDT5j6XPnEKyKmFlciU5WlUh7BdQI4LqP2MFBmuAU6L3dU-lRpUUwnRoWg5rxERBJzrahX9ZJ42aVJktVAjc-xjMRwMr7JNEjZxyb3E1rLZCwxm8OCLi5IOF4JT0vv0emfwoYramoSwfDkFW0BeQxN9ffNZ8t9_D_krfwCnWjbtIlEXwhfZ64qSUM73opSKpndL_DonuiMX0DWDBP5DbqppvEP3kriaS2uaE4dz_eHQuq4bFKusZJjEwKiKy-XmHn2G7p8rMXlWkVeKE2dDGuIgahjg4.h0ZnDi-oFrRGo7DSn6UKXA.AX-MZeNomKgGTbxlw8AKjfdfZX9rXsGIKPMyNypRVO8NuPTI2f03OkJJAQ2RVhXrApteSQk8IvdcRTfm8bGoR1ww5zK97qaTDTLRGe914cmJFkzZ6TkpJsERRwRszqwESdC52MS0ICVuR23j_hhjVcl7lUAO57MRsr-8uxUyN0EP48kl5pEBhtUORMtjU3dnCBpbh_SeBLvALdKSIVO7tFut_ky_fQNmt8k_h9DbyjUUzOzAE4vdqO8gzzK8sTxk3uXc3G7OBjTXBbIi9XRWY53WxELmeIZr-5_yXA1VSxGXPyhbF2UOOwQOpS4mm9aOzZySsqUt0CXcEqkoWSSMBTGCoepRuIpcWOM6vvFY6h26ZKOzH-jioerq9q-LxIm3D9VeXYgnAL0U2CaduiBMl6vy1sWM22YKbjkf-UOm1hdx2t4i3hsMVeLPScyxklEBSPqQctQJthBiJVfcD-WZI6JAULlUJQgcDDX77V8eoEpMWxLhMEmX55pjsDpLKKVCjBGORywTHe6YF63dCrG_xGcH11LHBtQOQH5tdPUSqZUnHP9_hK8Fa36qrBgF1skYYWe3oCpMREZatE6jhlFH39aySPFCS5t71CkTdP3p2RB3kBRLAJn-xn8bOmU-RowuqEY7RrD_QIl85SH5Kcgdmz4ee9cySDe1iiAWlo1pd9kVjKD-XCaxE5ADw5SwR7jJa0YUhdI79CUr-JrzHCzzCvmYCtn9Gq6q1GVOMFj6eecrM9TRM3QC5XVmLe5wOPUnsa5YSSP85UthYKT0h16rZBUS1NjOeiy6P6lKm19fcX6F17G4PHg9SfA8RHau_46J-Aybx2eTl2xcQmpH1epo36gPOm6Ua_zV3TkTi0yI7O1iQE8lgw2sCIMOOCV1KTVji3a7QYDcdtq8xOdB_tvsZ-4rTm9QVE52xbKG4KkrSFrn5qeqUFd7SMUnZeFZUd3tjTNGfFxGkh9YHUccbK236zc_9jdpek97kt-5ojQNU4lBr3OfT_MqXv4rge-S-u6i-drWDekZ8mUg5C5CnSuaO3NSKfqWsLgduUVL6VYCLWEysr9bh1D1lqgnKC2U3WS8NqMzEDaH7w6aNJ-NvbpYxJdqNi743SLwudf7JWeHxCaA3w0oisDG1wv8q_O0z_N-__0croa1nJB2Fphgns9oCaiqOk9XFROn8OVoy1uXLVb_joUIiGfdZ7fSwlROnfwBmUxoQincm1gJc17BnTdYZ5heVGmeqmqgHhJGNVXAkmPYUI4op7KWJDScSTEzqlUmNYA_M2VrP2OppkoF1VaHu_-f61Sgw1owuScRFM4NZPPl3PhfJRcIQlcqMwJAKWT8E_sdh07kNzu8q72tPAmI7xDceemRBRWjXZJfFIiZaLQqVCJck2aU5sdGTvNjC-8_XeAkEMEZ94AG749OQhNRqu8KwwyTF0F708r-vcBo61D9ec4Vg15bGC48JPJq5Y2GplmxIuFl05lgPXCm6FadtmdWOvrU1jGE4kA8LWvbs6XcTT043zCEhjgN3Y4qbP4Nws17wUj_KhxCLwdu0gjaRUVsnipm0I0AGPZOz1ZPCi2_Sz4PKvlBCDV2cjZ4k_qSXq26tl_k3Bd9Xl3CYX7zV8i3xMM0UYQXqPJhpLP8sZlBddp1uAZpCQCnuxCV0jp915G5F_39KsdzM0cwdXKTSLs8-czxqQlicu4q0eNC1iAEX-Vh1dGuiwtxRU0PIHeR4TVXjtMTnPM8VVuX1ogk7c_pbCkuENYAvuvAjGx0B_9nUYoJBeRBOQISXuB6Gq7W4CMV36JHzV7uB6RSqynK2ZO7ri75aq_vZXPbSVZFX-XT5v1Zfey9wNTIkbTVTx8Qn9C77A4SYkrXnwHdy8gfkt7MJqpKxDW-HKETeQ8dFgSyQVGLJobE3bnUqS_Jdm2I2yJlvhQMfb4U_u-M_YBMvbffUKLbcixUFFXp8H43HTR9CTQfU6SQ-UmF2_JVWD79p0v9__UZCj0l6FaN0WqZwa0T_2I4F1GUmk6_HRKXfWn9iSt1XPPbE7AJj7kKT53SX_0CmrqILcdDfyUZeSd_8kZhkPyZFkL0u1rK4dxBuscBdxWEuPWmVCre8ozRIqG_UH7JG6ncbGCXCiLU27m6zfLkDNBKad_6YGyPyeQ4Lw8cobNYcnrt6Cvhjw6x2gI5yzDc-JVEYegG49XtffMoUlvAMmgiVVnuUTCSoDuw0ieVFuetjw80IyGQ3T3C1zw-qfar5Z_DdRXaZxHArIIMdam3zied74-yURfqwbToTGfIq85NQlKmQs8LMjV2T4U1a5Pzi4LqzAmkHfeSEcc7Gu1R91gDGxQE_1QXD9oZ417nJ5MLdMdnqw99MfNHPkqW-aAIvEKLPgfEqrrJ5fUvxwCHPIRRna7mXQgjjt5VK1DKkiJc4dP7NCTYo4GWUzQjJMV0BOTFg08QJmSDD2TkHWFCUIGzK8lCCKlJUFqMoU1kyqJmhDJ1jPao5ysJhsumIQZ22WW3sNBG94WydTXWmmWrO5-PfU4uvGNPuWyVfVfYwRI6r-3tbnL-UScuYP7oNF938AN562H2pnyzKBJEx9MOSbCupZcK8u-0pKizNSQK9hI4JDmyfyw2EYdLMrcvycTzMeF6nU1nihVvtDtnk5bc3DzcQYUhrqT05RBW7S4cShFlYvkqnYiKhVV5nzPhC5GIriUEMydkM6ASWWgJWMK1D7_L0_FZm-ibPM7wJ4n6Ny_emOnr_izcVrNkYGMcGGBjP3tcrmsZGtHc_1WBjVxhbKewl4hFAlNZ7Wlag-w8zssghLnRabods3VFiC_FTmyV8Z-0Lh-4WgKLRQjC_FCA68ejkqqnjr6bK4EVTuxBZdh6CqHxTL-FjgM7vr3PzS6uvVfHeaHNPg_b7d-BIzpPhCVII_iFK-8Uqe1hjeW3T2F_O9NFrzhYwLioeSVj3vhVBOK46tnxjMJVKdyR7n0hi9GBfVyK0Lgy_Am-dhnMG2jvNtX_8htwLj83WQRv3bigu3kVqD-NqgpASanubNpGSUiThOv-iBdc2lAKfn6YtKQnfZFi81LzCQw7Tu2cueVtWxzX5CJPEZt4tnequs958T-8cOO5MaWyo8L9AEsZK7Dh6ETRH-OIL6jdkGxjxQkWMDMCaDrv3uj_QlfOW1MYMVknRXr90ZKiUFjwGMT8tqhxcRbpYEvitw5P30NyGQ6lmUnuGCNz-9hQyvUe3P4JIgq3BPk8jIXGWdo9CP0UkBVq4RPv-L3aifQFlxHyGME83xtH8nRTQ4Pj1Vp-JQe7tkBbq03p8jgcEad5Crl2FpwbEhrsbU--aPoXXCAV7lOdBmegRuz4dcth5J9ycQWDysToUNxkBLF2X_rN-xvOfQ_au3d4sjz6PRX1hbGOEwSHhQxbMYymjsXXpbTRb58xrQDw49dyca102yuzVPH5l39F5cgKyW0osizOnkdHLnZFhBiEleMZhFyx00e7HYqTO8tNXaz8--M9CoPTD_rlSICh-A3vouClPHxfRHZnidjrF5sAXV1qyI-QmuNoSStNF9xU5zXSGG-XFJhe0y2XlwDYeGjSfjN3iqlkf2eGMktq27IhJiDmO7NwgPV0KiJRSyijSQcEV2WkOipgJtZ2qx7Sc85Z8oF77yWZ9T6E3uhhZ2Yq7Soj8ZbzIRif-sJfFie2oobR1oLVVQeNySnnR5YqJRivKi1IAYKUw2tJaeaLyUGxEJ_jVhXMsUlLowwRCo7p3UlNue-FGFYOES8byydGrdyrQWcyruWHrWCrdILMbW8_v9OFcLdS8g-s5bAe1wqqCpF94XCieVZFwuONi7xOAFXeG7we465DQHmLjn_7y3skRbU2EvSNBpPwUH6nb3UcdY_k0g5Z5Oz8A-Bf7dhs7Q0V4jBTpugNvadyKvkxabHx0ofjRH_RnPWIoGHQpLbktQhLJbRa1uXPKF8JlVXMHnz-qpntE6ZRj_u0R8zeb9HtFap2gAP3pZjXBlyybBHQ9dtur-rFiiy1lMa1S5DMKa0IAAbQ3yo5vJzyLsvynf-bCkfwON_gxfmfufGtM77QWWJEJTcZza15WnnZSUpyt7fw5L9YiN5muBOBtV-hzTSFRXEqZJLfXD_-9BKJyVnE0LKWi1RSeAPUupkGoRAv52mQGIl6t-kiPrX9yhNEpqVzSZiLGbxkL7J5WSk-hymHjbHhtbF5C0R4DpActz15HbG_BVJEFF7cHkbUW0ejIupjOmNgMU6QfhRbZ0KMNgg4ZyIilKCCMS4_LmtvIB-6HQ7z9nmL0ii1QJKTt_E4wC4QXz-5GQr_l1SvU2m4o6yDq-5mXbKtEDy2jDqtluJ0btaahpbpS66rTARp4UYViUAtfZNHfdCg5lLPss4Ifiaa4fEz2TtIZzAzOhH5YUOD09G7GhMPkzbN3Wi7.vWXSkARDu-bGaUHwSK6FMUSa1JpegnTQZL6JiZoK1Qw",
  "user-agent": "Mozilla/5.0 (X11; Linux x86_64) AppleWebKit/537.36 (KHTML, like Gecko) Cypress/13.17.0 Chrome/118.0.5993.159 Electron/27.3.10 Safari/537.36",
  "accept": "*/*",
  "accept-encoding": "gzip, deflate",
  "content-length": 113
}
Body: {"acuris":{"fullName":"Putin","dateOfBirth":"","address":"","city":"","country":"","postcode":"","threshold":90}}

-----------------------------------------------------------

The response we got was:

Status: 400 - Bad Request
Headers: {
  "date": "Thu, 16 Jan 2025 12:51:20 GMT",
  "content-type": "application/json; charset=utf-8",
  "content-length": "625",
  "connection": "keep-alive",
  "cf-cache-status": "DYNAMIC",
  "report-to": "{\"endpoints\":[{\"url\":\"https:\\/\\/a.nel.cloudflare.com\\/report\\/v4?s=R4Z%2F2Ze9H9vprk7ETVdIsmqEFdLZ9QVSGSIhbBLPgOQWPROqo7epmCTOSFK%2BLQfObIZK%2BE71on7OcRPGNrRTKNV%2BTUKXSK8vZzAdNenDXfuDVSYOPUmtjrwcSi8gpSxIKzGIFFFya0iBzrs4hkVoadE%3D\"}],\"group\":\"cf-nel\",\"max_age\":604800}",
  "nel": "{\"success_fraction\":0,\"report_to\":\"cf-nel\",\"max_age\":604800}",
  "server": "cloudflare",
  "cf-ray": "902e3c80cb2f917c-FRA",
  "server-timing": "cfL4;desc=\"?proto=TCP&rtt=12124&min_rtt=5729&rtt_var=9823&sent=643&recv=317&lost=0&retrans=1&sent_bytes=640613&recv_bytes=120228&delivery_rate=32731947&cwnd=554&unsent_bytes=0&cid=8f0bc7f269b523f4&ts=41887&x=0\""
}
Body: [
  {
    "title": " Error",
    "description": "Something went wrong during screening <br/> Error:Object reference not set to an instance of an object.",
    "exceptionInfo": {
      "exceptionMessage": "Object reference not set to an instance of an object.",
      "exceptionInnerMessage": null,
      "exceptionStackTrace": "   at RegTech.Infrastructure.ScreeningHelperFunctions.PerformScreening(Int32 id, PersonSearchRequestVM individual, BusinessSearchRequestVM corporate, Boolean calledFromWorkflowOrExternal, Boolean getProfiles, Boolean ignoreEventEngine) in /home/palexandrou/WorkSpace/RegTech_Web/src/web/Infrastructure/ScreeningHelperFunctions.cs:line 207"
    }
  }
]


https://on.cypress.io/request
    at <unknown> (https://complytek-testing.regtek.co/__cypress/runner/cypress_runner.js:132876:72)
    at tryCatcher (https://complytek-testing.regtek.co/__cypress/runner/cypress_runner.js:1830:23)
    at Promise._settlePromiseFromHandler (https://complytek-testing.regtek.co/__cypress/runner/cypress_runner.js:1542:31)
    at Promise._settlePromise (https://complytek-testing.regtek.co/__cypress/runner/cypress_runner.js:1599:18)
    at Promise._settlePromise0 (https://complytek-testing.regtek.co/__cypress/runner/cypress_runner.js:1644:10)
    at Promise._settlePromises (https://complytek-testing.regtek.co/__cypress/runner/cypress_runner.js:1724:18)
    at _drainQueueStep (https://complytek-testing.regtek.co/__cypress/runner/cypress_runner.js:2430:12)
    at _drainQueue (https://complytek-testing.regtek.co/__cypress/runner/cypress_runner.js:2423:9)
    at Async._drainQueues (https://complytek-testing.regtek.co/__cypress/runner/cypress_runner.js:2439:5)
    at Async.drainQueues (https://complytek-testing.regtek.co/__cypress/runner/cypress_runner.js:2309:14)
From Your Spec Code:
    at Context.eval (webpack://clm_cypress/./cypress/e2e/Priority2/Adhoc_Screening_test.cy.ts:62:0)]]></failure>
    </testcase>
  </testsuite>
  <testsuite name="Adhoc Screening Corporate Client" timestamp="2025-01-16T12:51:21" tests="4" time="57.071" failures="4">
    <testcase name="Adhoc Screening Corporate Client Performs Business Search Using UI" time="0.000" classname="Performs Business Search Using UI">
      <failure message="Timed out retrying after 4050ms: `cy.click()` failed because this element is not visible:

`&lt;div _ngcontent-gjv-c358=&quot;&quot; class=&quot;text&quot;&gt;Search&lt;/div&gt;`

This element `&lt;div.text&gt;` is not visible because its parent `&lt;div.modal.fade&gt;` has CSS property: `display: none`

Fix this problem, or use `{force: true}` to disable error checking.

https://on.cypress.io/element-cannot-be-interacted-with" type="CypressError"><![CDATA[CypressError: Timed out retrying after 4050ms: `cy.click()` failed because this element is not visible:

`<div _ngcontent-gjv-c358="" class="text">Search</div>`

This element `<div.text>` is not visible because its parent `<div.modal.fade>` has CSS property: `display: none`

Fix this problem, or use `{force: true}` to disable error checking.

https://on.cypress.io/element-cannot-be-interacted-with
    at runVisibilityCheck (https://complytek-testing.regtek.co/__cypress/runner/cypress_runner.js:144957:58)
    at Object.isStrictlyVisible (https://complytek-testing.regtek.co/__cypress/runner/cypress_runner.js:144971:10)
    at runAllChecks (https://complytek-testing.regtek.co/__cypress/runner/cypress_runner.js:113271:26)
    at retryActionability (https://complytek-testing.regtek.co/__cypress/runner/cypress_runner.js:113339:16)
    at tryCatcher (https://complytek-testing.regtek.co/__cypress/runner/cypress_runner.js:1830:23)
    at Promise.attempt.Promise.try (https://complytek-testing.regtek.co/__cypress/runner/cypress_runner.js:4338:29)
    at whenStable (https://complytek-testing.regtek.co/__cypress/runner/cypress_runner.js:143744:68)
    at <unknown> (https://complytek-testing.regtek.co/__cypress/runner/cypress_runner.js:143685:14)
    at tryCatcher (https://complytek-testing.regtek.co/__cypress/runner/cypress_runner.js:1830:23)
    at Promise._settlePromiseFromHandler (https://complytek-testing.regtek.co/__cypress/runner/cypress_runner.js:1542:31)
    at Promise._settlePromise (https://complytek-testing.regtek.co/__cypress/runner/cypress_runner.js:1599:18)
    at Promise._settlePromise0 (https://complytek-testing.regtek.co/__cypress/runner/cypress_runner.js:1644:10)
    at Promise._settlePromises (https://complytek-testing.regtek.co/__cypress/runner/cypress_runner.js:1724:18)
    at Promise._fulfill (https://complytek-testing.regtek.co/__cypress/runner/cypress_runner.js:1668:18)
    at <unknown> (https://complytek-testing.regtek.co/__cypress/runner/cypress_runner.js:5473:46)
From Your Spec Code:
    at Context.eval (webpack://clm_cypress/./cypress/e2e/Priority2/Adhoc_Screening_test.cy.ts:96:0)]]></failure>
    </testcase>
    <testcase name="Adhoc Screening Corporate Client Performs Business Monitoring and Refreshes results" time="0.000" classname="Performs Business Monitoring and Refreshes results">
      <failure message="Timed out retrying after 4050ms: `cy.click()` failed because this element:

          `&lt;div _ngcontent-fvr-c358=&quot;&quot; class=&quot;text&quot;&gt;Busines...&lt;/div&gt;`

          has CSS `pointer-events: none`, inherited from this element:

`&lt;a _ngcontent-fvr-c358=&quot;&quot; placement=&quot;bottom&quot; container=&quot;body&quot; triggers=&quot;mouseenter:mouseleave&quot; class=&quot;sa-button success left dark md with-icon disabled&quot; title=&quot;&quot; type=&quot;&quot; href=&quot;/main/client-structure/491/2/client-corporate/491/2/negative-lists&quot;&gt;...&lt;/a&gt;`

          `pointer-events: none` prevents user mouse interaction.

          Fix this problem, or use {force: true} to disable error checking.

https://on.cypress.io/element-cannot-be-interacted-with" type="CypressError"><![CDATA[CypressError: Timed out retrying after 4050ms: `cy.click()` failed because this element:

          `<div _ngcontent-fvr-c358="" class="text">Busines...</div>`

          has CSS `pointer-events: none`, inherited from this element:

`<a _ngcontent-fvr-c358="" placement="bottom" container="body" triggers="mouseenter:mouseleave" class="sa-button success left dark md with-icon disabled" title="" type="" href="/main/client-structure/491/2/client-corporate/491/2/negative-lists">...</a>`

          `pointer-events: none` prevents user mouse interaction.

          Fix this problem, or use {force: true} to disable error checking.

https://on.cypress.io/element-cannot-be-interacted-with
    at ensureElDoesNotHaveCSS (https://complytek-testing.regtek.co/__cypress/runner/cypress_runner.js:112856:66)
    at ensureDescendents (https://complytek-testing.regtek.co/__cypress/runner/cypress_runner.js:112964:5)
    at ensureDescendentsAndScroll (https://complytek-testing.regtek.co/__cypress/runner/cypress_runner.js:112972:14)
    at ensureElIsNotCovered (https://complytek-testing.regtek.co/__cypress/runner/cypress_runner.js:113103:5)
    at runAllChecks (https://complytek-testing.regtek.co/__cypress/runner/cypress_runner.js:113302:52)
    at retryActionability (https://complytek-testing.regtek.co/__cypress/runner/cypress_runner.js:113339:16)
    at tryCatcher (https://complytek-testing.regtek.co/__cypress/runner/cypress_runner.js:1830:23)
    at Promise.attempt.Promise.try (https://complytek-testing.regtek.co/__cypress/runner/cypress_runner.js:4338:29)
    at whenStable (https://complytek-testing.regtek.co/__cypress/runner/cypress_runner.js:143744:68)
    at <unknown> (https://complytek-testing.regtek.co/__cypress/runner/cypress_runner.js:143685:14)
    at tryCatcher (https://complytek-testing.regtek.co/__cypress/runner/cypress_runner.js:1830:23)
    at Promise._settlePromiseFromHandler (https://complytek-testing.regtek.co/__cypress/runner/cypress_runner.js:1542:31)
    at Promise._settlePromise (https://complytek-testing.regtek.co/__cypress/runner/cypress_runner.js:1599:18)
    at Promise._settlePromise0 (https://complytek-testing.regtek.co/__cypress/runner/cypress_runner.js:1644:10)
    at Promise._settlePromises (https://complytek-testing.regtek.co/__cypress/runner/cypress_runner.js:1724:18)
    at Promise._fulfill (https://complytek-testing.regtek.co/__cypress/runner/cypress_runner.js:1668:18)
    at <unknown> (https://complytek-testing.regtek.co/__cypress/runner/cypress_runner.js:5473:46)
From Your Spec Code:
    at Context.eval (webpack://clm_cypress/./cypress/e2e/Priority2/Adhoc_Screening_test.cy.ts:102:0)]]></failure>
    </testcase>
    <testcase name="Adhoc Screening Corporate Client Removes Business Monitoring" time="0.000" classname="Removes Business Monitoring">
      <failure message="Timed out retrying after 4000ms: Expected to find element: `#bot2-Msg1`, but never found it." type="AssertionError"><![CDATA[AssertionError: Timed out retrying after 4000ms: Expected to find element: `#bot2-Msg1`, but never found it.
    at Context.eval (webpack://clm_cypress/./cypress/e2e/Priority2/Adhoc_Screening_test.cy.ts:111:0)]]></failure>
    </testcase>
    <testcase name="Adhoc Screening Corporate Client Performs Business Search Using API" time="0.000" classname="Performs Business Search Using API">
      <failure message="`cy.request()` failed on:

https://complytek-testing-api.regtek.co/api/clientCorporates/491/performBusinessSearch

The response we received from your web server was:

  &gt; 400: Bad Request

This was considered a failure because the status code was not `2xx` or `3xx`.

If you do not want status codes to cause failures pass the option: `failOnStatusCode: false`

-----------------------------------------------------------

The request we sent was:

Method: POST
URL: https://complytek-testing-api.regtek.co/api/clientCorporates/491/performBusinessSearch
Headers: {
  &quot;Connection&quot;: &quot;keep-alive&quot;,
  &quot;Content-Type&quot;: &quot;application/json&quot;,
  &quot;Authorization&quot;: &quot;Bearer eyJhbGciOiJSU0EtT0FFUCIsImVuYyI6IkEyNTZDQkMtSFM1MTIiLCJraWQiOiI1RkM0QkM4NzM2QTE5NzkwQkUxQzU4NTc3NENCQjM4RDVDQzA1NTNDIiwidHlwIjoiYXQrand0In0.EFwfp9WbU04Jf5VSyE8iMhEwcsCQwAqfx2z9KciAyzUAVyi-0fFT5u31CXu0NmeSlUdBFBXye3FCL2tPKHJX0aLCILJHSI0kH2nSWyNRVJVqDO8lzt1qiu2_y0ijmJbLV9PJbwXYtm1nRBrAaz55I8JPttobRXDHBXhIGVZACyYHrd8J9EO1rYe4y2_ydMZJ8G-aFlE0JeMaym1H8SZ3gFSMvpUeDl0macAyv18Ctqem03FXd-jBqXINlWyYR7zP3hwmFqnQ_MS9dSgDVQyyRrOLPBjbXXAW_K60YMW4mrNezuv1HTsXzEetcWjMwu6doCM1fZyTk0xeqAz1odHoBKUIhw2DZ08GvTreVQThMvjMWCBRxLyFRRBLSrmwA68GoWtv-EyE9qJau74fDT5j6XPnEKyKmFlciU5WlUh7BdQI4LqP2MFBmuAU6L3dU-lRpUUwnRoWg5rxERBJzrahX9ZJ42aVJktVAjc-xjMRwMr7JNEjZxyb3E1rLZCwxm8OCLi5IOF4JT0vv0emfwoYramoSwfDkFW0BeQxN9ffNZ8t9_D_krfwCnWjbtIlEXwhfZ64qSUM73opSKpndL_DonuiMX0DWDBP5DbqppvEP3kriaS2uaE4dz_eHQuq4bFKusZJjEwKiKy-XmHn2G7p8rMXlWkVeKE2dDGuIgahjg4.h0ZnDi-oFrRGo7DSn6UKXA.AX-MZeNomKgGTbxlw8AKjfdfZX9rXsGIKPMyNypRVO8NuPTI2f03OkJJAQ2RVhXrApteSQk8IvdcRTfm8bGoR1ww5zK97qaTDTLRGe914cmJFkzZ6TkpJsERRwRszqwESdC52MS0ICVuR23j_hhjVcl7lUAO57MRsr-8uxUyN0EP48kl5pEBhtUORMtjU3dnCBpbh_SeBLvALdKSIVO7tFut_ky_fQNmt8k_h9DbyjUUzOzAE4vdqO8gzzK8sTxk3uXc3G7OBjTXBbIi9XRWY53WxELmeIZr-5_yXA1VSxGXPyhbF2UOOwQOpS4mm9aOzZySsqUt0CXcEqkoWSSMBTGCoepRuIpcWOM6vvFY6h26ZKOzH-jioerq9q-LxIm3D9VeXYgnAL0U2CaduiBMl6vy1sWM22YKbjkf-UOm1hdx2t4i3hsMVeLPScyxklEBSPqQctQJthBiJVfcD-WZI6JAULlUJQgcDDX77V8eoEpMWxLhMEmX55pjsDpLKKVCjBGORywTHe6YF63dCrG_xGcH11LHBtQOQH5tdPUSqZUnHP9_hK8Fa36qrBgF1skYYWe3oCpMREZatE6jhlFH39aySPFCS5t71CkTdP3p2RB3kBRLAJn-xn8bOmU-RowuqEY7RrD_QIl85SH5Kcgdmz4ee9cySDe1iiAWlo1pd9kVjKD-XCaxE5ADw5SwR7jJa0YUhdI79CUr-JrzHCzzCvmYCtn9Gq6q1GVOMFj6eecrM9TRM3QC5XVmLe5wOPUnsa5YSSP85UthYKT0h16rZBUS1NjOeiy6P6lKm19fcX6F17G4PHg9SfA8RHau_46J-Aybx2eTl2xcQmpH1epo36gPOm6Ua_zV3TkTi0yI7O1iQE8lgw2sCIMOOCV1KTVji3a7QYDcdtq8xOdB_tvsZ-4rTm9QVE52xbKG4KkrSFrn5qeqUFd7SMUnZeFZUd3tjTNGfFxGkh9YHUccbK236zc_9jdpek97kt-5ojQNU4lBr3OfT_MqXv4rge-S-u6i-drWDekZ8mUg5C5CnSuaO3NSKfqWsLgduUVL6VYCLWEysr9bh1D1lqgnKC2U3WS8NqMzEDaH7w6aNJ-NvbpYxJdqNi743SLwudf7JWeHxCaA3w0oisDG1wv8q_O0z_N-__0croa1nJB2Fphgns9oCaiqOk9XFROn8OVoy1uXLVb_joUIiGfdZ7fSwlROnfwBmUxoQincm1gJc17BnTdYZ5heVGmeqmqgHhJGNVXAkmPYUI4op7KWJDScSTEzqlUmNYA_M2VrP2OppkoF1VaHu_-f61Sgw1owuScRFM4NZPPl3PhfJRcIQlcqMwJAKWT8E_sdh07kNzu8q72tPAmI7xDceemRBRWjXZJfFIiZaLQqVCJck2aU5sdGTvNjC-8_XeAkEMEZ94AG749OQhNRqu8KwwyTF0F708r-vcBo61D9ec4Vg15bGC48JPJq5Y2GplmxIuFl05lgPXCm6FadtmdWOvrU1jGE4kA8LWvbs6XcTT043zCEhjgN3Y4qbP4Nws17wUj_KhxCLwdu0gjaRUVsnipm0I0AGPZOz1ZPCi2_Sz4PKvlBCDV2cjZ4k_qSXq26tl_k3Bd9Xl3CYX7zV8i3xMM0UYQXqPJhpLP8sZlBddp1uAZpCQCnuxCV0jp915G5F_39KsdzM0cwdXKTSLs8-czxqQlicu4q0eNC1iAEX-Vh1dGuiwtxRU0PIHeR4TVXjtMTnPM8VVuX1ogk7c_pbCkuENYAvuvAjGx0B_9nUYoJBeRBOQISXuB6Gq7W4CMV36JHzV7uB6RSqynK2ZO7ri75aq_vZXPbSVZFX-XT5v1Zfey9wNTIkbTVTx8Qn9C77A4SYkrXnwHdy8gfkt7MJqpKxDW-HKETeQ8dFgSyQVGLJobE3bnUqS_Jdm2I2yJlvhQMfb4U_u-M_YBMvbffUKLbcixUFFXp8H43HTR9CTQfU6SQ-UmF2_JVWD79p0v9__UZCj0l6FaN0WqZwa0T_2I4F1GUmk6_HRKXfWn9iSt1XPPbE7AJj7kKT53SX_0CmrqILcdDfyUZeSd_8kZhkPyZFkL0u1rK4dxBuscBdxWEuPWmVCre8ozRIqG_UH7JG6ncbGCXCiLU27m6zfLkDNBKad_6YGyPyeQ4Lw8cobNYcnrt6Cvhjw6x2gI5yzDc-JVEYegG49XtffMoUlvAMmgiVVnuUTCSoDuw0ieVFuetjw80IyGQ3T3C1zw-qfar5Z_DdRXaZxHArIIMdam3zied74-yURfqwbToTGfIq85NQlKmQs8LMjV2T4U1a5Pzi4LqzAmkHfeSEcc7Gu1R91gDGxQE_1QXD9oZ417nJ5MLdMdnqw99MfNHPkqW-aAIvEKLPgfEqrrJ5fUvxwCHPIRRna7mXQgjjt5VK1DKkiJc4dP7NCTYo4GWUzQjJMV0BOTFg08QJmSDD2TkHWFCUIGzK8lCCKlJUFqMoU1kyqJmhDJ1jPao5ysJhsumIQZ22WW3sNBG94WydTXWmmWrO5-PfU4uvGNPuWyVfVfYwRI6r-3tbnL-UScuYP7oNF938AN562H2pnyzKBJEx9MOSbCupZcK8u-0pKizNSQK9hI4JDmyfyw2EYdLMrcvycTzMeF6nU1nihVvtDtnk5bc3DzcQYUhrqT05RBW7S4cShFlYvkqnYiKhVV5nzPhC5GIriUEMydkM6ASWWgJWMK1D7_L0_FZm-ibPM7wJ4n6Ny_emOnr_izcVrNkYGMcGGBjP3tcrmsZGtHc_1WBjVxhbKewl4hFAlNZ7Wlag-w8zssghLnRabods3VFiC_FTmyV8Z-0Lh-4WgKLRQjC_FCA68ejkqqnjr6bK4EVTuxBZdh6CqHxTL-FjgM7vr3PzS6uvVfHeaHNPg_b7d-BIzpPhCVII_iFK-8Uqe1hjeW3T2F_O9NFrzhYwLioeSVj3vhVBOK46tnxjMJVKdyR7n0hi9GBfVyK0Lgy_Am-dhnMG2jvNtX_8htwLj83WQRv3bigu3kVqD-NqgpASanubNpGSUiThOv-iBdc2lAKfn6YtKQnfZFi81LzCQw7Tu2cueVtWxzX5CJPEZt4tnequs958T-8cOO5MaWyo8L9AEsZK7Dh6ETRH-OIL6jdkGxjxQkWMDMCaDrv3uj_QlfOW1MYMVknRXr90ZKiUFjwGMT8tqhxcRbpYEvitw5P30NyGQ6lmUnuGCNz-9hQyvUe3P4JIgq3BPk8jIXGWdo9CP0UkBVq4RPv-L3aifQFlxHyGME83xtH8nRTQ4Pj1Vp-JQe7tkBbq03p8jgcEad5Crl2FpwbEhrsbU--aPoXXCAV7lOdBmegRuz4dcth5J9ycQWDysToUNxkBLF2X_rN-xvOfQ_au3d4sjz6PRX1hbGOEwSHhQxbMYymjsXXpbTRb58xrQDw49dyca102yuzVPH5l39F5cgKyW0osizOnkdHLnZFhBiEleMZhFyx00e7HYqTO8tNXaz8--M9CoPTD_rlSICh-A3vouClPHxfRHZnidjrF5sAXV1qyI-QmuNoSStNF9xU5zXSGG-XFJhe0y2XlwDYeGjSfjN3iqlkf2eGMktq27IhJiDmO7NwgPV0KiJRSyijSQcEV2WkOipgJtZ2qx7Sc85Z8oF77yWZ9T6E3uhhZ2Yq7Soj8ZbzIRif-sJfFie2oobR1oLVVQeNySnnR5YqJRivKi1IAYKUw2tJaeaLyUGxEJ_jVhXMsUlLowwRCo7p3UlNue-FGFYOES8byydGrdyrQWcyruWHrWCrdILMbW8_v9OFcLdS8g-s5bAe1wqqCpF94XCieVZFwuONi7xOAFXeG7we465DQHmLjn_7y3skRbU2EvSNBpPwUH6nb3UcdY_k0g5Z5Oz8A-Bf7dhs7Q0V4jBTpugNvadyKvkxabHx0ofjRH_RnPWIoGHQpLbktQhLJbRa1uXPKF8JlVXMHnz-qpntE6ZRj_u0R8zeb9HtFap2gAP3pZjXBlyybBHQ9dtur-rFiiy1lMa1S5DMKa0IAAbQ3yo5vJzyLsvynf-bCkfwON_gxfmfufGtM77QWWJEJTcZza15WnnZSUpyt7fw5L9YiN5muBOBtV-hzTSFRXEqZJLfXD_-9BKJyVnE0LKWi1RSeAPUupkGoRAv52mQGIl6t-kiPrX9yhNEpqVzSZiLGbxkL7J5WSk-hymHjbHhtbF5C0R4DpActz15HbG_BVJEFF7cHkbUW0ejIupjOmNgMU6QfhRbZ0KMNgg4ZyIilKCCMS4_LmtvIB-6HQ7z9nmL0ii1QJKTt_E4wC4QXz-5GQr_l1SvU2m4o6yDq-5mXbKtEDy2jDqtluJ0btaahpbpS66rTARp4UYViUAtfZNHfdCg5lLPss4Ifiaa4fEz2TtIZzAzOhH5YUOD09G7GhMPkzbN3Wi7.vWXSkARDu-bGaUHwSK6FMUSa1JpegnTQZL6JiZoK1Qw&quot;,
  &quot;user-agent&quot;: &quot;Mozilla/5.0 (X11; Linux x86_64) AppleWebKit/537.36 (KHTML, like Gecko) Cypress/13.17.0 Chrome/118.0.5993.159 Electron/27.3.10 Safari/537.36&quot;,
  &quot;accept&quot;: &quot;*/*&quot;,
  &quot;accept-encoding&quot;: &quot;gzip, deflate&quot;,
  &quot;content-length&quot;: 108
}
Body: {&quot;acuris&quot;:{&quot;businessName&quot;:&quot;Flatley LLC&quot;,&quot;address&quot;:&quot;&quot;,&quot;city&quot;:&quot;&quot;,&quot;country&quot;:&quot;&quot;,&quot;postalCode&quot;:&quot;&quot;,&quot;threshold&quot;:90}}

-----------------------------------------------------------

The response we got was:

Status: 400 - Bad Request
Headers: {
  &quot;date&quot;: &quot;Thu, 16 Jan 2025 12:52:17 GMT&quot;,
  &quot;content-type&quot;: &quot;application/json; charset=utf-8&quot;,
  &quot;content-length&quot;: &quot;625&quot;,
  &quot;connection&quot;: &quot;keep-alive&quot;,
  &quot;cf-cache-status&quot;: &quot;DYNAMIC&quot;,
  &quot;report-to&quot;: &quot;{\&quot;endpoints\&quot;:[{\&quot;url\&quot;:\&quot;https:\\/\\/a.nel.cloudflare.com\\/report\\/v4?s=qGPStJJ%2BislPZv3N6TDs2WhkITmOAk74ES4q%2BXMFAxuIcstoKAE%2FADYtRq4ORX7hJtXZ%2BV4pl9VL5cqexwDxLG3xuobZgzSuqRi0c%2BAFQP6vF%2FiHYYAuwegANCFmc%2F%2B7TFpswoDxGToX0o2Sx3LHQzg%3D\&quot;}],\&quot;group\&quot;:\&quot;cf-nel\&quot;,\&quot;max_age\&quot;:604800}&quot;,
  &quot;nel&quot;: &quot;{\&quot;success_fraction\&quot;:0,\&quot;report_to\&quot;:\&quot;cf-nel\&quot;,\&quot;max_age\&quot;:604800}&quot;,
  &quot;server&quot;: &quot;cloudflare&quot;,
  &quot;cf-ray&quot;: &quot;902e3de638a0917c-FRA&quot;,
  &quot;server-timing&quot;: &quot;cfL4;desc=\&quot;?proto=TCP&amp;rtt=12653&amp;min_rtt=5729&amp;rtt_var=10084&amp;sent=823&amp;recv=517&amp;lost=0&amp;retrans=1&amp;sent_bytes=725961&amp;recv_bytes=252116&amp;delivery_rate=32731947&amp;cwnd=556&amp;unsent_bytes=0&amp;cid=8f0bc7f269b523f4&amp;ts=98985&amp;x=0\&quot;&quot;
}
Body: [
  {
    &quot;title&quot;: &quot; Error&quot;,
    &quot;description&quot;: &quot;Something went wrong during screening &lt;br/&gt; Error:Object reference not set to an instance of an object.&quot;,
    &quot;exceptionInfo&quot;: {
      &quot;exceptionMessage&quot;: &quot;Object reference not set to an instance of an object.&quot;,
      &quot;exceptionInnerMessage&quot;: null,
      &quot;exceptionStackTrace&quot;: &quot;   at RegTech.Infrastructure.ScreeningHelperFunctions.PerformScreening(Int32 id, PersonSearchRequestVM individual, BusinessSearchRequestVM corporate, Boolean calledFromWorkflowOrExternal, Boolean getProfiles, Boolean ignoreEventEngine) in /home/palexandrou/WorkSpace/RegTech_Web/src/web/Infrastructure/ScreeningHelperFunctions.cs:line 207&quot;
    }
  }
]


https://on.cypress.io/request" type="CypressError"><![CDATA[CypressError: `cy.request()` failed on:

https://complytek-testing-api.regtek.co/api/clientCorporates/491/performBusinessSearch

The response we received from your web server was:

  > 400: Bad Request

This was considered a failure because the status code was not `2xx` or `3xx`.

If you do not want status codes to cause failures pass the option: `failOnStatusCode: false`

-----------------------------------------------------------

The request we sent was:

Method: POST
URL: https://complytek-testing-api.regtek.co/api/clientCorporates/491/performBusinessSearch
Headers: {
  "Connection": "keep-alive",
  "Content-Type": "application/json",
  "Authorization": "Bearer eyJhbGciOiJSU0EtT0FFUCIsImVuYyI6IkEyNTZDQkMtSFM1MTIiLCJraWQiOiI1RkM0QkM4NzM2QTE5NzkwQkUxQzU4NTc3NENCQjM4RDVDQzA1NTNDIiwidHlwIjoiYXQrand0In0.EFwfp9WbU04Jf5VSyE8iMhEwcsCQwAqfx2z9KciAyzUAVyi-0fFT5u31CXu0NmeSlUdBFBXye3FCL2tPKHJX0aLCILJHSI0kH2nSWyNRVJVqDO8lzt1qiu2_y0ijmJbLV9PJbwXYtm1nRBrAaz55I8JPttobRXDHBXhIGVZACyYHrd8J9EO1rYe4y2_ydMZJ8G-aFlE0JeMaym1H8SZ3gFSMvpUeDl0macAyv18Ctqem03FXd-jBqXINlWyYR7zP3hwmFqnQ_MS9dSgDVQyyRrOLPBjbXXAW_K60YMW4mrNezuv1HTsXzEetcWjMwu6doCM1fZyTk0xeqAz1odHoBKUIhw2DZ08GvTreVQThMvjMWCBRxLyFRRBLSrmwA68GoWtv-EyE9qJau74fDT5j6XPnEKyKmFlciU5WlUh7BdQI4LqP2MFBmuAU6L3dU-lRpUUwnRoWg5rxERBJzrahX9ZJ42aVJktVAjc-xjMRwMr7JNEjZxyb3E1rLZCwxm8OCLi5IOF4JT0vv0emfwoYramoSwfDkFW0BeQxN9ffNZ8t9_D_krfwCnWjbtIlEXwhfZ64qSUM73opSKpndL_DonuiMX0DWDBP5DbqppvEP3kriaS2uaE4dz_eHQuq4bFKusZJjEwKiKy-XmHn2G7p8rMXlWkVeKE2dDGuIgahjg4.h0ZnDi-oFrRGo7DSn6UKXA.AX-MZeNomKgGTbxlw8AKjfdfZX9rXsGIKPMyNypRVO8NuPTI2f03OkJJAQ2RVhXrApteSQk8IvdcRTfm8bGoR1ww5zK97qaTDTLRGe914cmJFkzZ6TkpJsERRwRszqwESdC52MS0ICVuR23j_hhjVcl7lUAO57MRsr-8uxUyN0EP48kl5pEBhtUORMtjU3dnCBpbh_SeBLvALdKSIVO7tFut_ky_fQNmt8k_h9DbyjUUzOzAE4vdqO8gzzK8sTxk3uXc3G7OBjTXBbIi9XRWY53WxELmeIZr-5_yXA1VSxGXPyhbF2UOOwQOpS4mm9aOzZySsqUt0CXcEqkoWSSMBTGCoepRuIpcWOM6vvFY6h26ZKOzH-jioerq9q-LxIm3D9VeXYgnAL0U2CaduiBMl6vy1sWM22YKbjkf-UOm1hdx2t4i3hsMVeLPScyxklEBSPqQctQJthBiJVfcD-WZI6JAULlUJQgcDDX77V8eoEpMWxLhMEmX55pjsDpLKKVCjBGORywTHe6YF63dCrG_xGcH11LHBtQOQH5tdPUSqZUnHP9_hK8Fa36qrBgF1skYYWe3oCpMREZatE6jhlFH39aySPFCS5t71CkTdP3p2RB3kBRLAJn-xn8bOmU-RowuqEY7RrD_QIl85SH5Kcgdmz4ee9cySDe1iiAWlo1pd9kVjKD-XCaxE5ADw5SwR7jJa0YUhdI79CUr-JrzHCzzCvmYCtn9Gq6q1GVOMFj6eecrM9TRM3QC5XVmLe5wOPUnsa5YSSP85UthYKT0h16rZBUS1NjOeiy6P6lKm19fcX6F17G4PHg9SfA8RHau_46J-Aybx2eTl2xcQmpH1epo36gPOm6Ua_zV3TkTi0yI7O1iQE8lgw2sCIMOOCV1KTVji3a7QYDcdtq8xOdB_tvsZ-4rTm9QVE52xbKG4KkrSFrn5qeqUFd7SMUnZeFZUd3tjTNGfFxGkh9YHUccbK236zc_9jdpek97kt-5ojQNU4lBr3OfT_MqXv4rge-S-u6i-drWDekZ8mUg5C5CnSuaO3NSKfqWsLgduUVL6VYCLWEysr9bh1D1lqgnKC2U3WS8NqMzEDaH7w6aNJ-NvbpYxJdqNi743SLwudf7JWeHxCaA3w0oisDG1wv8q_O0z_N-__0croa1nJB2Fphgns9oCaiqOk9XFROn8OVoy1uXLVb_joUIiGfdZ7fSwlROnfwBmUxoQincm1gJc17BnTdYZ5heVGmeqmqgHhJGNVXAkmPYUI4op7KWJDScSTEzqlUmNYA_M2VrP2OppkoF1VaHu_-f61Sgw1owuScRFM4NZPPl3PhfJRcIQlcqMwJAKWT8E_sdh07kNzu8q72tPAmI7xDceemRBRWjXZJfFIiZaLQqVCJck2aU5sdGTvNjC-8_XeAkEMEZ94AG749OQhNRqu8KwwyTF0F708r-vcBo61D9ec4Vg15bGC48JPJq5Y2GplmxIuFl05lgPXCm6FadtmdWOvrU1jGE4kA8LWvbs6XcTT043zCEhjgN3Y4qbP4Nws17wUj_KhxCLwdu0gjaRUVsnipm0I0AGPZOz1ZPCi2_Sz4PKvlBCDV2cjZ4k_qSXq26tl_k3Bd9Xl3CYX7zV8i3xMM0UYQXqPJhpLP8sZlBddp1uAZpCQCnuxCV0jp915G5F_39KsdzM0cwdXKTSLs8-czxqQlicu4q0eNC1iAEX-Vh1dGuiwtxRU0PIHeR4TVXjtMTnPM8VVuX1ogk7c_pbCkuENYAvuvAjGx0B_9nUYoJBeRBOQISXuB6Gq7W4CMV36JHzV7uB6RSqynK2ZO7ri75aq_vZXPbSVZFX-XT5v1Zfey9wNTIkbTVTx8Qn9C77A4SYkrXnwHdy8gfkt7MJqpKxDW-HKETeQ8dFgSyQVGLJobE3bnUqS_Jdm2I2yJlvhQMfb4U_u-M_YBMvbffUKLbcixUFFXp8H43HTR9CTQfU6SQ-UmF2_JVWD79p0v9__UZCj0l6FaN0WqZwa0T_2I4F1GUmk6_HRKXfWn9iSt1XPPbE7AJj7kKT53SX_0CmrqILcdDfyUZeSd_8kZhkPyZFkL0u1rK4dxBuscBdxWEuPWmVCre8ozRIqG_UH7JG6ncbGCXCiLU27m6zfLkDNBKad_6YGyPyeQ4Lw8cobNYcnrt6Cvhjw6x2gI5yzDc-JVEYegG49XtffMoUlvAMmgiVVnuUTCSoDuw0ieVFuetjw80IyGQ3T3C1zw-qfar5Z_DdRXaZxHArIIMdam3zied74-yURfqwbToTGfIq85NQlKmQs8LMjV2T4U1a5Pzi4LqzAmkHfeSEcc7Gu1R91gDGxQE_1QXD9oZ417nJ5MLdMdnqw99MfNHPkqW-aAIvEKLPgfEqrrJ5fUvxwCHPIRRna7mXQgjjt5VK1DKkiJc4dP7NCTYo4GWUzQjJMV0BOTFg08QJmSDD2TkHWFCUIGzK8lCCKlJUFqMoU1kyqJmhDJ1jPao5ysJhsumIQZ22WW3sNBG94WydTXWmmWrO5-PfU4uvGNPuWyVfVfYwRI6r-3tbnL-UScuYP7oNF938AN562H2pnyzKBJEx9MOSbCupZcK8u-0pKizNSQK9hI4JDmyfyw2EYdLMrcvycTzMeF6nU1nihVvtDtnk5bc3DzcQYUhrqT05RBW7S4cShFlYvkqnYiKhVV5nzPhC5GIriUEMydkM6ASWWgJWMK1D7_L0_FZm-ibPM7wJ4n6Ny_emOnr_izcVrNkYGMcGGBjP3tcrmsZGtHc_1WBjVxhbKewl4hFAlNZ7Wlag-w8zssghLnRabods3VFiC_FTmyV8Z-0Lh-4WgKLRQjC_FCA68ejkqqnjr6bK4EVTuxBZdh6CqHxTL-FjgM7vr3PzS6uvVfHeaHNPg_b7d-BIzpPhCVII_iFK-8Uqe1hjeW3T2F_O9NFrzhYwLioeSVj3vhVBOK46tnxjMJVKdyR7n0hi9GBfVyK0Lgy_Am-dhnMG2jvNtX_8htwLj83WQRv3bigu3kVqD-NqgpASanubNpGSUiThOv-iBdc2lAKfn6YtKQnfZFi81LzCQw7Tu2cueVtWxzX5CJPEZt4tnequs958T-8cOO5MaWyo8L9AEsZK7Dh6ETRH-OIL6jdkGxjxQkWMDMCaDrv3uj_QlfOW1MYMVknRXr90ZKiUFjwGMT8tqhxcRbpYEvitw5P30NyGQ6lmUnuGCNz-9hQyvUe3P4JIgq3BPk8jIXGWdo9CP0UkBVq4RPv-L3aifQFlxHyGME83xtH8nRTQ4Pj1Vp-JQe7tkBbq03p8jgcEad5Crl2FpwbEhrsbU--aPoXXCAV7lOdBmegRuz4dcth5J9ycQWDysToUNxkBLF2X_rN-xvOfQ_au3d4sjz6PRX1hbGOEwSHhQxbMYymjsXXpbTRb58xrQDw49dyca102yuzVPH5l39F5cgKyW0osizOnkdHLnZFhBiEleMZhFyx00e7HYqTO8tNXaz8--M9CoPTD_rlSICh-A3vouClPHxfRHZnidjrF5sAXV1qyI-QmuNoSStNF9xU5zXSGG-XFJhe0y2XlwDYeGjSfjN3iqlkf2eGMktq27IhJiDmO7NwgPV0KiJRSyijSQcEV2WkOipgJtZ2qx7Sc85Z8oF77yWZ9T6E3uhhZ2Yq7Soj8ZbzIRif-sJfFie2oobR1oLVVQeNySnnR5YqJRivKi1IAYKUw2tJaeaLyUGxEJ_jVhXMsUlLowwRCo7p3UlNue-FGFYOES8byydGrdyrQWcyruWHrWCrdILMbW8_v9OFcLdS8g-s5bAe1wqqCpF94XCieVZFwuONi7xOAFXeG7we465DQHmLjn_7y3skRbU2EvSNBpPwUH6nb3UcdY_k0g5Z5Oz8A-Bf7dhs7Q0V4jBTpugNvadyKvkxabHx0ofjRH_RnPWIoGHQpLbktQhLJbRa1uXPKF8JlVXMHnz-qpntE6ZRj_u0R8zeb9HtFap2gAP3pZjXBlyybBHQ9dtur-rFiiy1lMa1S5DMKa0IAAbQ3yo5vJzyLsvynf-bCkfwON_gxfmfufGtM77QWWJEJTcZza15WnnZSUpyt7fw5L9YiN5muBOBtV-hzTSFRXEqZJLfXD_-9BKJyVnE0LKWi1RSeAPUupkGoRAv52mQGIl6t-kiPrX9yhNEpqVzSZiLGbxkL7J5WSk-hymHjbHhtbF5C0R4DpActz15HbG_BVJEFF7cHkbUW0ejIupjOmNgMU6QfhRbZ0KMNgg4ZyIilKCCMS4_LmtvIB-6HQ7z9nmL0ii1QJKTt_E4wC4QXz-5GQr_l1SvU2m4o6yDq-5mXbKtEDy2jDqtluJ0btaahpbpS66rTARp4UYViUAtfZNHfdCg5lLPss4Ifiaa4fEz2TtIZzAzOhH5YUOD09G7GhMPkzbN3Wi7.vWXSkARDu-bGaUHwSK6FMUSa1JpegnTQZL6JiZoK1Qw",
  "user-agent": "Mozilla/5.0 (X11; Linux x86_64) AppleWebKit/537.36 (KHTML, like Gecko) Cypress/13.17.0 Chrome/118.0.5993.159 Electron/27.3.10 Safari/537.36",
  "accept": "*/*",
  "accept-encoding": "gzip, deflate",
  "content-length": 108
}
Body: {"acuris":{"businessName":"Flatley LLC","address":"","city":"","country":"","postalCode":"","threshold":90}}

-----------------------------------------------------------

The response we got was:

Status: 400 - Bad Request
Headers: {
  "date": "Thu, 16 Jan 2025 12:52:17 GMT",
  "content-type": "application/json; charset=utf-8",
  "content-length": "625",
  "connection": "keep-alive",
  "cf-cache-status": "DYNAMIC",
  "report-to": "{\"endpoints\":[{\"url\":\"https:\\/\\/a.nel.cloudflare.com\\/report\\/v4?s=qGPStJJ%2BislPZv3N6TDs2WhkITmOAk74ES4q%2BXMFAxuIcstoKAE%2FADYtRq4ORX7hJtXZ%2BV4pl9VL5cqexwDxLG3xuobZgzSuqRi0c%2BAFQP6vF%2FiHYYAuwegANCFmc%2F%2B7TFpswoDxGToX0o2Sx3LHQzg%3D\"}],\"group\":\"cf-nel\",\"max_age\":604800}",
  "nel": "{\"success_fraction\":0,\"report_to\":\"cf-nel\",\"max_age\":604800}",
  "server": "cloudflare",
  "cf-ray": "902e3de638a0917c-FRA",
  "server-timing": "cfL4;desc=\"?proto=TCP&rtt=12653&min_rtt=5729&rtt_var=10084&sent=823&recv=517&lost=0&retrans=1&sent_bytes=725961&recv_bytes=252116&delivery_rate=32731947&cwnd=556&unsent_bytes=0&cid=8f0bc7f269b523f4&ts=98985&x=0\""
}
Body: [
  {
    "title": " Error",
    "description": "Something went wrong during screening <br/> Error:Object reference not set to an instance of an object.",
    "exceptionInfo": {
      "exceptionMessage": "Object reference not set to an instance of an object.",
      "exceptionInnerMessage": null,
      "exceptionStackTrace": "   at RegTech.Infrastructure.ScreeningHelperFunctions.PerformScreening(Int32 id, PersonSearchRequestVM individual, BusinessSearchRequestVM corporate, Boolean calledFromWorkflowOrExternal, Boolean getProfiles, Boolean ignoreEventEngine) in /home/palexandrou/WorkSpace/RegTech_Web/src/web/Infrastructure/ScreeningHelperFunctions.cs:line 207"
    }
  }
]


https://on.cypress.io/request
    at <unknown> (https://complytek-testing.regtek.co/__cypress/runner/cypress_runner.js:132876:72)
    at tryCatcher (https://complytek-testing.regtek.co/__cypress/runner/cypress_runner.js:1830:23)
    at Promise._settlePromiseFromHandler (https://complytek-testing.regtek.co/__cypress/runner/cypress_runner.js:1542:31)
    at Promise._settlePromise (https://complytek-testing.regtek.co/__cypress/runner/cypress_runner.js:1599:18)
    at Promise._settlePromise0 (https://complytek-testing.regtek.co/__cypress/runner/cypress_runner.js:1644:10)
    at Promise._settlePromises (https://complytek-testing.regtek.co/__cypress/runner/cypress_runner.js:1724:18)
    at _drainQueueStep (https://complytek-testing.regtek.co/__cypress/runner/cypress_runner.js:2430:12)
    at _drainQueue (https://complytek-testing.regtek.co/__cypress/runner/cypress_runner.js:2423:9)
    at Async._drainQueues (https://complytek-testing.regtek.co/__cypress/runner/cypress_runner.js:2439:5)
    at Async.drainQueues (https://complytek-testing.regtek.co/__cypress/runner/cypress_runner.js:2309:14)
From Your Spec Code:
    at Context.eval (webpack://clm_cypress/./cypress/e2e/Priority2/Adhoc_Screening_test.cy.ts:125:0)]]></failure>
    </testcase>
  </testsuite>
</testsuites>