<?xml version="1.0" encoding="UTF-8"?>
<testsuites name="Mocha Tests" time="50.807" tests="1" failures="0">
  <testsuite name="Root Suite" timestamp="2025-01-15T08:47:25" tests="0" file="cypress/e2e/IndividualClientFunctionality/Add_Edit_Client_FATCA_test.cy.ts" time="0.000" failures="0">
  </testsuite>
  <testsuite name="Add, Delete Client FATCA" timestamp="2025-01-15T08:47:35" tests="1" time="40.832" failures="0">
    <testcase name="Add, Delete Client FATCA Add Client FATCA" time="50.696" classname="Add Client FATCA">
    </testcase>
  </testsuite>
</testsuites>