<?xml version="1.0" encoding="UTF-8"?>
<testsuites name="Mocha Tests" time="142.292" tests="5" failures="0">
  <testsuite name="Root Suite" timestamp="2025-01-16T12:28:15" tests="0" file="cypress/e2e/CorporateClientFunctionality/Add_Edit_Delete_Client_Evaluation_test.cy.ts" time="0.000" failures="0">
  </testsuite>
  <testsuite name="Add Corporate Client Evaluation" timestamp="2025-01-16T12:28:26" tests="5" time="130.868" failures="0">
    <testcase name="Add Corporate Client Evaluation Adds an evaluation" time="62.666" classname="Adds an evaluation">
    </testcase>
    <testcase name="Add Corporate Client Evaluation Adds another evaluation" time="21.470" classname="Adds another evaluation">
    </testcase>
    <testcase name="Add Corporate Client Evaluation Edits an Evaluation" time="10.169" classname="Edits an Evaluation">
    </testcase>
    <testcase name="Add Corporate Client Evaluation Deletes an Evaluation" time="6.985" classname="Deletes an Evaluation">
    </testcase>
    <testcase name="Add Corporate Client Evaluation Ignores need re-evaluation" time="40.725" classname="Ignores need re-evaluation">
    </testcase>
  </testsuite>
</testsuites>