<?xml version="1.0" encoding="UTF-8"?>
<testsuites name="Mocha Tests" time="44.678" tests="2" failures="0">
  <testsuite name="Root Suite" timestamp="2025-01-16T06:30:38" tests="0" file="cypress/e2e/CorporateClientFunctionality/Add_Edit_Delete_Shareholder_test.cy.ts" time="0.000" failures="0">
  </testsuite>
  <testsuite name="Shareholders/Partners" timestamp="2025-01-16T06:30:48" tests="2" time="33.852" failures="0">
    <testcase name="Shareholders/Partners Adds Shareholder" time="35.013" classname="Adds Shareholder">
    </testcase>
    <testcase name="Shareholders/Partners Edits Authorized Person" time="9.498" classname="Edits Authorized Person">
    </testcase>
  </testsuite>
</testsuites>