<?xml version="1.0" encoding="UTF-8"?>
<testsuites name="Mocha Tests" time="50.951" tests="3" failures="3">
  <testsuite name="Root Suite" timestamp="2025-01-16T12:21:44" tests="0" file="cypress/e2e/CorporateClientFunctionality/Add_Edit_Delete_Capacity_test.cy.ts" time="0.000" failures="0">
  </testsuite>
  <testsuite name="Capacity - Corporate" timestamp="2025-01-16T12:21:55" tests="3" time="40.043" failures="3">
    <testcase name="Capacity - Corporate Adds Authorized Person" time="0.000" classname="Adds Authorized Person">
      <failure message="Timed out retrying after 4000ms: Expected to find content: &apos;The authorized person has been added.&apos; but never did." type="AssertionError"><![CDATA[AssertionError: Timed out retrying after 4000ms: Expected to find content: 'The authorized person has been added.' but never did.
    at Context.eval (webpack://clm_cypress/./cypress/e2e/CorporateClientFunctionality/Add_Edit_Delete_Capacity_test.cy.ts:25:0)]]></failure>
    </testcase>
    <testcase name="Capacity - Corporate Edits Authorized Person" time="0.000" classname="Edits Authorized Person">
      <failure message="Timed out retrying after 4000ms: Expected to find element: `#gridClientAuthorizedPersons .dx-icon-chevrondoubleright`, but never found it." type="AssertionError"><![CDATA[AssertionError: Timed out retrying after 4000ms: Expected to find element: `#gridClientAuthorizedPersons .dx-icon-chevrondoubleright`, but never found it.
    at Context.eval (webpack://clm_cypress/./cypress/e2e/CorporateClientFunctionality/Add_Edit_Delete_Capacity_test.cy.ts:32:0)]]></failure>
    </testcase>
    <testcase name="Capacity - Corporate Deletes Authorized Person" time="0.000" classname="Deletes Authorized Person">
      <failure message="Timed out retrying after 4000ms: Expected to find element: `#gridClientAuthorizedPersons .dx-icon-trash`, but never found it." type="AssertionError"><![CDATA[AssertionError: Timed out retrying after 4000ms: Expected to find element: `#gridClientAuthorizedPersons .dx-icon-trash`, but never found it.
    at Context.eval (webpack://clm_cypress/./cypress/e2e/CorporateClientFunctionality/Add_Edit_Delete_Capacity_test.cy.ts:40:0)]]></failure>
    </testcase>
  </testsuite>
</testsuites>