<?xml version="1.0" encoding="UTF-8"?>
<testsuites name="Mocha Tests" time="58.400" tests="3" failures="0">
  <testsuite name="Root Suite" timestamp="2025-01-15T08:22:28" tests="0" file="cypress/e2e/CorporateClientFunctionality/Add_Edit_Delete_Client_Gaming_Account_test.cy.ts" time="0.000" failures="0">
  </testsuite>
  <testsuite name="Add, Edit, Delete Client Gaming Accounts" timestamp="2025-01-15T08:22:39" tests="3" time="47.200" failures="0">
    <testcase name="Add, Edit, Delete Client Gaming Accounts Add Client Gaming Accounts" time="37.359" classname="Add Client Gaming Accounts">
    </testcase>
    <testcase name="Add, Edit, Delete Client Gaming Accounts Edit client Gaming Accounts" time="10.671" classname="Edit client Gaming Accounts">
    </testcase>
    <testcase name="Add, Edit, Delete Client Gaming Accounts Delete client Gaming Accounts" time="10.310" classname="Delete client Gaming Accounts">
    </testcase>
  </testsuite>
</testsuites>