<?xml version="1.0" encoding="UTF-8"?>
<testsuites name="Mocha Tests" time="28.950" tests="3" failures="0">
  <testsuite name="Root Suite" timestamp="2025-01-15T10:02:51" tests="0" file="cypress/e2e/HelperFunctionalities/ClientProfiling/Integration_Capacity_test.cy.ts" time="0.000" failures="0">
  </testsuite>
  <testsuite name="Integration Capacity" timestamp="2025-01-15T10:02:57" tests="3" time="23.229" failures="0">
    <testcase name="Integration Capacity Adds Integration Capability" time="12.329" classname="Adds Integration Capability">
    </testcase>
    <testcase name="Integration Capacity Edits Integration Capability" time="9.526" classname="Edits Integration Capability">
    </testcase>
    <testcase name="Integration Capacity Deletes Integration Capability" time="7.060" classname="Deletes Integration Capability">
    </testcase>
  </testsuite>
</testsuites>