<?xml version="1.0" encoding="UTF-8"?>
<testsuites name="Mocha Tests" time="8.702" tests="1" failures="0">
  <testsuite name="Root Suite" timestamp="2025-01-16T13:34:09" tests="0" file="cypress/e2e/SideMenu/Know_Your_Transactions_test.cy.ts" time="0.000" failures="0">
  </testsuite>
  <testsuite name="Know your Transactions" timestamp="2025-01-16T13:34:16" tests="1" time="2.576" failures="0">
    <testcase name="Know your Transactions Visits know your transactions page" time="8.605" classname="Visits know your transactions page">
    </testcase>
  </testsuite>
</testsuites>