<?xml version="1.0" encoding="UTF-8"?>
<testsuites name="Mocha Tests" time="122.472" tests="3" failures="0">
  <testsuite name="Root Suite" timestamp="2025-01-15T10:33:02" tests="0" file="cypress/e2e/HelperFunctionalities/TransactionMonitoring&amp;Actions/Currency_Rates_test.cy.ts" time="0.000" failures="0">
  </testsuite>
  <testsuite name="Currency Rate" timestamp="2025-01-15T10:33:08" tests="3" time="116.757" failures="0">
    <testcase name="Currency Rate Adds a Currency Rate" time="15.789" classname="Adds a Currency Rate">
    </testcase>
    <testcase name="Currency Rate Edits a Currency Rate" time="57.075" classname="Edits a Currency Rate">
    </testcase>
    <testcase name="Currency Rate Deletes a Currency Rate" time="49.563" classname="Deletes a Currency Rate">
    </testcase>
  </testsuite>
</testsuites>