<?xml version="1.0" encoding="UTF-8"?>
<testsuites name="Mocha Tests" time="34.468" tests="3" failures="0">
  <testsuite name="Root Suite" timestamp="2025-01-16T07:54:27" tests="0" file="cypress/e2e/HelperFunctionalities/ClientProfiling/Document_Category_test.cy.ts" time="0.000" failures="0">
  </testsuite>
  <testsuite name="Document Categories" timestamp="2025-01-16T07:54:33" tests="3" time="28.434" failures="0">
    <testcase name="Document Categories Adds A Document Category" time="13.039" classname="Adds A Document Category">
    </testcase>
    <testcase name="Document Categories Edits A Document Category" time="11.534" classname="Edits A Document Category">
    </testcase>
    <testcase name="Document Categories Deletes A Document Category" time="9.777" classname="Deletes A Document Category">
    </testcase>
  </testsuite>
</testsuites>