<?xml version="1.0" encoding="UTF-8"?>
<testsuites name="Mocha Tests" time="31.466" tests="3" failures="0">
  <testsuite name="Root Suite" timestamp="2025-01-16T07:48:30" tests="0" file="cypress/e2e/HelperFunctionalities/ClientProfiling/Capacity_test.cy.ts" time="0.000" failures="0">
  </testsuite>
  <testsuite name="Capacity" timestamp="2025-01-16T07:48:36" tests="3" time="25.785" failures="0">
    <testcase name="Capacity Add Capacity" time="13.745" classname="Add Capacity">
    </testcase>
    <testcase name="Capacity Edits A Capacity" time="10.536" classname="Edits A Capacity">
    </testcase>
    <testcase name="Capacity Delete A Capacity" time="7.078" classname="Delete A Capacity">
    </testcase>
  </testsuite>
</testsuites>