<?xml version="1.0" encoding="UTF-8"?>
<testsuites name="Mocha Tests" time="63.514" tests="4" failures="2">
  <testsuite name="Root Suite" timestamp="2025-01-16T06:45:33" tests="0" file="cypress/e2e/IndividualClientFunctionality/Add_Edit_Delete_Client_Action_test.cy.ts" time="0.000" failures="0">
  </testsuite>
  <testsuite name="Add, Edit, Delete Client Action (Task)" timestamp="2025-01-16T06:45:44" tests="4" time="52.509" failures="2">
    <testcase name="Add, Edit, Delete Client Action (Task) Navigates to individual client" time="32.838" classname="Navigates to individual client">
    </testcase>
    <testcase name="Add, Edit, Delete Client Action (Task) Add Client Action" time="14.509" classname="Add Client Action">
    </testcase>
    <testcase name="Add, Edit, Delete Client Action (Task) Edit Action" time="0.000" classname="Edit Action">
      <failure message="Timed out retrying after 4000ms: Expected to find element: `.dx-command-edit-with-icons a`, but never found it." type="AssertionError"><![CDATA[AssertionError: Timed out retrying after 4000ms: Expected to find element: `.dx-command-edit-with-icons a`, but never found it.
    at Context.eval (webpack://clm_cypress/./cypress/e2e/IndividualClientFunctionality/Add_Edit_Delete_Client_Action_test.cy.ts:57:0)]]></failure>
    </testcase>
    <testcase name="Add, Edit, Delete Client Action (Task) Delete Action" time="0.000" classname="Delete Action">
      <failure message="Timed out retrying after 4000ms: Expected to find element: `.dx-command-edit-with-icons a`, but never found it." type="AssertionError"><![CDATA[AssertionError: Timed out retrying after 4000ms: Expected to find element: `.dx-command-edit-with-icons a`, but never found it.
    at Context.eval (webpack://clm_cypress/./cypress/e2e/IndividualClientFunctionality/Add_Edit_Delete_Client_Action_test.cy.ts:66:0)]]></failure>
    </testcase>
  </testsuite>
</testsuites>