<?xml version="1.0" encoding="UTF-8"?>
<testsuites name="Mocha Tests" time="30.600" tests="2" failures="0">
  <testsuite name="Root Suite" timestamp="2025-01-15T09:15:08" tests="0" file="cypress/e2e/Priority2/Administrator_Rules_test.cy.ts" time="0.000" failures="0">
  </testsuite>
  <testsuite name="Add Rule" timestamp="2025-01-15T09:15:14" tests="2" time="24.890" failures="0">
    <testcase name="Add Rule Generate Regulation Group Hash Key" time="19.579" classname="Generate Regulation Group Hash Key">
    </testcase>
    <testcase name="Add Rule Adds A Rule" time="10.995" classname="Adds A Rule">
    </testcase>
  </testsuite>
</testsuites>