<?xml version="1.0" encoding="UTF-8"?>
<testsuites name="Mocha Tests" time="33.534" tests="3" failures="0">
  <testsuite name="Root Suite" timestamp="2025-01-16T07:51:18" tests="0" file="cypress/e2e/HelperFunctionalities/ClientProfiling/Client_Categories_test.cy.ts" time="0.000" failures="0">
  </testsuite>
  <testsuite name="Client Categories" timestamp="2025-01-16T07:51:24" tests="3" time="27.516" failures="0">
    <testcase name="Client Categories Adds A Client Category" time="13.118" classname="Adds A Client Category">
    </testcase>
    <testcase name="Client Categories Edits A Client Category" time="11.372" classname="Edits A Client Category">
    </testcase>
    <testcase name="Client Categories Deletes A Client Category" time="8.845" classname="Deletes A Client Category">
    </testcase>
  </testsuite>
</testsuites>