<?xml version="1.0" encoding="UTF-8"?>
<testsuites name="Mocha Tests" time="205.966" tests="7" failures="0">
  <testsuite name="Root Suite" timestamp="2025-01-15T09:37:32" tests="0" file="cypress/e2e/SideMenu/Processes_test.cy.ts" time="0.000" failures="0">
  </testsuite>
  <testsuite name="Processes Menu" timestamp="2025-01-15T09:37:37" tests="1" time="2.431" failures="0">
    <testcase name="Processes Menu Toggles first level menu list items visibility" time="8.047" classname="Toggles first level menu list items visibility">
    </testcase>
  </testsuite>
  <testsuite name="Client Profiling" timestamp="2025-01-15T09:37:40" tests="2" time="57.804" failures="0">
    <testcase name="Client Profiling Opens level 2 menu list under client profiling" time="4.199" classname="Opens level 2 menu list under client profiling">
    </testcase>
    <testcase name="Client Profiling opens Client profiling menu items and loads the right page" time="53.539" classname="opens Client profiling menu items and loads the right page">
    </testcase>
  </testsuite>
  <testsuite name="Transaction Monitoring and Actions" timestamp="2025-01-15T09:38:37" tests="1" time="21.277" failures="0">
    <testcase name="Transaction Monitoring and Actions Opens Transaction Monitoring menu items clicks each and navigates to the required page" time="21.228" classname="Opens Transaction Monitoring menu items clicks each and navigates to the required page">
    </testcase>
  </testsuite>
  <testsuite name="Screening &amp; Electronic Identification" timestamp="2025-01-15T09:38:59" tests="1" time="34.865" failures="0">
    <testcase name="Screening &amp; Electronic Identification Opens Screening &amp; Electronic Identification menu items clicks each and navigates to the required page" time="34.829" classname="Opens Screening &amp; Electronic Identification menu items clicks each and navigates to the required page">
    </testcase>
  </testsuite>
  <testsuite name="Onboarding Portal" timestamp="2025-01-15T09:39:34" tests="1" time="26.795" failures="0">
    <testcase name="Onboarding Portal Opens Onboarding portal menu items clicks each and navigates to the required page" time="26.760" classname="Opens Onboarding portal menu items clicks each and navigates to the required page">
    </testcase>
  </testsuite>
  <testsuite name="Other Menu" timestamp="2025-01-15T09:40:00" tests="1" time="57.137" failures="0">
    <testcase name="Other Menu clicks all links and navigates to the right pages" time="57.085" classname="clicks all links and navigates to the right pages">
    </testcase>
  </testsuite>
</testsuites>