<?xml version="1.0" encoding="UTF-8"?>
<testsuites name="Mocha Tests" time="121.120" tests="1" failures="0">
  <testsuite name="Root Suite" timestamp="2025-01-16T12:12:15" tests="0" file="cypress/e2e/ClientCommonComponents/Navigate_Through_Client_Individual_Detail_Lines_test.cy.ts" time="0.000" failures="0">
  </testsuite>
  <testsuite name="Navigate through Client individual detail lines" timestamp="2025-01-16T12:12:27" tests="1" time="109.611" failures="0">
    <testcase name="Navigate through Client individual detail lines Client Individual Detail Lines" time="121.043" classname="Client Individual Detail Lines">
    </testcase>
  </testsuite>
</testsuites>