<?xml version="1.0" encoding="UTF-8"?>
<testsuites name="Mocha Tests" time="34.785" tests="3" failures="0">
  <testsuite name="Root Suite" timestamp="2025-01-15T10:19:05" tests="0" file="cypress/e2e/HelperFunctionalities/KnowYourFirm/Firm_Criteria_Category_test.cy.ts" time="0.000" failures="0">
  </testsuite>
  <testsuite name="Firm Criteria Categories" timestamp="2025-01-15T10:19:10" tests="3" time="29.133" failures="0">
    <testcase name="Firm Criteria Categories Adds a Criteria Category" time="14.186" classname="Adds a Criteria Category">
    </testcase>
    <testcase name="Firm Criteria Categories Edits a Criteria Category" time="12.291" classname="Edits a Criteria Category">
    </testcase>
    <testcase name="Firm Criteria Categories Deletes a Criteria Category" time="8.275" classname="Deletes a Criteria Category">
    </testcase>
  </testsuite>
</testsuites>