<?xml version="1.0" encoding="UTF-8"?>
<testsuites name="Mocha Tests" time="75.828" tests="6" failures="3">
  <testsuite name="Root Suite" timestamp="2025-01-15T10:14:37" tests="0" file="cypress/e2e/HelperFunctionalities/Evaluation&amp;Questionairre/4.Evaluation_Grades_test.cy.ts" time="0.000" failures="0">
  </testsuite>
  <testsuite name="Evaluation Grades" timestamp="2025-01-15T10:14:42" tests="6" time="70.160" failures="3">
    <testcase name="Evaluation Grades Adds an Overall Evaluation Grade" time="14.640" classname="Adds an Overall Evaluation Grade">
    </testcase>
    <testcase name="Evaluation Grades Edits an Overall Evaluation Grade" time="12.447" classname="Edits an Overall Evaluation Grade">
    </testcase>
    <testcase name="Evaluation Grades Adds an Answer Evaluation Grade" time="0.000" classname="Adds an Answer Evaluation Grade">
      <failure message="Timed out retrying after 4000ms: Expected to find content: &apos;BERMUDA&apos; within the element: [ &lt;td.dx-cell-focus-disabled&gt;, 17 more... ] but never did." type="AssertionError"><![CDATA[AssertionError: Timed out retrying after 4000ms: Expected to find content: 'BERMUDA' within the element: [ <td.dx-cell-focus-disabled>, 17 more... ] but never did.
    at Context.eval (webpack:///./cypress/e2e/HelperFunctionalities/Evaluation&Questionairre/4.Evaluation_Grades_test.cy.ts:52:97)]]></failure>
    </testcase>
    <testcase name="Evaluation Grades Edits an Answer Evaluation Grade" time="0.000" classname="Edits an Answer Evaluation Grade">
      <failure message="Timed out retrying after 4000ms: Expected to find element: `.dx-icon-edit`, but never found it. Queried from element: [ &lt;td.dx-command-expand.dx-datagrid-group-space.dx-cell-focus-disabled&gt;, 35 more... ]" type="AssertionError"><![CDATA[AssertionError: Timed out retrying after 4000ms: Expected to find element: `.dx-icon-edit`, but never found it. Queried from element: [ <td.dx-command-expand.dx-datagrid-group-space.dx-cell-focus-disabled>, 35 more... ]
    at Context.eval (webpack:///./cypress/e2e/HelperFunctionalities/Evaluation&Questionairre/4.Evaluation_Grades_test.cy.ts:67:53)]]></failure>
    </testcase>
    <testcase name="Evaluation Grades Deletes an Answer Evaluation Grade" time="0.000" classname="Deletes an Answer Evaluation Grade">
      <failure message="Timed out retrying after 4000ms: Expected to find element: `.dx-icon-trash`, but never found it. Queried from element: [ &lt;td.dx-command-expand.dx-datagrid-group-space.dx-cell-focus-disabled&gt;, 35 more... ]" type="AssertionError"><![CDATA[AssertionError: Timed out retrying after 4000ms: Expected to find element: `.dx-icon-trash`, but never found it. Queried from element: [ <td.dx-command-expand.dx-datagrid-group-space.dx-cell-focus-disabled>, 35 more... ]
    at Context.eval (webpack:///./cypress/e2e/HelperFunctionalities/Evaluation&Questionairre/4.Evaluation_Grades_test.cy.ts:80:53)]]></failure>
    </testcase>
    <testcase name="Evaluation Grades Deletes an Evaluation Grade" time="9.634" classname="Deletes an Evaluation Grade">
    </testcase>
  </testsuite>
</testsuites>