<?xml version="1.0" encoding="UTF-8"?>
<testsuites name="Mocha Tests" time="89.281" tests="1" failures="0">
  <testsuite name="Root Suite" timestamp="2025-01-15T10:58:15" tests="0" file="cypress/e2e/ScreenPerformance/Settings/Client_Profiling/Client_Profiling_Performance(0-7).cy.ts" time="0.000" failures="0">
  </testsuite>
  <testsuite name="Client Profiling" timestamp="2025-01-15T10:58:21" tests="1" time="83.390" failures="0">
    <testcase name="Client Profiling Client Profiling Pages first 8" time="89.087" classname="Client Profiling Pages first 8">
    </testcase>
  </testsuite>
</testsuites>