<?xml version="1.0" encoding="UTF-8"?>
<testsuites name="Mocha Tests" time="15.795" tests="2" failures="0">
  <testsuite name="Root Suite" timestamp="2025-01-15T09:34:03" tests="0" file="cypress/e2e/SideMenu/Know_Your_Firms_test.cy.ts" time="0.000" failures="0">
  </testsuite>
  <testsuite name="Know your firms" timestamp="2025-01-15T09:34:09" tests="2" time="10.053" failures="0">
    <testcase name="Know your firms Visits know your firms page" time="10.172" classname="Visits know your firms page">
    </testcase>
    <testcase name="Know your firms Can view a single firm" time="5.601" classname="Can view a single firm">
    </testcase>
  </testsuite>
</testsuites>