<?xml version="1.0" encoding="UTF-8"?>
<testsuites name="Mocha Tests" time="56.228" tests="3" failures="0" skipped="1">
  <testsuite name="Root Suite" timestamp="2025-01-16T12:24:50" tests="0" file="cypress/e2e/CorporateClientFunctionality/Add_Edit_Delete_Client_Bank_Account_test.cy.ts" time="0.000" failures="0">
  </testsuite>
  <testsuite name="Add, Edit, Delete Client Bank Account" timestamp="2025-01-16T12:25:00" tests="3" time="46.085" failures="0">
    <testcase name="Add, Edit, Delete Client Bank Account Add Client Bank Account" time="37.697" classname="Add Client Bank Account">
    </testcase>
    <testcase name="Add, Edit, Delete Client Bank Account Edit client Bank Account" time="18.426" classname="Edit client Bank Account">
    </testcase>
  </testsuite>
</testsuites>