<?xml version="1.0" encoding="UTF-8"?>
<testsuites name="Mocha Tests" time="29.066" tests="3" failures="0">
  <testsuite name="Root Suite" timestamp="2025-01-15T10:38:01" tests="0" file="cypress/e2e/HelperFunctionalities/TransactionMonitoring&amp;Actions/Investment_Account_Types_test.cy.ts" time="0.000" failures="0">
  </testsuite>
  <testsuite name="Investment Account Types" timestamp="2025-01-15T10:38:06" tests="3" time="23.400" failures="0">
    <testcase name="Investment Account Types Adds an Investment Account Type" time="11.129" classname="Adds an Investment Account Type">
    </testcase>
    <testcase name="Investment Account Types Edits an Investment Account Type" time="10.990" classname="Edits an Investment Account Type">
    </testcase>
    <testcase name="Investment Account Types Deletes an Investment Account Type" time="6.907" classname="Deletes an Investment Account Type">
    </testcase>
  </testsuite>
</testsuites>