<?xml version="1.0" encoding="UTF-8"?>
<testsuites name="Mocha Tests" time="16.729" tests="2" failures="0">
  <testsuite name="Root Suite" timestamp="2025-01-16T13:33:51" tests="0" file="cypress/e2e/SideMenu/Know_Your_Firms_test.cy.ts" time="0.000" failures="0">
  </testsuite>
  <testsuite name="Know your firms" timestamp="2025-01-16T13:33:58" tests="2" time="10.474" failures="0">
    <testcase name="Know your firms Visits know your firms page" time="10.798" classname="Visits know your firms page">
    </testcase>
    <testcase name="Know your firms Can view a single firm" time="5.852" classname="Can view a single firm">
    </testcase>
  </testsuite>
</testsuites>