<?xml version="1.0" encoding="UTF-8"?>
<testsuites name="Mocha Tests" time="75.965" tests="1" failures="0">
  <testsuite name="Root Suite" timestamp="2025-01-15T10:47:59" tests="0" file="cypress/e2e/ScreenPerformance/Reports&amp;Lists/Client_Profiling_test.cy.ts" time="0.000" failures="0">
  </testsuite>
  <testsuite name="Client Profiling" timestamp="2025-01-15T10:48:04" tests="1" time="70.260" failures="0">
    <testcase name="Client Profiling Opens the client profiling menu - level 2 menu" time="75.796" classname="Opens the client profiling menu - level 2 menu">
    </testcase>
  </testsuite>
</testsuites>