<?xml version="1.0" encoding="UTF-8"?>
<testsuites name="Mocha Tests" time="38.360" tests="3" failures="0">
  <testsuite name="Root Suite" timestamp="2025-01-15T09:59:55" tests="0" file="cypress/e2e/HelperFunctionalities/ClientProfiling/Document_test.cy.ts" time="0.000" failures="0">
  </testsuite>
  <testsuite name="Documents" timestamp="2025-01-15T10:00:00" tests="3" time="32.543" failures="0">
    <testcase name="Documents Adds a document" time="16.773" classname="Adds a document">
    </testcase>
    <testcase name="Documents Edits a document" time="10.523" classname="Edits a document">
    </testcase>
    <testcase name="Documents Deletes a document" time="11.029" classname="Deletes a document">
    </testcase>
  </testsuite>
</testsuites>