<?xml version="1.0" encoding="UTF-8"?>
<testsuites name="Mocha Tests" time="54.940" tests="3" failures="0">
  <testsuite name="Root Suite" timestamp="2025-01-16T06:52:21" tests="0" file="cypress/e2e/IndividualClientFunctionality/Add_Edit_Delete_Client_Gaming_Account_test.cy.ts" time="0.000" failures="0">
  </testsuite>
  <testsuite name="Add, Edit, Delete Client Gaming Accounts" timestamp="2025-01-16T06:52:31" tests="3" time="44.843" failures="0">
    <testcase name="Add, Edit, Delete Client Gaming Accounts Add Client Gaming Accounts" time="35.416" classname="Add Client Gaming Accounts">
    </testcase>
    <testcase name="Add, Edit, Delete Client Gaming Accounts Edit client Gaming Accounts" time="10.469" classname="Edit client Gaming Accounts">
    </testcase>
    <testcase name="Add, Edit, Delete Client Gaming Accounts Delete client Gaming Accounts" time="8.892" classname="Delete client Gaming Accounts">
    </testcase>
  </testsuite>
</testsuites>