<?xml version="1.0" encoding="UTF-8"?>
<testsuites name="Mocha Tests" time="36.072" tests="3" failures="0">
  <testsuite name="Root Suite" timestamp="2025-01-16T08:06:17" tests="0" file="cypress/e2e/HelperFunctionalities/KnowYourFirm/Firm_Criteria_Category_test.cy.ts" time="0.000" failures="0">
  </testsuite>
  <testsuite name="Firm Criteria Categories" timestamp="2025-01-16T08:06:24" tests="3" time="29.909" failures="0">
    <testcase name="Firm Criteria Categories Adds a Criteria Category" time="14.181" classname="Adds a Criteria Category">
    </testcase>
    <testcase name="Firm Criteria Categories Edits a Criteria Category" time="12.280" classname="Edits a Criteria Category">
    </testcase>
    <testcase name="Firm Criteria Categories Deletes a Criteria Category" time="9.453" classname="Deletes a Criteria Category">
    </testcase>
  </testsuite>
</testsuites>