<?xml version="1.0" encoding="UTF-8"?>
<testsuites name="Mocha Tests" time="43.433" tests="3" failures="1">
  <testsuite name="Root Suite" timestamp="2025-01-16T12:28:04" tests="0" file="cypress/e2e/CorporateClientFunctionality/Add_Edit_Delete_Client_Card_test.cy.ts" time="0.000" failures="0">
  </testsuite>
  <testsuite name="Add, Edit, Delete Client Cards" timestamp="2025-01-16T12:28:14" tests="3" time="32.925" failures="1">
    <testcase name="Add, Edit, Delete Client Cards Add Client Cards" time="25.926" classname="Add Client Cards">
    </testcase>
    <testcase name="Add, Edit, Delete Client Cards Edit client Cards" time="0.000" classname="Edit client Cards">
      <failure message="Timed out retrying after 4000ms: expected &apos;&lt;dx-data-grid#gridClientCards.dx-widget.dx-visibility-change-handler&gt;&apos; to be &apos;visible&apos;

This element `&lt;dx-data-grid#gridClientCards.dx-widget.dx-visibility-change-handler&gt;` is not visible because it has CSS property: `position: fixed` and it&apos;s being covered by another element:

`&lt;div _ngcontent-exn-c74=&quot;&quot; class=&quot;ngx-overlay foreground-closing&quot; style=&quot;background-color: rgba(40, 40, 40, 0.3); border-radius: 0px;&quot;&gt;...&lt;/div&gt;`" type="AssertionError"><![CDATA[AssertionError: Timed out retrying after 4000ms: expected '<dx-data-grid#gridClientCards.dx-widget.dx-visibility-change-handler>' to be 'visible'

This element `<dx-data-grid#gridClientCards.dx-widget.dx-visibility-change-handler>` is not visible because it has CSS property: `position: fixed` and it's being covered by another element:

`<div _ngcontent-exn-c74="" class="ngx-overlay foreground-closing" style="background-color: rgba(40, 40, 40, 0.3); border-radius: 0px;">...</div>`
    at Context.eval (webpack://clm_cypress/./cypress/e2e/CorporateClientFunctionality/Add_Edit_Delete_Client_Card_test.cy.ts:33:0)]]></failure>
    </testcase>
    <testcase name="Add, Edit, Delete Client Cards Delete client Cards" time="11.532" classname="Delete client Cards">
    </testcase>
  </testsuite>
</testsuites>