<?xml version="1.0" encoding="UTF-8"?>
<testsuites name="Mocha Tests" time="57.346" tests="3" failures="0">
  <testsuite name="Root Suite" timestamp="2025-01-16T06:25:08" tests="0" file="cypress/e2e/CorporateClientFunctionality/Add_Edit_Delete_Client_MID_Accounts_test.cy.ts" time="0.000" failures="0">
  </testsuite>
  <testsuite name="Add, Edit, Delete Client MID Accounts" timestamp="2025-01-16T06:25:18" tests="3" time="47.261" failures="0">
    <testcase name="Add, Edit, Delete Client MID Accounts Add Client MID Accounts" time="38.862" classname="Add Client MID Accounts">
    </testcase>
    <testcase name="Add, Edit, Delete Client MID Accounts Edit Client MID Accounts" time="10.191" classname="Edit Client MID Accounts">
    </testcase>
    <testcase name="Add, Edit, Delete Client MID Accounts Delete client MID Accounts" time="8.164" classname="Delete client MID Accounts">
    </testcase>
  </testsuite>
</testsuites>