<?xml version="1.0" encoding="UTF-8"?>
<testsuites name="Mocha Tests" time="18.137" tests="1" failures="0">
  <testsuite name="Root Suite" timestamp="2025-01-16T13:18:39" tests="0" file="cypress/e2e/Priority2/Check_Live_Transactions_test.cy.ts" time="0.000" failures="0">
  </testsuite>
  <testsuite name="Checks live transaction" timestamp="2025-01-16T13:18:44" tests="1" time="12.422" failures="0">
    <testcase name="Checks live transaction Check live transaction through API" time="18.109" classname="Check live transaction through API">
    </testcase>
  </testsuite>
</testsuites>