<?xml version="1.0" encoding="UTF-8"?>
<testsuites name="Mocha Tests" time="215.283" tests="7" failures="0">
  <testsuite name="Root Suite" timestamp="2025-01-16T07:29:34" tests="0" file="cypress/e2e/SideMenu/Processes_test.cy.ts" time="0.000" failures="0">
  </testsuite>
  <testsuite name="Processes Menu" timestamp="2025-01-16T07:29:40" tests="1" time="2.399" failures="0">
    <testcase name="Processes Menu Toggles first level menu list items visibility" time="8.699" classname="Toggles first level menu list items visibility">
    </testcase>
  </testsuite>
  <testsuite name="Client Profiling" timestamp="2025-01-16T07:29:42" tests="2" time="57.933" failures="0">
    <testcase name="Client Profiling Opens level 2 menu list under client profiling" time="4.233" classname="Opens level 2 menu list under client profiling">
    </testcase>
    <testcase name="Client Profiling opens Client profiling menu items and loads the right page" time="53.590" classname="opens Client profiling menu items and loads the right page">
    </testcase>
  </testsuite>
  <testsuite name="Transaction Monitoring and Actions" timestamp="2025-01-16T07:30:40" tests="1" time="20.134" failures="0">
    <testcase name="Transaction Monitoring and Actions Opens Transaction Monitoring menu items clicks each and navigates to the required page" time="20.031" classname="Opens Transaction Monitoring menu items clicks each and navigates to the required page">
    </testcase>
  </testsuite>
  <testsuite name="Screening &amp; Electronic Identification" timestamp="2025-01-16T07:31:00" tests="1" time="38.791" failures="0">
    <testcase name="Screening &amp; Electronic Identification Opens Screening &amp; Electronic Identification menu items clicks each and navigates to the required page" time="38.732" classname="Opens Screening &amp; Electronic Identification menu items clicks each and navigates to the required page">
    </testcase>
  </testsuite>
  <testsuite name="Onboarding Portal" timestamp="2025-01-16T07:31:39" tests="1" time="29.311" failures="0">
    <testcase name="Onboarding Portal Opens Onboarding portal menu items clicks each and navigates to the required page" time="29.263" classname="Opens Onboarding portal menu items clicks each and navigates to the required page">
    </testcase>
  </testsuite>
  <testsuite name="Other Menu" timestamp="2025-01-16T07:32:09" tests="1" time="60.360" failures="0">
    <testcase name="Other Menu clicks all links and navigates to the right pages" time="60.296" classname="clicks all links and navigates to the right pages">
    </testcase>
  </testsuite>
</testsuites>