<?xml version="1.0" encoding="UTF-8"?>
<testsuites name="Mocha Tests" time="59.575" tests="3" failures="0">
  <testsuite name="Root Suite" timestamp="2025-01-16T07:00:18" tests="0" file="cypress/e2e/IndividualClientFunctionality/Add_Edit_Delete_Client_Trade_test.cy.ts" time="0.000" failures="0">
  </testsuite>
  <testsuite name="Add, Edit, Delete Client Trade" timestamp="2025-01-16T07:00:29" tests="3" time="48.744" failures="0">
    <testcase name="Add, Edit, Delete Client Trade Add Client Trade" time="39.654" classname="Add Client Trade">
    </testcase>
    <testcase name="Add, Edit, Delete Client Trade Edit client trade" time="9.795" classname="Edit client trade">
    </testcase>
    <testcase name="Add, Edit, Delete Client Trade Delete client trade" time="9.998" classname="Delete client trade">
    </testcase>
  </testsuite>
</testsuites>