<?xml version="1.0" encoding="UTF-8"?>
<testsuites name="Mocha Tests" time="32.232" tests="3" failures="0">
  <testsuite name="Root Suite" timestamp="2025-01-15T10:11:58" tests="0" file="cypress/e2e/HelperFunctionalities/Evaluation&amp;Questionairre/1.AdHoc_Evaluation_Types_test.cy.ts" time="0.000" failures="0">
  </testsuite>
  <testsuite name="AdHoc Evaluation Types" timestamp="2025-01-15T10:12:04" tests="3" time="26.511" failures="0">
    <testcase name="AdHoc Evaluation Types Adds an Evaluation Type" time="11.645" classname="Adds an Evaluation Type">
    </testcase>
    <testcase name="AdHoc Evaluation Types Edits an Evaluation Type" time="12.394" classname="Edits an Evaluation Type">
    </testcase>
    <testcase name="AdHoc Evaluation Types Deletes an Evaluation Type" time="8.165" classname="Deletes an Evaluation Type">
    </testcase>
  </testsuite>
</testsuites>