<?xml version="1.0" encoding="UTF-8"?>
<testsuites name="Mocha Tests" time="16.697" tests="2" failures="1">
  <testsuite name="Root Suite" timestamp="2025-01-16T07:27:00" tests="0" file="cypress/e2e/SideMenu/My_Tasks_test.cy.ts" time="0.000" failures="0">
  </testsuite>
  <testsuite name="My Tasks" timestamp="2025-01-16T07:27:05" tests="2" time="10.925" failures="1">
    <testcase name="My Tasks Visit my tasks and history page and tests switching tasks and history" time="10.359" classname="Visit my tasks and history page and tests switching tasks and history">
    </testcase>
    <testcase name="My Tasks Can add a new task" time="0.000" classname="Can add a new task">
      <failure message="Timed out retrying after 4050ms: `cy.click()` failed because this element:

`&lt;sa-menu-item _ngcontent-nnx-c332=&quot;&quot; data-cy=&quot;my-tasks&quot; routerlink=&quot;/my-tasks&quot; icon=&quot;tasks&quot; title=&quot;My Tasks&quot; _nghost-nnx-c329=&quot;&quot; class=&quot;ng-tns-c329-5 ng-star-inserted&quot; tabindex=&quot;0&quot;&gt;...&lt;/sa-menu-item&gt;`

is being covered by another element:

`&lt;div _ngcontent-nnx-c74=&quot;&quot; class=&quot;ngx-overlay loading-foreground&quot; style=&quot;background-color: rgba(40, 40, 40, 0.3); border-radius: 0px;&quot;&gt;...&lt;/div&gt;`

Fix this problem, or use {force: true} to disable error checking.

https://on.cypress.io/element-cannot-be-interacted-with" type="CypressError"><![CDATA[CypressError: Timed out retrying after 4050ms: `cy.click()` failed because this element:

`<sa-menu-item _ngcontent-nnx-c332="" data-cy="my-tasks" routerlink="/my-tasks" icon="tasks" title="My Tasks" _nghost-nnx-c329="" class="ng-tns-c329-5 ng-star-inserted" tabindex="0">...</sa-menu-item>`

is being covered by another element:

`<div _ngcontent-nnx-c74="" class="ngx-overlay loading-foreground" style="background-color: rgba(40, 40, 40, 0.3); border-radius: 0px;">...</div>`

Fix this problem, or use {force: true} to disable error checking.

https://on.cypress.io/element-cannot-be-interacted-with
    at ensureIsDescendent (https://complytek-testing.regtek.co/__cypress/runner/cypress_runner.js:112915:68)
    at ensureDescendents (https://complytek-testing.regtek.co/__cypress/runner/cypress_runner.js:112966:5)
    at ensureDescendentsAndScroll (https://complytek-testing.regtek.co/__cypress/runner/cypress_runner.js:112972:14)
    at ensureElIsNotCovered (https://complytek-testing.regtek.co/__cypress/runner/cypress_runner.js:113103:5)
    at runAllChecks (https://complytek-testing.regtek.co/__cypress/runner/cypress_runner.js:113302:52)
    at retryActionability (https://complytek-testing.regtek.co/__cypress/runner/cypress_runner.js:113339:16)
    at tryCatcher (https://complytek-testing.regtek.co/__cypress/runner/cypress_runner.js:1830:23)
    at Promise.attempt.Promise.try (https://complytek-testing.regtek.co/__cypress/runner/cypress_runner.js:4338:29)
    at whenStable (https://complytek-testing.regtek.co/__cypress/runner/cypress_runner.js:143744:68)
    at <unknown> (https://complytek-testing.regtek.co/__cypress/runner/cypress_runner.js:143685:14)
    at tryCatcher (https://complytek-testing.regtek.co/__cypress/runner/cypress_runner.js:1830:23)
    at Promise._settlePromiseFromHandler (https://complytek-testing.regtek.co/__cypress/runner/cypress_runner.js:1542:31)
    at Promise._settlePromise (https://complytek-testing.regtek.co/__cypress/runner/cypress_runner.js:1599:18)
    at Promise._settlePromise0 (https://complytek-testing.regtek.co/__cypress/runner/cypress_runner.js:1644:10)
    at Promise._settlePromises (https://complytek-testing.regtek.co/__cypress/runner/cypress_runner.js:1724:18)
    at Promise._fulfill (https://complytek-testing.regtek.co/__cypress/runner/cypress_runner.js:1668:18)
    at <unknown> (https://complytek-testing.regtek.co/__cypress/runner/cypress_runner.js:5473:46)
From Your Spec Code:
    at Context.eval (webpack://clm_cypress/./cypress/e2e/SideMenu/My_Tasks_test.cy.ts:18:0)]]></failure>
    </testcase>
  </testsuite>
</testsuites>