<?xml version="1.0" encoding="UTF-8"?>
<testsuites name="Mocha Tests" time="45.415" tests="2" failures="0">
  <testsuite name="Root Suite" timestamp="2025-01-16T06:08:14" tests="0" file="cypress/e2e/CorporateClientFunctionality/Add_Delete_Payment_Method_test.cy.ts" time="0.000" failures="0">
  </testsuite>
  <testsuite name="Payment Method" timestamp="2025-01-16T06:08:25" tests="2" time="34.729" failures="0">
    <testcase name="Payment Method Adds a new Payment Method" time="36.561" classname="Adds a new Payment Method">
    </testcase>
    <testcase name="Payment Method Deletes Payment Method" time="8.736" classname="Deletes Payment Method">
    </testcase>
  </testsuite>
</testsuites>