<?xml version="1.0" encoding="UTF-8"?>
<testsuites name="Mocha Tests" time="152.142" tests="5" failures="0">
  <testsuite name="Root Suite" timestamp="2025-01-16T12:30:30" tests="0" file="cypress/e2e/CorporateClientFunctionality/Add_Edit_Delete_Client_Evaluation_test.cy.ts" time="0.000" failures="0">
  </testsuite>
  <testsuite name="Add Corporate Client Evaluation" timestamp="2025-01-16T12:30:41" tests="5" time="141.403" failures="0">
    <testcase name="Add Corporate Client Evaluation Adds an evaluation" time="67.246" classname="Adds an evaluation">
    </testcase>
    <testcase name="Add Corporate Client Evaluation Adds another evaluation" time="22.417" classname="Adds another evaluation">
    </testcase>
    <testcase name="Add Corporate Client Evaluation Edits an Evaluation" time="9.956" classname="Edits an Evaluation">
    </testcase>
    <testcase name="Add Corporate Client Evaluation Deletes an Evaluation" time="8.150" classname="Deletes an Evaluation">
    </testcase>
    <testcase name="Add Corporate Client Evaluation Ignores need re-evaluation" time="43.943" classname="Ignores need re-evaluation">
    </testcase>
  </testsuite>
</testsuites>