<?xml version="1.0" encoding="UTF-8"?>
<testsuites name="Mocha Tests" time="52.293" tests="3" failures="0">
  <testsuite name="Root Suite" timestamp="2025-01-16T13:20:09" tests="0" file="cypress/e2e/IndividualClientFunctionality/Add_Edit_Delete_Tax-Residency_test.cy.ts" time="0.000" failures="0">
  </testsuite>
  <testsuite name="Adds, Edits and Deletes Tax Residency - Individual" timestamp="2025-01-16T13:20:20" tests="3" time="41.670" failures="0">
    <testcase name="Adds, Edits and Deletes Tax Residency - Individual Adds Tax Residency" time="31.542" classname="Adds Tax Residency">
    </testcase>
    <testcase name="Adds, Edits and Deletes Tax Residency - Individual Edits a Tax Residency" time="11.695" classname="Edits a Tax Residency">
    </testcase>
    <testcase name="Adds, Edits and Deletes Tax Residency - Individual Deletes a Tax Residency" time="8.891" classname="Deletes a Tax Residency">
    </testcase>
  </testsuite>
</testsuites>