<?xml version="1.0" encoding="UTF-8"?>
<testsuites name="Mocha Tests" time="338.384" tests="7" failures="0">
  <testsuite name="Root Suite" timestamp="2025-01-16T07:17:21" tests="0" file="cypress/e2e/ScreenPerformance/Processes_Performance_test.cy.ts" time="0.000" failures="0">
  </testsuite>
  <testsuite name="Processes Menu" timestamp="2025-01-16T07:17:27" tests="1" time="2.576" failures="0">
    <testcase name="Processes Menu Toggles first level menu list items visibility" time="8.661" classname="Toggles first level menu list items visibility">
    </testcase>
  </testsuite>
  <testsuite name="Client Profiling" timestamp="2025-01-16T07:17:29" tests="2" time="90.710" failures="0">
    <testcase name="Client Profiling Opens level 2 menu list under client profiling" time="6.185" classname="Opens level 2 menu list under client profiling">
    </testcase>
    <testcase name="Client Profiling opens Client profiling menu items and loads the right page" time="80.376" classname="opens Client profiling menu items and loads the right page">
    </testcase>
  </testsuite>
  <testsuite name="Transaction Monitoring and Actions" timestamp="2025-01-16T07:19:00" tests="1" time="36.715" failures="0">
    <testcase name="Transaction Monitoring and Actions Opens Transaction Monitoring menu items clicks each and navigates to the required page" time="34.607" classname="Opens Transaction Monitoring menu items clicks each and navigates to the required page">
    </testcase>
  </testsuite>
  <testsuite name="Screening &amp; Electronic Identification" timestamp="2025-01-16T07:19:37" tests="1" time="59.882" failures="0">
    <testcase name="Screening &amp; Electronic Identification Opens Screening &amp; Electronic Identification menu items clicks each and navigates to the required page" time="57.829" classname="Opens Screening &amp; Electronic Identification menu items clicks each and navigates to the required page">
    </testcase>
  </testsuite>
  <testsuite name="Onboarding Portal" timestamp="2025-01-16T07:20:37" tests="1" time="47.991" failures="0">
    <testcase name="Onboarding Portal Opens Onboarding portal menu items clicks each and navigates to the required page" time="45.919" classname="Opens Onboarding portal menu items clicks each and navigates to the required page">
    </testcase>
  </testsuite>
  <testsuite name="Other Menu" timestamp="2025-01-16T07:21:25" tests="1" time="94.378" failures="0">
    <testcase name="Other Menu clicks all links and navigates to the right pages" time="94.320" classname="clicks all links and navigates to the right pages">
    </testcase>
  </testsuite>
</testsuites>