<?xml version="1.0" encoding="UTF-8"?>
<testsuites name="Mocha Tests" time="24.728" tests="1" failures="0">
  <testsuite name="Root Suite" timestamp="2025-01-15T08:40:23" tests="0" file="cypress/e2e/CorporateClientFunctionality/Screening_History_test.cy.ts" time="0.000" failures="0">
  </testsuite>
  <testsuite name="Screening History" timestamp="2025-01-15T08:40:34" tests="1" time="13.491" failures="0">
    <testcase name="Screening History Navigates to Screening Page" time="24.701" classname="Navigates to Screening Page">
    </testcase>
  </testsuite>
</testsuites>