<?xml version="1.0" encoding="UTF-8"?>
<testsuites name="Mocha Tests" time="120.693" tests="12" failures="0">
  <testsuite name="Root Suite" timestamp="2025-01-16T07:54:10" tests="0" file="cypress/e2e/HelperFunctionalities/ClientProfiling/FATCA_Setup_test.cy.ts" time="0.000" failures="0">
  </testsuite>
  <testsuite name="FATCA Setup" timestamp="2025-01-16T07:54:16" tests="3" time="27.354" failures="0">
    <testcase name="FATCA Setup Adds FATCA Setup" time="13.624" classname="Adds FATCA Setup">
    </testcase>
    <testcase name="FATCA Setup Edits FATCA Status" time="10.789" classname="Edits FATCA Status">
    </testcase>
    <testcase name="FATCA Setup Deletes Fatca Status" time="8.855" classname="Deletes Fatca Status">
    </testcase>
  </testsuite>
  <testsuite name="FATCA Entities Categorization" timestamp="2025-01-16T07:54:43" tests="3" time="32.394" failures="0">
    <testcase name="FATCA Entities Categorization Add FATCA Entities categorization" time="9.420" classname="Add FATCA Entities categorization">
    </testcase>
    <testcase name="FATCA Entities Categorization Edits FATCA Entities categorization" time="12.397" classname="Edits FATCA Entities categorization">
    </testcase>
    <testcase name="FATCA Entities Categorization Deletes Fatca Entities categorization" time="10.486" classname="Deletes Fatca Entities categorization">
    </testcase>
  </testsuite>
  <testsuite name="FATCA Documents" timestamp="2025-01-16T07:55:15" tests="3" time="28.274" failures="0">
    <testcase name="FATCA Documents Adds Fatca Documents" time="6.784" classname="Adds Fatca Documents">
    </testcase>
    <testcase name="FATCA Documents Edits FATCA Documents" time="12.458" classname="Edits FATCA Documents">
    </testcase>
    <testcase name="FATCA Documents Deletes Fatca Documents" time="8.930" classname="Deletes Fatca Documents">
    </testcase>
  </testsuite>
  <testsuite name="FATCA CRS Entities Categorization" timestamp="2025-01-16T07:55:44" tests="3" time="26.651" failures="0">
    <testcase name="FATCA CRS Entities Categorization Adds FATCA Entities Categorization" time="6.493" classname="Adds FATCA Entities Categorization">
    </testcase>
    <testcase name="FATCA CRS Entities Categorization Edits FATCA CRS Entity Categorization" time="9.844" classname="Edits FATCA CRS Entity Categorization">
    </testcase>
    <testcase name="FATCA CRS Entities Categorization Deletes Fatca CRS Entity Categorization" time="10.205" classname="Deletes Fatca CRS Entity Categorization">
    </testcase>
  </testsuite>
</testsuites>