<?xml version="1.0" encoding="UTF-8"?>
<testsuites name="Mocha Tests" time="31.319" tests="3" failures="0">
  <testsuite name="Root Suite" timestamp="2025-01-15T10:39:21" tests="0" file="cypress/e2e/HelperFunctionalities/TransactionMonitoring&amp;Actions/Rule_Categories_test.cy.ts" time="0.000" failures="0">
  </testsuite>
  <testsuite name="Rule Categories" timestamp="2025-01-15T10:39:27" tests="3" time="25.545" failures="0">
    <testcase name="Rule Categories Adds an Rule Category" time="11.448" classname="Adds an Rule Category">
    </testcase>
    <testcase name="Rule Categories Edits an Rule Category" time="11.874" classname="Edits an Rule Category">
    </testcase>
    <testcase name="Rule Categories Deletes an Rule Category" time="7.970" classname="Deletes an Rule Category">
    </testcase>
  </testsuite>
</testsuites>