<?xml version="1.0" encoding="UTF-8"?>
<testsuites name="Mocha Tests" time="53.863" tests="6" failures="1">
  <testsuite name="Root Suite" timestamp="2025-01-16T06:05:51" tests="0" file="cypress/e2e/DemonstrationFlow/Add_Client_Individual_Process_test.cy.ts" time="0.000" failures="0">
  </testsuite>
  <testsuite name="Add Individual Client Process" timestamp="2025-01-16T06:05:57" tests="6" time="48.012" failures="1">
    <testcase name="Add Individual Client Process should add an individual client" time="18.875" classname="should add an individual client">
    </testcase>
    <testcase name="Add Individual Client Process should add a client document" time="8.028" classname="should add a client document">
    </testcase>
    <testcase name="Add Individual Client Process should update document status to collected" time="6.734" classname="should update document status to collected">
    </testcase>
    <testcase name="Add Individual Client Process should add to internal monitoring" time="0.000" classname="should add to internal monitoring">
      <failure message="`cy.request()` failed on:

https://complytek-testing-api.regtek.co/api/clientCommon/481/internalBlackListsOngoingMonitoring

The response we received from your web server was:

  &gt; 400: Bad Request

This was considered a failure because the status code was not `2xx` or `3xx`.

If you do not want status codes to cause failures pass the option: `failOnStatusCode: false`

-----------------------------------------------------------

The request we sent was:

Method: POST
URL: https://complytek-testing-api.regtek.co/api/clientCommon/481/internalBlackListsOngoingMonitoring
Headers: {
  &quot;Connection&quot;: &quot;keep-alive&quot;,
  &quot;Content-Type&quot;: &quot;application/json&quot;,
  &quot;Authorization&quot;: &quot;Bearer eyJhbGciOiJSU0EtT0FFUCIsImVuYyI6IkEyNTZDQkMtSFM1MTIiLCJraWQiOiI1RkM0QkM4NzM2QTE5NzkwQkUxQzU4NTc3NENCQjM4RDVDQzA1NTNDIiwidHlwIjoiYXQrand0In0.hUCPg7Y6aKvB_derIZka30N9sZ-2dxZIZhWpqE9MA-Lip86y2XXGCCLdAKGKLssLP01AEWBvV7TltmD8svYbb9Lfp440wSguUxgeXt5OzC-Fcx8Sn0tE2KOD2th1jrfY6a9VFk_i-s6MtAHvKIYG-MUYCXxHqyW6E4AMUkO4JmTENzyaSph_DydUcD6jaA-gKt4_e6PEUdL1V4P6JnD5Tkj3HrR2xWV9-_VHbE7D-DxWdbk1Y8HYZMjTYCM5u6ngaVMPKQZqExm4DOZJqb8yJA4lxpS8TXG-MVCu9D7l6HjSltJVBO3SiaFOI5jyXDINIahGjHHW4GaOFymj_LiC1Cdb_Q0h-rZLhG1s3nWrAHsFpOCaIlC9_FE7fxThDCP2_E9RVRGea0NSpjtwGF4_wV9bkBRZYhTeNDfnv0ckLhApHyaVqYE3o1gEp4kLg5pldqE1auPu7C6pB8pWJSZ3HRz-dG-NKW4acGTl83sgGhVO4STDUfdRtMb-AWkfkb8Y-uSa0I1dZnDCs9sZKqbtt32Z6GPGJhPFtxEnrffLmpUQkOf03i5b5z_NFMzFk13h563lU9DIhrXAbEfZ_tFIUEnLplYlg-Xpds5b-pUqYPmnTLQLFaG6hSsxrVCd4M0KZulasWV_ZYvTyBLmk8_DmAp-Wbe1MuQNCs0GXmAVxco.xx9SRejDzv9zdbSGfyXu-g.xQ9vkwQ8TYh_wxCly543_9_60Fc9mgFr88TUM3_dm4Ihl_ZmNLIElNklMKLuDSj7egte29MYHQMxF-CRWUU5CxxFPR-ybgcuX5dwqF9aQaLagrRKKw39V1ZzdoRQri1Y3CmmFKtdsiI9RQzBKVzDFuy31eCzXx1ZPt61xTUPlp1zK9Hd_iC9YF5cRDRljycFdppnagHPIpZKeqT-Sl1iSKRat1gwyUQfbRop1-fi_kCQFrpvgBL-81ksZBxHoBN4JXxMyZrzT76KA0iWa12r7T3KwlYogvtZh98aQ2F41AhGwH53-whm4nqilDIJHkRNjcNYqCKSUdQy7PaLEZeAqHF2EhINhdsa4WctIKesKglGairSXIfYwbJNS1yPSHYie7OVcBOzgj9o6eW98rDBDm_Dl2RDzgilf8bkCTwEknJ5B9ViCaDT9lFLkdS9bKFrOtVjgGW53GWZKDBdnkjjHFQUqOMhJ5BpdTYoSKuj1vX9yLbUtjuN8WLCz5isQKYj11lo6i1TUxXDwc37G02-98drNoic-BHTfppCQ8_MSdBRUd53D3kvZ2p5GUYjH3DPXJbk7pSEQQEhzrhSRtPYbv-q4nTugA11S8fiI9M0jZPG0y7yhHRDBbmRH49eQ2BnTuRL0LMo5o4GgoI8absQ022OhBRGluzEgiraVoU3HM6vnPssnFFBST5jmpRMEg5Sy4hfROxkWhVJxrjYgwzHqsAf0zkvnTz8fCCySwC3Fj-XRXWGcHT7G85xO4jEkCwSYrvdAtgLIqlWpC17qXl9VQ1RQr710T-fYkuZ0KY9T53jtE7dWSVXEUF_dY_Fl9R86GWDaxmnbZTUpNbcQIOEBzVWSga3FXZ61R5zXXC5Ioldh61juFB5gAg8LJQNaV0eNp-AhzSX6dEKFnelbcVZYeeB0DUVZkUhnTl2QKjIiX186BbIDR64TigkGuqS-B22-wskosidcttx6YpjGyPbBQ-uQ5fO4lj6ZxOJ4FVPExdUOXVcRzczOjurMkEggI01_CPbTMO3N94Bsvst2enAPYdJRNSZD6wyZ-8RrFHP363ovuRRr1xEDeJ274AQIJZwsgafoFYZjgoFrHVS6VkC-AjLzeeP0jhL6KYcM6daRLst77stZgTdZWoYW8inTmD2KCiXA35FYCAxJbByG5Tz1d432qx3x4Bqj9Y00LJ6t5_cm_QptOzQYqRgwUU-pEVxBGLdAJBt5lGeHoM35sF6FJiYlqnKVIns4qaHzST7Xeb2nYw-VlZ4E505AiLxG6xM-byDWrPD5efVvR1IkBGVdaRrY2X-jN8lLB4733p7s1cXpbeyPb_wrtUHIiU_v2cQPElf9p9UGRfdeeAmyr9yhk0pGGWbgH_PN7_MBCWJyGNCqVnVQGZzUVnckPqTRNZ3TK-D_wO7jdljD0lwAf3f_VRDv5Xw_AzD2WRLfR_DE2MIhoJnNCJ-94KdFhuixg-m3NmgeaP6q9O1SrysSsaUbk2IFW-ikDB6yPb5DEzaRfnJQ2vnFpKjXRCxELcCmpXvEV_yf9q4jK3aGZ4qjGnaCkAAbmeHgUgzkPdfwjNfb4pvz4gYFr_nqxweeMdBkZu8y1FtYcDuelSBbjzQn8thJm6qfUUQP7W0gBWmS_lZQkoLSk_Vs0bwYlrFBoW22xyhAxGHHa0AOICaeYI0WaKGJIZhGGAedJ3drx_BzLjC5cs5cZzGtpUk5uQjyp_9tkQgKniCaP29wp__ouzyLL3v_cWW559yAH0v2-MizlXn-MB_OyEIMY7fsS5YJj9R33-ppUkaR9BisDTO92_VyMg8WJMXxMiT0Wc_twYpknKcxyTlruQ28u6Zi_LDjm5sCOT1lYoRicrPnN2mV_m6gU6XmDuSkmceu-3szsuGNJRK0hqnyf8vrJ06LJQJQqP0TO-j3n5ZL_CPN5J2XtXGPvsqDuDDjjnph2XoHmNmvMpxWL1w-43VWbL0Azu_MLyuYbi2b8R6kB8wtXWOnyejutUdloD74bZIrPLLvXA-XWruucHAeKPU93fs2cwUFJWSTLtEbZbrEYp7-JlYGvLSwY9HYgTWCkN2DFIBAannntngp9ONkptFE-FR4w_S_OcPRGdzbsLxalzhxTW10P4nUTjRjCN5NLze-iSQrkWM1ly_ZR0Zcrh9XGYmhL21kWPl49AOHE2L3asMGeGgZ0qz-DixZRU3Uz_KXWg90qUPy2-7j_GpJZDQb2zxGeaQwAjuYyjnd_KtuVuZb2q0_9ekxuDFtGPYIsYq3MDWqauo2ZsEZr1_eR6gjHki43MJTkHYJn7YeAtEgDh6zGPh0N2TlI9mvmYceJ00bwSzgHHalzJz0S551mgJSG4cpQiITx7De7RI4j0CoTj3dxbRqAkzlx3pZqb8qpJJckW7Oz9rxUXExlGxGru5fkUn6alQ1sHL1NCXo3em74xQ17F-Oqc7DfjyaBJu7mtk6cvF9VE-Ed_7BQCYg3lv-Pm2HSHSXKqr_NxwCwBXUrb-KqToKfGNhRMhBwSAgU7SLRIa_LR8L5O2NRzplCs3IrUquE3xP0fZ-3Uv16HX5HWu4VxCyIgvq177aW-h5KmiTVRaE_1h8nfHyDI6BmrGtQ82waFddeJx0-HuuKPKQyK9Q9HujPLV3YP2RGEdBmRf_1wV7IIaclFLWE1A7Dxiech14ttlqUHw0lpSANqyeCSbL09mEfd0PCEXNZWjwzJhzvAJvWIoY1YF6Qm5uBM9ezBgR6vhJom3wa6JH9krJvzKyiFx8ferIQdrVZ3seP5UJTOWpTsgwEj4Ko1WVfAlmJNRdSfq6svzEL2B_7uxkVFycLUJzSv2f7bEp46FGAvBuBmlOfWo4j8EkQp7cYQrQ9G8Ir93hYxP43yNx8ETRSWaA2Ivo5NNq9hBheVR0zAjux7yF86s00zTQMIssbNdsjfL91lDbRLLvLZoml6h5q6IEK5dQ9XfJE8saS0aG6jxYxRhp3qYmXIgCH5d9NWzk5PyZbSeVtsMZDoXkQqlIhUr3Bmb9cN_mms1iHbPpRzOdCYWcg4XUuuT64aaaNA-xXs0r8wejvF3zjpJXnFtAcvqIvHFYU9CS3LJHSnNNvD-G_3QmzvVbi4YNGhNwXK2H070LJD9Ld9t6an5GCfvRKSGd0zO_CgRS8rUgi5ecDZNpwks1u4WVT-SSqD8Gmq3SlpwIFJqMebVIrYs5OdJS1BjGqQA9rXGJJA0F7xsorpWpNTB3u9Gp15hKF_PzbfP8wvyju6W3PG5qt7ITlDwGYiHchgt3gtcI8YzLDXorTQ2FUsQ7Ljmz2QqnoKykF5ej6yVWtcNjYC--tFFSNam44uugmVojEqglqMrDzmgAJ7UTpFexR0ZuGafwt8IBmbN5cQOyfXJZbcDXw3y3v7LOVztAPlcrstOCDOjsou3z6xaGJd_sw6NoJZdidz8AUh9_NPqjKnGNWToKbykMjvAZaYK_TS5UcDiN2TL1CK7VLuCZJxxG9XoRDgmulsw9iMADwCpyr0TN2qxIkqIS4V2d84dXvH9hCPebfymOrQOgz8sYxXfzGvn4CrVK7xJUvyBUtmaPlRWLgX4U540WrCrub8bfQ7_kn5OPrdDehuQaJChpsOZ4qd0hRoOw9iIOGMI2pseb3UIpvD9qSfyG57h0nsXBv19aqeG2bKQOCzy6aEgrt0JAZo6p-r-_J9jzwXWfklah7dYjzmKZf3-qm-xCyqUGSYWiFrZZTwFemUNFO6S95na9EePiIW4nV7c1SHarTtVx0S7QaoZzfUcZs97AG2_1GxjNFD6CIWuQ5ipS9HMBK2ydEGDIfgEx4V2Bw3XoWxSFsEMiCwXgddB-jZGCIRhrYZodGJHqd11OfaY404dh54prFIaF5A_N96rPrb9tk9d-E8NvlDIPTRlPQFq6PNdk6ETEPvzuZYif7U2u8YWRV9pESFjDQY0wRjH-TKT-rjVBPmTNE1LvYFg3RjuyjzE0Fh8ReDyR77O6os6E8qg2hXMYLq4GA3VLEvc-G5mbGmUNNqQ__QGdN2n3hZtwxDR3VWc_WQ0K02-sZCOLCds4Nmcl_l-FdN5z4IGzTaHWHHcXXYlhALvv-wW7VAEGRBwBI-Xbsz7D_QxenRmdsvNaxSYFkCyjQIAmYek2PVibHVfq51eczUwgOUJYGx1qz5xfuRuKa_POtT9w5ibTDL0DIVDaio5FBsqANfMBaeUPgAZHIVd697t4oAOLqHh9QppxaA05-K23U8NN6BXkGRb-PGm76RdnpVPivPbykI4dNugm2ti0b-1HuXVLMuNu8O_n81VqIrP91V8_KxnmBAmQVS21k-oSgOCYEglvNng_uGoNsuidbmhJ5cUXZy-QJ-L6vRW1Wo0Ygk4JB5K2tCoe0HyI9-Jeje8svCqe_zIuCS3euG3BxH2lk4u.vP-HUOoRBt-xCAFGQRYqcW521_t3UonxIlyioU9zSIA&quot;,
  &quot;user-agent&quot;: &quot;Mozilla/5.0 (X11; Linux x86_64) AppleWebKit/537.36 (KHTML, like Gecko) HeadlessChrome/131.0.0.0 Safari/537.36&quot;,
  &quot;accept&quot;: &quot;*/*&quot;,
  &quot;accept-encoding&quot;: &quot;gzip, deflate&quot;,
  &quot;content-length&quot;: 0
}

-----------------------------------------------------------

The response we got was:

Status: 400 - Bad Request
Headers: {
  &quot;date&quot;: &quot;Thu, 16 Jan 2025 06:06:30 GMT&quot;,
  &quot;content-type&quot;: &quot;application/json; charset=utf-8&quot;,
  &quot;content-length&quot;: &quot;260&quot;,
  &quot;connection&quot;: &quot;keep-alive&quot;,
  &quot;cf-cache-status&quot;: &quot;DYNAMIC&quot;,
  &quot;report-to&quot;: &quot;{\&quot;endpoints\&quot;:[{\&quot;url\&quot;:\&quot;https:\\/\\/a.nel.cloudflare.com\\/report\\/v4?s=EJH3%2FLrPmnOYg5u5fRIapDsAV4KevJKgHCAL2FpsyagF%2FHbASelI03Obssqgh6Z2Tj4Is%2BEruV2ZhoyJ4yrdcgPViduro8HzQ4KFR9KsxParJeFG8N4UL1ZiLrEJ%2FYa6g8DaxxNzLVfuvWlCnuBgd8w%3D\&quot;}],\&quot;group\&quot;:\&quot;cf-nel\&quot;,\&quot;max_age\&quot;:604800}&quot;,
  &quot;nel&quot;: &quot;{\&quot;success_fraction\&quot;:0,\&quot;report_to\&quot;:\&quot;cf-nel\&quot;,\&quot;max_age\&quot;:604800}&quot;,
  &quot;server&quot;: &quot;cloudflare&quot;,
  &quot;cf-ray&quot;: &quot;902beb7f99acd2cf-FRA&quot;,
  &quot;server-timing&quot;: &quot;cfL4;desc=\&quot;?proto=TCP&amp;rtt=17833&amp;min_rtt=5832&amp;rtt_var=18404&amp;sent=154&amp;recv=136&amp;lost=0&amp;retrans=0&amp;sent_bytes=67833&amp;recv_bytes=84956&amp;delivery_rate=4458108&amp;cwnd=256&amp;unsent_bytes=0&amp;cid=703f0bd10263c904&amp;ts=31352&amp;x=0\&quot;&quot;
}
Body: [
  {
    &quot;title&quot;: &quot;Error&quot;,
    &quot;description&quot;: &quot;The client cannot be added in the monitoring internal screening since the following fields: Identification Number are missing.&quot;,
    &quot;exceptionInfo&quot;: {
      &quot;exceptionMessage&quot;: null,
      &quot;exceptionInnerMessage&quot;: null,
      &quot;exceptionStackTrace&quot;: null
    }
  }
]


https://on.cypress.io/request" type="CypressError"><![CDATA[CypressError: `cy.request()` failed on:

https://complytek-testing-api.regtek.co/api/clientCommon/481/internalBlackListsOngoingMonitoring

The response we received from your web server was:

  > 400: Bad Request

This was considered a failure because the status code was not `2xx` or `3xx`.

If you do not want status codes to cause failures pass the option: `failOnStatusCode: false`

-----------------------------------------------------------

The request we sent was:

Method: POST
URL: https://complytek-testing-api.regtek.co/api/clientCommon/481/internalBlackListsOngoingMonitoring
Headers: {
  "Connection": "keep-alive",
  "Content-Type": "application/json",
  "Authorization": "Bearer eyJhbGciOiJSU0EtT0FFUCIsImVuYyI6IkEyNTZDQkMtSFM1MTIiLCJraWQiOiI1RkM0QkM4NzM2QTE5NzkwQkUxQzU4NTc3NENCQjM4RDVDQzA1NTNDIiwidHlwIjoiYXQrand0In0.hUCPg7Y6aKvB_derIZka30N9sZ-2dxZIZhWpqE9MA-Lip86y2XXGCCLdAKGKLssLP01AEWBvV7TltmD8svYbb9Lfp440wSguUxgeXt5OzC-Fcx8Sn0tE2KOD2th1jrfY6a9VFk_i-s6MtAHvKIYG-MUYCXxHqyW6E4AMUkO4JmTENzyaSph_DydUcD6jaA-gKt4_e6PEUdL1V4P6JnD5Tkj3HrR2xWV9-_VHbE7D-DxWdbk1Y8HYZMjTYCM5u6ngaVMPKQZqExm4DOZJqb8yJA4lxpS8TXG-MVCu9D7l6HjSltJVBO3SiaFOI5jyXDINIahGjHHW4GaOFymj_LiC1Cdb_Q0h-rZLhG1s3nWrAHsFpOCaIlC9_FE7fxThDCP2_E9RVRGea0NSpjtwGF4_wV9bkBRZYhTeNDfnv0ckLhApHyaVqYE3o1gEp4kLg5pldqE1auPu7C6pB8pWJSZ3HRz-dG-NKW4acGTl83sgGhVO4STDUfdRtMb-AWkfkb8Y-uSa0I1dZnDCs9sZKqbtt32Z6GPGJhPFtxEnrffLmpUQkOf03i5b5z_NFMzFk13h563lU9DIhrXAbEfZ_tFIUEnLplYlg-Xpds5b-pUqYPmnTLQLFaG6hSsxrVCd4M0KZulasWV_ZYvTyBLmk8_DmAp-Wbe1MuQNCs0GXmAVxco.xx9SRejDzv9zdbSGfyXu-g.xQ9vkwQ8TYh_wxCly543_9_60Fc9mgFr88TUM3_dm4Ihl_ZmNLIElNklMKLuDSj7egte29MYHQMxF-CRWUU5CxxFPR-ybgcuX5dwqF9aQaLagrRKKw39V1ZzdoRQri1Y3CmmFKtdsiI9RQzBKVzDFuy31eCzXx1ZPt61xTUPlp1zK9Hd_iC9YF5cRDRljycFdppnagHPIpZKeqT-Sl1iSKRat1gwyUQfbRop1-fi_kCQFrpvgBL-81ksZBxHoBN4JXxMyZrzT76KA0iWa12r7T3KwlYogvtZh98aQ2F41AhGwH53-whm4nqilDIJHkRNjcNYqCKSUdQy7PaLEZeAqHF2EhINhdsa4WctIKesKglGairSXIfYwbJNS1yPSHYie7OVcBOzgj9o6eW98rDBDm_Dl2RDzgilf8bkCTwEknJ5B9ViCaDT9lFLkdS9bKFrOtVjgGW53GWZKDBdnkjjHFQUqOMhJ5BpdTYoSKuj1vX9yLbUtjuN8WLCz5isQKYj11lo6i1TUxXDwc37G02-98drNoic-BHTfppCQ8_MSdBRUd53D3kvZ2p5GUYjH3DPXJbk7pSEQQEhzrhSRtPYbv-q4nTugA11S8fiI9M0jZPG0y7yhHRDBbmRH49eQ2BnTuRL0LMo5o4GgoI8absQ022OhBRGluzEgiraVoU3HM6vnPssnFFBST5jmpRMEg5Sy4hfROxkWhVJxrjYgwzHqsAf0zkvnTz8fCCySwC3Fj-XRXWGcHT7G85xO4jEkCwSYrvdAtgLIqlWpC17qXl9VQ1RQr710T-fYkuZ0KY9T53jtE7dWSVXEUF_dY_Fl9R86GWDaxmnbZTUpNbcQIOEBzVWSga3FXZ61R5zXXC5Ioldh61juFB5gAg8LJQNaV0eNp-AhzSX6dEKFnelbcVZYeeB0DUVZkUhnTl2QKjIiX186BbIDR64TigkGuqS-B22-wskosidcttx6YpjGyPbBQ-uQ5fO4lj6ZxOJ4FVPExdUOXVcRzczOjurMkEggI01_CPbTMO3N94Bsvst2enAPYdJRNSZD6wyZ-8RrFHP363ovuRRr1xEDeJ274AQIJZwsgafoFYZjgoFrHVS6VkC-AjLzeeP0jhL6KYcM6daRLst77stZgTdZWoYW8inTmD2KCiXA35FYCAxJbByG5Tz1d432qx3x4Bqj9Y00LJ6t5_cm_QptOzQYqRgwUU-pEVxBGLdAJBt5lGeHoM35sF6FJiYlqnKVIns4qaHzST7Xeb2nYw-VlZ4E505AiLxG6xM-byDWrPD5efVvR1IkBGVdaRrY2X-jN8lLB4733p7s1cXpbeyPb_wrtUHIiU_v2cQPElf9p9UGRfdeeAmyr9yhk0pGGWbgH_PN7_MBCWJyGNCqVnVQGZzUVnckPqTRNZ3TK-D_wO7jdljD0lwAf3f_VRDv5Xw_AzD2WRLfR_DE2MIhoJnNCJ-94KdFhuixg-m3NmgeaP6q9O1SrysSsaUbk2IFW-ikDB6yPb5DEzaRfnJQ2vnFpKjXRCxELcCmpXvEV_yf9q4jK3aGZ4qjGnaCkAAbmeHgUgzkPdfwjNfb4pvz4gYFr_nqxweeMdBkZu8y1FtYcDuelSBbjzQn8thJm6qfUUQP7W0gBWmS_lZQkoLSk_Vs0bwYlrFBoW22xyhAxGHHa0AOICaeYI0WaKGJIZhGGAedJ3drx_BzLjC5cs5cZzGtpUk5uQjyp_9tkQgKniCaP29wp__ouzyLL3v_cWW559yAH0v2-MizlXn-MB_OyEIMY7fsS5YJj9R33-ppUkaR9BisDTO92_VyMg8WJMXxMiT0Wc_twYpknKcxyTlruQ28u6Zi_LDjm5sCOT1lYoRicrPnN2mV_m6gU6XmDuSkmceu-3szsuGNJRK0hqnyf8vrJ06LJQJQqP0TO-j3n5ZL_CPN5J2XtXGPvsqDuDDjjnph2XoHmNmvMpxWL1w-43VWbL0Azu_MLyuYbi2b8R6kB8wtXWOnyejutUdloD74bZIrPLLvXA-XWruucHAeKPU93fs2cwUFJWSTLtEbZbrEYp7-JlYGvLSwY9HYgTWCkN2DFIBAannntngp9ONkptFE-FR4w_S_OcPRGdzbsLxalzhxTW10P4nUTjRjCN5NLze-iSQrkWM1ly_ZR0Zcrh9XGYmhL21kWPl49AOHE2L3asMGeGgZ0qz-DixZRU3Uz_KXWg90qUPy2-7j_GpJZDQb2zxGeaQwAjuYyjnd_KtuVuZb2q0_9ekxuDFtGPYIsYq3MDWqauo2ZsEZr1_eR6gjHki43MJTkHYJn7YeAtEgDh6zGPh0N2TlI9mvmYceJ00bwSzgHHalzJz0S551mgJSG4cpQiITx7De7RI4j0CoTj3dxbRqAkzlx3pZqb8qpJJckW7Oz9rxUXExlGxGru5fkUn6alQ1sHL1NCXo3em74xQ17F-Oqc7DfjyaBJu7mtk6cvF9VE-Ed_7BQCYg3lv-Pm2HSHSXKqr_NxwCwBXUrb-KqToKfGNhRMhBwSAgU7SLRIa_LR8L5O2NRzplCs3IrUquE3xP0fZ-3Uv16HX5HWu4VxCyIgvq177aW-h5KmiTVRaE_1h8nfHyDI6BmrGtQ82waFddeJx0-HuuKPKQyK9Q9HujPLV3YP2RGEdBmRf_1wV7IIaclFLWE1A7Dxiech14ttlqUHw0lpSANqyeCSbL09mEfd0PCEXNZWjwzJhzvAJvWIoY1YF6Qm5uBM9ezBgR6vhJom3wa6JH9krJvzKyiFx8ferIQdrVZ3seP5UJTOWpTsgwEj4Ko1WVfAlmJNRdSfq6svzEL2B_7uxkVFycLUJzSv2f7bEp46FGAvBuBmlOfWo4j8EkQp7cYQrQ9G8Ir93hYxP43yNx8ETRSWaA2Ivo5NNq9hBheVR0zAjux7yF86s00zTQMIssbNdsjfL91lDbRLLvLZoml6h5q6IEK5dQ9XfJE8saS0aG6jxYxRhp3qYmXIgCH5d9NWzk5PyZbSeVtsMZDoXkQqlIhUr3Bmb9cN_mms1iHbPpRzOdCYWcg4XUuuT64aaaNA-xXs0r8wejvF3zjpJXnFtAcvqIvHFYU9CS3LJHSnNNvD-G_3QmzvVbi4YNGhNwXK2H070LJD9Ld9t6an5GCfvRKSGd0zO_CgRS8rUgi5ecDZNpwks1u4WVT-SSqD8Gmq3SlpwIFJqMebVIrYs5OdJS1BjGqQA9rXGJJA0F7xsorpWpNTB3u9Gp15hKF_PzbfP8wvyju6W3PG5qt7ITlDwGYiHchgt3gtcI8YzLDXorTQ2FUsQ7Ljmz2QqnoKykF5ej6yVWtcNjYC--tFFSNam44uugmVojEqglqMrDzmgAJ7UTpFexR0ZuGafwt8IBmbN5cQOyfXJZbcDXw3y3v7LOVztAPlcrstOCDOjsou3z6xaGJd_sw6NoJZdidz8AUh9_NPqjKnGNWToKbykMjvAZaYK_TS5UcDiN2TL1CK7VLuCZJxxG9XoRDgmulsw9iMADwCpyr0TN2qxIkqIS4V2d84dXvH9hCPebfymOrQOgz8sYxXfzGvn4CrVK7xJUvyBUtmaPlRWLgX4U540WrCrub8bfQ7_kn5OPrdDehuQaJChpsOZ4qd0hRoOw9iIOGMI2pseb3UIpvD9qSfyG57h0nsXBv19aqeG2bKQOCzy6aEgrt0JAZo6p-r-_J9jzwXWfklah7dYjzmKZf3-qm-xCyqUGSYWiFrZZTwFemUNFO6S95na9EePiIW4nV7c1SHarTtVx0S7QaoZzfUcZs97AG2_1GxjNFD6CIWuQ5ipS9HMBK2ydEGDIfgEx4V2Bw3XoWxSFsEMiCwXgddB-jZGCIRhrYZodGJHqd11OfaY404dh54prFIaF5A_N96rPrb9tk9d-E8NvlDIPTRlPQFq6PNdk6ETEPvzuZYif7U2u8YWRV9pESFjDQY0wRjH-TKT-rjVBPmTNE1LvYFg3RjuyjzE0Fh8ReDyR77O6os6E8qg2hXMYLq4GA3VLEvc-G5mbGmUNNqQ__QGdN2n3hZtwxDR3VWc_WQ0K02-sZCOLCds4Nmcl_l-FdN5z4IGzTaHWHHcXXYlhALvv-wW7VAEGRBwBI-Xbsz7D_QxenRmdsvNaxSYFkCyjQIAmYek2PVibHVfq51eczUwgOUJYGx1qz5xfuRuKa_POtT9w5ibTDL0DIVDaio5FBsqANfMBaeUPgAZHIVd697t4oAOLqHh9QppxaA05-K23U8NN6BXkGRb-PGm76RdnpVPivPbykI4dNugm2ti0b-1HuXVLMuNu8O_n81VqIrP91V8_KxnmBAmQVS21k-oSgOCYEglvNng_uGoNsuidbmhJ5cUXZy-QJ-L6vRW1Wo0Ygk4JB5K2tCoe0HyI9-Jeje8svCqe_zIuCS3euG3BxH2lk4u.vP-HUOoRBt-xCAFGQRYqcW521_t3UonxIlyioU9zSIA",
  "user-agent": "Mozilla/5.0 (X11; Linux x86_64) AppleWebKit/537.36 (KHTML, like Gecko) HeadlessChrome/131.0.0.0 Safari/537.36",
  "accept": "*/*",
  "accept-encoding": "gzip, deflate",
  "content-length": 0
}

-----------------------------------------------------------

The response we got was:

Status: 400 - Bad Request
Headers: {
  "date": "Thu, 16 Jan 2025 06:06:30 GMT",
  "content-type": "application/json; charset=utf-8",
  "content-length": "260",
  "connection": "keep-alive",
  "cf-cache-status": "DYNAMIC",
  "report-to": "{\"endpoints\":[{\"url\":\"https:\\/\\/a.nel.cloudflare.com\\/report\\/v4?s=EJH3%2FLrPmnOYg5u5fRIapDsAV4KevJKgHCAL2FpsyagF%2FHbASelI03Obssqgh6Z2Tj4Is%2BEruV2ZhoyJ4yrdcgPViduro8HzQ4KFR9KsxParJeFG8N4UL1ZiLrEJ%2FYa6g8DaxxNzLVfuvWlCnuBgd8w%3D\"}],\"group\":\"cf-nel\",\"max_age\":604800}",
  "nel": "{\"success_fraction\":0,\"report_to\":\"cf-nel\",\"max_age\":604800}",
  "server": "cloudflare",
  "cf-ray": "902beb7f99acd2cf-FRA",
  "server-timing": "cfL4;desc=\"?proto=TCP&rtt=17833&min_rtt=5832&rtt_var=18404&sent=154&recv=136&lost=0&retrans=0&sent_bytes=67833&recv_bytes=84956&delivery_rate=4458108&cwnd=256&unsent_bytes=0&cid=703f0bd10263c904&ts=31352&x=0\""
}
Body: [
  {
    "title": "Error",
    "description": "The client cannot be added in the monitoring internal screening since the following fields: Identification Number are missing.",
    "exceptionInfo": {
      "exceptionMessage": null,
      "exceptionInnerMessage": null,
      "exceptionStackTrace": null
    }
  }
]


https://on.cypress.io/request
    at <unknown> (https://complytek-testing.regtek.co/__cypress/runner/cypress_runner.js:132876:72)
    at tryCatcher (https://complytek-testing.regtek.co/__cypress/runner/cypress_runner.js:1830:23)
    at Promise._settlePromiseFromHandler (https://complytek-testing.regtek.co/__cypress/runner/cypress_runner.js:1542:31)
    at Promise._settlePromise (https://complytek-testing.regtek.co/__cypress/runner/cypress_runner.js:1599:18)
    at Promise._settlePromise0 (https://complytek-testing.regtek.co/__cypress/runner/cypress_runner.js:1644:10)
    at Promise._settlePromises (https://complytek-testing.regtek.co/__cypress/runner/cypress_runner.js:1724:18)
    at _drainQueueStep (https://complytek-testing.regtek.co/__cypress/runner/cypress_runner.js:2430:12)
    at _drainQueue (https://complytek-testing.regtek.co/__cypress/runner/cypress_runner.js:2423:9)
    at Async._drainQueues (https://complytek-testing.regtek.co/__cypress/runner/cypress_runner.js:2439:5)
    at Async.drainQueues (https://complytek-testing.regtek.co/__cypress/runner/cypress_runner.js:2309:14)
From Your Spec Code:
    at Context.eval (webpack://clm_cypress/./cypress/e2e/DemonstrationFlow/Add_Client_Individual_Process_test.cy.ts:148:0)]]></failure>
    </testcase>
    <testcase name="Add Individual Client Process should perform internal blacklist search" time="9.234" classname="should perform internal blacklist search">
    </testcase>
    <testcase name="Add Individual Client Process should archive a client(soft delete)" time="4.573" classname="should archive a client(soft delete)">
    </testcase>
  </testsuite>
</testsuites>