<?xml version="1.0" encoding="UTF-8"?>
<testsuites name="Mocha Tests" time="35.445" tests="3" failures="0">
  <testsuite name="Root Suite" timestamp="2025-01-16T08:03:45" tests="0" file="cypress/e2e/HelperFunctionalities/Countries/Cities&amp;Ports_test.cy.ts" time="0.000" failures="0">
  </testsuite>
  <testsuite name="Cities And Ports" timestamp="2025-01-16T08:03:51" tests="3" time="29.201" failures="0">
    <testcase name="Cities And Ports Imports Cities/Ports from file" time="12.880" classname="Imports Cities/Ports from file">
    </testcase>
    <testcase name="Cities And Ports Edits A City/Port" time="12.036" classname="Edits A City/Port">
    </testcase>
    <testcase name="Cities And Ports Deletes a City/Port" time="10.406" classname="Deletes a City/Port">
    </testcase>
  </testsuite>
</testsuites>