<?xml version="1.0" encoding="UTF-8"?>
<testsuites name="Mocha Tests" time="46.606" tests="3" failures="0">
  <testsuite name="Root Suite" timestamp="2025-01-16T12:40:51" tests="0" file="cypress/e2e/CorporateClientFunctionality/Add_Edit_Delete_Self-Declaration-UBO_test.cy.ts" time="0.000" failures="0">
  </testsuite>
  <testsuite name="Self-Declaration UBO" timestamp="2025-01-16T12:41:02" tests="3" time="35.953" failures="0">
    <testcase name="Self-Declaration UBO Adds Self Declaration UBO" time="30.715" classname="Adds Self Declaration UBO">
    </testcase>
    <testcase name="Self-Declaration UBO Edits Self Declaration UBO" time="8.604" classname="Edits Self Declaration UBO">
    </testcase>
    <testcase name="Self-Declaration UBO Deletes Self Declaration UBO" time="7.110" classname="Deletes Self Declaration UBO">
    </testcase>
  </testsuite>
</testsuites>