<?xml version="1.0" encoding="UTF-8"?>
<testsuites name="Mocha Tests" time="54.574" tests="3" failures="0">
  <testsuite name="Root Suite" timestamp="2025-01-16T06:15:13" tests="0" file="cypress/e2e/CorporateClientFunctionality/Add_Edit_Delete_Client_Address_test.cy.ts" time="0.000" failures="0">
  </testsuite>
  <testsuite name="Add, Edit, Delete Client Address" timestamp="2025-01-16T06:15:23" tests="3" time="44.603" failures="0">
    <testcase name="Add, Edit, Delete Client Address Add Client Address" time="31.349" classname="Add Client Address">
    </testcase>
    <testcase name="Add, Edit, Delete Client Address Edit client address" time="13.701" classname="Edit client address">
    </testcase>
    <testcase name="Add, Edit, Delete Client Address Delete client address" time="9.400" classname="Delete client address">
    </testcase>
  </testsuite>
</testsuites>