<?xml version="1.0" encoding="UTF-8"?>
<testsuites name="Mocha Tests" time="66.114" tests="1" failures="0">
  <testsuite name="Root Suite" timestamp="2025-01-15T10:55:11" tests="0" file="cypress/e2e/ScreenPerformance/Settings/Evaluation&amp;Questionnaire.test.cy.ts" time="0.000" failures="0">
  </testsuite>
  <testsuite name="Evaluation &amp; Questionnaire" timestamp="2025-01-15T10:55:17" tests="1" time="60.003" failures="0">
    <testcase name="Evaluation &amp; Questionnaire checks for performance test" time="66.092" classname="checks for performance test">
    </testcase>
  </testsuite>
</testsuites>