<?xml version="1.0" encoding="UTF-8"?>
<testsuites name="Mocha Tests" time="155.965" tests="15" failures="3">
  <testsuite name="Root Suite" timestamp="2025-01-16T08:22:58" tests="0" file="cypress/e2e/HelperFunctionalities/TransactionMonitoring&amp;Actions/Contract_Setup_test.cy.ts" time="0.000" failures="0">
  </testsuite>
  <testsuite name="Contract Policy Categories" timestamp="2025-01-16T08:23:04" tests="2" time="17.936" failures="0">
    <testcase name="Contract Policy Categories Adds a Purpose of Transaction" time="12.647" classname="Adds a Purpose of Transaction">
    </testcase>
    <testcase name="Contract Policy Categories Edits a Purpose of Transaction" time="11.329" classname="Edits a Purpose of Transaction">
    </testcase>
  </testsuite>
  <testsuite name="Contract Products" timestamp="2025-01-16T08:23:22" tests="4" time="45.053" failures="0">
    <testcase name="Contract Products Adds a Contract product" time="9.743" classname="Adds a Contract product">
    </testcase>
    <testcase name="Contract Products Edits a Contract policy product" time="12.684" classname="Edits a Contract policy product">
    </testcase>
    <testcase name="Contract Products Deletes a Contract product" time="10.207" classname="Deletes a Contract product">
    </testcase>
    <testcase name="Contract Products Deletes a Contract policy category" time="12.217" classname="Deletes a Contract policy category">
    </testcase>
  </testsuite>
  <testsuite name="Contract Status" timestamp="2025-01-16T08:24:07" tests="3" time="28.314" failures="1">
    <testcase name="Contract Status Adds a Contract Status" time="7.617" classname="Adds a Contract Status">
    </testcase>
    <testcase name="Contract Status Edits a Contract Status" time="0.000" classname="Edits a Contract Status">
      <failure message="Timed out retrying after 4000ms: Expected to find element: `3`, but never found it. Queried from:

              &gt; cy.get(@statuses)" type="AssertionError"><![CDATA[AssertionError: Timed out retrying after 4000ms: Expected to find element: `3`, but never found it. Queried from:

              > cy.get(@statuses)
    at Context.eval (webpack://clm_cypress/./cypress/e2e/HelperFunctionalities/TransactionMonitoring&Actions/Contract_Setup_test.cy.ts:95:0)]]></failure>
    </testcase>
    <testcase name="Contract Status Deletes a Contract Status" time="9.224" classname="Deletes a Contract Status">
    </testcase>
  </testsuite>
  <testsuite name="Contract Transaction Payment Method" timestamp="2025-01-16T08:24:36" tests="3" time="29.161" failures="0">
    <testcase name="Contract Transaction Payment Method Adds a Transaction Payment Method" time="7.368" classname="Adds a Transaction Payment Method">
    </testcase>
    <testcase name="Contract Transaction Payment Method Edits a Transaction Payment Method" time="11.917" classname="Edits a Transaction Payment Method">
    </testcase>
    <testcase name="Contract Transaction Payment Method Deletes a Transaction Payment Method" time="9.716" classname="Deletes a Transaction Payment Method">
    </testcase>
  </testsuite>
  <testsuite name="Contract Beneficiary Relations" timestamp="2025-01-16T08:25:05" tests="3" time="29.371" failures="2">
    <testcase name="Contract Beneficiary Relations Adds a Beneficiary Relations" time="7.206" classname="Adds a Beneficiary Relations">
    </testcase>
    <testcase name="Contract Beneficiary Relations Edits a Beneficiary Relations" time="0.000" classname="Edits a Beneficiary Relations">
      <failure message="Timed out retrying after 4000ms: Expected to find element: `3`, but never found it. Queried from:

              &gt; cy.get(@statuses)" type="AssertionError"><![CDATA[AssertionError: Timed out retrying after 4000ms: Expected to find element: `3`, but never found it. Queried from:

              > cy.get(@statuses)
    at Context.eval (webpack://clm_cypress/./cypress/e2e/HelperFunctionalities/TransactionMonitoring&Actions/Contract_Setup_test.cy.ts:155:0)]]></failure>
    </testcase>
    <testcase name="Contract Beneficiary Relations Deletes a Beneficiary Relations" time="0.000" classname="Deletes a Beneficiary Relations">
      <failure message="Timed out retrying after 4000ms: Expected to find element: `.dx-icon-trash`, but never found it. Queried from:

              &gt; cy.get(#gridContractPolicyBeneficiaryRelations tr td)" type="AssertionError"><![CDATA[AssertionError: Timed out retrying after 4000ms: Expected to find element: `.dx-icon-trash`, but never found it. Queried from:

              > cy.get(#gridContractPolicyBeneficiaryRelations tr td)
    at Context.eval (webpack://clm_cypress/./cypress/e2e/HelperFunctionalities/TransactionMonitoring&Actions/Contract_Setup_test.cy.ts:161:0)]]></failure>
    </testcase>
  </testsuite>
</testsuites>